[0.013s] Invoking command in '/home/vertin/ros2_ws/build/tracer_base': AMENT_PREFIX_PATH=/home/vertin/ros2_ws/install/tracer_msgs:${AMENT_PREFIX_PATH} CMAKE_PREFIX_PATH=/home/vertin/my_ws/install/robot_localizer:/opt/ros/humble:/home/vertin/ros2_ws/install/ugv_sdk:/home/vertin/ros2_ws/install/tracer_msgs LD_LIBRARY_PATH=/home/vertin/ros2_ws/install/tracer_msgs/lib:${LD_LIBRARY_PATH} PKG_CONFIG_PATH=/home/vertin/ros2_ws/install/ugv_sdk/lib/x86_64-linux-gnu/pkgconfig:/home/vertin/ros2_ws/install/ugv_sdk/lib/pkgconfig PYTHONPATH=/home/vertin/ros2_ws/install/tracer_msgs/local/lib/python3.10/dist-packages:${PYTHONPATH} ROS_PACKAGE_PATH=/home/vertin/ros2_ws/install/ugv_sdk/share /usr/bin/cmake --build /home/vertin/ros2_ws/build/tracer_base -- -j8 -l8
[0.076s] [100%] Built target tracer_base_node
[0.087s] Invoked command in '/home/vertin/ros2_ws/build/tracer_base' returned '0': AMENT_PREFIX_PATH=/home/vertin/ros2_ws/install/tracer_msgs:${AMENT_PREFIX_PATH} CMAKE_PREFIX_PATH=/home/vertin/my_ws/install/robot_localizer:/opt/ros/humble:/home/vertin/ros2_ws/install/ugv_sdk:/home/vertin/ros2_ws/install/tracer_msgs LD_LIBRARY_PATH=/home/vertin/ros2_ws/install/tracer_msgs/lib:${LD_LIBRARY_PATH} PKG_CONFIG_PATH=/home/vertin/ros2_ws/install/ugv_sdk/lib/x86_64-linux-gnu/pkgconfig:/home/vertin/ros2_ws/install/ugv_sdk/lib/pkgconfig PYTHONPATH=/home/vertin/ros2_ws/install/tracer_msgs/local/lib/python3.10/dist-packages:${PYTHONPATH} ROS_PACKAGE_PATH=/home/vertin/ros2_ws/install/ugv_sdk/share /usr/bin/cmake --build /home/vertin/ros2_ws/build/tracer_base -- -j8 -l8
[0.089s] Invoking command in '/home/vertin/ros2_ws/build/tracer_base': AMENT_PREFIX_PATH=/home/vertin/ros2_ws/install/tracer_msgs:${AMENT_PREFIX_PATH} CMAKE_PREFIX_PATH=/home/vertin/my_ws/install/robot_localizer:/opt/ros/humble:/home/vertin/ros2_ws/install/ugv_sdk:/home/vertin/ros2_ws/install/tracer_msgs LD_LIBRARY_PATH=/home/vertin/ros2_ws/install/tracer_msgs/lib:${LD_LIBRARY_PATH} PKG_CONFIG_PATH=/home/vertin/ros2_ws/install/ugv_sdk/lib/x86_64-linux-gnu/pkgconfig:/home/vertin/ros2_ws/install/ugv_sdk/lib/pkgconfig PYTHONPATH=/home/vertin/ros2_ws/install/tracer_msgs/local/lib/python3.10/dist-packages:${PYTHONPATH} ROS_PACKAGE_PATH=/home/vertin/ros2_ws/install/ugv_sdk/share /usr/bin/cmake --install /home/vertin/ros2_ws/build/tracer_base
[0.097s] -- Install configuration: ""
[0.097s] -- Up-to-date: /home/vertin/ros2_ws/install/tracer_base/lib/tracer_base/tracer_base_node
[0.097s] -- Up-to-date: /home/vertin/ros2_ws/install/tracer_base/share/tracer_base//launch
[0.098s] -- Up-to-date: /home/vertin/ros2_ws/install/tracer_base/share/tracer_base//launch/__pycache__
[0.098s] -- Up-to-date: /home/vertin/ros2_ws/install/tracer_base/share/tracer_base//launch/__pycache__/tracer_base.launch.cpython-310.pyc
[0.098s] -- Up-to-date: /home/vertin/ros2_ws/install/tracer_base/share/tracer_base//launch/tracer_base.launch.py
[0.098s] -- Up-to-date: /home/vertin/ros2_ws/install/tracer_base/share/tracer_base//launch/tracer_mini_base.launch.py
[0.098s] -- Up-to-date: /home/vertin/ros2_ws/install/tracer_base/share/ament_index/resource_index/package_run_dependencies/tracer_base
[0.098s] -- Up-to-date: /home/vertin/ros2_ws/install/tracer_base/share/ament_index/resource_index/parent_prefix_path/tracer_base
[0.098s] -- Up-to-date: /home/vertin/ros2_ws/install/tracer_base/share/tracer_base/environment/ament_prefix_path.sh
[0.099s] -- Up-to-date: /home/vertin/ros2_ws/install/tracer_base/share/tracer_base/environment/ament_prefix_path.dsv
[0.099s] -- Up-to-date: /home/vertin/ros2_ws/install/tracer_base/share/tracer_base/environment/path.sh
[0.099s] -- Up-to-date: /home/vertin/ros2_ws/install/tracer_base/share/tracer_base/environment/path.dsv
[0.099s] -- Up-to-date: /home/vertin/ros2_ws/install/tracer_base/share/tracer_base/local_setup.bash
[0.099s] -- Up-to-date: /home/vertin/ros2_ws/install/tracer_base/share/tracer_base/local_setup.sh
[0.099s] -- Up-to-date: /home/vertin/ros2_ws/install/tracer_base/share/tracer_base/local_setup.zsh
[0.099s] -- Up-to-date: /home/vertin/ros2_ws/install/tracer_base/share/tracer_base/local_setup.dsv
[0.099s] -- Installing: /home/vertin/ros2_ws/install/tracer_base/share/tracer_base/package.dsv
[0.100s] -- Up-to-date: /home/vertin/ros2_ws/install/tracer_base/share/ament_index/resource_index/packages/tracer_base
[0.100s] -- Up-to-date: /home/vertin/ros2_ws/install/tracer_base/share/tracer_base/cmake/tracer_baseConfig.cmake
[0.100s] -- Up-to-date: /home/vertin/ros2_ws/install/tracer_base/share/tracer_base/cmake/tracer_baseConfig-version.cmake
[0.100s] -- Up-to-date: /home/vertin/ros2_ws/install/tracer_base/share/tracer_base/package.xml
[0.102s] Invoked command in '/home/vertin/ros2_ws/build/tracer_base' returned '0': AMENT_PREFIX_PATH=/home/vertin/ros2_ws/install/tracer_msgs:${AMENT_PREFIX_PATH} CMAKE_PREFIX_PATH=/home/vertin/my_ws/install/robot_localizer:/opt/ros/humble:/home/vertin/ros2_ws/install/ugv_sdk:/home/vertin/ros2_ws/install/tracer_msgs LD_LIBRARY_PATH=/home/vertin/ros2_ws/install/tracer_msgs/lib:${LD_LIBRARY_PATH} PKG_CONFIG_PATH=/home/vertin/ros2_ws/install/ugv_sdk/lib/x86_64-linux-gnu/pkgconfig:/home/vertin/ros2_ws/install/ugv_sdk/lib/pkgconfig PYTHONPATH=/home/vertin/ros2_ws/install/tracer_msgs/local/lib/python3.10/dist-packages:${PYTHONPATH} ROS_PACKAGE_PATH=/home/vertin/ros2_ws/install/ugv_sdk/share /usr/bin/cmake --install /home/vertin/ros2_ws/build/tracer_base
