[  2%] Built target lio_sam__cpp
[  2%] Built target ament_cmake_python_copy_lio_sam
[ 10%] Built target lio_sam__rosidl_generator_c
[ 19%] Built target lio_sam__rosidl_typesupport_cpp
[ 27%] Built target lio_sam__rosidl_typesupport_fastrtps_cpp
[ 36%] Built target lio_sam__rosidl_typesupport_introspection_cpp
[ 44%] Built target lio_sam__rosidl_typesupport_introspection_c
[ 53%] Built target lio_sam__rosidl_typesupport_fastrtps_c
[ 61%] Built target lio_sam__rosidl_typesupport_c
[ 61%] Built target lio_sam
[ 65%] Built target lio_sam_featureExtraction
[ 68%] Built target lio_sam__py
[ 72%] Built target lio_sam_imuPreintegration
[ 76%] Built target lio_sam_imageProjection
[ 80%] Built target lio_sam_mapOptimization
[ 87%] Built target lio_sam__rosidl_generator_py
[ 91%] Built target lio_sam__rosidl_typesupport_fastrtps_c__pyext
[ 95%] Built target lio_sam__rosidl_typesupport_c__pyext
[100%] Built target lio_sam__rosidl_typesupport_introspection_c__pyext
running egg_info
writing lio_sam.egg-info/PKG-INFO
writing dependency_links to lio_sam.egg-info/dependency_links.txt
writing top-level names to lio_sam.egg-info/top_level.txt
reading manifest file 'lio_sam.egg-info/SOURCES.txt'
writing manifest file 'lio_sam.egg-info/SOURCES.txt'
[100%] Built target ament_cmake_python_build_lio_sam_egg
