[0.683s] Invoking command in '/home/vertin/ros2_ws/build/pointcloud_to_laserscan': CMAKE_PREFIX_PATH=/home/vertin/ros2_ws/install/unitree_lidar_ros2:/home/vertin/ros2_ws/install/tracer_base:/home/vertin/ros2_ws/install/nav2_launch_test:/home/vertin/ros2_ws/install/my_python_pkg:/home/vertin/my_ws/install/robot_localizer:/opt/ros/humble:/home/vertin/ros2_ws/install/ugv_sdk:/home/vertin/ros2_ws/install/tracer_msgs:/home/vertin/ros2_ws/install/tracer_description:/home/vertin/ros2_ws/install/point_lio:/home/vertin/ros2_ws/install/lio_sam /usr/bin/cmake --build /home/vertin/ros2_ws/build/pointcloud_to_laserscan -- -j8 -l8
[0.802s] [ 20%] Built target laserscan_to_pointcloud_node
[0.802s] [ 40%] Built target pointcloud_to_laserscan_node
[0.802s] [ 60%] Built target laserscan_to_pointcloud
[0.804s] [35m[1mConsolidate compiler generated dependencies of target pointcloud_to_laserscan[0m
[0.836s] [ 80%] Built target pointcloud_to_laserscan
[0.858s] [100%] Built target dummy_pointcloud_publisher
[0.953s] Invoked command in '/home/vertin/ros2_ws/build/pointcloud_to_laserscan' returned '0': CMAKE_PREFIX_PATH=/home/vertin/ros2_ws/install/unitree_lidar_ros2:/home/vertin/ros2_ws/install/tracer_base:/home/vertin/ros2_ws/install/nav2_launch_test:/home/vertin/ros2_ws/install/my_python_pkg:/home/vertin/my_ws/install/robot_localizer:/opt/ros/humble:/home/vertin/ros2_ws/install/ugv_sdk:/home/vertin/ros2_ws/install/tracer_msgs:/home/vertin/ros2_ws/install/tracer_description:/home/vertin/ros2_ws/install/point_lio:/home/vertin/ros2_ws/install/lio_sam /usr/bin/cmake --build /home/vertin/ros2_ws/build/pointcloud_to_laserscan -- -j8 -l8
[0.954s] Invoking command in '/home/vertin/ros2_ws/build/pointcloud_to_laserscan': CMAKE_PREFIX_PATH=/home/vertin/ros2_ws/install/unitree_lidar_ros2:/home/vertin/ros2_ws/install/tracer_base:/home/vertin/ros2_ws/install/nav2_launch_test:/home/vertin/ros2_ws/install/my_python_pkg:/home/vertin/my_ws/install/robot_localizer:/opt/ros/humble:/home/vertin/ros2_ws/install/ugv_sdk:/home/vertin/ros2_ws/install/tracer_msgs:/home/vertin/ros2_ws/install/tracer_description:/home/vertin/ros2_ws/install/point_lio:/home/vertin/ros2_ws/install/lio_sam /usr/bin/cmake --install /home/vertin/ros2_ws/build/pointcloud_to_laserscan
[0.975s] -- Install configuration: ""
[0.975s] -- Up-to-date: /home/vertin/ros2_ws/install/pointcloud_to_laserscan/lib/pointcloud_to_laserscan/laserscan_to_pointcloud_node
[0.975s] -- Up-to-date: /home/vertin/ros2_ws/install/pointcloud_to_laserscan/lib/pointcloud_to_laserscan/pointcloud_to_laserscan_node
[0.975s] -- Up-to-date: /home/vertin/ros2_ws/install/pointcloud_to_laserscan/include
[0.975s] -- Up-to-date: /home/vertin/ros2_ws/install/pointcloud_to_laserscan/include/pointcloud_to_laserscan
[0.975s] -- Up-to-date: /home/vertin/ros2_ws/install/pointcloud_to_laserscan/include/pointcloud_to_laserscan/visibility_control.h
[0.975s] -- Up-to-date: /home/vertin/ros2_ws/install/pointcloud_to_laserscan/include/pointcloud_to_laserscan/pointcloud_to_laserscan_node.hpp
[0.975s] -- Up-to-date: /home/vertin/ros2_ws/install/pointcloud_to_laserscan/include/pointcloud_to_laserscan/laserscan_to_pointcloud_node.hpp
[0.975s] -- Up-to-date: /home/vertin/ros2_ws/install/pointcloud_to_laserscan/share/pointcloud_to_laserscan/environment/library_path.sh
[0.975s] -- Up-to-date: /home/vertin/ros2_ws/install/pointcloud_to_laserscan/share/pointcloud_to_laserscan/environment/library_path.dsv
[0.975s] -- Up-to-date: /home/vertin/ros2_ws/install/pointcloud_to_laserscan/lib/liblaserscan_to_pointcloud.so
[0.975s] -- Up-to-date: /home/vertin/ros2_ws/install/pointcloud_to_laserscan/lib/libpointcloud_to_laserscan.so
[0.975s] -- Up-to-date: /home/vertin/ros2_ws/install/pointcloud_to_laserscan/lib/pointcloud_to_laserscan/dummy_pointcloud_publisher
[0.976s] -- Up-to-date: /home/vertin/ros2_ws/install/pointcloud_to_laserscan/share/pointcloud_to_laserscan/launch
[0.976s] -- Up-to-date: /home/vertin/ros2_ws/install/pointcloud_to_laserscan/share/pointcloud_to_laserscan/launch/my_navigation.launch.py
[0.976s] -- Up-to-date: /home/vertin/ros2_ws/install/pointcloud_to_laserscan/share/pointcloud_to_laserscan/launch/sample_pointcloud_to_laserscan_launch.py
[0.976s] -- Up-to-date: /home/vertin/ros2_ws/install/pointcloud_to_laserscan/share/pointcloud_to_laserscan/launch/sample_laserscan_to_pointcloud_launch.py
[0.976s] -- Up-to-date: /home/vertin/ros2_ws/install/pointcloud_to_laserscan/share/ament_index/resource_index/package_run_dependencies/pointcloud_to_laserscan
[0.976s] -- Up-to-date: /home/vertin/ros2_ws/install/pointcloud_to_laserscan/share/ament_index/resource_index/parent_prefix_path/pointcloud_to_laserscan
[0.976s] -- Up-to-date: /home/vertin/ros2_ws/install/pointcloud_to_laserscan/share/pointcloud_to_laserscan/environment/ament_prefix_path.sh
[0.976s] -- Up-to-date: /home/vertin/ros2_ws/install/pointcloud_to_laserscan/share/pointcloud_to_laserscan/environment/ament_prefix_path.dsv
[0.976s] -- Up-to-date: /home/vertin/ros2_ws/install/pointcloud_to_laserscan/share/pointcloud_to_laserscan/environment/path.sh
[0.976s] -- Up-to-date: /home/vertin/ros2_ws/install/pointcloud_to_laserscan/share/pointcloud_to_laserscan/environment/path.dsv
[0.976s] -- Up-to-date: /home/vertin/ros2_ws/install/pointcloud_to_laserscan/share/pointcloud_to_laserscan/local_setup.bash
[0.977s] -- Up-to-date: /home/vertin/ros2_ws/install/pointcloud_to_laserscan/share/pointcloud_to_laserscan/local_setup.sh
[0.977s] -- Up-to-date: /home/vertin/ros2_ws/install/pointcloud_to_laserscan/share/pointcloud_to_laserscan/local_setup.zsh
[0.977s] -- Up-to-date: /home/vertin/ros2_ws/install/pointcloud_to_laserscan/share/pointcloud_to_laserscan/local_setup.dsv
[0.977s] -- Installing: /home/vertin/ros2_ws/install/pointcloud_to_laserscan/share/pointcloud_to_laserscan/package.dsv
[0.977s] -- Up-to-date: /home/vertin/ros2_ws/install/pointcloud_to_laserscan/share/ament_index/resource_index/packages/pointcloud_to_laserscan
[0.977s] -- Up-to-date: /home/vertin/ros2_ws/install/pointcloud_to_laserscan/share/ament_index/resource_index/rclcpp_components/pointcloud_to_laserscan
[0.977s] -- Up-to-date: /home/vertin/ros2_ws/install/pointcloud_to_laserscan/share/pointcloud_to_laserscan/cmake/ament_cmake_export_dependencies-extras.cmake
[0.977s] -- Up-to-date: /home/vertin/ros2_ws/install/pointcloud_to_laserscan/share/pointcloud_to_laserscan/cmake/ament_cmake_export_include_directories-extras.cmake
[0.978s] -- Up-to-date: /home/vertin/ros2_ws/install/pointcloud_to_laserscan/share/pointcloud_to_laserscan/cmake/ament_cmake_export_libraries-extras.cmake
[0.978s] -- Up-to-date: /home/vertin/ros2_ws/install/pointcloud_to_laserscan/share/pointcloud_to_laserscan/cmake/pointcloud_to_laserscanConfig.cmake
[0.978s] -- Up-to-date: /home/vertin/ros2_ws/install/pointcloud_to_laserscan/share/pointcloud_to_laserscan/cmake/pointcloud_to_laserscanConfig-version.cmake
[0.978s] -- Up-to-date: /home/vertin/ros2_ws/install/pointcloud_to_laserscan/share/pointcloud_to_laserscan/package.xml
[0.988s] Invoked command in '/home/vertin/ros2_ws/build/pointcloud_to_laserscan' returned '0': CMAKE_PREFIX_PATH=/home/vertin/ros2_ws/install/unitree_lidar_ros2:/home/vertin/ros2_ws/install/tracer_base:/home/vertin/ros2_ws/install/nav2_launch_test:/home/vertin/ros2_ws/install/my_python_pkg:/home/vertin/my_ws/install/robot_localizer:/opt/ros/humble:/home/vertin/ros2_ws/install/ugv_sdk:/home/vertin/ros2_ws/install/tracer_msgs:/home/vertin/ros2_ws/install/tracer_description:/home/vertin/ros2_ws/install/point_lio:/home/vertin/ros2_ws/install/lio_sam /usr/bin/cmake --install /home/vertin/ros2_ws/build/pointcloud_to_laserscan
