[1.090s] Invoking command in '/home/vertin/ros2_ws/build/tracer_base': CMAKE_PREFIX_PATH=/home/vertin/ros2_ws/install/nav2_launch_test:/home/vertin/ros2_ws/install/my_python_pkg:/home/vertin/my_ws/install/robot_localizer:/opt/ros/humble:/home/vertin/ros2_ws/install/ugv_sdk:/home/vertin/ros2_ws/install/tracer_msgs:/home/vertin/ros2_ws/install/unitree_lidar_ros2:/home/vertin/ros2_ws/install/tracer_base:/home/vertin/ros2_ws/install/tracer_description:/home/vertin/ros2_ws/install/point_lio:/home/vertin/ros2_ws/install/lio_sam /usr/bin/cmake --build /home/vertin/ros2_ws/build/tracer_base -- -j8 -l8
[1.945s] [100%] Built target tracer_base_node
[2.087s] Invoked command in '/home/vertin/ros2_ws/build/tracer_base' returned '0': CMAKE_PREFIX_PATH=/home/vertin/ros2_ws/install/nav2_launch_test:/home/vertin/ros2_ws/install/my_python_pkg:/home/vertin/my_ws/install/robot_localizer:/opt/ros/humble:/home/vertin/ros2_ws/install/ugv_sdk:/home/vertin/ros2_ws/install/tracer_msgs:/home/vertin/ros2_ws/install/unitree_lidar_ros2:/home/vertin/ros2_ws/install/tracer_base:/home/vertin/ros2_ws/install/tracer_description:/home/vertin/ros2_ws/install/point_lio:/home/vertin/ros2_ws/install/lio_sam /usr/bin/cmake --build /home/vertin/ros2_ws/build/tracer_base -- -j8 -l8
[2.111s] Invoking command in '/home/vertin/ros2_ws/build/tracer_base': CMAKE_PREFIX_PATH=/home/vertin/ros2_ws/install/nav2_launch_test:/home/vertin/ros2_ws/install/my_python_pkg:/home/vertin/my_ws/install/robot_localizer:/opt/ros/humble:/home/vertin/ros2_ws/install/ugv_sdk:/home/vertin/ros2_ws/install/tracer_msgs:/home/vertin/ros2_ws/install/unitree_lidar_ros2:/home/vertin/ros2_ws/install/tracer_base:/home/vertin/ros2_ws/install/tracer_description:/home/vertin/ros2_ws/install/point_lio:/home/vertin/ros2_ws/install/lio_sam /usr/bin/cmake --install /home/vertin/ros2_ws/build/tracer_base
[2.199s] -- Install configuration: ""
[2.204s] -- Up-to-date: /home/vertin/ros2_ws/install/tracer_base/lib/tracer_base/tracer_base_node
[2.208s] -- Up-to-date: /home/vertin/ros2_ws/install/tracer_base/share/tracer_base//launch
[2.209s] -- Up-to-date: /home/vertin/ros2_ws/install/tracer_base/share/tracer_base//launch/__pycache__
[2.212s] -- Up-to-date: /home/vertin/ros2_ws/install/tracer_base/share/tracer_base//launch/__pycache__/tracer_base.launch.cpython-310.pyc
[2.215s] -- Up-to-date: /home/vertin/ros2_ws/install/tracer_base/share/tracer_base//launch/tracer_base.launch.py
[2.219s] -- Up-to-date: /home/vertin/ros2_ws/install/tracer_base/share/tracer_base//launch/tracer_mini_base.launch.py
[2.220s] -- Up-to-date: /home/vertin/ros2_ws/install/tracer_base/share/ament_index/resource_index/package_run_dependencies/tracer_base
[2.221s] -- Up-to-date: /home/vertin/ros2_ws/install/tracer_base/share/ament_index/resource_index/parent_prefix_path/tracer_base
[2.223s] -- Up-to-date: /home/vertin/ros2_ws/install/tracer_base/share/tracer_base/environment/ament_prefix_path.sh
[2.224s] -- Up-to-date: /home/vertin/ros2_ws/install/tracer_base/share/tracer_base/environment/ament_prefix_path.dsv
[2.225s] -- Up-to-date: /home/vertin/ros2_ws/install/tracer_base/share/tracer_base/environment/path.sh
[2.227s] -- Up-to-date: /home/vertin/ros2_ws/install/tracer_base/share/tracer_base/environment/path.dsv
[2.228s] -- Up-to-date: /home/vertin/ros2_ws/install/tracer_base/share/tracer_base/local_setup.bash
[2.233s] -- Up-to-date: /home/vertin/ros2_ws/install/tracer_base/share/tracer_base/local_setup.sh
[2.234s] -- Up-to-date: /home/vertin/ros2_ws/install/tracer_base/share/tracer_base/local_setup.zsh
[2.242s] -- Up-to-date: /home/vertin/ros2_ws/install/tracer_base/share/tracer_base/local_setup.dsv
[2.243s] -- Installing: /home/vertin/ros2_ws/install/tracer_base/share/tracer_base/package.dsv
[2.244s] -- Up-to-date: /home/vertin/ros2_ws/install/tracer_base/share/ament_index/resource_index/packages/tracer_base
[2.259s] -- Up-to-date: /home/vertin/ros2_ws/install/tracer_base/share/tracer_base/cmake/tracer_baseConfig.cmake
[2.260s] -- Up-to-date: /home/vertin/ros2_ws/install/tracer_base/share/tracer_base/cmake/tracer_baseConfig-version.cmake
[2.267s] -- Up-to-date: /home/vertin/ros2_ws/install/tracer_base/share/tracer_base/package.xml
[2.269s] Invoked command in '/home/vertin/ros2_ws/build/tracer_base' returned '0': CMAKE_PREFIX_PATH=/home/vertin/ros2_ws/install/nav2_launch_test:/home/vertin/ros2_ws/install/my_python_pkg:/home/vertin/my_ws/install/robot_localizer:/opt/ros/humble:/home/vertin/ros2_ws/install/ugv_sdk:/home/vertin/ros2_ws/install/tracer_msgs:/home/vertin/ros2_ws/install/unitree_lidar_ros2:/home/vertin/ros2_ws/install/tracer_base:/home/vertin/ros2_ws/install/tracer_description:/home/vertin/ros2_ws/install/point_lio:/home/vertin/ros2_ws/install/lio_sam /usr/bin/cmake --install /home/vertin/ros2_ws/build/tracer_base
