[0.705s] Invoking command in '/home/vertin/ros2_ws/build/pointcloud_to_laserscan': CMAKE_PREFIX_PATH=/home/vertin/ros2_ws/install/pointcloud_to_laserscan:/home/vertin/ros2_ws/install/unitree_lidar_ros2:/home/vertin/ros2_ws/install/tracer_base:/home/vertin/ros2_ws/install/nav2_launch_test:/home/vertin/ros2_ws/install/my_python_pkg:/home/vertin/my_ws/install/robot_localizer:/opt/ros/humble:/home/vertin/ros2_ws/install/ugv_sdk:/home/vertin/ros2_ws/install/tracer_msgs:/home/vertin/ros2_ws/install/tracer_description:/home/vertin/ros2_ws/install/point_lio:/home/vertin/ros2_ws/install/lio_sam /usr/bin/cmake --build /home/vertin/ros2_ws/build/pointcloud_to_laserscan -- -j8 -l8
[0.822s] [ 20%] Built target pointcloud_to_laserscan_node
[0.823s] [ 40%] Built target laserscan_to_pointcloud_node
[0.823s] [ 60%] Built target laserscan_to_pointcloud
[0.845s] [ 80%] Built target pointcloud_to_laserscan
[0.877s] [100%] Built target dummy_pointcloud_publisher
[0.988s] Invoked command in '/home/vertin/ros2_ws/build/pointcloud_to_laserscan' returned '0': CMAKE_PREFIX_PATH=/home/vertin/ros2_ws/install/pointcloud_to_laserscan:/home/vertin/ros2_ws/install/unitree_lidar_ros2:/home/vertin/ros2_ws/install/tracer_base:/home/vertin/ros2_ws/install/nav2_launch_test:/home/vertin/ros2_ws/install/my_python_pkg:/home/vertin/my_ws/install/robot_localizer:/opt/ros/humble:/home/vertin/ros2_ws/install/ugv_sdk:/home/vertin/ros2_ws/install/tracer_msgs:/home/vertin/ros2_ws/install/tracer_description:/home/vertin/ros2_ws/install/point_lio:/home/vertin/ros2_ws/install/lio_sam /usr/bin/cmake --build /home/vertin/ros2_ws/build/pointcloud_to_laserscan -- -j8 -l8
[0.990s] Invoking command in '/home/vertin/ros2_ws/build/pointcloud_to_laserscan': CMAKE_PREFIX_PATH=/home/vertin/ros2_ws/install/pointcloud_to_laserscan:/home/vertin/ros2_ws/install/unitree_lidar_ros2:/home/vertin/ros2_ws/install/tracer_base:/home/vertin/ros2_ws/install/nav2_launch_test:/home/vertin/ros2_ws/install/my_python_pkg:/home/vertin/my_ws/install/robot_localizer:/opt/ros/humble:/home/vertin/ros2_ws/install/ugv_sdk:/home/vertin/ros2_ws/install/tracer_msgs:/home/vertin/ros2_ws/install/tracer_description:/home/vertin/ros2_ws/install/point_lio:/home/vertin/ros2_ws/install/lio_sam /usr/bin/cmake --install /home/vertin/ros2_ws/build/pointcloud_to_laserscan
[1.001s] -- Install configuration: ""
[1.001s] -- Up-to-date: /home/vertin/ros2_ws/install/pointcloud_to_laserscan/lib/pointcloud_to_laserscan/laserscan_to_pointcloud_node
[1.003s] -- Up-to-date: /home/vertin/ros2_ws/install/pointcloud_to_laserscan/lib/pointcloud_to_laserscan/pointcloud_to_laserscan_node
[1.003s] -- Up-to-date: /home/vertin/ros2_ws/install/pointcloud_to_laserscan/include
[1.003s] -- Up-to-date: /home/vertin/ros2_ws/install/pointcloud_to_laserscan/include/pointcloud_to_laserscan
[1.003s] -- Up-to-date: /home/vertin/ros2_ws/install/pointcloud_to_laserscan/include/pointcloud_to_laserscan/visibility_control.h
[1.003s] -- Up-to-date: /home/vertin/ros2_ws/install/pointcloud_to_laserscan/include/pointcloud_to_laserscan/pointcloud_to_laserscan_node.hpp
[1.003s] -- Up-to-date: /home/vertin/ros2_ws/install/pointcloud_to_laserscan/include/pointcloud_to_laserscan/laserscan_to_pointcloud_node.hpp
[1.004s] -- Up-to-date: /home/vertin/ros2_ws/install/pointcloud_to_laserscan/share/pointcloud_to_laserscan/environment/library_path.sh
[1.005s] -- Up-to-date: /home/vertin/ros2_ws/install/pointcloud_to_laserscan/share/pointcloud_to_laserscan/environment/library_path.dsv
[1.005s] -- Up-to-date: /home/vertin/ros2_ws/install/pointcloud_to_laserscan/lib/liblaserscan_to_pointcloud.so
[1.005s] -- Up-to-date: /home/vertin/ros2_ws/install/pointcloud_to_laserscan/lib/libpointcloud_to_laserscan.so
[1.006s] -- Up-to-date: /home/vertin/ros2_ws/install/pointcloud_to_laserscan/lib/pointcloud_to_laserscan/dummy_pointcloud_publisher
[1.006s] -- Up-to-date: /home/vertin/ros2_ws/install/pointcloud_to_laserscan/share/pointcloud_to_laserscan/launch
[1.006s] -- Up-to-date: /home/vertin/ros2_ws/install/pointcloud_to_laserscan/share/pointcloud_to_laserscan/launch/my_navigation.launch.py
[1.008s] -- Up-to-date: /home/vertin/ros2_ws/install/pointcloud_to_laserscan/share/pointcloud_to_laserscan/launch/sample_pointcloud_to_laserscan_launch.py
[1.008s] -- Up-to-date: /home/vertin/ros2_ws/install/pointcloud_to_laserscan/share/pointcloud_to_laserscan/launch/sample_laserscan_to_pointcloud_launch.py
[1.008s] -- Up-to-date: /home/vertin/ros2_ws/install/pointcloud_to_laserscan/share/ament_index/resource_index/package_run_dependencies/pointcloud_to_laserscan
[1.008s] -- Up-to-date: /home/vertin/ros2_ws/install/pointcloud_to_laserscan/share/ament_index/resource_index/parent_prefix_path/pointcloud_to_laserscan
[1.009s] -- Up-to-date: /home/vertin/ros2_ws/install/pointcloud_to_laserscan/share/pointcloud_to_laserscan/environment/ament_prefix_path.sh
[1.009s] -- Up-to-date: /home/vertin/ros2_ws/install/pointcloud_to_laserscan/share/pointcloud_to_laserscan/environment/ament_prefix_path.dsv
[1.009s] -- Up-to-date: /home/vertin/ros2_ws/install/pointcloud_to_laserscan/share/pointcloud_to_laserscan/environment/path.sh
[1.009s] -- Up-to-date: /home/vertin/ros2_ws/install/pointcloud_to_laserscan/share/pointcloud_to_laserscan/environment/path.dsv
[1.009s] -- Up-to-date: /home/vertin/ros2_ws/install/pointcloud_to_laserscan/share/pointcloud_to_laserscan/local_setup.bash
[1.009s] -- Up-to-date: /home/vertin/ros2_ws/install/pointcloud_to_laserscan/share/pointcloud_to_laserscan/local_setup.sh
[1.009s] -- Up-to-date: /home/vertin/ros2_ws/install/pointcloud_to_laserscan/share/pointcloud_to_laserscan/local_setup.zsh
[1.010s] -- Up-to-date: /home/vertin/ros2_ws/install/pointcloud_to_laserscan/share/pointcloud_to_laserscan/local_setup.dsv
[1.010s] -- Installing: /home/vertin/ros2_ws/install/pointcloud_to_laserscan/share/pointcloud_to_laserscan/package.dsv
[1.010s] -- Up-to-date: /home/vertin/ros2_ws/install/pointcloud_to_laserscan/share/ament_index/resource_index/packages/pointcloud_to_laserscan
[1.010s] -- Up-to-date: /home/vertin/ros2_ws/install/pointcloud_to_laserscan/share/ament_index/resource_index/rclcpp_components/pointcloud_to_laserscan
[1.010s] -- Up-to-date: /home/vertin/ros2_ws/install/pointcloud_to_laserscan/share/pointcloud_to_laserscan/cmake/ament_cmake_export_dependencies-extras.cmake
[1.011s] -- Up-to-date: /home/vertin/ros2_ws/install/pointcloud_to_laserscan/share/pointcloud_to_laserscan/cmake/ament_cmake_export_include_directories-extras.cmake
[1.011s] -- Up-to-date: /home/vertin/ros2_ws/install/pointcloud_to_laserscan/share/pointcloud_to_laserscan/cmake/ament_cmake_export_libraries-extras.cmake
[1.011s] -- Up-to-date: /home/vertin/ros2_ws/install/pointcloud_to_laserscan/share/pointcloud_to_laserscan/cmake/pointcloud_to_laserscanConfig.cmake
[1.011s] -- Up-to-date: /home/vertin/ros2_ws/install/pointcloud_to_laserscan/share/pointcloud_to_laserscan/cmake/pointcloud_to_laserscanConfig-version.cmake
[1.011s] -- Up-to-date: /home/vertin/ros2_ws/install/pointcloud_to_laserscan/share/pointcloud_to_laserscan/package.xml
[1.034s] Invoked command in '/home/vertin/ros2_ws/build/pointcloud_to_laserscan' returned '0': CMAKE_PREFIX_PATH=/home/vertin/ros2_ws/install/pointcloud_to_laserscan:/home/vertin/ros2_ws/install/unitree_lidar_ros2:/home/vertin/ros2_ws/install/tracer_base:/home/vertin/ros2_ws/install/nav2_launch_test:/home/vertin/ros2_ws/install/my_python_pkg:/home/vertin/my_ws/install/robot_localizer:/opt/ros/humble:/home/vertin/ros2_ws/install/ugv_sdk:/home/vertin/ros2_ws/install/tracer_msgs:/home/vertin/ros2_ws/install/tracer_description:/home/vertin/ros2_ws/install/point_lio:/home/vertin/ros2_ws/install/lio_sam /usr/bin/cmake --install /home/vertin/ros2_ws/build/pointcloud_to_laserscan
