[0.104s] DEBUG:colcon:Command line arguments: ['/usr/bin/colcon', 'build']
[0.104s] DEBUG:colcon:Parsed command line arguments: Namespace(log_base=None, log_level=None, verb_name='build', build_base='build', install_base='install', merge_install=False, symlink_install=False, test_result_base=None, continue_on_error=False, executor='parallel', parallel_workers=8, event_handlers=None, ignore_user_meta=False, metas=['./colcon.meta'], base_paths=['.'], packages_ignore=None, packages_ignore_regex=None, paths=None, packages_up_to=None, packages_up_to_regex=None, packages_above=None, packages_above_and_dependencies=None, packages_above_depth=None, packages_select_by_dep=None, packages_skip_by_dep=None, packages_skip_up_to=None, packages_select_build_failed=False, packages_skip_build_finished=False, packages_select_test_failures=False, packages_skip_test_passed=False, packages_select=None, packages_skip=None, packages_select_regex=None, packages_skip_regex=None, packages_start=None, packages_end=None, allow_overriding=[], cmake_args=None, cmake_target=None, cmake_target_skip_unavailable=False, cmake_clean_cache=False, cmake_clean_first=False, cmake_force_configure=False, ament_cmake_args=None, catkin_cmake_args=None, catkin_skip_building_tests=False, verb_parser=<colcon_defaults.argument_parser.defaults.DefaultArgumentsDecorator object at 0x7ca58a66e7a0>, verb_extension=<colcon_core.verb.build.BuildVerb object at 0x7ca58a7ebd00>, main=<bound method BuildVerb.main of <colcon_core.verb.build.BuildVerb object at 0x7ca58a7ebd00>>)
[0.141s] Level 1:colcon.colcon_core.package_discovery:discover_packages(colcon_meta) check parameters
[0.141s] Level 1:colcon.colcon_core.package_discovery:discover_packages(recursive) check parameters
[0.141s] Level 1:colcon.colcon_core.package_discovery:discover_packages(ignore) check parameters
[0.141s] Level 1:colcon.colcon_core.package_discovery:discover_packages(path) check parameters
[0.141s] Level 1:colcon.colcon_core.package_discovery:discover_packages(colcon_meta) discover
[0.141s] Level 1:colcon.colcon_core.package_discovery:discover_packages(recursive) discover
[0.141s] INFO:colcon.colcon_core.package_discovery:Crawling recursively for packages in '/home/vertin/ros2_ws'
[0.141s] Level 1:colcon.colcon_core.package_identification:_identify(.) by extensions ['ignore', 'ignore_ament_install']
[0.141s] Level 1:colcon.colcon_core.package_identification:_identify(.) by extension 'ignore'
[0.141s] Level 1:colcon.colcon_core.package_identification:_identify(.) by extension 'ignore_ament_install'
[0.142s] Level 1:colcon.colcon_core.package_identification:_identify(.) by extensions ['colcon_pkg']
[0.142s] Level 1:colcon.colcon_core.package_identification:_identify(.) by extension 'colcon_pkg'
[0.142s] Level 1:colcon.colcon_core.package_identification:_identify(.) by extensions ['colcon_meta']
[0.142s] Level 1:colcon.colcon_core.package_identification:_identify(.) by extension 'colcon_meta'
[0.142s] Level 1:colcon.colcon_core.package_identification:_identify(.) by extensions ['ros']
[0.142s] Level 1:colcon.colcon_core.package_identification:_identify(.) by extension 'ros'
[0.166s] Level 1:colcon.colcon_core.package_identification:_identify(.) by extensions ['cmake', 'python']
[0.166s] Level 1:colcon.colcon_core.package_identification:_identify(.) by extension 'cmake'
[0.166s] Level 1:colcon.colcon_core.package_identification:_identify(.) by extension 'python'
[0.166s] Level 1:colcon.colcon_core.package_identification:_identify(.) by extensions ['python_setup_py']
[0.166s] Level 1:colcon.colcon_core.package_identification:_identify(.) by extension 'python_setup_py'
[0.166s] Level 1:colcon.colcon_core.package_identification:_identify(build) by extensions ['ignore', 'ignore_ament_install']
[0.166s] Level 1:colcon.colcon_core.package_identification:_identify(build) by extension 'ignore'
[0.166s] Level 1:colcon.colcon_core.package_identification:_identify(build) ignored
[0.166s] Level 1:colcon.colcon_core.package_identification:_identify(install) by extensions ['ignore', 'ignore_ament_install']
[0.166s] Level 1:colcon.colcon_core.package_identification:_identify(install) by extension 'ignore'
[0.166s] Level 1:colcon.colcon_core.package_identification:_identify(install) ignored
[0.166s] Level 1:colcon.colcon_core.package_identification:_identify(log) by extensions ['ignore', 'ignore_ament_install']
[0.166s] Level 1:colcon.colcon_core.package_identification:_identify(log) by extension 'ignore'
[0.167s] Level 1:colcon.colcon_core.package_identification:_identify(log) ignored
[0.167s] Level 1:colcon.colcon_core.package_identification:_identify(src) by extensions ['ignore', 'ignore_ament_install']
[0.167s] Level 1:colcon.colcon_core.package_identification:_identify(src) by extension 'ignore'
[0.167s] Level 1:colcon.colcon_core.package_identification:_identify(src) by extension 'ignore_ament_install'
[0.167s] Level 1:colcon.colcon_core.package_identification:_identify(src) by extensions ['colcon_pkg']
[0.167s] Level 1:colcon.colcon_core.package_identification:_identify(src) by extension 'colcon_pkg'
[0.167s] Level 1:colcon.colcon_core.package_identification:_identify(src) by extensions ['colcon_meta']
[0.167s] Level 1:colcon.colcon_core.package_identification:_identify(src) by extension 'colcon_meta'
[0.167s] Level 1:colcon.colcon_core.package_identification:_identify(src) by extensions ['ros']
[0.167s] Level 1:colcon.colcon_core.package_identification:_identify(src) by extension 'ros'
[0.167s] Level 1:colcon.colcon_core.package_identification:_identify(src) by extensions ['cmake', 'python']
[0.167s] Level 1:colcon.colcon_core.package_identification:_identify(src) by extension 'cmake'
[0.167s] Level 1:colcon.colcon_core.package_identification:_identify(src) by extension 'python'
[0.167s] Level 1:colcon.colcon_core.package_identification:_identify(src) by extensions ['python_setup_py']
[0.167s] Level 1:colcon.colcon_core.package_identification:_identify(src) by extension 'python_setup_py'
[0.167s] Level 1:colcon.colcon_core.package_identification:_identify(src/LIO-SAM) by extensions ['ignore', 'ignore_ament_install']
[0.167s] Level 1:colcon.colcon_core.package_identification:_identify(src/LIO-SAM) by extension 'ignore'
[0.167s] Level 1:colcon.colcon_core.package_identification:_identify(src/LIO-SAM) by extension 'ignore_ament_install'
[0.167s] Level 1:colcon.colcon_core.package_identification:_identify(src/LIO-SAM) by extensions ['colcon_pkg']
[0.167s] Level 1:colcon.colcon_core.package_identification:_identify(src/LIO-SAM) by extension 'colcon_pkg'
[0.167s] Level 1:colcon.colcon_core.package_identification:_identify(src/LIO-SAM) by extensions ['colcon_meta']
[0.167s] Level 1:colcon.colcon_core.package_identification:_identify(src/LIO-SAM) by extension 'colcon_meta'
[0.168s] Level 1:colcon.colcon_core.package_identification:_identify(src/LIO-SAM) by extensions ['ros']
[0.168s] Level 1:colcon.colcon_core.package_identification:_identify(src/LIO-SAM) by extension 'ros'
[0.170s] DEBUG:colcon.colcon_core.package_identification:Package 'src/LIO-SAM' with type 'ros.ament_cmake' and name 'lio_sam'
[0.170s] Level 1:colcon.colcon_core.package_identification:_identify(src/nav2_launch_test) by extensions ['ignore', 'ignore_ament_install']
[0.170s] Level 1:colcon.colcon_core.package_identification:_identify(src/nav2_launch_test) by extension 'ignore'
[0.170s] Level 1:colcon.colcon_core.package_identification:_identify(src/nav2_launch_test) by extension 'ignore_ament_install'
[0.171s] Level 1:colcon.colcon_core.package_identification:_identify(src/nav2_launch_test) by extensions ['colcon_pkg']
[0.171s] Level 1:colcon.colcon_core.package_identification:_identify(src/nav2_launch_test) by extension 'colcon_pkg'
[0.171s] Level 1:colcon.colcon_core.package_identification:_identify(src/nav2_launch_test) by extensions ['colcon_meta']
[0.171s] Level 1:colcon.colcon_core.package_identification:_identify(src/nav2_launch_test) by extension 'colcon_meta'
[0.171s] Level 1:colcon.colcon_core.package_identification:_identify(src/nav2_launch_test) by extensions ['ros']
[0.171s] Level 1:colcon.colcon_core.package_identification:_identify(src/nav2_launch_test) by extension 'ros'
[0.171s] DEBUG:colcon.colcon_core.package_identification:Package 'src/nav2_launch_test' with type 'ros.ament_python' and name 'nav2_launch_test'
[0.171s] Level 1:colcon.colcon_core.package_identification:_identify(src/nav2_map) by extensions ['ignore', 'ignore_ament_install']
[0.171s] Level 1:colcon.colcon_core.package_identification:_identify(src/nav2_map) by extension 'ignore'
[0.171s] Level 1:colcon.colcon_core.package_identification:_identify(src/nav2_map) by extension 'ignore_ament_install'
[0.171s] Level 1:colcon.colcon_core.package_identification:_identify(src/nav2_map) by extensions ['colcon_pkg']
[0.171s] Level 1:colcon.colcon_core.package_identification:_identify(src/nav2_map) by extension 'colcon_pkg'
[0.171s] Level 1:colcon.colcon_core.package_identification:_identify(src/nav2_map) by extensions ['colcon_meta']
[0.172s] Level 1:colcon.colcon_core.package_identification:_identify(src/nav2_map) by extension 'colcon_meta'
[0.172s] Level 1:colcon.colcon_core.package_identification:_identify(src/nav2_map) by extensions ['ros']
[0.172s] Level 1:colcon.colcon_core.package_identification:_identify(src/nav2_map) by extension 'ros'
[0.172s] Level 1:colcon.colcon_core.package_identification:_identify(src/nav2_map) by extensions ['cmake', 'python']
[0.172s] Level 1:colcon.colcon_core.package_identification:_identify(src/nav2_map) by extension 'cmake'
[0.172s] Level 1:colcon.colcon_core.package_identification:_identify(src/nav2_map) by extension 'python'
[0.172s] Level 1:colcon.colcon_core.package_identification:_identify(src/nav2_map) by extensions ['python_setup_py']
[0.172s] Level 1:colcon.colcon_core.package_identification:_identify(src/nav2_map) by extension 'python_setup_py'
[0.172s] Level 1:colcon.colcon_core.package_identification:_identify(src/tracer_ros2) by extensions ['ignore', 'ignore_ament_install']
[0.172s] Level 1:colcon.colcon_core.package_identification:_identify(src/tracer_ros2) by extension 'ignore'
[0.172s] Level 1:colcon.colcon_core.package_identification:_identify(src/tracer_ros2) by extension 'ignore_ament_install'
[0.172s] Level 1:colcon.colcon_core.package_identification:_identify(src/tracer_ros2) by extensions ['colcon_pkg']
[0.172s] Level 1:colcon.colcon_core.package_identification:_identify(src/tracer_ros2) by extension 'colcon_pkg'
[0.172s] Level 1:colcon.colcon_core.package_identification:_identify(src/tracer_ros2) by extensions ['colcon_meta']
[0.172s] Level 1:colcon.colcon_core.package_identification:_identify(src/tracer_ros2) by extension 'colcon_meta'
[0.172s] Level 1:colcon.colcon_core.package_identification:_identify(src/tracer_ros2) by extensions ['ros']
[0.172s] Level 1:colcon.colcon_core.package_identification:_identify(src/tracer_ros2) by extension 'ros'
[0.172s] Level 1:colcon.colcon_core.package_identification:_identify(src/tracer_ros2) by extensions ['cmake', 'python']
[0.172s] Level 1:colcon.colcon_core.package_identification:_identify(src/tracer_ros2) by extension 'cmake'
[0.172s] Level 1:colcon.colcon_core.package_identification:_identify(src/tracer_ros2) by extension 'python'
[0.172s] Level 1:colcon.colcon_core.package_identification:_identify(src/tracer_ros2) by extensions ['python_setup_py']
[0.172s] Level 1:colcon.colcon_core.package_identification:_identify(src/tracer_ros2) by extension 'python_setup_py'
[0.172s] Level 1:colcon.colcon_core.package_identification:_identify(src/tracer_ros2/tracer_base) by extensions ['ignore', 'ignore_ament_install']
[0.173s] Level 1:colcon.colcon_core.package_identification:_identify(src/tracer_ros2/tracer_base) by extension 'ignore'
[0.173s] Level 1:colcon.colcon_core.package_identification:_identify(src/tracer_ros2/tracer_base) by extension 'ignore_ament_install'
[0.173s] Level 1:colcon.colcon_core.package_identification:_identify(src/tracer_ros2/tracer_base) by extensions ['colcon_pkg']
[0.173s] Level 1:colcon.colcon_core.package_identification:_identify(src/tracer_ros2/tracer_base) by extension 'colcon_pkg'
[0.173s] Level 1:colcon.colcon_core.package_identification:_identify(src/tracer_ros2/tracer_base) by extensions ['colcon_meta']
[0.173s] Level 1:colcon.colcon_core.package_identification:_identify(src/tracer_ros2/tracer_base) by extension 'colcon_meta'
[0.173s] Level 1:colcon.colcon_core.package_identification:_identify(src/tracer_ros2/tracer_base) by extensions ['ros']
[0.173s] Level 1:colcon.colcon_core.package_identification:_identify(src/tracer_ros2/tracer_base) by extension 'ros'
[0.174s] DEBUG:colcon.colcon_core.package_identification:Package 'src/tracer_ros2/tracer_base' with type 'ros.ament_cmake' and name 'tracer_base'
[0.174s] Level 1:colcon.colcon_core.package_identification:_identify(src/tracer_ros2/tracer_msgs) by extensions ['ignore', 'ignore_ament_install']
[0.174s] Level 1:colcon.colcon_core.package_identification:_identify(src/tracer_ros2/tracer_msgs) by extension 'ignore'
[0.174s] Level 1:colcon.colcon_core.package_identification:_identify(src/tracer_ros2/tracer_msgs) by extension 'ignore_ament_install'
[0.174s] Level 1:colcon.colcon_core.package_identification:_identify(src/tracer_ros2/tracer_msgs) by extensions ['colcon_pkg']
[0.174s] Level 1:colcon.colcon_core.package_identification:_identify(src/tracer_ros2/tracer_msgs) by extension 'colcon_pkg'
[0.174s] Level 1:colcon.colcon_core.package_identification:_identify(src/tracer_ros2/tracer_msgs) by extensions ['colcon_meta']
[0.174s] Level 1:colcon.colcon_core.package_identification:_identify(src/tracer_ros2/tracer_msgs) by extension 'colcon_meta'
[0.174s] Level 1:colcon.colcon_core.package_identification:_identify(src/tracer_ros2/tracer_msgs) by extensions ['ros']
[0.174s] Level 1:colcon.colcon_core.package_identification:_identify(src/tracer_ros2/tracer_msgs) by extension 'ros'
[0.175s] DEBUG:colcon.colcon_core.package_identification:Package 'src/tracer_ros2/tracer_msgs' with type 'ros.ament_cmake' and name 'tracer_msgs'
[0.175s] Level 1:colcon.colcon_core.package_identification:_identify(src/ugv_sdk) by extensions ['ignore', 'ignore_ament_install']
[0.175s] Level 1:colcon.colcon_core.package_identification:_identify(src/ugv_sdk) by extension 'ignore'
[0.175s] Level 1:colcon.colcon_core.package_identification:_identify(src/ugv_sdk) by extension 'ignore_ament_install'
[0.175s] Level 1:colcon.colcon_core.package_identification:_identify(src/ugv_sdk) by extensions ['colcon_pkg']
[0.175s] Level 1:colcon.colcon_core.package_identification:_identify(src/ugv_sdk) by extension 'colcon_pkg'
[0.175s] Level 1:colcon.colcon_core.package_identification:_identify(src/ugv_sdk) by extensions ['colcon_meta']
[0.175s] Level 1:colcon.colcon_core.package_identification:_identify(src/ugv_sdk) by extension 'colcon_meta'
[0.175s] Level 1:colcon.colcon_core.package_identification:_identify(src/ugv_sdk) by extensions ['ros']
[0.175s] Level 1:colcon.colcon_core.package_identification:_identify(src/ugv_sdk) by extension 'ros'
[0.176s] DEBUG:colcon.colcon_core.package_identification:Package 'src/ugv_sdk' with type 'ros.catkin' and name 'ugv_sdk'
[0.176s] Level 1:colcon.colcon_core.package_identification:_identify(src/unitree_lidar_ros2) by extensions ['ignore', 'ignore_ament_install']
[0.176s] Level 1:colcon.colcon_core.package_identification:_identify(src/unitree_lidar_ros2) by extension 'ignore'
[0.176s] Level 1:colcon.colcon_core.package_identification:_identify(src/unitree_lidar_ros2) by extension 'ignore_ament_install'
[0.176s] Level 1:colcon.colcon_core.package_identification:_identify(src/unitree_lidar_ros2) by extensions ['colcon_pkg']
[0.176s] Level 1:colcon.colcon_core.package_identification:_identify(src/unitree_lidar_ros2) by extension 'colcon_pkg'
[0.176s] Level 1:colcon.colcon_core.package_identification:_identify(src/unitree_lidar_ros2) by extensions ['colcon_meta']
[0.176s] Level 1:colcon.colcon_core.package_identification:_identify(src/unitree_lidar_ros2) by extension 'colcon_meta'
[0.176s] Level 1:colcon.colcon_core.package_identification:_identify(src/unitree_lidar_ros2) by extensions ['ros']
[0.176s] Level 1:colcon.colcon_core.package_identification:_identify(src/unitree_lidar_ros2) by extension 'ros'
[0.176s] Level 1:colcon.colcon_core.package_identification:_identify(src/unitree_lidar_ros2) by extensions ['cmake', 'python']
[0.176s] Level 1:colcon.colcon_core.package_identification:_identify(src/unitree_lidar_ros2) by extension 'cmake'
[0.176s] Level 1:colcon.colcon_core.package_identification:_identify(src/unitree_lidar_ros2) by extension 'python'
[0.176s] Level 1:colcon.colcon_core.package_identification:_identify(src/unitree_lidar_ros2) by extensions ['python_setup_py']
[0.176s] Level 1:colcon.colcon_core.package_identification:_identify(src/unitree_lidar_ros2) by extension 'python_setup_py'
[0.176s] Level 1:colcon.colcon_core.package_identification:_identify(src/unitree_lidar_ros2/src) by extensions ['ignore', 'ignore_ament_install']
[0.176s] Level 1:colcon.colcon_core.package_identification:_identify(src/unitree_lidar_ros2/src) by extension 'ignore'
[0.177s] Level 1:colcon.colcon_core.package_identification:_identify(src/unitree_lidar_ros2/src) by extension 'ignore_ament_install'
[0.177s] Level 1:colcon.colcon_core.package_identification:_identify(src/unitree_lidar_ros2/src) by extensions ['colcon_pkg']
[0.177s] Level 1:colcon.colcon_core.package_identification:_identify(src/unitree_lidar_ros2/src) by extension 'colcon_pkg'
[0.177s] Level 1:colcon.colcon_core.package_identification:_identify(src/unitree_lidar_ros2/src) by extensions ['colcon_meta']
[0.177s] Level 1:colcon.colcon_core.package_identification:_identify(src/unitree_lidar_ros2/src) by extension 'colcon_meta'
[0.177s] Level 1:colcon.colcon_core.package_identification:_identify(src/unitree_lidar_ros2/src) by extensions ['ros']
[0.177s] Level 1:colcon.colcon_core.package_identification:_identify(src/unitree_lidar_ros2/src) by extension 'ros'
[0.177s] Level 1:colcon.colcon_core.package_identification:_identify(src/unitree_lidar_ros2/src) by extensions ['cmake', 'python']
[0.177s] Level 1:colcon.colcon_core.package_identification:_identify(src/unitree_lidar_ros2/src) by extension 'cmake'
[0.177s] Level 1:colcon.colcon_core.package_identification:_identify(src/unitree_lidar_ros2/src) by extension 'python'
[0.177s] Level 1:colcon.colcon_core.package_identification:_identify(src/unitree_lidar_ros2/src) by extensions ['python_setup_py']
[0.177s] Level 1:colcon.colcon_core.package_identification:_identify(src/unitree_lidar_ros2/src) by extension 'python_setup_py'
[0.177s] Level 1:colcon.colcon_core.package_identification:_identify(src/unitree_lidar_ros2/src/unitree_lidar_ros2) by extensions ['ignore', 'ignore_ament_install']
[0.177s] Level 1:colcon.colcon_core.package_identification:_identify(src/unitree_lidar_ros2/src/unitree_lidar_ros2) by extension 'ignore'
[0.177s] Level 1:colcon.colcon_core.package_identification:_identify(src/unitree_lidar_ros2/src/unitree_lidar_ros2) by extension 'ignore_ament_install'
[0.177s] Level 1:colcon.colcon_core.package_identification:_identify(src/unitree_lidar_ros2/src/unitree_lidar_ros2) by extensions ['colcon_pkg']
[0.177s] Level 1:colcon.colcon_core.package_identification:_identify(src/unitree_lidar_ros2/src/unitree_lidar_ros2) by extension 'colcon_pkg'
[0.177s] Level 1:colcon.colcon_core.package_identification:_identify(src/unitree_lidar_ros2/src/unitree_lidar_ros2) by extensions ['colcon_meta']
[0.177s] Level 1:colcon.colcon_core.package_identification:_identify(src/unitree_lidar_ros2/src/unitree_lidar_ros2) by extension 'colcon_meta'
[0.177s] Level 1:colcon.colcon_core.package_identification:_identify(src/unitree_lidar_ros2/src/unitree_lidar_ros2) by extensions ['ros']
[0.177s] Level 1:colcon.colcon_core.package_identification:_identify(src/unitree_lidar_ros2/src/unitree_lidar_ros2) by extension 'ros'
[0.178s] DEBUG:colcon.colcon_core.package_identification:Package 'src/unitree_lidar_ros2/src/unitree_lidar_ros2' with type 'ros.ament_cmake' and name 'unitree_lidar_ros2'
[0.178s] Level 1:colcon.colcon_core.package_identification:_identify(src/unitree_lidar_sdk) by extensions ['ignore', 'ignore_ament_install']
[0.178s] Level 1:colcon.colcon_core.package_identification:_identify(src/unitree_lidar_sdk) by extension 'ignore'
[0.178s] Level 1:colcon.colcon_core.package_identification:_identify(src/unitree_lidar_sdk) by extension 'ignore_ament_install'
[0.178s] Level 1:colcon.colcon_core.package_identification:_identify(src/unitree_lidar_sdk) by extensions ['colcon_pkg']
[0.178s] Level 1:colcon.colcon_core.package_identification:_identify(src/unitree_lidar_sdk) by extension 'colcon_pkg'
[0.179s] Level 1:colcon.colcon_core.package_identification:_identify(src/unitree_lidar_sdk) by extensions ['colcon_meta']
[0.179s] Level 1:colcon.colcon_core.package_identification:_identify(src/unitree_lidar_sdk) by extension 'colcon_meta'
[0.179s] Level 1:colcon.colcon_core.package_identification:_identify(src/unitree_lidar_sdk) by extensions ['ros']
[0.179s] Level 1:colcon.colcon_core.package_identification:_identify(src/unitree_lidar_sdk) by extension 'ros'
[0.179s] Level 1:colcon.colcon_core.package_identification:_identify(src/unitree_lidar_sdk) by extensions ['cmake', 'python']
[0.179s] Level 1:colcon.colcon_core.package_identification:_identify(src/unitree_lidar_sdk) by extension 'cmake'
[0.180s] Level 1:colcon.colcon_core.package_identification:_identify(src/unitree_lidar_sdk) by extension 'python'
[0.180s] DEBUG:colcon.colcon_core.package_identification:Package 'src/unitree_lidar_sdk' with type 'cmake' and name 'unitree_lidar_sdk'
[0.180s] Level 1:colcon.colcon_core.package_discovery:discover_packages(recursive) using defaults
[0.180s] Level 1:colcon.colcon_core.package_discovery:discover_packages(ignore) discover
[0.180s] Level 1:colcon.colcon_core.package_discovery:discover_packages(ignore) using defaults
[0.180s] Level 1:colcon.colcon_core.package_discovery:discover_packages(path) discover
[0.180s] Level 1:colcon.colcon_core.package_discovery:discover_packages(path) using defaults
[0.199s] Level 1:colcon.colcon_core.package_discovery:discover_packages(prefix_path) check parameters
[0.199s] Level 1:colcon.colcon_core.package_discovery:discover_packages(prefix_path) discover
[0.201s] DEBUG:colcon.colcon_installed_package_information.package_discovery:Found 7 installed packages in /home/vertin/ros2_ws/install
[0.201s] DEBUG:colcon.colcon_installed_package_information.package_discovery:Found 1 installed packages in /home/vertin/my_ws/install
[0.203s] DEBUG:colcon.colcon_installed_package_information.package_discovery:Found 426 installed packages in /opt/ros/humble
[0.205s] Level 1:colcon.colcon_core.package_discovery:discover_packages(prefix_path) using defaults
[0.264s] Level 5:colcon.colcon_core.verb:set package 'lio_sam' build argument 'cmake_args' from command line to 'None'
[0.264s] Level 5:colcon.colcon_core.verb:set package 'lio_sam' build argument 'cmake_target' from command line to 'None'
[0.264s] Level 5:colcon.colcon_core.verb:set package 'lio_sam' build argument 'cmake_target_skip_unavailable' from command line to 'False'
[0.264s] Level 5:colcon.colcon_core.verb:set package 'lio_sam' build argument 'cmake_clean_cache' from command line to 'False'
[0.264s] Level 5:colcon.colcon_core.verb:set package 'lio_sam' build argument 'cmake_clean_first' from command line to 'False'
[0.264s] Level 5:colcon.colcon_core.verb:set package 'lio_sam' build argument 'cmake_force_configure' from command line to 'False'
[0.264s] Level 5:colcon.colcon_core.verb:set package 'lio_sam' build argument 'ament_cmake_args' from command line to 'None'
[0.264s] Level 5:colcon.colcon_core.verb:set package 'lio_sam' build argument 'catkin_cmake_args' from command line to 'None'
[0.264s] Level 5:colcon.colcon_core.verb:set package 'lio_sam' build argument 'catkin_skip_building_tests' from command line to 'False'
[0.264s] DEBUG:colcon.colcon_core.verb:Building package 'lio_sam' with the following arguments: {'ament_cmake_args': None, 'build_base': '/home/vertin/ros2_ws/build/lio_sam', 'catkin_cmake_args': None, 'catkin_skip_building_tests': False, 'cmake_args': None, 'cmake_clean_cache': False, 'cmake_clean_first': False, 'cmake_force_configure': False, 'cmake_target': None, 'cmake_target_skip_unavailable': False, 'install_base': '/home/vertin/ros2_ws/install/lio_sam', 'merge_install': False, 'path': '/home/vertin/ros2_ws/src/LIO-SAM', 'symlink_install': False, 'test_result_base': None}
[0.264s] Level 5:colcon.colcon_core.verb:set package 'nav2_launch_test' build argument 'cmake_args' from command line to 'None'
[0.264s] Level 5:colcon.colcon_core.verb:set package 'nav2_launch_test' build argument 'cmake_target' from command line to 'None'
[0.264s] Level 5:colcon.colcon_core.verb:set package 'nav2_launch_test' build argument 'cmake_target_skip_unavailable' from command line to 'False'
[0.264s] Level 5:colcon.colcon_core.verb:set package 'nav2_launch_test' build argument 'cmake_clean_cache' from command line to 'False'
[0.265s] Level 5:colcon.colcon_core.verb:set package 'nav2_launch_test' build argument 'cmake_clean_first' from command line to 'False'
[0.265s] Level 5:colcon.colcon_core.verb:set package 'nav2_launch_test' build argument 'cmake_force_configure' from command line to 'False'
[0.265s] Level 5:colcon.colcon_core.verb:set package 'nav2_launch_test' build argument 'ament_cmake_args' from command line to 'None'
[0.265s] Level 5:colcon.colcon_core.verb:set package 'nav2_launch_test' build argument 'catkin_cmake_args' from command line to 'None'
[0.265s] Level 5:colcon.colcon_core.verb:set package 'nav2_launch_test' build argument 'catkin_skip_building_tests' from command line to 'False'
[0.265s] DEBUG:colcon.colcon_core.verb:Building package 'nav2_launch_test' with the following arguments: {'ament_cmake_args': None, 'build_base': '/home/vertin/ros2_ws/build/nav2_launch_test', 'catkin_cmake_args': None, 'catkin_skip_building_tests': False, 'cmake_args': None, 'cmake_clean_cache': False, 'cmake_clean_first': False, 'cmake_force_configure': False, 'cmake_target': None, 'cmake_target_skip_unavailable': False, 'install_base': '/home/vertin/ros2_ws/install/nav2_launch_test', 'merge_install': False, 'path': '/home/vertin/ros2_ws/src/nav2_launch_test', 'symlink_install': False, 'test_result_base': None}
[0.265s] Level 5:colcon.colcon_core.verb:set package 'tracer_msgs' build argument 'cmake_args' from command line to 'None'
[0.265s] Level 5:colcon.colcon_core.verb:set package 'tracer_msgs' build argument 'cmake_target' from command line to 'None'
[0.265s] Level 5:colcon.colcon_core.verb:set package 'tracer_msgs' build argument 'cmake_target_skip_unavailable' from command line to 'False'
[0.265s] Level 5:colcon.colcon_core.verb:set package 'tracer_msgs' build argument 'cmake_clean_cache' from command line to 'False'
[0.265s] Level 5:colcon.colcon_core.verb:set package 'tracer_msgs' build argument 'cmake_clean_first' from command line to 'False'
[0.265s] Level 5:colcon.colcon_core.verb:set package 'tracer_msgs' build argument 'cmake_force_configure' from command line to 'False'
[0.265s] Level 5:colcon.colcon_core.verb:set package 'tracer_msgs' build argument 'ament_cmake_args' from command line to 'None'
[0.265s] Level 5:colcon.colcon_core.verb:set package 'tracer_msgs' build argument 'catkin_cmake_args' from command line to 'None'
[0.265s] Level 5:colcon.colcon_core.verb:set package 'tracer_msgs' build argument 'catkin_skip_building_tests' from command line to 'False'
[0.265s] DEBUG:colcon.colcon_core.verb:Building package 'tracer_msgs' with the following arguments: {'ament_cmake_args': None, 'build_base': '/home/vertin/ros2_ws/build/tracer_msgs', 'catkin_cmake_args': None, 'catkin_skip_building_tests': False, 'cmake_args': None, 'cmake_clean_cache': False, 'cmake_clean_first': False, 'cmake_force_configure': False, 'cmake_target': None, 'cmake_target_skip_unavailable': False, 'install_base': '/home/vertin/ros2_ws/install/tracer_msgs', 'merge_install': False, 'path': '/home/vertin/ros2_ws/src/tracer_ros2/tracer_msgs', 'symlink_install': False, 'test_result_base': None}
[0.266s] Level 5:colcon.colcon_core.verb:set package 'ugv_sdk' build argument 'cmake_args' from command line to 'None'
[0.266s] Level 5:colcon.colcon_core.verb:set package 'ugv_sdk' build argument 'cmake_target' from command line to 'None'
[0.266s] Level 5:colcon.colcon_core.verb:set package 'ugv_sdk' build argument 'cmake_target_skip_unavailable' from command line to 'False'
[0.266s] Level 5:colcon.colcon_core.verb:set package 'ugv_sdk' build argument 'cmake_clean_cache' from command line to 'False'
[0.266s] Level 5:colcon.colcon_core.verb:set package 'ugv_sdk' build argument 'cmake_clean_first' from command line to 'False'
[0.266s] Level 5:colcon.colcon_core.verb:set package 'ugv_sdk' build argument 'cmake_force_configure' from command line to 'False'
[0.266s] Level 5:colcon.colcon_core.verb:set package 'ugv_sdk' build argument 'ament_cmake_args' from command line to 'None'
[0.266s] Level 5:colcon.colcon_core.verb:set package 'ugv_sdk' build argument 'catkin_cmake_args' from command line to 'None'
[0.266s] Level 5:colcon.colcon_core.verb:set package 'ugv_sdk' build argument 'catkin_skip_building_tests' from command line to 'False'
[0.266s] DEBUG:colcon.colcon_core.verb:Building package 'ugv_sdk' with the following arguments: {'ament_cmake_args': None, 'build_base': '/home/vertin/ros2_ws/build/ugv_sdk', 'catkin_cmake_args': None, 'catkin_skip_building_tests': False, 'cmake_args': None, 'cmake_clean_cache': False, 'cmake_clean_first': False, 'cmake_force_configure': False, 'cmake_target': None, 'cmake_target_skip_unavailable': False, 'install_base': '/home/vertin/ros2_ws/install/ugv_sdk', 'merge_install': False, 'path': '/home/vertin/ros2_ws/src/ugv_sdk', 'symlink_install': False, 'test_result_base': None}
[0.266s] Level 5:colcon.colcon_core.verb:set package 'unitree_lidar_ros2' build argument 'cmake_args' from command line to 'None'
[0.266s] Level 5:colcon.colcon_core.verb:set package 'unitree_lidar_ros2' build argument 'cmake_target' from command line to 'None'
[0.266s] Level 5:colcon.colcon_core.verb:set package 'unitree_lidar_ros2' build argument 'cmake_target_skip_unavailable' from command line to 'False'
[0.266s] Level 5:colcon.colcon_core.verb:set package 'unitree_lidar_ros2' build argument 'cmake_clean_cache' from command line to 'False'
[0.266s] Level 5:colcon.colcon_core.verb:set package 'unitree_lidar_ros2' build argument 'cmake_clean_first' from command line to 'False'
[0.266s] Level 5:colcon.colcon_core.verb:set package 'unitree_lidar_ros2' build argument 'cmake_force_configure' from command line to 'False'
[0.266s] Level 5:colcon.colcon_core.verb:set package 'unitree_lidar_ros2' build argument 'ament_cmake_args' from command line to 'None'
[0.266s] Level 5:colcon.colcon_core.verb:set package 'unitree_lidar_ros2' build argument 'catkin_cmake_args' from command line to 'None'
[0.266s] Level 5:colcon.colcon_core.verb:set package 'unitree_lidar_ros2' build argument 'catkin_skip_building_tests' from command line to 'False'
[0.266s] DEBUG:colcon.colcon_core.verb:Building package 'unitree_lidar_ros2' with the following arguments: {'ament_cmake_args': None, 'build_base': '/home/vertin/ros2_ws/build/unitree_lidar_ros2', 'catkin_cmake_args': None, 'catkin_skip_building_tests': False, 'cmake_args': None, 'cmake_clean_cache': False, 'cmake_clean_first': False, 'cmake_force_configure': False, 'cmake_target': None, 'cmake_target_skip_unavailable': False, 'install_base': '/home/vertin/ros2_ws/install/unitree_lidar_ros2', 'merge_install': False, 'path': '/home/vertin/ros2_ws/src/unitree_lidar_ros2/src/unitree_lidar_ros2', 'symlink_install': False, 'test_result_base': None}
[0.267s] Level 5:colcon.colcon_core.verb:set package 'unitree_lidar_sdk' build argument 'cmake_args' from command line to 'None'
[0.267s] Level 5:colcon.colcon_core.verb:set package 'unitree_lidar_sdk' build argument 'cmake_target' from command line to 'None'
[0.267s] Level 5:colcon.colcon_core.verb:set package 'unitree_lidar_sdk' build argument 'cmake_target_skip_unavailable' from command line to 'False'
[0.267s] Level 5:colcon.colcon_core.verb:set package 'unitree_lidar_sdk' build argument 'cmake_clean_cache' from command line to 'False'
[0.267s] Level 5:colcon.colcon_core.verb:set package 'unitree_lidar_sdk' build argument 'cmake_clean_first' from command line to 'False'
[0.267s] Level 5:colcon.colcon_core.verb:set package 'unitree_lidar_sdk' build argument 'cmake_force_configure' from command line to 'False'
[0.267s] Level 5:colcon.colcon_core.verb:set package 'unitree_lidar_sdk' build argument 'ament_cmake_args' from command line to 'None'
[0.267s] Level 5:colcon.colcon_core.verb:set package 'unitree_lidar_sdk' build argument 'catkin_cmake_args' from command line to 'None'
[0.267s] Level 5:colcon.colcon_core.verb:set package 'unitree_lidar_sdk' build argument 'catkin_skip_building_tests' from command line to 'False'
[0.267s] DEBUG:colcon.colcon_core.verb:Building package 'unitree_lidar_sdk' with the following arguments: {'ament_cmake_args': None, 'build_base': '/home/vertin/ros2_ws/build/unitree_lidar_sdk', 'catkin_cmake_args': None, 'catkin_skip_building_tests': False, 'cmake_args': None, 'cmake_clean_cache': False, 'cmake_clean_first': False, 'cmake_force_configure': False, 'cmake_target': None, 'cmake_target_skip_unavailable': False, 'install_base': '/home/vertin/ros2_ws/install/unitree_lidar_sdk', 'merge_install': False, 'path': '/home/vertin/ros2_ws/src/unitree_lidar_sdk', 'symlink_install': False, 'test_result_base': None}
[0.267s] Level 5:colcon.colcon_core.verb:set package 'tracer_base' build argument 'cmake_args' from command line to 'None'
[0.267s] Level 5:colcon.colcon_core.verb:set package 'tracer_base' build argument 'cmake_target' from command line to 'None'
[0.267s] Level 5:colcon.colcon_core.verb:set package 'tracer_base' build argument 'cmake_target_skip_unavailable' from command line to 'False'
[0.267s] Level 5:colcon.colcon_core.verb:set package 'tracer_base' build argument 'cmake_clean_cache' from command line to 'False'
[0.267s] Level 5:colcon.colcon_core.verb:set package 'tracer_base' build argument 'cmake_clean_first' from command line to 'False'
[0.267s] Level 5:colcon.colcon_core.verb:set package 'tracer_base' build argument 'cmake_force_configure' from command line to 'False'
[0.267s] Level 5:colcon.colcon_core.verb:set package 'tracer_base' build argument 'ament_cmake_args' from command line to 'None'
[0.267s] Level 5:colcon.colcon_core.verb:set package 'tracer_base' build argument 'catkin_cmake_args' from command line to 'None'
[0.267s] Level 5:colcon.colcon_core.verb:set package 'tracer_base' build argument 'catkin_skip_building_tests' from command line to 'False'
[0.267s] DEBUG:colcon.colcon_core.verb:Building package 'tracer_base' with the following arguments: {'ament_cmake_args': None, 'build_base': '/home/vertin/ros2_ws/build/tracer_base', 'catkin_cmake_args': None, 'catkin_skip_building_tests': False, 'cmake_args': None, 'cmake_clean_cache': False, 'cmake_clean_first': False, 'cmake_force_configure': False, 'cmake_target': None, 'cmake_target_skip_unavailable': False, 'install_base': '/home/vertin/ros2_ws/install/tracer_base', 'merge_install': False, 'path': '/home/vertin/ros2_ws/src/tracer_ros2/tracer_base', 'symlink_install': False, 'test_result_base': None}
[0.267s] INFO:colcon.colcon_core.executor:Executing jobs using 'parallel' executor
[0.268s] DEBUG:colcon.colcon_parallel_executor.executor.parallel:run_until_complete
[0.269s] INFO:colcon.colcon_ros.task.ament_cmake.build:Building ROS package in '/home/vertin/ros2_ws/src/tracer_ros2/tracer_msgs' with build type 'ament_cmake'
[0.269s] INFO:colcon.colcon_cmake.task.cmake.build:Building CMake package in '/home/vertin/ros2_ws/src/tracer_ros2/tracer_msgs'
[0.271s] INFO:colcon.colcon_core.plugin_system:Skipping extension 'colcon_core.shell.bat': Not used on non-Windows systems
[0.271s] INFO:colcon.colcon_core.shell:Skip shell extension 'powershell' for command environment: Not usable outside of PowerShell
[0.271s] DEBUG:colcon.colcon_core.shell:Skip shell extension 'dsv' for command environment
[0.276s] INFO:colcon.colcon_ros.task.catkin.build:Building ROS package in '/home/vertin/ros2_ws/src/ugv_sdk' with build type 'catkin'
[0.276s] INFO:colcon.colcon_cmake.task.cmake.build:Building CMake package in '/home/vertin/ros2_ws/src/ugv_sdk'
[0.276s] INFO:colcon.colcon_core.shell:Skip shell extension 'powershell' for command environment: Not usable outside of PowerShell
[0.276s] DEBUG:colcon.colcon_core.shell:Skip shell extension 'dsv' for command environment
[0.280s] INFO:colcon.colcon_ros.task.ament_cmake.build:Building ROS package in '/home/vertin/ros2_ws/src/LIO-SAM' with build type 'ament_cmake'
[0.280s] INFO:colcon.colcon_cmake.task.cmake.build:Building CMake package in '/home/vertin/ros2_ws/src/LIO-SAM'
[0.280s] INFO:colcon.colcon_core.shell:Skip shell extension 'powershell' for command environment: Not usable outside of PowerShell
[0.280s] DEBUG:colcon.colcon_core.shell:Skip shell extension 'dsv' for command environment
[0.284s] INFO:colcon.colcon_ros.task.ament_python.build:Building ROS package in '/home/vertin/ros2_ws/src/nav2_launch_test' with build type 'ament_python'
[0.284s] Level 1:colcon.colcon_core.shell:create_environment_hook('nav2_launch_test', 'ament_prefix_path')
[0.284s] INFO:colcon.colcon_core.shell:Creating environment hook '/home/vertin/ros2_ws/install/nav2_launch_test/share/nav2_launch_test/hook/ament_prefix_path.ps1'
[0.285s] INFO:colcon.colcon_core.shell:Creating environment descriptor '/home/vertin/ros2_ws/install/nav2_launch_test/share/nav2_launch_test/hook/ament_prefix_path.dsv'
[0.286s] INFO:colcon.colcon_core.shell:Creating environment hook '/home/vertin/ros2_ws/install/nav2_launch_test/share/nav2_launch_test/hook/ament_prefix_path.sh'
[0.286s] INFO:colcon.colcon_core.shell:Skip shell extension 'powershell' for command environment: Not usable outside of PowerShell
[0.286s] DEBUG:colcon.colcon_core.shell:Skip shell extension 'dsv' for command environment
[0.290s] INFO:colcon.colcon_ros.task.ament_cmake.build:Building ROS package in '/home/vertin/ros2_ws/src/unitree_lidar_ros2/src/unitree_lidar_ros2' with build type 'ament_cmake'
[0.290s] INFO:colcon.colcon_cmake.task.cmake.build:Building CMake package in '/home/vertin/ros2_ws/src/unitree_lidar_ros2/src/unitree_lidar_ros2'
[0.290s] INFO:colcon.colcon_core.shell:Skip shell extension 'powershell' for command environment: Not usable outside of PowerShell
[0.290s] DEBUG:colcon.colcon_core.shell:Skip shell extension 'dsv' for command environment
[0.295s] INFO:colcon.colcon_cmake.task.cmake.build:Building CMake package in '/home/vertin/ros2_ws/src/unitree_lidar_sdk'
[0.295s] INFO:colcon.colcon_core.shell:Skip shell extension 'powershell' for command environment: Not usable outside of PowerShell
[0.295s] DEBUG:colcon.colcon_core.shell:Skip shell extension 'dsv' for command environment
[0.307s] DEBUG:colcon.colcon_core.event_handler.log_command:Invoking command in '/home/vertin/ros2_ws/build/tracer_msgs': CMAKE_PREFIX_PATH=/home/vertin/ros2_ws/install/unitree_lidar_ros2:/home/vertin/ros2_ws/install/tracer_base:/home/vertin/ros2_ws/install/nav2_launch_test:/home/vertin/my_ws/install/robot_localizer:/opt/ros/humble:/home/vertin/ros2_ws/install/ugv_sdk:/home/vertin/ros2_ws/install/tracer_msgs:/home/vertin/ros2_ws/install/lio_sam /usr/bin/cmake --build /home/vertin/ros2_ws/build/tracer_msgs -- -j8 -l8
[0.311s] DEBUG:colcon.colcon_core.event_handler.log_command:Invoking command in '/home/vertin/ros2_ws/build/ugv_sdk': /usr/bin/cmake --build /home/vertin/ros2_ws/build/ugv_sdk -- -j8 -l8
[0.314s] DEBUG:colcon.colcon_core.event_handler.log_command:Invoking command in '/home/vertin/ros2_ws/build/lio_sam': CMAKE_PREFIX_PATH=/home/vertin/ros2_ws/install/unitree_lidar_ros2:/home/vertin/ros2_ws/install/tracer_base:/home/vertin/ros2_ws/install/nav2_launch_test:/home/vertin/my_ws/install/robot_localizer:/opt/ros/humble:/home/vertin/ros2_ws/install/ugv_sdk:/home/vertin/ros2_ws/install/tracer_msgs:/home/vertin/ros2_ws/install/lio_sam /usr/bin/cmake --build /home/vertin/ros2_ws/build/lio_sam -- -j8 -l8
[0.740s] INFO:colcon.colcon_core.task.python.build:Building Python package in '/home/vertin/ros2_ws/src/nav2_launch_test'
[0.741s] INFO:colcon.colcon_core.shell:Skip shell extension 'powershell' for command environment: Not usable outside of PowerShell
[0.741s] DEBUG:colcon.colcon_core.shell:Skip shell extension 'dsv' for command environment
[0.748s] DEBUG:colcon.colcon_core.event_handler.log_command:Invoking command in '/home/vertin/ros2_ws/build/unitree_lidar_ros2': CMAKE_PREFIX_PATH=/home/vertin/ros2_ws/install/unitree_lidar_ros2:/home/vertin/ros2_ws/install/tracer_base:/home/vertin/ros2_ws/install/nav2_launch_test:/home/vertin/my_ws/install/robot_localizer:/opt/ros/humble:/home/vertin/ros2_ws/install/ugv_sdk:/home/vertin/ros2_ws/install/tracer_msgs:/home/vertin/ros2_ws/install/lio_sam /usr/bin/cmake --build /home/vertin/ros2_ws/build/unitree_lidar_ros2 -- -j8 -l8
[0.752s] DEBUG:colcon.colcon_core.event_handler.log_command:Invoking command in '/home/vertin/ros2_ws/build/unitree_lidar_sdk': /usr/bin/cmake --build /home/vertin/ros2_ws/build/unitree_lidar_sdk -- -j8 -l8
[0.762s] DEBUG:colcon.colcon_core.event_handler.log_command:Invoked command in '/home/vertin/ros2_ws/build/ugv_sdk' returned '0': /usr/bin/cmake --build /home/vertin/ros2_ws/build/ugv_sdk -- -j8 -l8
[0.769s] DEBUG:colcon.colcon_core.event_handler.log_command:Invoking command in '/home/vertin/ros2_ws/build/ugv_sdk': /usr/bin/cmake --install /home/vertin/ros2_ws/build/ugv_sdk
[0.786s] DEBUG:colcon.colcon_core.event_handler.log_command:Invoked command in '/home/vertin/ros2_ws/build/ugv_sdk' returned '0': /usr/bin/cmake --install /home/vertin/ros2_ws/build/ugv_sdk
[0.787s] Level 1:colcon.colcon_core.shell:create_environment_hook('ugv_sdk', 'ros_package_path')
[0.787s] INFO:colcon.colcon_core.shell:Creating environment hook '/home/vertin/ros2_ws/install/ugv_sdk/share/ugv_sdk/hook/ros_package_path.ps1'
[0.788s] INFO:colcon.colcon_core.shell:Creating environment descriptor '/home/vertin/ros2_ws/install/ugv_sdk/share/ugv_sdk/hook/ros_package_path.dsv'
[0.789s] INFO:colcon.colcon_core.shell:Creating environment hook '/home/vertin/ros2_ws/install/ugv_sdk/share/ugv_sdk/hook/ros_package_path.sh'
[0.790s] Level 1:colcon.colcon_core.shell:create_environment_hook('ugv_sdk', 'pkg_config_path')
[0.790s] INFO:colcon.colcon_core.shell:Creating environment hook '/home/vertin/ros2_ws/install/ugv_sdk/share/ugv_sdk/hook/pkg_config_path.ps1'
[0.791s] INFO:colcon.colcon_core.shell:Creating environment descriptor '/home/vertin/ros2_ws/install/ugv_sdk/share/ugv_sdk/hook/pkg_config_path.dsv'
[0.791s] INFO:colcon.colcon_core.shell:Creating environment hook '/home/vertin/ros2_ws/install/ugv_sdk/share/ugv_sdk/hook/pkg_config_path.sh'
[0.794s] Level 1:colcon.colcon_core.shell:create_environment_hook('ugv_sdk', 'pkg_config_path_multiarch')
[0.795s] INFO:colcon.colcon_core.shell:Creating environment hook '/home/vertin/ros2_ws/install/ugv_sdk/share/ugv_sdk/hook/pkg_config_path_multiarch.ps1'
[0.795s] INFO:colcon.colcon_core.shell:Creating environment descriptor '/home/vertin/ros2_ws/install/ugv_sdk/share/ugv_sdk/hook/pkg_config_path_multiarch.dsv'
[0.796s] INFO:colcon.colcon_core.shell:Creating environment hook '/home/vertin/ros2_ws/install/ugv_sdk/share/ugv_sdk/hook/pkg_config_path_multiarch.sh'
[0.798s] Level 1:colcon.colcon_core.environment:create_environment_scripts_only(ugv_sdk)
[0.805s] Level 1:colcon.colcon_core.environment:checking '/home/vertin/ros2_ws/install/ugv_sdk' for CMake module files
[0.806s] Level 1:colcon.colcon_core.environment:checking '/home/vertin/ros2_ws/install/ugv_sdk' for CMake config files
[0.806s] Level 1:colcon.colcon_core.shell:create_environment_hook('ugv_sdk', 'cmake_prefix_path')
[0.807s] INFO:colcon.colcon_core.shell:Creating environment hook '/home/vertin/ros2_ws/install/ugv_sdk/share/ugv_sdk/hook/cmake_prefix_path.ps1'
[0.808s] INFO:colcon.colcon_core.shell:Creating environment descriptor '/home/vertin/ros2_ws/install/ugv_sdk/share/ugv_sdk/hook/cmake_prefix_path.dsv'
[0.808s] INFO:colcon.colcon_core.shell:Creating environment hook '/home/vertin/ros2_ws/install/ugv_sdk/share/ugv_sdk/hook/cmake_prefix_path.sh'
[0.809s] Level 1:colcon.colcon_core.environment:checking '/home/vertin/ros2_ws/install/ugv_sdk/lib'
[0.810s] Level 1:colcon.colcon_core.environment:checking '/home/vertin/ros2_ws/install/ugv_sdk/bin'
[0.810s] Level 1:colcon.colcon_core.environment:checking '/home/vertin/ros2_ws/install/ugv_sdk/lib/pkgconfig/ugv_sdk.pc'
[0.810s] Level 1:colcon.colcon_core.environment:checking '/home/vertin/ros2_ws/install/ugv_sdk/lib/python3.10/site-packages'
[0.811s] Level 1:colcon.colcon_core.environment:checking '/home/vertin/ros2_ws/install/ugv_sdk/bin'
[0.811s] INFO:colcon.colcon_core.shell:Creating package script '/home/vertin/ros2_ws/install/ugv_sdk/share/ugv_sdk/package.ps1'
[0.813s] INFO:colcon.colcon_core.shell:Creating package descriptor '/home/vertin/ros2_ws/install/ugv_sdk/share/ugv_sdk/package.dsv'
[0.814s] INFO:colcon.colcon_core.shell:Creating package script '/home/vertin/ros2_ws/install/ugv_sdk/share/ugv_sdk/package.sh'
[0.816s] INFO:colcon.colcon_core.shell:Creating package script '/home/vertin/ros2_ws/install/ugv_sdk/share/ugv_sdk/package.bash'
[0.817s] INFO:colcon.colcon_core.shell:Creating package script '/home/vertin/ros2_ws/install/ugv_sdk/share/ugv_sdk/package.zsh'
[0.820s] Level 1:colcon.colcon_core.environment:create_file_with_runtime_dependencies(/home/vertin/ros2_ws/install/ugv_sdk/share/colcon-core/packages/ugv_sdk)
[0.844s] DEBUG:colcon.colcon_core.event_handler.log_command:Invoked command in '/home/vertin/ros2_ws/build/unitree_lidar_sdk' returned '0': /usr/bin/cmake --build /home/vertin/ros2_ws/build/unitree_lidar_sdk -- -j8 -l8
[0.844s] WARNING:colcon.colcon_cmake.task.cmake.build:Could not run installation step for package 'unitree_lidar_sdk' because it has no 'install' target
[0.844s] Level 1:colcon.colcon_core.environment:create_environment_scripts_only(unitree_lidar_sdk)
[0.844s] Level 1:colcon.colcon_core.environment:checking '/home/vertin/ros2_ws/install/unitree_lidar_sdk' for CMake module files
[0.845s] Level 1:colcon.colcon_core.environment:checking '/home/vertin/ros2_ws/install/unitree_lidar_sdk' for CMake config files
[0.846s] Level 1:colcon.colcon_core.environment:checking '/home/vertin/ros2_ws/install/unitree_lidar_sdk/bin'
[0.846s] Level 1:colcon.colcon_core.environment:checking '/home/vertin/ros2_ws/install/unitree_lidar_sdk/lib/pkgconfig/unitree_lidar_sdk.pc'
[0.846s] Level 1:colcon.colcon_core.environment:checking '/home/vertin/ros2_ws/install/unitree_lidar_sdk/lib/python3.10/site-packages'
[0.846s] Level 1:colcon.colcon_core.environment:checking '/home/vertin/ros2_ws/install/unitree_lidar_sdk/bin'
[0.847s] INFO:colcon.colcon_core.shell:Creating package script '/home/vertin/ros2_ws/install/unitree_lidar_sdk/share/unitree_lidar_sdk/package.ps1'
[0.847s] INFO:colcon.colcon_core.shell:Creating package descriptor '/home/vertin/ros2_ws/install/unitree_lidar_sdk/share/unitree_lidar_sdk/package.dsv'
[0.848s] INFO:colcon.colcon_core.shell:Creating package script '/home/vertin/ros2_ws/install/unitree_lidar_sdk/share/unitree_lidar_sdk/package.sh'
[0.848s] INFO:colcon.colcon_core.shell:Creating package script '/home/vertin/ros2_ws/install/unitree_lidar_sdk/share/unitree_lidar_sdk/package.bash'
[0.849s] INFO:colcon.colcon_core.shell:Creating package script '/home/vertin/ros2_ws/install/unitree_lidar_sdk/share/unitree_lidar_sdk/package.zsh'
[0.850s] Level 1:colcon.colcon_core.environment:create_file_with_runtime_dependencies(/home/vertin/ros2_ws/install/unitree_lidar_sdk/share/colcon-core/packages/unitree_lidar_sdk)
[0.857s] DEBUG:colcon.colcon_core.event_handler.log_command:Invoked command in '/home/vertin/ros2_ws/build/unitree_lidar_ros2' returned '0': CMAKE_PREFIX_PATH=/home/vertin/ros2_ws/install/unitree_lidar_ros2:/home/vertin/ros2_ws/install/tracer_base:/home/vertin/ros2_ws/install/nav2_launch_test:/home/vertin/my_ws/install/robot_localizer:/opt/ros/humble:/home/vertin/ros2_ws/install/ugv_sdk:/home/vertin/ros2_ws/install/tracer_msgs:/home/vertin/ros2_ws/install/lio_sam /usr/bin/cmake --build /home/vertin/ros2_ws/build/unitree_lidar_ros2 -- -j8 -l8
[0.860s] DEBUG:colcon.colcon_core.event_handler.log_command:Invoking command in '/home/vertin/ros2_ws/build/unitree_lidar_ros2': CMAKE_PREFIX_PATH=/home/vertin/ros2_ws/install/unitree_lidar_ros2:/home/vertin/ros2_ws/install/tracer_base:/home/vertin/ros2_ws/install/nav2_launch_test:/home/vertin/my_ws/install/robot_localizer:/opt/ros/humble:/home/vertin/ros2_ws/install/ugv_sdk:/home/vertin/ros2_ws/install/tracer_msgs:/home/vertin/ros2_ws/install/lio_sam /usr/bin/cmake --install /home/vertin/ros2_ws/build/unitree_lidar_ros2
[0.872s] Level 1:colcon.colcon_core.environment:create_environment_scripts_only(unitree_lidar_ros2)
[0.872s] Level 1:colcon.colcon_core.environment:checking '/home/vertin/ros2_ws/install/unitree_lidar_ros2' for CMake module files
[0.873s] DEBUG:colcon.colcon_core.event_handler.log_command:Invoked command in '/home/vertin/ros2_ws/build/unitree_lidar_ros2' returned '0': CMAKE_PREFIX_PATH=/home/vertin/ros2_ws/install/unitree_lidar_ros2:/home/vertin/ros2_ws/install/tracer_base:/home/vertin/ros2_ws/install/nav2_launch_test:/home/vertin/my_ws/install/robot_localizer:/opt/ros/humble:/home/vertin/ros2_ws/install/ugv_sdk:/home/vertin/ros2_ws/install/tracer_msgs:/home/vertin/ros2_ws/install/lio_sam /usr/bin/cmake --install /home/vertin/ros2_ws/build/unitree_lidar_ros2
[0.873s] Level 1:colcon.colcon_core.environment:checking '/home/vertin/ros2_ws/install/unitree_lidar_ros2' for CMake config files
[0.874s] Level 1:colcon.colcon_core.shell:create_environment_hook('unitree_lidar_ros2', 'cmake_prefix_path')
[0.874s] INFO:colcon.colcon_core.shell:Creating environment hook '/home/vertin/ros2_ws/install/unitree_lidar_ros2/share/unitree_lidar_ros2/hook/cmake_prefix_path.ps1'
[0.875s] INFO:colcon.colcon_core.shell:Creating environment descriptor '/home/vertin/ros2_ws/install/unitree_lidar_ros2/share/unitree_lidar_ros2/hook/cmake_prefix_path.dsv'
[0.876s] INFO:colcon.colcon_core.shell:Creating environment hook '/home/vertin/ros2_ws/install/unitree_lidar_ros2/share/unitree_lidar_ros2/hook/cmake_prefix_path.sh'
[0.877s] Level 1:colcon.colcon_core.environment:checking '/home/vertin/ros2_ws/install/unitree_lidar_ros2/lib'
[0.877s] Level 1:colcon.colcon_core.environment:checking '/home/vertin/ros2_ws/install/unitree_lidar_ros2/bin'
[0.877s] Level 1:colcon.colcon_core.environment:checking '/home/vertin/ros2_ws/install/unitree_lidar_ros2/lib/pkgconfig/unitree_lidar_ros2.pc'
[0.877s] Level 1:colcon.colcon_core.environment:checking '/home/vertin/ros2_ws/install/unitree_lidar_ros2/lib/python3.10/site-packages'
[0.878s] Level 1:colcon.colcon_core.environment:checking '/home/vertin/ros2_ws/install/unitree_lidar_ros2/bin'
[0.878s] INFO:colcon.colcon_core.shell:Creating package script '/home/vertin/ros2_ws/install/unitree_lidar_ros2/share/unitree_lidar_ros2/package.ps1'
[0.879s] INFO:colcon.colcon_core.shell:Creating package descriptor '/home/vertin/ros2_ws/install/unitree_lidar_ros2/share/unitree_lidar_ros2/package.dsv'
[0.879s] INFO:colcon.colcon_core.shell:Creating package script '/home/vertin/ros2_ws/install/unitree_lidar_ros2/share/unitree_lidar_ros2/package.sh'
[0.880s] INFO:colcon.colcon_core.shell:Creating package script '/home/vertin/ros2_ws/install/unitree_lidar_ros2/share/unitree_lidar_ros2/package.bash'
[0.880s] INFO:colcon.colcon_core.shell:Creating package script '/home/vertin/ros2_ws/install/unitree_lidar_ros2/share/unitree_lidar_ros2/package.zsh'
[0.881s] Level 1:colcon.colcon_core.environment:create_file_with_runtime_dependencies(/home/vertin/ros2_ws/install/unitree_lidar_ros2/share/colcon-core/packages/unitree_lidar_ros2)
[0.882s] Level 1:colcon.colcon_core.environment:create_environment_scripts_only(unitree_lidar_ros2)
[0.882s] Level 1:colcon.colcon_core.environment:checking '/home/vertin/ros2_ws/install/unitree_lidar_ros2' for CMake module files
[0.883s] Level 1:colcon.colcon_core.environment:checking '/home/vertin/ros2_ws/install/unitree_lidar_ros2' for CMake config files
[0.883s] Level 1:colcon.colcon_core.shell:create_environment_hook('unitree_lidar_ros2', 'cmake_prefix_path')
[0.883s] INFO:colcon.colcon_core.shell:Creating environment hook '/home/vertin/ros2_ws/install/unitree_lidar_ros2/share/unitree_lidar_ros2/hook/cmake_prefix_path.ps1'
[0.884s] INFO:colcon.colcon_core.shell:Creating environment descriptor '/home/vertin/ros2_ws/install/unitree_lidar_ros2/share/unitree_lidar_ros2/hook/cmake_prefix_path.dsv'
[0.884s] INFO:colcon.colcon_core.shell:Creating environment hook '/home/vertin/ros2_ws/install/unitree_lidar_ros2/share/unitree_lidar_ros2/hook/cmake_prefix_path.sh'
[0.885s] Level 1:colcon.colcon_core.environment:checking '/home/vertin/ros2_ws/install/unitree_lidar_ros2/lib'
[0.885s] Level 1:colcon.colcon_core.environment:checking '/home/vertin/ros2_ws/install/unitree_lidar_ros2/bin'
[0.885s] Level 1:colcon.colcon_core.environment:checking '/home/vertin/ros2_ws/install/unitree_lidar_ros2/lib/pkgconfig/unitree_lidar_ros2.pc'
[0.886s] Level 1:colcon.colcon_core.environment:checking '/home/vertin/ros2_ws/install/unitree_lidar_ros2/lib/python3.10/site-packages'
[0.886s] Level 1:colcon.colcon_core.environment:checking '/home/vertin/ros2_ws/install/unitree_lidar_ros2/bin'
[0.886s] INFO:colcon.colcon_core.shell:Creating package script '/home/vertin/ros2_ws/install/unitree_lidar_ros2/share/unitree_lidar_ros2/package.ps1'
[0.887s] INFO:colcon.colcon_core.shell:Creating package descriptor '/home/vertin/ros2_ws/install/unitree_lidar_ros2/share/unitree_lidar_ros2/package.dsv'
[0.888s] INFO:colcon.colcon_core.shell:Creating package script '/home/vertin/ros2_ws/install/unitree_lidar_ros2/share/unitree_lidar_ros2/package.sh'
[0.889s] INFO:colcon.colcon_core.shell:Creating package script '/home/vertin/ros2_ws/install/unitree_lidar_ros2/share/unitree_lidar_ros2/package.bash'
[0.889s] INFO:colcon.colcon_core.shell:Creating package script '/home/vertin/ros2_ws/install/unitree_lidar_ros2/share/unitree_lidar_ros2/package.zsh'
[0.890s] Level 1:colcon.colcon_core.environment:create_file_with_runtime_dependencies(/home/vertin/ros2_ws/install/unitree_lidar_ros2/share/colcon-core/packages/unitree_lidar_ros2)
[0.958s] DEBUG:colcon.colcon_core.event_handler.log_command:Invoked command in '/home/vertin/ros2_ws/build/tracer_msgs' returned '0': CMAKE_PREFIX_PATH=/home/vertin/ros2_ws/install/unitree_lidar_ros2:/home/vertin/ros2_ws/install/tracer_base:/home/vertin/ros2_ws/install/nav2_launch_test:/home/vertin/my_ws/install/robot_localizer:/opt/ros/humble:/home/vertin/ros2_ws/install/ugv_sdk:/home/vertin/ros2_ws/install/tracer_msgs:/home/vertin/ros2_ws/install/lio_sam /usr/bin/cmake --build /home/vertin/ros2_ws/build/tracer_msgs -- -j8 -l8
[0.960s] DEBUG:colcon.colcon_core.event_handler.log_command:Invoking command in '/home/vertin/ros2_ws/build/tracer_msgs': CMAKE_PREFIX_PATH=/home/vertin/ros2_ws/install/unitree_lidar_ros2:/home/vertin/ros2_ws/install/tracer_base:/home/vertin/ros2_ws/install/nav2_launch_test:/home/vertin/my_ws/install/robot_localizer:/opt/ros/humble:/home/vertin/ros2_ws/install/ugv_sdk:/home/vertin/ros2_ws/install/tracer_msgs:/home/vertin/ros2_ws/install/lio_sam /usr/bin/cmake --install /home/vertin/ros2_ws/build/tracer_msgs
[0.985s] DEBUG:colcon.colcon_core.event_handler.log_command:Invoked command in '/home/vertin/ros2_ws/build/lio_sam' returned '0': CMAKE_PREFIX_PATH=/home/vertin/ros2_ws/install/unitree_lidar_ros2:/home/vertin/ros2_ws/install/tracer_base:/home/vertin/ros2_ws/install/nav2_launch_test:/home/vertin/my_ws/install/robot_localizer:/opt/ros/humble:/home/vertin/ros2_ws/install/ugv_sdk:/home/vertin/ros2_ws/install/tracer_msgs:/home/vertin/ros2_ws/install/lio_sam /usr/bin/cmake --build /home/vertin/ros2_ws/build/lio_sam -- -j8 -l8
[0.988s] DEBUG:colcon.colcon_core.event_handler.log_command:Invoking command in '/home/vertin/ros2_ws/build/lio_sam': CMAKE_PREFIX_PATH=/home/vertin/ros2_ws/install/unitree_lidar_ros2:/home/vertin/ros2_ws/install/tracer_base:/home/vertin/ros2_ws/install/nav2_launch_test:/home/vertin/my_ws/install/robot_localizer:/opt/ros/humble:/home/vertin/ros2_ws/install/ugv_sdk:/home/vertin/ros2_ws/install/tracer_msgs:/home/vertin/ros2_ws/install/lio_sam /usr/bin/cmake --install /home/vertin/ros2_ws/build/lio_sam
[1.028s] Level 1:colcon.colcon_core.environment:create_environment_scripts_only(tracer_msgs)
[1.029s] Level 1:colcon.colcon_core.environment:checking '/home/vertin/ros2_ws/install/tracer_msgs' for CMake module files
[1.029s] DEBUG:colcon.colcon_core.event_handler.log_command:Invoked command in '/home/vertin/ros2_ws/build/tracer_msgs' returned '0': CMAKE_PREFIX_PATH=/home/vertin/ros2_ws/install/unitree_lidar_ros2:/home/vertin/ros2_ws/install/tracer_base:/home/vertin/ros2_ws/install/nav2_launch_test:/home/vertin/my_ws/install/robot_localizer:/opt/ros/humble:/home/vertin/ros2_ws/install/ugv_sdk:/home/vertin/ros2_ws/install/tracer_msgs:/home/vertin/ros2_ws/install/lio_sam /usr/bin/cmake --install /home/vertin/ros2_ws/build/tracer_msgs
[1.030s] Level 1:colcon.colcon_core.environment:checking '/home/vertin/ros2_ws/install/tracer_msgs' for CMake config files
[1.030s] Level 1:colcon.colcon_core.shell:create_environment_hook('tracer_msgs', 'cmake_prefix_path')
[1.030s] INFO:colcon.colcon_core.shell:Creating environment hook '/home/vertin/ros2_ws/install/tracer_msgs/share/tracer_msgs/hook/cmake_prefix_path.ps1'
[1.031s] INFO:colcon.colcon_core.shell:Creating environment descriptor '/home/vertin/ros2_ws/install/tracer_msgs/share/tracer_msgs/hook/cmake_prefix_path.dsv'
[1.031s] INFO:colcon.colcon_core.shell:Creating environment hook '/home/vertin/ros2_ws/install/tracer_msgs/share/tracer_msgs/hook/cmake_prefix_path.sh'
[1.032s] Level 1:colcon.colcon_core.environment:checking '/home/vertin/ros2_ws/install/tracer_msgs/lib'
[1.032s] Level 1:colcon.colcon_core.shell:create_environment_hook('tracer_msgs', 'ld_library_path_lib')
[1.032s] INFO:colcon.colcon_core.shell:Creating environment hook '/home/vertin/ros2_ws/install/tracer_msgs/share/tracer_msgs/hook/ld_library_path_lib.ps1'
[1.032s] INFO:colcon.colcon_core.shell:Creating environment descriptor '/home/vertin/ros2_ws/install/tracer_msgs/share/tracer_msgs/hook/ld_library_path_lib.dsv'
[1.033s] INFO:colcon.colcon_core.shell:Creating environment hook '/home/vertin/ros2_ws/install/tracer_msgs/share/tracer_msgs/hook/ld_library_path_lib.sh'
[1.033s] Level 1:colcon.colcon_core.environment:checking '/home/vertin/ros2_ws/install/tracer_msgs/bin'
[1.033s] Level 1:colcon.colcon_core.environment:checking '/home/vertin/ros2_ws/install/tracer_msgs/lib/pkgconfig/tracer_msgs.pc'
[1.033s] Level 1:colcon.colcon_core.environment:checking '/home/vertin/ros2_ws/install/tracer_msgs/lib/python3.10/site-packages'
[1.034s] Level 1:colcon.colcon_core.environment:checking '/home/vertin/ros2_ws/install/tracer_msgs/bin'
[1.034s] INFO:colcon.colcon_core.shell:Creating package script '/home/vertin/ros2_ws/install/tracer_msgs/share/tracer_msgs/package.ps1'
[1.034s] INFO:colcon.colcon_core.shell:Creating package descriptor '/home/vertin/ros2_ws/install/tracer_msgs/share/tracer_msgs/package.dsv'
[1.035s] INFO:colcon.colcon_core.shell:Creating package script '/home/vertin/ros2_ws/install/tracer_msgs/share/tracer_msgs/package.sh'
[1.035s] INFO:colcon.colcon_core.shell:Creating package script '/home/vertin/ros2_ws/install/tracer_msgs/share/tracer_msgs/package.bash'
[1.036s] INFO:colcon.colcon_core.shell:Creating package script '/home/vertin/ros2_ws/install/tracer_msgs/share/tracer_msgs/package.zsh'
[1.036s] Level 1:colcon.colcon_core.environment:create_file_with_runtime_dependencies(/home/vertin/ros2_ws/install/tracer_msgs/share/colcon-core/packages/tracer_msgs)
[1.037s] Level 1:colcon.colcon_core.environment:create_environment_scripts_only(tracer_msgs)
[1.037s] Level 1:colcon.colcon_core.environment:checking '/home/vertin/ros2_ws/install/tracer_msgs' for CMake module files
[1.038s] Level 1:colcon.colcon_core.environment:checking '/home/vertin/ros2_ws/install/tracer_msgs' for CMake config files
[1.039s] Level 1:colcon.colcon_core.shell:create_environment_hook('tracer_msgs', 'cmake_prefix_path')
[1.039s] INFO:colcon.colcon_core.shell:Creating environment hook '/home/vertin/ros2_ws/install/tracer_msgs/share/tracer_msgs/hook/cmake_prefix_path.ps1'
[1.040s] INFO:colcon.colcon_core.shell:Creating environment descriptor '/home/vertin/ros2_ws/install/tracer_msgs/share/tracer_msgs/hook/cmake_prefix_path.dsv'
[1.040s] INFO:colcon.colcon_core.shell:Creating environment hook '/home/vertin/ros2_ws/install/tracer_msgs/share/tracer_msgs/hook/cmake_prefix_path.sh'
[1.041s] Level 1:colcon.colcon_core.environment:checking '/home/vertin/ros2_ws/install/tracer_msgs/lib'
[1.041s] Level 1:colcon.colcon_core.shell:create_environment_hook('tracer_msgs', 'ld_library_path_lib')
[1.041s] INFO:colcon.colcon_core.shell:Creating environment hook '/home/vertin/ros2_ws/install/tracer_msgs/share/tracer_msgs/hook/ld_library_path_lib.ps1'
[1.041s] INFO:colcon.colcon_core.shell:Creating environment descriptor '/home/vertin/ros2_ws/install/tracer_msgs/share/tracer_msgs/hook/ld_library_path_lib.dsv'
[1.042s] INFO:colcon.colcon_core.shell:Creating environment hook '/home/vertin/ros2_ws/install/tracer_msgs/share/tracer_msgs/hook/ld_library_path_lib.sh'
[1.043s] Level 1:colcon.colcon_core.environment:checking '/home/vertin/ros2_ws/install/tracer_msgs/bin'
[1.043s] Level 1:colcon.colcon_core.environment:checking '/home/vertin/ros2_ws/install/tracer_msgs/lib/pkgconfig/tracer_msgs.pc'
[1.043s] Level 1:colcon.colcon_core.environment:checking '/home/vertin/ros2_ws/install/tracer_msgs/lib/python3.10/site-packages'
[1.044s] Level 1:colcon.colcon_core.environment:checking '/home/vertin/ros2_ws/install/tracer_msgs/bin'
[1.044s] INFO:colcon.colcon_core.shell:Creating package script '/home/vertin/ros2_ws/install/tracer_msgs/share/tracer_msgs/package.ps1'
[1.045s] INFO:colcon.colcon_core.shell:Creating package descriptor '/home/vertin/ros2_ws/install/tracer_msgs/share/tracer_msgs/package.dsv'
[1.045s] INFO:colcon.colcon_core.shell:Creating package script '/home/vertin/ros2_ws/install/tracer_msgs/share/tracer_msgs/package.sh'
[1.046s] INFO:colcon.colcon_core.shell:Creating package script '/home/vertin/ros2_ws/install/tracer_msgs/share/tracer_msgs/package.bash'
[1.046s] INFO:colcon.colcon_core.shell:Creating package script '/home/vertin/ros2_ws/install/tracer_msgs/share/tracer_msgs/package.zsh'
[1.047s] Level 1:colcon.colcon_core.environment:create_file_with_runtime_dependencies(/home/vertin/ros2_ws/install/tracer_msgs/share/colcon-core/packages/tracer_msgs)
[1.047s] INFO:colcon.colcon_ros.task.ament_cmake.build:Building ROS package in '/home/vertin/ros2_ws/src/tracer_ros2/tracer_base' with build type 'ament_cmake'
[1.047s] INFO:colcon.colcon_cmake.task.cmake.build:Building CMake package in '/home/vertin/ros2_ws/src/tracer_ros2/tracer_base'
[1.047s] INFO:colcon.colcon_core.shell:Skip shell extension 'powershell' for command environment: Not usable outside of PowerShell
[1.047s] DEBUG:colcon.colcon_core.shell:Skip shell extension 'dsv' for command environment
[1.066s] Level 1:colcon.colcon_core.environment:create_environment_scripts_only(lio_sam)
[1.067s] Level 1:colcon.colcon_core.environment:checking '/home/vertin/ros2_ws/install/lio_sam' for CMake module files
[1.067s] DEBUG:colcon.colcon_core.event_handler.log_command:Invoked command in '/home/vertin/ros2_ws/build/lio_sam' returned '0': CMAKE_PREFIX_PATH=/home/vertin/ros2_ws/install/unitree_lidar_ros2:/home/vertin/ros2_ws/install/tracer_base:/home/vertin/ros2_ws/install/nav2_launch_test:/home/vertin/my_ws/install/robot_localizer:/opt/ros/humble:/home/vertin/ros2_ws/install/ugv_sdk:/home/vertin/ros2_ws/install/tracer_msgs:/home/vertin/ros2_ws/install/lio_sam /usr/bin/cmake --install /home/vertin/ros2_ws/build/lio_sam
[1.068s] Level 1:colcon.colcon_core.environment:checking '/home/vertin/ros2_ws/install/lio_sam' for CMake config files
[1.069s] Level 1:colcon.colcon_core.shell:create_environment_hook('lio_sam', 'cmake_prefix_path')
[1.069s] INFO:colcon.colcon_core.shell:Creating environment hook '/home/vertin/ros2_ws/install/lio_sam/share/lio_sam/hook/cmake_prefix_path.ps1'
[1.069s] INFO:colcon.colcon_core.shell:Creating environment descriptor '/home/vertin/ros2_ws/install/lio_sam/share/lio_sam/hook/cmake_prefix_path.dsv'
[1.069s] INFO:colcon.colcon_core.shell:Creating environment hook '/home/vertin/ros2_ws/install/lio_sam/share/lio_sam/hook/cmake_prefix_path.sh'
[1.070s] Level 1:colcon.colcon_core.environment:checking '/home/vertin/ros2_ws/install/lio_sam/lib'
[1.070s] Level 1:colcon.colcon_core.shell:create_environment_hook('lio_sam', 'ld_library_path_lib')
[1.070s] INFO:colcon.colcon_core.shell:Creating environment hook '/home/vertin/ros2_ws/install/lio_sam/share/lio_sam/hook/ld_library_path_lib.ps1'
[1.071s] INFO:colcon.colcon_core.shell:Creating environment descriptor '/home/vertin/ros2_ws/install/lio_sam/share/lio_sam/hook/ld_library_path_lib.dsv'
[1.071s] INFO:colcon.colcon_core.shell:Creating environment hook '/home/vertin/ros2_ws/install/lio_sam/share/lio_sam/hook/ld_library_path_lib.sh'
[1.071s] Level 1:colcon.colcon_core.environment:checking '/home/vertin/ros2_ws/install/lio_sam/bin'
[1.072s] Level 1:colcon.colcon_core.environment:checking '/home/vertin/ros2_ws/install/lio_sam/lib/pkgconfig/lio_sam.pc'
[1.072s] Level 1:colcon.colcon_core.environment:checking '/home/vertin/ros2_ws/install/lio_sam/lib/python3.10/site-packages'
[1.072s] Level 1:colcon.colcon_core.environment:checking '/home/vertin/ros2_ws/install/lio_sam/bin'
[1.072s] INFO:colcon.colcon_core.shell:Creating package script '/home/vertin/ros2_ws/install/lio_sam/share/lio_sam/package.ps1'
[1.073s] INFO:colcon.colcon_core.shell:Creating package descriptor '/home/vertin/ros2_ws/install/lio_sam/share/lio_sam/package.dsv'
[1.073s] INFO:colcon.colcon_core.shell:Creating package script '/home/vertin/ros2_ws/install/lio_sam/share/lio_sam/package.sh'
[1.073s] INFO:colcon.colcon_core.shell:Creating package script '/home/vertin/ros2_ws/install/lio_sam/share/lio_sam/package.bash'
[1.074s] INFO:colcon.colcon_core.shell:Creating package script '/home/vertin/ros2_ws/install/lio_sam/share/lio_sam/package.zsh'
[1.074s] Level 1:colcon.colcon_core.environment:create_file_with_runtime_dependencies(/home/vertin/ros2_ws/install/lio_sam/share/colcon-core/packages/lio_sam)
[1.075s] Level 1:colcon.colcon_core.environment:create_environment_scripts_only(lio_sam)
[1.076s] Level 1:colcon.colcon_core.environment:checking '/home/vertin/ros2_ws/install/lio_sam' for CMake module files
[1.076s] Level 1:colcon.colcon_core.environment:checking '/home/vertin/ros2_ws/install/lio_sam' for CMake config files
[1.078s] Level 1:colcon.colcon_core.shell:create_environment_hook('lio_sam', 'cmake_prefix_path')
[1.079s] INFO:colcon.colcon_core.shell:Creating environment hook '/home/vertin/ros2_ws/install/lio_sam/share/lio_sam/hook/cmake_prefix_path.ps1'
[1.080s] INFO:colcon.colcon_core.shell:Creating environment descriptor '/home/vertin/ros2_ws/install/lio_sam/share/lio_sam/hook/cmake_prefix_path.dsv'
[1.081s] INFO:colcon.colcon_core.shell:Creating environment hook '/home/vertin/ros2_ws/install/lio_sam/share/lio_sam/hook/cmake_prefix_path.sh'
[1.082s] Level 1:colcon.colcon_core.environment:checking '/home/vertin/ros2_ws/install/lio_sam/lib'
[1.082s] Level 1:colcon.colcon_core.shell:create_environment_hook('lio_sam', 'ld_library_path_lib')
[1.082s] INFO:colcon.colcon_core.shell:Creating environment hook '/home/vertin/ros2_ws/install/lio_sam/share/lio_sam/hook/ld_library_path_lib.ps1'
[1.083s] INFO:colcon.colcon_core.shell:Creating environment descriptor '/home/vertin/ros2_ws/install/lio_sam/share/lio_sam/hook/ld_library_path_lib.dsv'
[1.083s] INFO:colcon.colcon_core.shell:Creating environment hook '/home/vertin/ros2_ws/install/lio_sam/share/lio_sam/hook/ld_library_path_lib.sh'
[1.084s] Level 1:colcon.colcon_core.environment:checking '/home/vertin/ros2_ws/install/lio_sam/bin'
[1.084s] Level 1:colcon.colcon_core.environment:checking '/home/vertin/ros2_ws/install/lio_sam/lib/pkgconfig/lio_sam.pc'
[1.084s] Level 1:colcon.colcon_core.environment:checking '/home/vertin/ros2_ws/install/lio_sam/lib/python3.10/site-packages'
[1.084s] Level 1:colcon.colcon_core.environment:checking '/home/vertin/ros2_ws/install/lio_sam/bin'
[1.085s] INFO:colcon.colcon_core.shell:Creating package script '/home/vertin/ros2_ws/install/lio_sam/share/lio_sam/package.ps1'
[1.085s] INFO:colcon.colcon_core.shell:Creating package descriptor '/home/vertin/ros2_ws/install/lio_sam/share/lio_sam/package.dsv'
[1.086s] INFO:colcon.colcon_core.shell:Creating package script '/home/vertin/ros2_ws/install/lio_sam/share/lio_sam/package.sh'
[1.086s] INFO:colcon.colcon_core.shell:Creating package script '/home/vertin/ros2_ws/install/lio_sam/share/lio_sam/package.bash'
[1.086s] INFO:colcon.colcon_core.shell:Creating package script '/home/vertin/ros2_ws/install/lio_sam/share/lio_sam/package.zsh'
[1.087s] Level 1:colcon.colcon_core.environment:create_file_with_runtime_dependencies(/home/vertin/ros2_ws/install/lio_sam/share/colcon-core/packages/lio_sam)
[1.090s] DEBUG:colcon.colcon_core.event_handler.log_command:Invoking command in '/home/vertin/ros2_ws/build/tracer_base': CMAKE_PREFIX_PATH=/home/vertin/ros2_ws/install/nav2_launch_test:/home/vertin/my_ws/install/robot_localizer:/opt/ros/humble:/home/vertin/ros2_ws/install/ugv_sdk:/home/vertin/ros2_ws/install/tracer_msgs:/home/vertin/ros2_ws/install/unitree_lidar_ros2:/home/vertin/ros2_ws/install/tracer_base:/home/vertin/ros2_ws/install/lio_sam /usr/bin/cmake --build /home/vertin/ros2_ws/build/tracer_base -- -j8 -l8
[1.165s] DEBUG:colcon.colcon_core.event_handler.log_command:Invoked command in '/home/vertin/ros2_ws/build/tracer_base' returned '0': CMAKE_PREFIX_PATH=/home/vertin/ros2_ws/install/nav2_launch_test:/home/vertin/my_ws/install/robot_localizer:/opt/ros/humble:/home/vertin/ros2_ws/install/ugv_sdk:/home/vertin/ros2_ws/install/tracer_msgs:/home/vertin/ros2_ws/install/unitree_lidar_ros2:/home/vertin/ros2_ws/install/tracer_base:/home/vertin/ros2_ws/install/lio_sam /usr/bin/cmake --build /home/vertin/ros2_ws/build/tracer_base -- -j8 -l8
[1.166s] DEBUG:colcon.colcon_core.event_handler.log_command:Invoking command in '/home/vertin/ros2_ws/build/tracer_base': CMAKE_PREFIX_PATH=/home/vertin/ros2_ws/install/nav2_launch_test:/home/vertin/my_ws/install/robot_localizer:/opt/ros/humble:/home/vertin/ros2_ws/install/ugv_sdk:/home/vertin/ros2_ws/install/tracer_msgs:/home/vertin/ros2_ws/install/unitree_lidar_ros2:/home/vertin/ros2_ws/install/tracer_base:/home/vertin/ros2_ws/install/lio_sam /usr/bin/cmake --install /home/vertin/ros2_ws/build/tracer_base
[1.176s] Level 1:colcon.colcon_core.environment:create_environment_scripts_only(tracer_base)
[1.176s] Level 1:colcon.colcon_core.environment:checking '/home/vertin/ros2_ws/install/tracer_base' for CMake module files
[1.177s] DEBUG:colcon.colcon_core.event_handler.log_command:Invoked command in '/home/vertin/ros2_ws/build/tracer_base' returned '0': CMAKE_PREFIX_PATH=/home/vertin/ros2_ws/install/nav2_launch_test:/home/vertin/my_ws/install/robot_localizer:/opt/ros/humble:/home/vertin/ros2_ws/install/ugv_sdk:/home/vertin/ros2_ws/install/tracer_msgs:/home/vertin/ros2_ws/install/unitree_lidar_ros2:/home/vertin/ros2_ws/install/tracer_base:/home/vertin/ros2_ws/install/lio_sam /usr/bin/cmake --install /home/vertin/ros2_ws/build/tracer_base
[1.177s] Level 1:colcon.colcon_core.environment:checking '/home/vertin/ros2_ws/install/tracer_base' for CMake config files
[1.177s] Level 1:colcon.colcon_core.shell:create_environment_hook('tracer_base', 'cmake_prefix_path')
[1.177s] INFO:colcon.colcon_core.shell:Creating environment hook '/home/vertin/ros2_ws/install/tracer_base/share/tracer_base/hook/cmake_prefix_path.ps1'
[1.178s] INFO:colcon.colcon_core.shell:Creating environment descriptor '/home/vertin/ros2_ws/install/tracer_base/share/tracer_base/hook/cmake_prefix_path.dsv'
[1.178s] INFO:colcon.colcon_core.shell:Creating environment hook '/home/vertin/ros2_ws/install/tracer_base/share/tracer_base/hook/cmake_prefix_path.sh'
[1.179s] Level 1:colcon.colcon_core.environment:checking '/home/vertin/ros2_ws/install/tracer_base/lib'
[1.179s] Level 1:colcon.colcon_core.environment:checking '/home/vertin/ros2_ws/install/tracer_base/bin'
[1.179s] Level 1:colcon.colcon_core.environment:checking '/home/vertin/ros2_ws/install/tracer_base/lib/pkgconfig/tracer_base.pc'
[1.179s] Level 1:colcon.colcon_core.environment:checking '/home/vertin/ros2_ws/install/tracer_base/lib/python3.10/site-packages'
[1.179s] Level 1:colcon.colcon_core.environment:checking '/home/vertin/ros2_ws/install/tracer_base/bin'
[1.179s] INFO:colcon.colcon_core.shell:Creating package script '/home/vertin/ros2_ws/install/tracer_base/share/tracer_base/package.ps1'
[1.180s] INFO:colcon.colcon_core.shell:Creating package descriptor '/home/vertin/ros2_ws/install/tracer_base/share/tracer_base/package.dsv'
[1.180s] INFO:colcon.colcon_core.shell:Creating package script '/home/vertin/ros2_ws/install/tracer_base/share/tracer_base/package.sh'
[1.181s] INFO:colcon.colcon_core.shell:Creating package script '/home/vertin/ros2_ws/install/tracer_base/share/tracer_base/package.bash'
[1.181s] INFO:colcon.colcon_core.shell:Creating package script '/home/vertin/ros2_ws/install/tracer_base/share/tracer_base/package.zsh'
[1.181s] Level 1:colcon.colcon_core.environment:create_file_with_runtime_dependencies(/home/vertin/ros2_ws/install/tracer_base/share/colcon-core/packages/tracer_base)
[1.182s] Level 1:colcon.colcon_core.environment:create_environment_scripts_only(tracer_base)
[1.182s] Level 1:colcon.colcon_core.environment:checking '/home/vertin/ros2_ws/install/tracer_base' for CMake module files
[1.182s] Level 1:colcon.colcon_core.environment:checking '/home/vertin/ros2_ws/install/tracer_base' for CMake config files
[1.183s] Level 1:colcon.colcon_core.shell:create_environment_hook('tracer_base', 'cmake_prefix_path')
[1.183s] INFO:colcon.colcon_core.shell:Creating environment hook '/home/vertin/ros2_ws/install/tracer_base/share/tracer_base/hook/cmake_prefix_path.ps1'
[1.183s] INFO:colcon.colcon_core.shell:Creating environment descriptor '/home/vertin/ros2_ws/install/tracer_base/share/tracer_base/hook/cmake_prefix_path.dsv'
[1.183s] INFO:colcon.colcon_core.shell:Creating environment hook '/home/vertin/ros2_ws/install/tracer_base/share/tracer_base/hook/cmake_prefix_path.sh'
[1.184s] Level 1:colcon.colcon_core.environment:checking '/home/vertin/ros2_ws/install/tracer_base/lib'
[1.184s] Level 1:colcon.colcon_core.environment:checking '/home/vertin/ros2_ws/install/tracer_base/bin'
[1.184s] Level 1:colcon.colcon_core.environment:checking '/home/vertin/ros2_ws/install/tracer_base/lib/pkgconfig/tracer_base.pc'
[1.184s] Level 1:colcon.colcon_core.environment:checking '/home/vertin/ros2_ws/install/tracer_base/lib/python3.10/site-packages'
[1.184s] Level 1:colcon.colcon_core.environment:checking '/home/vertin/ros2_ws/install/tracer_base/bin'
[1.185s] INFO:colcon.colcon_core.shell:Creating package script '/home/vertin/ros2_ws/install/tracer_base/share/tracer_base/package.ps1'
[1.185s] INFO:colcon.colcon_core.shell:Creating package descriptor '/home/vertin/ros2_ws/install/tracer_base/share/tracer_base/package.dsv'
[1.185s] INFO:colcon.colcon_core.shell:Creating package script '/home/vertin/ros2_ws/install/tracer_base/share/tracer_base/package.sh'
[1.186s] INFO:colcon.colcon_core.shell:Creating package script '/home/vertin/ros2_ws/install/tracer_base/share/tracer_base/package.bash'
[1.186s] INFO:colcon.colcon_core.shell:Creating package script '/home/vertin/ros2_ws/install/tracer_base/share/tracer_base/package.zsh'
[1.186s] Level 1:colcon.colcon_core.environment:create_file_with_runtime_dependencies(/home/vertin/ros2_ws/install/tracer_base/share/colcon-core/packages/tracer_base)
[1.292s] DEBUG:colcon.colcon_core.event_handler.log_command:Invoking command in '/home/vertin/ros2_ws/src/nav2_launch_test': PYTHONPATH=/home/vertin/ros2_ws/build/nav2_launch_test/prefix_override:/usr/lib/python3/dist-packages/colcon_core/task/python/colcon_distutils_commands:/home/vertin/ros2_ws/install/nav2_launch_test/lib/python3.10/site-packages:${PYTHONPATH} /usr/bin/python3 -W ignore:setup.py install is deprecated -W ignore:easy_install command is deprecated setup.py egg_info --egg-base ../../build/nav2_launch_test build --build-base /home/vertin/ros2_ws/build/nav2_launch_test/build install --record /home/vertin/ros2_ws/build/nav2_launch_test/install.log --single-version-externally-managed install_data
[1.703s] Level 1:colcon.colcon_core.environment:checking '/home/vertin/ros2_ws/install/nav2_launch_test' for CMake module files
[1.703s] DEBUG:colcon.colcon_core.event_handler.log_command:Invoked command in '/home/vertin/ros2_ws/src/nav2_launch_test' returned '0': PYTHONPATH=/home/vertin/ros2_ws/build/nav2_launch_test/prefix_override:/usr/lib/python3/dist-packages/colcon_core/task/python/colcon_distutils_commands:/home/vertin/ros2_ws/install/nav2_launch_test/lib/python3.10/site-packages:${PYTHONPATH} /usr/bin/python3 -W ignore:setup.py install is deprecated -W ignore:easy_install command is deprecated setup.py egg_info --egg-base ../../build/nav2_launch_test build --build-base /home/vertin/ros2_ws/build/nav2_launch_test/build install --record /home/vertin/ros2_ws/build/nav2_launch_test/install.log --single-version-externally-managed install_data
[1.703s] Level 1:colcon.colcon_core.environment:checking '/home/vertin/ros2_ws/install/nav2_launch_test' for CMake config files
[1.704s] Level 1:colcon.colcon_core.environment:checking '/home/vertin/ros2_ws/install/nav2_launch_test/lib'
[1.704s] Level 1:colcon.colcon_core.environment:checking '/home/vertin/ros2_ws/install/nav2_launch_test/bin'
[1.704s] Level 1:colcon.colcon_core.environment:checking '/home/vertin/ros2_ws/install/nav2_launch_test/lib/pkgconfig/nav2_launch_test.pc'
[1.704s] Level 1:colcon.colcon_core.environment:checking '/home/vertin/ros2_ws/install/nav2_launch_test/lib/python3.10/site-packages'
[1.704s] Level 1:colcon.colcon_core.shell:create_environment_hook('nav2_launch_test', 'pythonpath')
[1.704s] INFO:colcon.colcon_core.shell:Creating environment hook '/home/vertin/ros2_ws/install/nav2_launch_test/share/nav2_launch_test/hook/pythonpath.ps1'
[1.705s] INFO:colcon.colcon_core.shell:Creating environment descriptor '/home/vertin/ros2_ws/install/nav2_launch_test/share/nav2_launch_test/hook/pythonpath.dsv'
[1.705s] INFO:colcon.colcon_core.shell:Creating environment hook '/home/vertin/ros2_ws/install/nav2_launch_test/share/nav2_launch_test/hook/pythonpath.sh'
[1.706s] Level 1:colcon.colcon_core.environment:checking '/home/vertin/ros2_ws/install/nav2_launch_test/bin'
[1.706s] Level 1:colcon.colcon_core.environment:create_environment_scripts_only(nav2_launch_test)
[1.706s] INFO:colcon.colcon_core.shell:Creating package script '/home/vertin/ros2_ws/install/nav2_launch_test/share/nav2_launch_test/package.ps1'
[1.706s] INFO:colcon.colcon_core.shell:Creating package descriptor '/home/vertin/ros2_ws/install/nav2_launch_test/share/nav2_launch_test/package.dsv'
[1.707s] INFO:colcon.colcon_core.shell:Creating package script '/home/vertin/ros2_ws/install/nav2_launch_test/share/nav2_launch_test/package.sh'
[1.707s] INFO:colcon.colcon_core.shell:Creating package script '/home/vertin/ros2_ws/install/nav2_launch_test/share/nav2_launch_test/package.bash'
[1.707s] INFO:colcon.colcon_core.shell:Creating package script '/home/vertin/ros2_ws/install/nav2_launch_test/share/nav2_launch_test/package.zsh'
[1.708s] Level 1:colcon.colcon_core.environment:create_file_with_runtime_dependencies(/home/vertin/ros2_ws/install/nav2_launch_test/share/colcon-core/packages/nav2_launch_test)
[1.708s] DEBUG:colcon.colcon_parallel_executor.executor.parallel:closing loop
[1.709s] DEBUG:colcon.colcon_parallel_executor.executor.parallel:loop closed
[1.709s] DEBUG:colcon.colcon_parallel_executor.executor.parallel:run_until_complete finished with '0'
[1.709s] DEBUG:colcon.colcon_core.event_reactor:joining thread
[1.714s] INFO:colcon.colcon_core.plugin_system:Skipping extension 'colcon_notification.desktop_notification.terminal_notifier': Not used on non-Darwin systems
[1.714s] INFO:colcon.colcon_core.plugin_system:Skipping extension 'colcon_notification.desktop_notification.win32': Not used on non-Windows systems
[1.714s] INFO:colcon.colcon_notification.desktop_notification:Sending desktop notification using 'notify2'
[1.725s] DEBUG:colcon.colcon_core.event_reactor:joined thread
[1.725s] INFO:colcon.colcon_core.shell:Creating prefix script '/home/vertin/ros2_ws/install/local_setup.ps1'
[1.726s] INFO:colcon.colcon_core.shell:Creating prefix util module '/home/vertin/ros2_ws/install/_local_setup_util_ps1.py'
[1.728s] INFO:colcon.colcon_core.shell:Creating prefix chain script '/home/vertin/ros2_ws/install/setup.ps1'
[1.730s] INFO:colcon.colcon_core.shell:Creating prefix script '/home/vertin/ros2_ws/install/local_setup.sh'
[1.730s] INFO:colcon.colcon_core.shell:Creating prefix util module '/home/vertin/ros2_ws/install/_local_setup_util_sh.py'
[1.731s] INFO:colcon.colcon_core.shell:Creating prefix chain script '/home/vertin/ros2_ws/install/setup.sh'
[1.732s] INFO:colcon.colcon_core.shell:Creating prefix script '/home/vertin/ros2_ws/install/local_setup.bash'
[1.732s] INFO:colcon.colcon_core.shell:Creating prefix chain script '/home/vertin/ros2_ws/install/setup.bash'
[1.733s] INFO:colcon.colcon_core.shell:Creating prefix script '/home/vertin/ros2_ws/install/local_setup.zsh'
[1.733s] INFO:colcon.colcon_core.shell:Creating prefix chain script '/home/vertin/ros2_ws/install/setup.zsh'
