[1.933s] Invoking command in '/home/vertin/ros2_ws/src/my_python_pkg': PYTHONPATH=/home/vertin/ros2_ws/build/my_python_pkg/prefix_override:/usr/lib/python3/dist-packages/colcon_core/task/python/colcon_distutils_commands:/home/vertin/ros2_ws/install/my_python_pkg/lib/python3.10/site-packages:${PYTHONPATH} /usr/bin/python3 -W ignore:setup.py install is deprecated -W ignore:easy_install command is deprecated setup.py egg_info --egg-base ../../build/my_python_pkg build --build-base /home/vertin/ros2_ws/build/my_python_pkg/build install --record /home/vertin/ros2_ws/build/my_python_pkg/install.log --single-version-externally-managed install_data
[2.185s] /home/vertin/.local/lib/python3.10/site-packages/setuptools/_distutils/dist.py:289: UserWarning: Unknown distribution option: 'tests_require'
[2.185s]   warnings.warn(msg)
[2.381s] running egg_info
[2.416s] writing ../../build/my_python_pkg/my_python_pkg.egg-info/PKG-INFO
[2.416s] writing dependency_links to ../../build/my_python_pkg/my_python_pkg.egg-info/dependency_links.txt
[2.416s] writing entry points to ../../build/my_python_pkg/my_python_pkg.egg-info/entry_points.txt
[2.417s] writing requirements to ../../build/my_python_pkg/my_python_pkg.egg-info/requires.txt
[2.417s] writing top-level names to ../../build/my_python_pkg/my_python_pkg.egg-info/top_level.txt
[2.688s] reading manifest file '../../build/my_python_pkg/my_python_pkg.egg-info/SOURCES.txt'
[2.702s] writing manifest file '../../build/my_python_pkg/my_python_pkg.egg-info/SOURCES.txt'
[2.704s] running build
[2.705s] running build_py
[2.707s] copying my_python_pkg/__init__.py -> /home/vertin/ros2_ws/build/my_python_pkg/build/lib/my_python_pkg
[2.708s] copying my_python_pkg/map_odom.py -> /home/vertin/ros2_ws/build/my_python_pkg/build/lib/my_python_pkg
[2.710s] copying my_python_pkg/autopoint.py -> /home/vertin/ros2_ws/build/my_python_pkg/build/lib/my_python_pkg
[2.713s] running install
[2.767s] running install_lib
[3.011s] running install_data
[3.013s] copying resource/my_python_pkg -> /home/vertin/ros2_ws/install/my_python_pkg/share/ament_index/resource_index/packages
[3.016s] copying package.xml -> /home/vertin/ros2_ws/install/my_python_pkg/share/my_python_pkg
[3.017s] running install_egg_info
[3.252s] removing '/home/vertin/ros2_ws/install/my_python_pkg/lib/python3.10/site-packages/my_python_pkg-0.0.0-py3.10.egg-info' (and everything under it)
[3.255s] Copying ../../build/my_python_pkg/my_python_pkg.egg-info to /home/vertin/ros2_ws/install/my_python_pkg/lib/python3.10/site-packages/my_python_pkg-0.0.0-py3.10.egg-info
[3.263s] running install_scripts
[3.746s] Installing autopoint script to /home/vertin/ros2_ws/install/my_python_pkg/lib/my_python_pkg
[3.747s] Installing maptoodom script to /home/vertin/ros2_ws/install/my_python_pkg/lib/my_python_pkg
[3.752s] writing list of installed files to '/home/vertin/ros2_ws/build/my_python_pkg/install.log'
[3.948s] Invoked command in '/home/vertin/ros2_ws/src/my_python_pkg' returned '0': PYTHONPATH=/home/vertin/ros2_ws/build/my_python_pkg/prefix_override:/usr/lib/python3/dist-packages/colcon_core/task/python/colcon_distutils_commands:/home/vertin/ros2_ws/install/my_python_pkg/lib/python3.10/site-packages:${PYTHONPATH} /usr/bin/python3 -W ignore:setup.py install is deprecated -W ignore:easy_install command is deprecated setup.py egg_info --egg-base ../../build/my_python_pkg build --build-base /home/vertin/ros2_ws/build/my_python_pkg/build install --record /home/vertin/ros2_ws/build/my_python_pkg/install.log --single-version-externally-managed install_data
