In file included from [01m[K/home/vertin/ros2_ws/src/LIO-SAM/src/imuPreintegration.cpp:17[m[K:
[01m[K/usr/local/include/gtsam_unstable/nonlinear/IncrementalFixedLagSmoother.h:17:2:[m[K [01;35m[Kwarning: [m[K#warning "IncrementalFixedLagSmoother was moved to the gtsam/nonlinear directory" [[01;35m[K]8;;https://gcc.gnu.org/onlinedocs/gcc/Warning-Options.html#index-Wcpp-Wcpp]8;;[m[K]
   17 | #[01;35m[Kwarning[m[K "IncrementalFixedLagSmoother was moved to the gtsam/nonlinear directory"
      |  [01;35m[K^~~~~~~[m[K
[01m[K/home/vertin/ros2_ws/src/LIO-SAM/src/imuPreintegration.cpp:[m[K In constructor ‘[01m[KIMUPreintegration::IMUPreintegration(const rclcpp::NodeOptions&)[m[K’:
[01m[K/home/vertin/ros2_ws/src/LIO-SAM/src/imuPreintegration.cpp:261:34:[m[K [01;31m[Kerror: [m[K‘[01m[KPreintegratedImuMeasurements[m[K’ is not a member of ‘[01m[Kstd[m[K’; did you mean ‘[01m[Kgtsam::PreintegratedImuMeasurements[m[K’?
  261 |         imuIntegratorImu_ = std::[01;31m[KPreintegratedImuMeasurements[m[K(p, prior_imu_bias); // setting up the IMU integration for IMU message thread
      |                                  [01;31m[K^~~~~~~~~~~~~~~~~~~~~~~~~~~~[m[K
In file included from [01m[K/home/vertin/ros2_ws/src/LIO-SAM/src/imuPreintegration.cpp:8[m[K:
[01m[K/usr/local/include/gtsam/navigation/ImuFactor.h:173:7:[m[K [01;36m[Knote: [m[K‘[01m[Kgtsam::PreintegratedImuMeasurements[m[K’ declared here
  173 | using [01;36m[KPreintegratedImuMeasurements[m[K = PreintegratedImuMeasurementsT<DefaultPreintegrationType>;
      |       [01;36m[K^~~~~~~~~~~~~~~~~~~~~~~~~~~~[m[K
[01m[K/home/vertin/ros2_ws/src/LIO-SAM/src/imuPreintegration.cpp:262:34:[m[K [01;31m[Kerror: [m[K‘[01m[KPreintegratedImuMeasurements[m[K’ is not a member of ‘[01m[Kstd[m[K’; did you mean ‘[01m[Kgtsam::PreintegratedImuMeasurements[m[K’?
  262 |         imuIntegratorOpt_ = std::[01;31m[KPreintegratedImuMeasurements[m[K(p, prior_imu_bias); // setting up the IMU integration for optimization
      |                                  [01;31m[K^~~~~~~~~~~~~~~~~~~~~~~~~~~~[m[K
In file included from [01m[K/home/vertin/ros2_ws/src/LIO-SAM/src/imuPreintegration.cpp:8[m[K:
[01m[K/usr/local/include/gtsam/navigation/ImuFactor.h:173:7:[m[K [01;36m[Knote: [m[K‘[01m[Kgtsam::PreintegratedImuMeasurements[m[K’ declared here
  173 | using [01;36m[KPreintegratedImuMeasurements[m[K = PreintegratedImuMeasurementsT<DefaultPreintegrationType>;
      |       [01;36m[K^~~~~~~~~~~~~~~~~~~~~~~~~~~~[m[K
gmake[2]: *** [CMakeFiles/lio_sam_imuPreintegration.dir/build.make:76: CMakeFiles/lio_sam_imuPreintegration.dir/src/imuPreintegration.cpp.o] 오류 1
gmake[1]: *** [CMakeFiles/Makefile2:653: CMakeFiles/lio_sam_imuPreintegration.dir/all] 오류 2
gmake: *** [Makefile:146: all] 오류 2
