[0.127s] Invoking command in '/home/vertin/ros2_ws/build/lio_sam': CMAKE_PREFIX_PATH=/home/vertin/ros2_ws/install/unitree_lidar_ros2:/home/vertin/ros2_ws/install/tracer_base:/home/vertin/ros2_ws/install/nav2_launch_test:/home/vertin/ros2_ws/install/my_python_pkg:/home/vertin/my_ws/install/robot_localizer:/opt/ros/humble:/home/vertin/ros2_ws/install/ugv_sdk:/home/vertin/ros2_ws/install/tracer_msgs:/home/vertin/ros2_ws/install/tracer_description:/home/vertin/ros2_ws/install/point_lio:/home/vertin/ros2_ws/install/lio_sam /usr/bin/cmake --build /home/vertin/ros2_ws/build/lio_sam -- -j8 -l8
[1.723s] [  2%] Built target lio_sam__cpp
[1.724s] [ 10%] Built target lio_sam__rosidl_generator_c
[1.724s] [ 10%] Built target ament_cmake_python_copy_lio_sam
[1.724s] [ 19%] Built target lio_sam__rosidl_typesupport_fastrtps_cpp
[1.724s] [ 27%] Built target lio_sam__rosidl_typesupport_cpp
[1.725s] [ 36%] Built target lio_sam__rosidl_typesupport_fastrtps_c
[1.725s] [ 44%] Built target lio_sam__rosidl_typesupport_introspection_c
[1.728s] [ 53%] Built target lio_sam__rosidl_typesupport_introspection_cpp
[1.728s] [ 61%] Built target lio_sam__rosidl_typesupport_c
[1.728s] [ 61%] Built target lio_sam
[1.729s] [ 65%] Built target lio_sam_imageProjection
[1.729s] [ 70%] Built target lio_sam_featureExtraction
[1.729s] [ 74%] Built target lio_sam_imuPreintegration
[1.730s] [ 76%] Built target lio_sam__py
[1.730s] [ 80%] Built target lio_sam_mapOptimization
[1.731s] [ 87%] Built target lio_sam__rosidl_generator_py
[1.731s] [ 91%] Built target lio_sam__rosidl_typesupport_c__pyext
[1.731s] [ 95%] Built target lio_sam__rosidl_typesupport_fastrtps_c__pyext
[1.731s] [100%] Built target lio_sam__rosidl_typesupport_introspection_c__pyext
[1.731s] running egg_info
[1.732s] writing lio_sam.egg-info/PKG-INFO
[1.732s] writing dependency_links to lio_sam.egg-info/dependency_links.txt
[1.732s] writing top-level names to lio_sam.egg-info/top_level.txt
[1.733s] reading manifest file 'lio_sam.egg-info/SOURCES.txt'
[1.733s] writing manifest file 'lio_sam.egg-info/SOURCES.txt'
[1.733s] [100%] Built target ament_cmake_python_build_lio_sam_egg
[1.773s] Invoked command in '/home/vertin/ros2_ws/build/lio_sam' returned '0': CMAKE_PREFIX_PATH=/home/vertin/ros2_ws/install/unitree_lidar_ros2:/home/vertin/ros2_ws/install/tracer_base:/home/vertin/ros2_ws/install/nav2_launch_test:/home/vertin/ros2_ws/install/my_python_pkg:/home/vertin/my_ws/install/robot_localizer:/opt/ros/humble:/home/vertin/ros2_ws/install/ugv_sdk:/home/vertin/ros2_ws/install/tracer_msgs:/home/vertin/ros2_ws/install/tracer_description:/home/vertin/ros2_ws/install/point_lio:/home/vertin/ros2_ws/install/lio_sam /usr/bin/cmake --build /home/vertin/ros2_ws/build/lio_sam -- -j8 -l8
[1.774s] Invoking command in '/home/vertin/ros2_ws/build/lio_sam': CMAKE_PREFIX_PATH=/home/vertin/ros2_ws/install/unitree_lidar_ros2:/home/vertin/ros2_ws/install/tracer_base:/home/vertin/ros2_ws/install/nav2_launch_test:/home/vertin/ros2_ws/install/my_python_pkg:/home/vertin/my_ws/install/robot_localizer:/opt/ros/humble:/home/vertin/ros2_ws/install/ugv_sdk:/home/vertin/ros2_ws/install/tracer_msgs:/home/vertin/ros2_ws/install/tracer_description:/home/vertin/ros2_ws/install/point_lio:/home/vertin/ros2_ws/install/lio_sam /usr/bin/cmake --install /home/vertin/ros2_ws/build/lio_sam
[1.826s] -- Install configuration: "Release"
[1.826s] -- Up-to-date: /home/vertin/ros2_ws/install/lio_sam/share/ament_index/resource_index/rosidl_interfaces/lio_sam
[1.827s] -- Up-to-date: /home/vertin/ros2_ws/install/lio_sam/include/lio_sam/lio_sam
[1.827s] -- Up-to-date: /home/vertin/ros2_ws/install/lio_sam/include/lio_sam/lio_sam/msg
[1.827s] -- Up-to-date: /home/vertin/ros2_ws/install/lio_sam/include/lio_sam/lio_sam/msg/cloud_info.h
[1.827s] -- Up-to-date: /home/vertin/ros2_ws/install/lio_sam/include/lio_sam/lio_sam/msg/rosidl_generator_c__visibility_control.h
[1.827s] -- Up-to-date: /home/vertin/ros2_ws/install/lio_sam/include/lio_sam/lio_sam/msg/detail
[1.827s] -- Up-to-date: /home/vertin/ros2_ws/install/lio_sam/include/lio_sam/lio_sam/msg/detail/cloud_info__functions.h
[1.828s] -- Up-to-date: /home/vertin/ros2_ws/install/lio_sam/include/lio_sam/lio_sam/msg/detail/cloud_info__type_support.h
[1.828s] -- Up-to-date: /home/vertin/ros2_ws/install/lio_sam/include/lio_sam/lio_sam/msg/detail/cloud_info__functions.c
[1.829s] -- Up-to-date: /home/vertin/ros2_ws/install/lio_sam/include/lio_sam/lio_sam/msg/detail/cloud_info__struct.h
[1.829s] -- Up-to-date: /home/vertin/ros2_ws/install/lio_sam/include/lio_sam/lio_sam/srv
[1.830s] -- Up-to-date: /home/vertin/ros2_ws/install/lio_sam/include/lio_sam/lio_sam/srv/save_map.h
[1.834s] -- Up-to-date: /home/vertin/ros2_ws/install/lio_sam/include/lio_sam/lio_sam/srv/detail
[1.835s] -- Up-to-date: /home/vertin/ros2_ws/install/lio_sam/include/lio_sam/lio_sam/srv/detail/save_map__functions.c
[1.835s] -- Up-to-date: /home/vertin/ros2_ws/install/lio_sam/include/lio_sam/lio_sam/srv/detail/save_map__type_support.h
[1.835s] -- Up-to-date: /home/vertin/ros2_ws/install/lio_sam/include/lio_sam/lio_sam/srv/detail/save_map__functions.h
[1.836s] -- Up-to-date: /home/vertin/ros2_ws/install/lio_sam/include/lio_sam/lio_sam/srv/detail/save_map__struct.h
[1.836s] -- Up-to-date: /home/vertin/ros2_ws/install/lio_sam/share/lio_sam/environment/library_path.sh
[1.836s] -- Up-to-date: /home/vertin/ros2_ws/install/lio_sam/share/lio_sam/environment/library_path.dsv
[1.836s] -- Up-to-date: /home/vertin/ros2_ws/install/lio_sam/lib/liblio_sam__rosidl_generator_c.so
[1.836s] -- Up-to-date: /home/vertin/ros2_ws/install/lio_sam/include/lio_sam/lio_sam
[1.836s] -- Up-to-date: /home/vertin/ros2_ws/install/lio_sam/include/lio_sam/lio_sam/msg
[1.836s] -- Up-to-date: /home/vertin/ros2_ws/install/lio_sam/include/lio_sam/lio_sam/msg/rosidl_typesupport_fastrtps_c__visibility_control.h
[1.837s] -- Up-to-date: /home/vertin/ros2_ws/install/lio_sam/include/lio_sam/lio_sam/msg/detail
[1.837s] -- Up-to-date: /home/vertin/ros2_ws/install/lio_sam/include/lio_sam/lio_sam/msg/detail/cloud_info__rosidl_typesupport_fastrtps_c.h
[1.837s] -- Up-to-date: /home/vertin/ros2_ws/install/lio_sam/include/lio_sam/lio_sam/srv
[1.849s] -- Up-to-date: /home/vertin/ros2_ws/install/lio_sam/include/lio_sam/lio_sam/srv/detail
[1.850s] -- Up-to-date: /home/vertin/ros2_ws/install/lio_sam/include/lio_sam/lio_sam/srv/detail/save_map__rosidl_typesupport_fastrtps_c.h
[1.850s] -- Up-to-date: /home/vertin/ros2_ws/install/lio_sam/lib/liblio_sam__rosidl_typesupport_fastrtps_c.so
[1.850s] -- Up-to-date: /home/vertin/ros2_ws/install/lio_sam/include/lio_sam/lio_sam
[1.850s] -- Up-to-date: /home/vertin/ros2_ws/install/lio_sam/include/lio_sam/lio_sam/msg
[1.850s] -- Up-to-date: /home/vertin/ros2_ws/install/lio_sam/include/lio_sam/lio_sam/msg/detail
[1.850s] -- Up-to-date: /home/vertin/ros2_ws/install/lio_sam/include/lio_sam/lio_sam/msg/detail/cloud_info__type_support.c
[1.851s] -- Up-to-date: /home/vertin/ros2_ws/install/lio_sam/include/lio_sam/lio_sam/msg/detail/cloud_info__rosidl_typesupport_introspection_c.h
[1.851s] -- Up-to-date: /home/vertin/ros2_ws/install/lio_sam/include/lio_sam/lio_sam/msg/rosidl_typesupport_introspection_c__visibility_control.h
[1.851s] -- Up-to-date: /home/vertin/ros2_ws/install/lio_sam/include/lio_sam/lio_sam/srv
[1.854s] -- Up-to-date: /home/vertin/ros2_ws/install/lio_sam/include/lio_sam/lio_sam/srv/detail
[1.855s] -- Up-to-date: /home/vertin/ros2_ws/install/lio_sam/include/lio_sam/lio_sam/srv/detail/save_map__rosidl_typesupport_introspection_c.h
[1.855s] -- Up-to-date: /home/vertin/ros2_ws/install/lio_sam/include/lio_sam/lio_sam/srv/detail/save_map__type_support.c
[1.856s] -- Up-to-date: /home/vertin/ros2_ws/install/lio_sam/lib/liblio_sam__rosidl_typesupport_introspection_c.so
[1.856s] -- Up-to-date: /home/vertin/ros2_ws/install/lio_sam/lib/liblio_sam__rosidl_typesupport_c.so
[1.856s] -- Up-to-date: /home/vertin/ros2_ws/install/lio_sam/include/lio_sam/lio_sam
[1.856s] -- Up-to-date: /home/vertin/ros2_ws/install/lio_sam/include/lio_sam/lio_sam/msg
[1.856s] -- Up-to-date: /home/vertin/ros2_ws/install/lio_sam/include/lio_sam/lio_sam/msg/cloud_info.hpp
[1.856s] -- Up-to-date: /home/vertin/ros2_ws/install/lio_sam/include/lio_sam/lio_sam/msg/detail
[1.857s] -- Up-to-date: /home/vertin/ros2_ws/install/lio_sam/include/lio_sam/lio_sam/msg/detail/cloud_info__struct.hpp
[1.857s] -- Up-to-date: /home/vertin/ros2_ws/install/lio_sam/include/lio_sam/lio_sam/msg/detail/cloud_info__traits.hpp
[1.857s] -- Up-to-date: /home/vertin/ros2_ws/install/lio_sam/include/lio_sam/lio_sam/msg/detail/cloud_info__builder.hpp
[1.857s] -- Up-to-date: /home/vertin/ros2_ws/install/lio_sam/include/lio_sam/lio_sam/msg/detail/cloud_info__type_support.hpp
[1.858s] -- Up-to-date: /home/vertin/ros2_ws/install/lio_sam/include/lio_sam/lio_sam/msg/rosidl_generator_cpp__visibility_control.hpp
[1.858s] -- Up-to-date: /home/vertin/ros2_ws/install/lio_sam/include/lio_sam/lio_sam/srv
[1.858s] -- Up-to-date: /home/vertin/ros2_ws/install/lio_sam/include/lio_sam/lio_sam/srv/save_map.hpp
[1.883s] -- Up-to-date: /home/vertin/ros2_ws/install/lio_sam/include/lio_sam/lio_sam/srv/detail
[1.884s] -- Up-to-date: /home/vertin/ros2_ws/install/lio_sam/include/lio_sam/lio_sam/srv/detail/save_map__traits.hpp
[1.885s] -- Up-to-date: /home/vertin/ros2_ws/install/lio_sam/include/lio_sam/lio_sam/srv/detail/save_map__struct.hpp
[1.886s] -- Up-to-date: /home/vertin/ros2_ws/install/lio_sam/include/lio_sam/lio_sam/srv/detail/save_map__builder.hpp
[1.886s] -- Up-to-date: /home/vertin/ros2_ws/install/lio_sam/include/lio_sam/lio_sam/srv/detail/save_map__type_support.hpp
[1.886s] -- Up-to-date: /home/vertin/ros2_ws/install/lio_sam/include/lio_sam/lio_sam
[1.886s] -- Up-to-date: /home/vertin/ros2_ws/install/lio_sam/include/lio_sam/lio_sam/msg
[1.886s] -- Up-to-date: /home/vertin/ros2_ws/install/lio_sam/include/lio_sam/lio_sam/msg/rosidl_typesupport_fastrtps_cpp__visibility_control.h
[1.886s] -- Up-to-date: /home/vertin/ros2_ws/install/lio_sam/include/lio_sam/lio_sam/msg/detail
[1.887s] -- Up-to-date: /home/vertin/ros2_ws/install/lio_sam/include/lio_sam/lio_sam/msg/detail/dds_fastrtps
[1.887s] -- Up-to-date: /home/vertin/ros2_ws/install/lio_sam/include/lio_sam/lio_sam/msg/detail/cloud_info__rosidl_typesupport_fastrtps_cpp.hpp
[1.888s] -- Up-to-date: /home/vertin/ros2_ws/install/lio_sam/include/lio_sam/lio_sam/srv
[1.888s] -- Up-to-date: /home/vertin/ros2_ws/install/lio_sam/include/lio_sam/lio_sam/srv/detail
[1.892s] -- Up-to-date: /home/vertin/ros2_ws/install/lio_sam/include/lio_sam/lio_sam/srv/detail/dds_fastrtps
[1.893s] -- Up-to-date: /home/vertin/ros2_ws/install/lio_sam/include/lio_sam/lio_sam/srv/detail/save_map__rosidl_typesupport_fastrtps_cpp.hpp
[1.893s] -- Up-to-date: /home/vertin/ros2_ws/install/lio_sam/lib/liblio_sam__rosidl_typesupport_fastrtps_cpp.so
[1.893s] -- Up-to-date: /home/vertin/ros2_ws/install/lio_sam/include/lio_sam/lio_sam
[1.893s] -- Up-to-date: /home/vertin/ros2_ws/install/lio_sam/include/lio_sam/lio_sam/msg
[1.893s] -- Up-to-date: /home/vertin/ros2_ws/install/lio_sam/include/lio_sam/lio_sam/msg/detail
[1.894s] -- Up-to-date: /home/vertin/ros2_ws/install/lio_sam/include/lio_sam/lio_sam/msg/detail/cloud_info__type_support.cpp
[1.894s] -- Up-to-date: /home/vertin/ros2_ws/install/lio_sam/include/lio_sam/lio_sam/msg/detail/cloud_info__rosidl_typesupport_introspection_cpp.hpp
[1.894s] -- Up-to-date: /home/vertin/ros2_ws/install/lio_sam/include/lio_sam/lio_sam/srv
[1.896s] -- Up-to-date: /home/vertin/ros2_ws/install/lio_sam/include/lio_sam/lio_sam/srv/detail
[1.901s] -- Up-to-date: /home/vertin/ros2_ws/install/lio_sam/include/lio_sam/lio_sam/srv/detail/save_map__rosidl_typesupport_introspection_cpp.hpp
[1.901s] -- Up-to-date: /home/vertin/ros2_ws/install/lio_sam/include/lio_sam/lio_sam/srv/detail/save_map__type_support.cpp
[1.902s] -- Up-to-date: /home/vertin/ros2_ws/install/lio_sam/lib/liblio_sam__rosidl_typesupport_introspection_cpp.so
[1.902s] -- Up-to-date: /home/vertin/ros2_ws/install/lio_sam/lib/liblio_sam__rosidl_typesupport_cpp.so
[1.915s] -- Up-to-date: /home/vertin/ros2_ws/install/lio_sam/share/lio_sam/environment/pythonpath.sh
[1.925s] -- Up-to-date: /home/vertin/ros2_ws/install/lio_sam/share/lio_sam/environment/pythonpath.dsv
[1.925s] -- Up-to-date: /home/vertin/ros2_ws/install/lio_sam/local/lib/python3.10/dist-packages/lio_sam-1.0.0-py3.10.egg-info
[1.928s] -- Installing: /home/vertin/ros2_ws/install/lio_sam/local/lib/python3.10/dist-packages/lio_sam-1.0.0-py3.10.egg-info/SOURCES.txt
[1.929s] -- Installing: /home/vertin/ros2_ws/install/lio_sam/local/lib/python3.10/dist-packages/lio_sam-1.0.0-py3.10.egg-info/top_level.txt
[1.929s] -- Installing: /home/vertin/ros2_ws/install/lio_sam/local/lib/python3.10/dist-packages/lio_sam-1.0.0-py3.10.egg-info/dependency_links.txt
[1.929s] -- Installing: /home/vertin/ros2_ws/install/lio_sam/local/lib/python3.10/dist-packages/lio_sam-1.0.0-py3.10.egg-info/PKG-INFO
[1.929s] -- Up-to-date: /home/vertin/ros2_ws/install/lio_sam/local/lib/python3.10/dist-packages/lio_sam
[1.930s] -- Up-to-date: /home/vertin/ros2_ws/install/lio_sam/local/lib/python3.10/dist-packages/lio_sam/liblio_sam__rosidl_generator_py.so
[1.930s] -- Up-to-date: /home/vertin/ros2_ws/install/lio_sam/local/lib/python3.10/dist-packages/lio_sam/_lio_sam_s.ep.rosidl_typesupport_c.c
[1.930s] -- Up-to-date: /home/vertin/ros2_ws/install/lio_sam/local/lib/python3.10/dist-packages/lio_sam/__init__.py
[1.930s] -- Up-to-date: /home/vertin/ros2_ws/install/lio_sam/local/lib/python3.10/dist-packages/lio_sam/lio_sam_s__rosidl_typesupport_fastrtps_c.cpython-310-x86_64-linux-gnu.so
[1.930s] -- Up-to-date: /home/vertin/ros2_ws/install/lio_sam/local/lib/python3.10/dist-packages/lio_sam/msg
[1.930s] -- Up-to-date: /home/vertin/ros2_ws/install/lio_sam/local/lib/python3.10/dist-packages/lio_sam/msg/__init__.py
[1.930s] -- Up-to-date: /home/vertin/ros2_ws/install/lio_sam/local/lib/python3.10/dist-packages/lio_sam/msg/_cloud_info_s.c
[1.931s] -- Up-to-date: /home/vertin/ros2_ws/install/lio_sam/local/lib/python3.10/dist-packages/lio_sam/msg/_cloud_info.py
[1.931s] -- Up-to-date: /home/vertin/ros2_ws/install/lio_sam/local/lib/python3.10/dist-packages/lio_sam/_lio_sam_s.ep.rosidl_typesupport_fastrtps_c.c
[1.931s] -- Up-to-date: /home/vertin/ros2_ws/install/lio_sam/local/lib/python3.10/dist-packages/lio_sam/srv
[1.931s] -- Up-to-date: /home/vertin/ros2_ws/install/lio_sam/local/lib/python3.10/dist-packages/lio_sam/srv/__init__.py
[1.931s] -- Up-to-date: /home/vertin/ros2_ws/install/lio_sam/local/lib/python3.10/dist-packages/lio_sam/srv/_save_map_s.c
[1.931s] -- Up-to-date: /home/vertin/ros2_ws/install/lio_sam/local/lib/python3.10/dist-packages/lio_sam/srv/_save_map.py
[1.932s] -- Up-to-date: /home/vertin/ros2_ws/install/lio_sam/local/lib/python3.10/dist-packages/lio_sam/lio_sam_s__rosidl_typesupport_introspection_c.cpython-310-x86_64-linux-gnu.so
[1.932s] -- Up-to-date: /home/vertin/ros2_ws/install/lio_sam/local/lib/python3.10/dist-packages/lio_sam/_lio_sam_s.ep.rosidl_typesupport_introspection_c.c
[1.933s] -- Up-to-date: /home/vertin/ros2_ws/install/lio_sam/local/lib/python3.10/dist-packages/lio_sam/lio_sam_s__rosidl_typesupport_c.cpython-310-x86_64-linux-gnu.so
[2.028s] Listing '/home/vertin/ros2_ws/install/lio_sam/local/lib/python3.10/dist-packages/lio_sam'...
[2.028s] Listing '/home/vertin/ros2_ws/install/lio_sam/local/lib/python3.10/dist-packages/lio_sam/msg'...
[2.028s] Listing '/home/vertin/ros2_ws/install/lio_sam/local/lib/python3.10/dist-packages/lio_sam/srv'...
[2.029s] -- Up-to-date: /home/vertin/ros2_ws/install/lio_sam/local/lib/python3.10/dist-packages/lio_sam/lio_sam_s__rosidl_typesupport_fastrtps_c.cpython-310-x86_64-linux-gnu.so
[2.030s] -- Up-to-date: /home/vertin/ros2_ws/install/lio_sam/local/lib/python3.10/dist-packages/lio_sam/lio_sam_s__rosidl_typesupport_introspection_c.cpython-310-x86_64-linux-gnu.so
[2.030s] -- Up-to-date: /home/vertin/ros2_ws/install/lio_sam/local/lib/python3.10/dist-packages/lio_sam/lio_sam_s__rosidl_typesupport_c.cpython-310-x86_64-linux-gnu.so
[2.030s] -- Up-to-date: /home/vertin/ros2_ws/install/lio_sam/lib/liblio_sam__rosidl_generator_py.so
[2.030s] -- Up-to-date: /home/vertin/ros2_ws/install/lio_sam/share/lio_sam/msg/CloudInfo.idl
[2.031s] -- Up-to-date: /home/vertin/ros2_ws/install/lio_sam/share/lio_sam/srv/SaveMap.idl
[2.031s] -- Up-to-date: /home/vertin/ros2_ws/install/lio_sam/share/lio_sam/msg/CloudInfo.msg
[2.031s] -- Up-to-date: /home/vertin/ros2_ws/install/lio_sam/share/lio_sam/srv/SaveMap.srv
[2.032s] -- Up-to-date: /home/vertin/ros2_ws/install/lio_sam/share/lio_sam/srv/SaveMap_Request.msg
[2.032s] -- Up-to-date: /home/vertin/ros2_ws/install/lio_sam/share/lio_sam/srv/SaveMap_Response.msg
[2.032s] -- Up-to-date: /home/vertin/ros2_ws/install/lio_sam/share/lio_sam//launch
[2.032s] -- Up-to-date: /home/vertin/ros2_ws/install/lio_sam/share/lio_sam//launch/frames_2025-07-02_08.52.58.pdf
[2.033s] -- Up-to-date: /home/vertin/ros2_ws/install/lio_sam/share/lio_sam//launch/frames_2025-07-02_08.52.58.gv
[2.033s] -- Up-to-date: /home/vertin/ros2_ws/install/lio_sam/share/lio_sam//launch/run.launch.py
[2.033s] -- Up-to-date: /home/vertin/ros2_ws/install/lio_sam/share/lio_sam//config
[2.034s] -- Up-to-date: /home/vertin/ros2_ws/install/lio_sam/share/lio_sam//config/params.yaml
[2.034s] -- Up-to-date: /home/vertin/ros2_ws/install/lio_sam/share/lio_sam//config/robot.urdf.xacro
[2.034s] -- Up-to-date: /home/vertin/ros2_ws/install/lio_sam/share/lio_sam//config/doc
[2.034s] -- Up-to-date: /home/vertin/ros2_ws/install/lio_sam/share/lio_sam//config/doc/kitti-map.png
[2.035s] -- Up-to-date: /home/vertin/ros2_ws/install/lio_sam/share/lio_sam//config/doc/system.png
[2.035s] -- Up-to-date: /home/vertin/ros2_ws/install/lio_sam/share/lio_sam//config/doc/loop-closure-2.gif
[2.035s] -- Up-to-date: /home/vertin/ros2_ws/install/lio_sam/share/lio_sam//config/doc/imu-transform.png
[2.035s] -- Up-to-date: /home/vertin/ros2_ws/install/lio_sam/share/lio_sam//config/doc/kitti-demo.gif
[2.036s] -- Up-to-date: /home/vertin/ros2_ws/install/lio_sam/share/lio_sam//config/doc/ouster-device.jpg
[2.036s] -- Up-to-date: /home/vertin/ros2_ws/install/lio_sam/share/lio_sam//config/doc/ouster-demo.gif
[2.036s] -- Up-to-date: /home/vertin/ros2_ws/install/lio_sam/share/lio_sam//config/doc/device-jackal.png
[2.036s] -- Up-to-date: /home/vertin/ros2_ws/install/lio_sam/share/lio_sam//config/doc/imu-debug.gif
[2.037s] -- Up-to-date: /home/vertin/ros2_ws/install/lio_sam/share/lio_sam//config/doc/device-boat.png
[2.037s] -- Up-to-date: /home/vertin/ros2_ws/install/lio_sam/share/lio_sam//config/doc/gps-demo.gif
[2.037s] -- Up-to-date: /home/vertin/ros2_ws/install/lio_sam/share/lio_sam//config/doc/device-hand-2.png
[2.037s] -- Up-to-date: /home/vertin/ros2_ws/install/lio_sam/share/lio_sam//config/doc/loop-closure.gif
[2.038s] -- Up-to-date: /home/vertin/ros2_ws/install/lio_sam/share/lio_sam//config/doc/demo.gif
[2.038s] -- Up-to-date: /home/vertin/ros2_ws/install/lio_sam/share/lio_sam//config/doc/kitti2bag
[2.038s] -- Up-to-date: /home/vertin/ros2_ws/install/lio_sam/share/lio_sam//config/doc/kitti2bag/kitti2bag.py
[2.038s] -- Up-to-date: /home/vertin/ros2_ws/install/lio_sam/share/lio_sam//config/doc/kitti2bag/README.md
[2.039s] -- Up-to-date: /home/vertin/ros2_ws/install/lio_sam/share/lio_sam//config/doc/device-hand.png
[2.039s] -- Up-to-date: /home/vertin/ros2_ws/install/lio_sam/share/lio_sam//config/doc/paper.pdf
[2.039s] -- Up-to-date: /home/vertin/ros2_ws/install/lio_sam/share/lio_sam//config/rviz2.rviz
[2.039s] -- Up-to-date: /home/vertin/ros2_ws/install/lio_sam/lib/lio_sam/lio_sam_imageProjection
[2.040s] -- Up-to-date: /home/vertin/ros2_ws/install/lio_sam/lib/lio_sam/lio_sam_imuPreintegration
[2.040s] -- Up-to-date: /home/vertin/ros2_ws/install/lio_sam/lib/lio_sam/lio_sam_featureExtraction
[2.040s] -- Up-to-date: /home/vertin/ros2_ws/install/lio_sam/lib/lio_sam/lio_sam_mapOptimization
[2.040s] -- Up-to-date: /home/vertin/ros2_ws/install/lio_sam/include
[2.041s] -- Up-to-date: /home/vertin/ros2_ws/install/lio_sam/include/lio_sam
[2.041s] -- Up-to-date: /home/vertin/ros2_ws/install/lio_sam/include/lio_sam/utility.hpp
[2.041s] -- Up-to-date: /home/vertin/ros2_ws/install/lio_sam/share/ament_index/resource_index/package_run_dependencies/lio_sam
[2.041s] -- Up-to-date: /home/vertin/ros2_ws/install/lio_sam/share/ament_index/resource_index/parent_prefix_path/lio_sam
[2.041s] -- Up-to-date: /home/vertin/ros2_ws/install/lio_sam/share/lio_sam/environment/ament_prefix_path.sh
[2.042s] -- Up-to-date: /home/vertin/ros2_ws/install/lio_sam/share/lio_sam/environment/ament_prefix_path.dsv
[2.042s] -- Up-to-date: /home/vertin/ros2_ws/install/lio_sam/share/lio_sam/environment/path.sh
[2.042s] -- Up-to-date: /home/vertin/ros2_ws/install/lio_sam/share/lio_sam/environment/path.dsv
[2.042s] -- Up-to-date: /home/vertin/ros2_ws/install/lio_sam/share/lio_sam/local_setup.bash
[2.043s] -- Up-to-date: /home/vertin/ros2_ws/install/lio_sam/share/lio_sam/local_setup.sh
[2.043s] -- Up-to-date: /home/vertin/ros2_ws/install/lio_sam/share/lio_sam/local_setup.zsh
[2.043s] -- Up-to-date: /home/vertin/ros2_ws/install/lio_sam/share/lio_sam/local_setup.dsv
[2.043s] -- Installing: /home/vertin/ros2_ws/install/lio_sam/share/lio_sam/package.dsv
[2.044s] -- Up-to-date: /home/vertin/ros2_ws/install/lio_sam/share/ament_index/resource_index/packages/lio_sam
[2.044s] -- Up-to-date: /home/vertin/ros2_ws/install/lio_sam/share/lio_sam/cmake/export_lio_sam__rosidl_generator_cExport.cmake
[2.044s] -- Up-to-date: /home/vertin/ros2_ws/install/lio_sam/share/lio_sam/cmake/export_lio_sam__rosidl_generator_cExport-release.cmake
[2.044s] -- Up-to-date: /home/vertin/ros2_ws/install/lio_sam/share/lio_sam/cmake/export_lio_sam__rosidl_typesupport_fastrtps_cExport.cmake
[2.044s] -- Up-to-date: /home/vertin/ros2_ws/install/lio_sam/share/lio_sam/cmake/export_lio_sam__rosidl_typesupport_fastrtps_cExport-release.cmake
[2.045s] -- Up-to-date: /home/vertin/ros2_ws/install/lio_sam/share/lio_sam/cmake/lio_sam__rosidl_typesupport_introspection_cExport.cmake
[2.045s] -- Up-to-date: /home/vertin/ros2_ws/install/lio_sam/share/lio_sam/cmake/lio_sam__rosidl_typesupport_introspection_cExport-release.cmake
[2.045s] -- Up-to-date: /home/vertin/ros2_ws/install/lio_sam/share/lio_sam/cmake/lio_sam__rosidl_typesupport_cExport.cmake
[2.045s] -- Up-to-date: /home/vertin/ros2_ws/install/lio_sam/share/lio_sam/cmake/lio_sam__rosidl_typesupport_cExport-release.cmake
[2.045s] -- Up-to-date: /home/vertin/ros2_ws/install/lio_sam/share/lio_sam/cmake/export_lio_sam__rosidl_generator_cppExport.cmake
[2.046s] -- Up-to-date: /home/vertin/ros2_ws/install/lio_sam/share/lio_sam/cmake/export_lio_sam__rosidl_typesupport_fastrtps_cppExport.cmake
[2.046s] -- Up-to-date: /home/vertin/ros2_ws/install/lio_sam/share/lio_sam/cmake/export_lio_sam__rosidl_typesupport_fastrtps_cppExport-release.cmake
[2.046s] -- Up-to-date: /home/vertin/ros2_ws/install/lio_sam/share/lio_sam/cmake/lio_sam__rosidl_typesupport_introspection_cppExport.cmake
[2.046s] -- Up-to-date: /home/vertin/ros2_ws/install/lio_sam/share/lio_sam/cmake/lio_sam__rosidl_typesupport_introspection_cppExport-release.cmake
[2.046s] -- Up-to-date: /home/vertin/ros2_ws/install/lio_sam/share/lio_sam/cmake/lio_sam__rosidl_typesupport_cppExport.cmake
[2.046s] -- Up-to-date: /home/vertin/ros2_ws/install/lio_sam/share/lio_sam/cmake/lio_sam__rosidl_typesupport_cppExport-release.cmake
[2.047s] -- Up-to-date: /home/vertin/ros2_ws/install/lio_sam/share/lio_sam/cmake/export_lio_sam__rosidl_generator_pyExport.cmake
[2.047s] -- Up-to-date: /home/vertin/ros2_ws/install/lio_sam/share/lio_sam/cmake/export_lio_sam__rosidl_generator_pyExport-release.cmake
[2.047s] -- Up-to-date: /home/vertin/ros2_ws/install/lio_sam/share/lio_sam/cmake/rosidl_cmake-extras.cmake
[2.047s] -- Up-to-date: /home/vertin/ros2_ws/install/lio_sam/share/lio_sam/cmake/ament_cmake_export_dependencies-extras.cmake
[2.047s] -- Up-to-date: /home/vertin/ros2_ws/install/lio_sam/share/lio_sam/cmake/ament_cmake_export_include_directories-extras.cmake
[2.048s] -- Up-to-date: /home/vertin/ros2_ws/install/lio_sam/share/lio_sam/cmake/ament_cmake_export_libraries-extras.cmake
[2.048s] -- Up-to-date: /home/vertin/ros2_ws/install/lio_sam/share/lio_sam/cmake/ament_cmake_export_targets-extras.cmake
[2.048s] -- Up-to-date: /home/vertin/ros2_ws/install/lio_sam/share/lio_sam/cmake/rosidl_cmake_export_typesupport_targets-extras.cmake
[2.048s] -- Up-to-date: /home/vertin/ros2_ws/install/lio_sam/share/lio_sam/cmake/rosidl_cmake_export_typesupport_libraries-extras.cmake
[2.048s] -- Up-to-date: /home/vertin/ros2_ws/install/lio_sam/share/lio_sam/cmake/lio_samConfig.cmake
[2.049s] -- Up-to-date: /home/vertin/ros2_ws/install/lio_sam/share/lio_sam/cmake/lio_samConfig-version.cmake
[2.049s] -- Up-to-date: /home/vertin/ros2_ws/install/lio_sam/share/lio_sam/package.xml
[2.545s] Invoked command in '/home/vertin/ros2_ws/build/lio_sam' returned '0': CMAKE_PREFIX_PATH=/home/vertin/ros2_ws/install/unitree_lidar_ros2:/home/vertin/ros2_ws/install/tracer_base:/home/vertin/ros2_ws/install/nav2_launch_test:/home/vertin/ros2_ws/install/my_python_pkg:/home/vertin/my_ws/install/robot_localizer:/opt/ros/humble:/home/vertin/ros2_ws/install/ugv_sdk:/home/vertin/ros2_ws/install/tracer_msgs:/home/vertin/ros2_ws/install/tracer_description:/home/vertin/ros2_ws/install/point_lio:/home/vertin/ros2_ws/install/lio_sam /usr/bin/cmake --install /home/vertin/ros2_ws/build/lio_sam
