[1.362s] Invoking command in '/home/vertin/ros2_ws/src/my_python_pkg': PYTHONPATH=/home/vertin/ros2_ws/build/my_python_pkg/prefix_override:/usr/lib/python3/dist-packages/colcon_core/task/python/colcon_distutils_commands:/home/vertin/ros2_ws/install/my_python_pkg/lib/python3.10/site-packages:${PYTHONPATH} /usr/bin/python3 -W ignore:setup.py install is deprecated -W ignore:easy_install command is deprecated setup.py egg_info --egg-base ../../build/my_python_pkg build --build-base /home/vertin/ros2_ws/build/my_python_pkg/build install --record /home/vertin/ros2_ws/build/my_python_pkg/install.log --single-version-externally-managed install_data
[1.543s] /home/vertin/.local/lib/python3.10/site-packages/setuptools/_distutils/dist.py:289: UserWarning: Unknown distribution option: 'tests_require'
[1.543s]   warnings.warn(msg)
[1.663s] running egg_info
[1.681s] creating ../../build/my_python_pkg/my_python_pkg.egg-info
[1.681s] writing ../../build/my_python_pkg/my_python_pkg.egg-info/PKG-INFO
[1.681s] writing dependency_links to ../../build/my_python_pkg/my_python_pkg.egg-info/dependency_links.txt
[1.681s] writing requirements to ../../build/my_python_pkg/my_python_pkg.egg-info/requires.txt
[1.682s] writing top-level names to ../../build/my_python_pkg/my_python_pkg.egg-info/top_level.txt
[1.682s] writing manifest file '../../build/my_python_pkg/my_python_pkg.egg-info/SOURCES.txt'
[1.722s] reading manifest file '../../build/my_python_pkg/my_python_pkg.egg-info/SOURCES.txt'
[1.723s] writing manifest file '../../build/my_python_pkg/my_python_pkg.egg-info/SOURCES.txt'
[1.723s] running build
[1.723s] running build_py
[1.723s] creating /home/vertin/ros2_ws/build/my_python_pkg/build/lib/my_python_pkg
[1.724s] copying my_python_pkg/__init__.py -> /home/vertin/ros2_ws/build/my_python_pkg/build/lib/my_python_pkg
[1.724s] copying my_python_pkg/autopoint.py -> /home/vertin/ros2_ws/build/my_python_pkg/build/lib/my_python_pkg
[1.724s] running install
[1.728s] running install_lib
[1.749s] creating /home/vertin/ros2_ws/install/my_python_pkg/lib/python3.10/site-packages/my_python_pkg
[1.749s] copying /home/vertin/ros2_ws/build/my_python_pkg/build/lib/my_python_pkg/__init__.py -> /home/vertin/ros2_ws/install/my_python_pkg/lib/python3.10/site-packages/my_python_pkg
[1.749s] copying /home/vertin/ros2_ws/build/my_python_pkg/build/lib/my_python_pkg/autopoint.py -> /home/vertin/ros2_ws/install/my_python_pkg/lib/python3.10/site-packages/my_python_pkg
[1.750s] byte-compiling /home/vertin/ros2_ws/install/my_python_pkg/lib/python3.10/site-packages/my_python_pkg/__init__.py to __init__.cpython-310.pyc
[1.750s] byte-compiling /home/vertin/ros2_ws/install/my_python_pkg/lib/python3.10/site-packages/my_python_pkg/autopoint.py to autopoint.cpython-310.pyc
[1.751s] running install_data
[1.751s] creating /home/vertin/ros2_ws/install/my_python_pkg/share/ament_index/resource_index/packages
[1.751s] copying resource/my_python_pkg -> /home/vertin/ros2_ws/install/my_python_pkg/share/ament_index/resource_index/packages
[1.752s] copying package.xml -> /home/vertin/ros2_ws/install/my_python_pkg/share/my_python_pkg
[1.752s] running install_egg_info
[1.773s] Copying ../../build/my_python_pkg/my_python_pkg.egg-info to /home/vertin/ros2_ws/install/my_python_pkg/lib/python3.10/site-packages/my_python_pkg-0.0.0-py3.10.egg-info
[1.773s] running install_scripts
[1.812s] writing list of installed files to '/home/vertin/ros2_ws/build/my_python_pkg/install.log'
[1.848s] Invoked command in '/home/vertin/ros2_ws/src/my_python_pkg' returned '0': PYTHONPATH=/home/vertin/ros2_ws/build/my_python_pkg/prefix_override:/usr/lib/python3/dist-packages/colcon_core/task/python/colcon_distutils_commands:/home/vertin/ros2_ws/install/my_python_pkg/lib/python3.10/site-packages:${PYTHONPATH} /usr/bin/python3 -W ignore:setup.py install is deprecated -W ignore:easy_install command is deprecated setup.py egg_info --egg-base ../../build/my_python_pkg build --build-base /home/vertin/ros2_ws/build/my_python_pkg/build install --record /home/vertin/ros2_ws/build/my_python_pkg/install.log --single-version-externally-managed install_data
