[0.021s] Invoking command in '/home/vertin/ros2_ws/build/lio_sam': CMAKE_PREFIX_PATH=/home/vertin/my_ws/install/robot_localizer:/opt/ros/humble /usr/bin/cmake /home/vertin/ros2_ws/src/LIO-SAM -DCMAKE_INSTALL_PREFIX=/home/vertin/ros2_ws/install/lio_sam
[0.099s] -- The C compiler identification is GNU 11.4.0
[0.203s] -- The CXX compiler identification is GNU 11.4.0
[0.216s] -- Detecting C compiler ABI info
[0.326s] -- Detecting C compiler ABI info - done
[0.343s] -- Check for working C compiler: /usr/bin/cc - skipped
[0.343s] -- Detecting C compile features
[0.344s] -- Detecting C compile features - done
[0.349s] -- Detecting CXX compiler ABI info
[0.473s] -- Detecting CXX compiler ABI info - done
[0.488s] -- Check for working CXX compiler: /usr/bin/c++ - skipped
[0.489s] -- Detecting CXX compile features
[0.490s] -- Detecting CXX compile features - done
[0.494s] -- Found ament_cmake: 1.3.11 (/opt/ros/humble/share/ament_cmake/cmake)
[0.822s] -- Found Python3: /usr/bin/python3 (found version "3.10.12") found components: Interpreter 
[1.037s] -- Found rosidl_default_generators: 1.2.0 (/opt/ros/humble/share/rosidl_default_generators/cmake)
[1.047s] -- Using all available rosidl_typesupport_c: rosidl_typesupport_fastrtps_c;rosidl_typesupport_introspection_c
[1.070s] -- Found rosidl_adapter: 3.1.6 (/opt/ros/humble/share/rosidl_adapter/cmake)
[1.275s] -- Using all available rosidl_typesupport_cpp: rosidl_typesupport_fastrtps_cpp;rosidl_typesupport_introspection_cpp
[1.502s] -- Found rclcpp: 16.0.12 (/opt/ros/humble/share/rclcpp/cmake)
[1.826s] -- Found rmw_implementation_cmake: 6.1.2 (/opt/ros/humble/share/rmw_implementation_cmake/cmake)
[1.840s] -- Found rmw_fastrtps_cpp: 6.2.7 (/opt/ros/humble/share/rmw_fastrtps_cpp/cmake)
[2.540s] -- Found OpenSSL: /usr/lib/x86_64-linux-gnu/libcrypto.so (found version "3.0.2")  
[3.734s] -- Found FastRTPS: /opt/ros/humble/include  
[5.659s] -- Using RMW implementation 'rmw_fastrtps_cpp' as default
[6.008s] -- Looking for pthread.h
[7.297s] -- Looking for pthread.h - found
[7.298s] -- Performing Test CMAKE_HAVE_LIBC_PTHREAD
[7.545s] -- Performing Test CMAKE_HAVE_LIBC_PTHREAD - Success
[7.555s] -- Found Threads: TRUE  
[7.793s] -- Found rclpy: 3.3.16 (/opt/ros/humble/share/rclpy/cmake)
[7.804s] -- Found cv_bridge: 3.2.1 (/opt/ros/humble/share/cv_bridge/cmake)
[7.953s] -- Found nav_msgs: 4.9.0 (/opt/ros/humble/share/nav_msgs/cmake)
[8.013s] -- Found visualization_msgs: 4.9.0 (/opt/ros/humble/share/visualization_msgs/cmake)
[8.077s] -- Found pcl_conversions: 2.4.5 (/opt/ros/humble/share/pcl_conversions/cmake)
[8.179s] -- Checking for module 'eigen3'
[8.207s] --   Found eigen3, version 3.4.0
[8.273s] -- Found Eigen: /usr/include/eigen3 (Required is at least version "3.1") 
[8.273s] -- Eigen found (include: /usr/include/eigen3, version: 3.4.0)
[8.367s] -- Checking for module 'flann'
[8.410s] --   Found flann, version 1.9.1
[8.528s] -- Found FLANN: /usr/lib/x86_64-linux-gnu/libflann_cpp.so  
[8.528s] -- FLANN found (include: /usr/include, lib: /usr/lib/x86_64-linux-gnu/libflann_cpp.so)
[19.611s] -- Checking for module 'libusb-1.0'
[20.015s] --   Found libusb-1.0, version 1.0.25
[20.778s] -- Found libusb: /usr/lib/x86_64-linux-gnu/libusb-1.0.so  
[20.814s] -- OpenNI found (version: 1.5.4.0, include: /usr/include/ni, lib: /usr/lib/libOpenNI.so;libusb::libusb)
[21.358s] -- OpenNI2 found (version: 2.2.0.33, include: /usr/include/openni2, lib: /usr/lib/x86_64-linux-gnu/libOpenNI2.so;libusb::libusb)
[22.112s] -- Eigen found (include: /usr/include/eigen3, version: 3.4.0)
[22.142s] -- OpenNI found (version: 1.5.4.0, include: /usr/include/ni, lib: /usr/lib/libOpenNI.so;libusb::libusb)
[22.169s] -- OpenNI2 found (version: 2.2.0.33, include: /usr/include/openni2, lib: /usr/lib/x86_64-linux-gnu/libOpenNI2.so;libusb::libusb)
[22.903s] -- Found Qhull version 8.0.2
[25.767s] -- OpenNI found (version: 1.5.4.0, include: /usr/include/ni, lib: /usr/lib/libOpenNI.so;libusb::libusb)
[28.443s] -- Found PCL_COMMON: /usr/lib/x86_64-linux-gnu/libpcl_common.so  
[28.444s] -- Found PCL_KDTREE: /usr/lib/x86_64-linux-gnu/libpcl_kdtree.so  
[28.447s] -- Found PCL_OCTREE: /usr/lib/x86_64-linux-gnu/libpcl_octree.so  
[28.450s] -- Found PCL_SEARCH: /usr/lib/x86_64-linux-gnu/libpcl_search.so  
[28.458s] -- Found PCL_SAMPLE_CONSENSUS: /usr/lib/x86_64-linux-gnu/libpcl_sample_consensus.so  
[28.470s] -- Found PCL_FILTERS: /usr/lib/x86_64-linux-gnu/libpcl_filters.so  
[28.471s] -- Found PCL_2D: /usr/include/pcl-1.12  
[28.472s] -- Found PCL_GEOMETRY: /usr/include/pcl-1.12  
[28.479s] -- Found PCL_IO: /usr/lib/x86_64-linux-gnu/libpcl_io.so  
[28.492s] -- Found PCL_FEATURES: /usr/lib/x86_64-linux-gnu/libpcl_features.so  
[28.493s] -- Found PCL_ML: /usr/lib/x86_64-linux-gnu/libpcl_ml.so  
[28.497s] -- Found PCL_SEGMENTATION: /usr/lib/x86_64-linux-gnu/libpcl_segmentation.so  
[28.502s] -- Found PCL_VISUALIZATION: /usr/lib/x86_64-linux-gnu/libpcl_visualization.so  
[28.508s] -- Found PCL_SURFACE: /usr/lib/x86_64-linux-gnu/libpcl_surface.so  
[28.511s] -- Found PCL_REGISTRATION: /usr/lib/x86_64-linux-gnu/libpcl_registration.so  
[28.516s] -- Found PCL_KEYPOINTS: /usr/lib/x86_64-linux-gnu/libpcl_keypoints.so  
[28.521s] -- Found PCL_TRACKING: /usr/lib/x86_64-linux-gnu/libpcl_tracking.so  
[28.525s] -- Found PCL_RECOGNITION: /usr/lib/x86_64-linux-gnu/libpcl_recognition.so  
[28.531s] -- Found PCL_STEREO: /usr/lib/x86_64-linux-gnu/libpcl_stereo.so  
[28.533s] -- Found PCL_APPS: /usr/lib/x86_64-linux-gnu/libpcl_apps.so  
[28.536s] -- Found PCL_IN_HAND_SCANNER: /usr/include/pcl-1.12  
[28.538s] -- Found PCL_MODELER: /usr/include/pcl-1.12  
[28.540s] -- Found PCL_POINT_CLOUD_EDITOR: /usr/include/pcl-1.12  
[28.545s] -- Found PCL_OUTOFCORE: /usr/lib/x86_64-linux-gnu/libpcl_outofcore.so  
[28.548s] -- Found PCL_PEOPLE: /usr/lib/x86_64-linux-gnu/libpcl_people.so  
[28.562s] -- Found tf2: 0.25.13 (/opt/ros/humble/share/tf2/cmake)
[28.589s] -- Found tf2_geometry_msgs: 0.25.13 (/opt/ros/humble/share/tf2_geometry_msgs/cmake)
[28.651s] -- Found eigen3_cmake_module: 0.1.1 (/opt/ros/humble/share/eigen3_cmake_module/cmake)
[28.657s] -- Found Eigen3: TRUE (found version "3.4.0") 
[28.657s] -- Ensuring Eigen3 include directory is part of orocos-kdl CMake target
[29.058s] -- Found tf2_sensor_msgs: 0.25.13 (/opt/ros/humble/share/tf2_sensor_msgs/cmake)
[29.094s] -- Found tf2_eigen: 0.25.13 (/opt/ros/humble/share/tf2_eigen/cmake)
[29.121s] -- Found OpenCV: /usr (found version "4.5.4") 
[29.125s] [33mCMake Warning (dev) at CMakeLists.txt:29 (find_package):
[29.125s]   Policy CMP0074 is not set: find_package uses <PackageName>_ROOT variables.
[29.126s]   Run "cmake --help-policy CMP0074" for policy details.  Use the cmake_policy
[29.126s]   command to set the policy and suppress this warning.
[29.126s] 
[29.126s]   CMake variable PCL_ROOT is set to:
[29.126s] 
[29.126s]     /usr
[29.126s] 
[29.127s]   For compatibility, CMake is ignoring the variable.
[29.127s] This warning is for project developers.  Use -Wno-dev to suppress it.
[29.127s] [0m
[29.274s] -- Found Boost: /usr/lib/x86_64-linux-gnu/cmake/Boost-1.74.0/BoostConfig.cmake (found suitable version "1.74.0", minimum required is "1.65") found components: serialization system filesystem thread program_options date_time timer chrono regex 
[29.291s] -- GTSAM include directory:  /usr/local/lib/cmake/GTSAM/../../../include
[29.321s] -- Found Eigen: /usr/include/eigen3  
[29.321s] -- Eigen found (include: /usr/include/eigen3, version: 3.4.0)
[30.122s] -- Found OpenMP_C: -fopenmp (found version "4.5") 
[32.337s] -- Found OpenMP_CXX: -fopenmp (found version "4.5") 
[32.357s] -- Found OpenMP: TRUE (found version "4.5")  
[35.908s] -- Found ament_cmake_ros: 0.10.0 (/opt/ros/humble/share/ament_cmake_ros/cmake)
[36.894s] -- Using all available rosidl_typesupport_c: rosidl_typesupport_fastrtps_c;rosidl_typesupport_introspection_c
[42.446s] -- Using all available rosidl_typesupport_cpp: rosidl_typesupport_fastrtps_cpp;rosidl_typesupport_introspection_cpp
[42.549s] -- Found PythonInterp: /usr/bin/python3 (found suitable version "3.10.12", minimum required is "3.6") 
[42.557s] -- Found python_cmake_module: 0.10.0 (/opt/ros/humble/share/python_cmake_module/cmake)
[42.634s] -- Found PythonLibs: /usr/lib/x86_64-linux-gnu/libpython3.10.so (found suitable version "3.10.12", minimum required is "3.5") 
[42.634s] -- Using PYTHON_EXECUTABLE: /usr/bin/python3
[42.635s] -- Using PYTHON_INCLUDE_DIRS: /usr/include/python3.10
[42.635s] -- Using PYTHON_LIBRARIES: /usr/lib/x86_64-linux-gnu/libpython3.10.so
[42.697s] -- Found PythonExtra: .so  
[43.103s] -- Found ament_lint_auto: 0.12.12 (/opt/ros/humble/share/ament_lint_auto/cmake)
[43.148s] -- Added test 'copyright' to check source files copyright and LICENSE
[43.158s] -- Added test 'cppcheck' to perform static code analysis on C / C++ code
[43.162s] -- Configured cppcheck include dirs: /home/vertin/ros2_ws/src/LIO-SAM/include/lio_sam
[43.163s] -- Configured cppcheck exclude dirs and/or files: 
[43.170s] -- Added test 'cpplint' to check C / C++ code against the Google style
[43.171s] -- Configured cpplint exclude dirs and/or files: 
[43.172s] -- Added test 'flake8' to check Python code syntax and style conventions
[43.175s] -- Added test 'lint_cmake' to check CMake code style
[43.177s] -- Added test 'pep257' to check Python code against some of the docstring style conventions in PEP 257
[43.186s] -- Added test 'uncrustify' to check C / C++ code style
[43.186s] -- Configured uncrustify additional arguments: 
[43.188s] -- Added test 'xmllint' to check XML markup files
[43.193s] -- Configuring done
[43.548s] -- Generating done
[43.681s] -- Build files have been written to: /home/vertin/ros2_ws/build/lio_sam
[43.730s] Invoked command in '/home/vertin/ros2_ws/build/lio_sam' returned '0': CMAKE_PREFIX_PATH=/home/vertin/my_ws/install/robot_localizer:/opt/ros/humble /usr/bin/cmake /home/vertin/ros2_ws/src/LIO-SAM -DCMAKE_INSTALL_PREFIX=/home/vertin/ros2_ws/install/lio_sam
[43.733s] Invoking command in '/home/vertin/ros2_ws/build/lio_sam': CMAKE_PREFIX_PATH=/home/vertin/my_ws/install/robot_localizer:/opt/ros/humble /usr/bin/cmake --build /home/vertin/ros2_ws/build/lio_sam -- -j8 -l8
[43.800s] [  2%] [34m[1mGenerating C code for ROS interfaces[0m
[43.808s] [  4%] [34m[1mGenerating C++ code for ROS interfaces[0m
[43.830s] [  4%] Built target ament_cmake_python_copy_lio_sam
[44.460s] running egg_info
[44.461s] creating lio_sam.egg-info
[44.461s] writing lio_sam.egg-info/PKG-INFO
[44.462s] writing dependency_links to lio_sam.egg-info/dependency_links.txt
[44.462s] writing top-level names to lio_sam.egg-info/top_level.txt
[44.462s] writing manifest file 'lio_sam.egg-info/SOURCES.txt'
[44.466s] reading manifest file 'lio_sam.egg-info/SOURCES.txt'
[44.467s] writing manifest file 'lio_sam.egg-info/SOURCES.txt'
[44.519s] [  4%] Built target ament_cmake_python_build_lio_sam_egg
[44.718s] [  4%] Built target lio_sam__cpp
[44.738s] [  6%] [34m[1mGenerating C++ type support dispatch for ROS interfaces[0m
[44.738s] [  8%] [34m[1mGenerating C++ type support for eProsima Fast-RTPS[0m
[44.782s] [ 12%] [32mBuilding C object CMakeFiles/lio_sam__rosidl_generator_c.dir/rosidl_generator_c/lio_sam/msg/detail/cloud_info__functions.c.o[0m
[44.782s] [ 12%] [32mBuilding C object CMakeFiles/lio_sam__rosidl_generator_c.dir/rosidl_generator_c/lio_sam/srv/detail/save_map__functions.c.o[0m
[45.012s] [ 14%] [32m[1mLinking C shared library liblio_sam__rosidl_generator_c.so[0m
[45.080s] [ 14%] Built target lio_sam__rosidl_generator_c
[45.100s] [ 17%] [34m[1mGenerating C++ introspection for ROS interfaces[0m
[46.759s] [ 19%] [32mBuilding CXX object CMakeFiles/lio_sam__rosidl_typesupport_cpp.dir/rosidl_typesupport_cpp/lio_sam/msg/cloud_info__type_support.cpp.o[0m
[46.766s] [ 21%] [32mBuilding CXX object CMakeFiles/lio_sam__rosidl_typesupport_cpp.dir/rosidl_typesupport_cpp/lio_sam/srv/save_map__type_support.cpp.o[0m
[47.787s] [ 23%] [32mBuilding CXX object CMakeFiles/lio_sam__rosidl_typesupport_fastrtps_cpp.dir/rosidl_typesupport_fastrtps_cpp/lio_sam/msg/detail/dds_fastrtps/cloud_info__type_support.cpp.o[0m
[47.800s] [ 25%] [32mBuilding CXX object CMakeFiles/lio_sam__rosidl_typesupport_fastrtps_cpp.dir/rosidl_typesupport_fastrtps_cpp/lio_sam/srv/detail/dds_fastrtps/save_map__type_support.cpp.o[0m
[50.357s] [ 27%] [32m[1mLinking CXX shared library liblio_sam__rosidl_typesupport_cpp.so[0m
[50.372s] [ 29%] [32mBuilding CXX object CMakeFiles/lio_sam__rosidl_typesupport_introspection_cpp.dir/rosidl_typesupport_introspection_cpp/lio_sam/msg/detail/cloud_info__type_support.cpp.o[0m
[50.437s] [ 29%] Built target lio_sam__rosidl_typesupport_cpp
[50.980s] [ 31%] [32m[1mLinking CXX shared library liblio_sam__rosidl_typesupport_fastrtps_cpp.so[0m
[51.111s] [ 31%] Built target lio_sam__rosidl_typesupport_fastrtps_cpp
[51.225s] [ 34%] [32mBuilding CXX object CMakeFiles/lio_sam__rosidl_typesupport_introspection_cpp.dir/rosidl_typesupport_introspection_cpp/lio_sam/srv/detail/save_map__type_support.cpp.o[0m
[51.721s] [ 36%] [32m[1mLinking CXX shared library liblio_sam__rosidl_typesupport_introspection_cpp.so[0m
[51.812s] [ 36%] Built target lio_sam__rosidl_typesupport_introspection_cpp
[51.837s] [ 38%] [32mBuilding CXX object CMakeFiles/lio_sam_mapOptimization.dir/src/mapOptmization.cpp.o[0m
[132.104s] [ 40%] [32m[1mLinking CXX executable lio_sam_mapOptimization[0m
[132.807s] /usr/bin/ld: warning: libtbb.so.2, needed by /usr/lib/x86_64-linux-gnu/libopencv_core.so.4.5.4d, may conflict with libtbb.so.12
[133.064s] [ 40%] Built target lio_sam_mapOptimization
[133.079s] [ 42%] [34m[1mGenerating C type support for eProsima Fast-RTPS[0m
[133.081s] [ 44%] [34m[1mGenerating C type support dispatch for ROS interfaces[0m
[133.081s] [ 46%] [34m[1mGenerating C introspection for ROS interfaces[0m
[133.096s] [ 48%] [32mBuilding CXX object CMakeFiles/lio_sam_imageProjection.dir/src/imageProjection.cpp.o[0m
[133.096s] [ 51%] [32mBuilding CXX object CMakeFiles/lio_sam_featureExtraction.dir/src/featureExtraction.cpp.o[0m
[133.097s] [ 53%] [32mBuilding CXX object CMakeFiles/lio_sam_imuPreintegration.dir/src/imuPreintegration.cpp.o[0m
[133.669s] [ 57%] [32mBuilding CXX object CMakeFiles/lio_sam__rosidl_typesupport_c.dir/rosidl_typesupport_c/lio_sam/srv/save_map__type_support.cpp.o[0m
[133.670s] [ 57%] [32mBuilding CXX object CMakeFiles/lio_sam__rosidl_typesupport_c.dir/rosidl_typesupport_c/lio_sam/msg/cloud_info__type_support.cpp.o[0m
[133.736s] [ 59%] [32m[1mLinking CXX shared library liblio_sam__rosidl_typesupport_c.so[0m
[133.799s] [ 59%] Built target lio_sam__rosidl_typesupport_c
[134.046s] [ 63%] [32mBuilding C object CMakeFiles/lio_sam__rosidl_typesupport_introspection_c.dir/rosidl_typesupport_introspection_c/lio_sam/msg/detail/cloud_info__type_support.c.o[0m
[134.047s] [ 63%] [32mBuilding C object CMakeFiles/lio_sam__rosidl_typesupport_introspection_c.dir/rosidl_typesupport_introspection_c/lio_sam/srv/detail/save_map__type_support.c.o[0m
[134.078s] [ 65%] [32mBuilding CXX object CMakeFiles/lio_sam__rosidl_typesupport_fastrtps_c.dir/rosidl_typesupport_fastrtps_c/lio_sam/srv/detail/save_map__type_support_c.cpp.o[0m
[134.079s] [ 68%] [32mBuilding CXX object CMakeFiles/lio_sam__rosidl_typesupport_fastrtps_c.dir/rosidl_typesupport_fastrtps_c/lio_sam/msg/detail/cloud_info__type_support_c.cpp.o[0m
[134.192s] [ 70%] [32m[1mLinking C shared library liblio_sam__rosidl_typesupport_introspection_c.so[0m
[134.262s] [ 70%] Built target lio_sam__rosidl_typesupport_introspection_c
[134.714s] [ 72%] [32m[1mLinking CXX shared library liblio_sam__rosidl_typesupport_fastrtps_c.so[0m
[134.814s] [ 72%] Built target lio_sam__rosidl_typesupport_fastrtps_c
[134.840s] [ 72%] Built target lio_sam
[134.870s] [ 74%] [34m[1mGenerating Python code for ROS interfaces[0m
[140.489s] [ 74%] Built target lio_sam__py
[140.513s] [ 76%] [32mBuilding C object CMakeFiles/lio_sam__rosidl_generator_py.dir/rosidl_generator_py/lio_sam/msg/_cloud_info_s.c.o[0m
[140.519s] [ 78%] [32mBuilding C object CMakeFiles/lio_sam__rosidl_generator_py.dir/rosidl_generator_py/lio_sam/srv/_save_map_s.c.o[0m
[140.983s] [ 80%] [32m[1mLinking C shared library rosidl_generator_py/lio_sam/liblio_sam__rosidl_generator_py.so[0m
[141.037s] [ 80%] Built target lio_sam__rosidl_generator_py
[141.073s] [ 82%] [32mBuilding C object CMakeFiles/lio_sam__rosidl_typesupport_introspection_c__pyext.dir/rosidl_generator_py/lio_sam/_lio_sam_s.ep.rosidl_typesupport_introspection_c.c.o[0m
[141.073s] [ 85%] [32mBuilding C object CMakeFiles/lio_sam__rosidl_typesupport_fastrtps_c__pyext.dir/rosidl_generator_py/lio_sam/_lio_sam_s.ep.rosidl_typesupport_fastrtps_c.c.o[0m
[141.073s] [ 87%] [32mBuilding C object CMakeFiles/lio_sam__rosidl_typesupport_c__pyext.dir/rosidl_generator_py/lio_sam/_lio_sam_s.ep.rosidl_typesupport_c.c.o[0m
[141.402s] [ 89%] [32m[1mLinking C shared library rosidl_generator_py/lio_sam/lio_sam_s__rosidl_typesupport_introspection_c.cpython-310-x86_64-linux-gnu.so[0m
[141.409s] [ 91%] [32m[1mLinking C shared library rosidl_generator_py/lio_sam/lio_sam_s__rosidl_typesupport_fastrtps_c.cpython-310-x86_64-linux-gnu.so[0m
[141.410s] [ 93%] [32m[1mLinking C shared library rosidl_generator_py/lio_sam/lio_sam_s__rosidl_typesupport_c.cpython-310-x86_64-linux-gnu.so[0m
[141.492s] [ 93%] Built target lio_sam__rosidl_typesupport_introspection_c__pyext
[141.494s] [ 93%] Built target lio_sam__rosidl_typesupport_c__pyext
[141.496s] [ 93%] Built target lio_sam__rosidl_typesupport_fastrtps_c__pyext
[141.936s] In file included from [01m[K/home/vertin/ros2_ws/src/LIO-SAM/src/imuPreintegration.cpp:17[m[K:
[141.937s] [01m[K/usr/local/include/gtsam_unstable/nonlinear/IncrementalFixedLagSmoother.h:17:2:[m[K [01;35m[Kwarning: [m[K#warning "IncrementalFixedLagSmoother was moved to the gtsam/nonlinear directory" [[01;35m[K]8;;https://gcc.gnu.org/onlinedocs/gcc/Warning-Options.html#index-Wcpp-Wcpp]8;;[m[K]
[141.937s]    17 | #[01;35m[Kwarning[m[K "IncrementalFixedLagSmoother was moved to the gtsam/nonlinear directory"
[141.937s]       |  [01;35m[K^~~~~~~[m[K
[205.777s] [ 95%] [32m[1mLinking CXX executable lio_sam_featureExtraction[0m
[207.149s] [ 95%] Built target lio_sam_featureExtraction
[220.957s] [ 97%] [32m[1mLinking CXX executable lio_sam_imageProjection[0m
[221.558s] [ 97%] Built target lio_sam_imageProjection
[232.204s] [100%] [32m[1mLinking CXX executable lio_sam_imuPreintegration[0m
[232.912s] [100%] Built target lio_sam_imuPreintegration
