[0.067s] Invoking command in '/home/vertin/ros2_ws/build/ugv_sdk': /usr/bin/cmake --build /home/vertin/ros2_ws/build/ugv_sdk -- -j8 -l8
[0.905s] [ 42%] Built target ugv_sdk
[0.905s] [ 50%] Built target demo_scout_robot
[0.905s] [ 57%] Built target demo_ranger_robot
[0.906s] [ 64%] Built target demo_scout_mini_omni_robot
[0.907s] [ 71%] Built target demo_tracer_robot
[0.907s] [ 78%] Built target demo_bunker_robot
[0.907s] [ 85%] Built target demo_protocol_detector
[0.907s] [ 92%] Built target demo_hunter_robot
[0.907s] [100%] Built target demo_robot_version
[0.915s] Invoked command in '/home/vertin/ros2_ws/build/ugv_sdk' returned '0': /usr/bin/cmake --build /home/vertin/ros2_ws/build/ugv_sdk -- -j8 -l8
[0.926s] Invoking command in '/home/vertin/ros2_ws/build/ugv_sdk': /usr/bin/cmake --install /home/vertin/ros2_ws/build/ugv_sdk
[0.939s] -- Install configuration: "Release"
[0.939s] -- Up-to-date: /home/vertin/ros2_ws/install/ugv_sdk/lib/libugv_sdk.a
[0.939s] -- Up-to-date: /home/vertin/ros2_ws/install/ugv_sdk/include/ugv_sdk
[0.940s] -- Up-to-date: /home/vertin/ros2_ws/install/ugv_sdk/include/ugv_sdk/utilities
[0.940s] -- Up-to-date: /home/vertin/ros2_ws/install/ugv_sdk/include/ugv_sdk/utilities/protocol_detector.hpp
[0.940s] -- Up-to-date: /home/vertin/ros2_ws/install/ugv_sdk/include/ugv_sdk/details
[0.941s] -- Up-to-date: /home/vertin/ros2_ws/install/ugv_sdk/include/ugv_sdk/details/parser_base.hpp
[0.941s] -- Up-to-date: /home/vertin/ros2_ws/install/ugv_sdk/include/ugv_sdk/details/protocol_v2
[0.941s] -- Up-to-date: /home/vertin/ros2_ws/install/ugv_sdk/include/ugv_sdk/details/protocol_v2/protocol_v2_parser.hpp
[0.941s] -- Up-to-date: /home/vertin/ros2_ws/install/ugv_sdk/include/ugv_sdk/details/robot_base
[0.941s] -- Up-to-date: /home/vertin/ros2_ws/install/ugv_sdk/include/ugv_sdk/details/robot_base/titan_base.hpp
[0.941s] -- Up-to-date: /home/vertin/ros2_ws/install/ugv_sdk/include/ugv_sdk/details/robot_base/ranger_base.hpp
[0.942s] -- Up-to-date: /home/vertin/ros2_ws/install/ugv_sdk/include/ugv_sdk/details/robot_base/scout_base.hpp
[0.942s] -- Up-to-date: /home/vertin/ros2_ws/install/ugv_sdk/include/ugv_sdk/details/robot_base/hunter_base.hpp
[0.943s] -- Up-to-date: /home/vertin/ros2_ws/install/ugv_sdk/include/ugv_sdk/details/robot_base/agilex_base.hpp
[0.943s] -- Up-to-date: /home/vertin/ros2_ws/install/ugv_sdk/include/ugv_sdk/details/robot_base/tracer_base.hpp
[0.943s] -- Up-to-date: /home/vertin/ros2_ws/install/ugv_sdk/include/ugv_sdk/details/robot_base/bunker_base.hpp
[0.943s] -- Up-to-date: /home/vertin/ros2_ws/install/ugv_sdk/include/ugv_sdk/details/async_port
[0.943s] -- Up-to-date: /home/vertin/ros2_ws/install/ugv_sdk/include/ugv_sdk/details/async_port/async_can.hpp
[0.946s] -- Up-to-date: /home/vertin/ros2_ws/install/ugv_sdk/include/ugv_sdk/details/async_port/ring_buffer.hpp
[0.946s] -- Up-to-date: /home/vertin/ros2_ws/install/ugv_sdk/include/ugv_sdk/details/async_port/async_serial.hpp
[0.947s] -- Up-to-date: /home/vertin/ros2_ws/install/ugv_sdk/include/ugv_sdk/details/interface
[0.947s] -- Up-to-date: /home/vertin/ros2_ws/install/ugv_sdk/include/ugv_sdk/details/interface/agilex_types.h
[0.947s] -- Up-to-date: /home/vertin/ros2_ws/install/ugv_sdk/include/ugv_sdk/details/interface/scout_interface.hpp
[0.947s] -- Up-to-date: /home/vertin/ros2_ws/install/ugv_sdk/include/ugv_sdk/details/interface/tracer_interface.hpp
[0.948s] -- Up-to-date: /home/vertin/ros2_ws/install/ugv_sdk/include/ugv_sdk/details/interface/ranger_interface.hpp
[0.948s] -- Up-to-date: /home/vertin/ros2_ws/install/ugv_sdk/include/ugv_sdk/details/interface/titan_interface.hpp
[0.948s] -- Up-to-date: /home/vertin/ros2_ws/install/ugv_sdk/include/ugv_sdk/details/interface/robot_common_interface.hpp
[0.948s] -- Up-to-date: /home/vertin/ros2_ws/install/ugv_sdk/include/ugv_sdk/details/interface/agilex_message.h
[0.948s] -- Up-to-date: /home/vertin/ros2_ws/install/ugv_sdk/include/ugv_sdk/details/interface/bunker_interface.hpp
[0.948s] -- Up-to-date: /home/vertin/ros2_ws/install/ugv_sdk/include/ugv_sdk/details/interface/hunter_interface.hpp
[0.949s] -- Up-to-date: /home/vertin/ros2_ws/install/ugv_sdk/include/ugv_sdk/details/protocol_v1
[0.949s] -- Up-to-date: /home/vertin/ros2_ws/install/ugv_sdk/include/ugv_sdk/details/protocol_v1/agilex_msg_parser_v1.h
[0.949s] -- Up-to-date: /home/vertin/ros2_ws/install/ugv_sdk/include/ugv_sdk/details/protocol_v1/protocol_v1_parser.hpp
[0.949s] -- Up-to-date: /home/vertin/ros2_ws/install/ugv_sdk/include/ugv_sdk/details/protocol_v1/robot_limits.hpp
[0.949s] -- Up-to-date: /home/vertin/ros2_ws/install/ugv_sdk/include/ugv_sdk/mobile_robot
[0.950s] -- Up-to-date: /home/vertin/ros2_ws/install/ugv_sdk/include/ugv_sdk/mobile_robot/hunter_robot.hpp
[0.951s] -- Up-to-date: /home/vertin/ros2_ws/install/ugv_sdk/include/ugv_sdk/mobile_robot/titan_robot.hpp
[0.951s] -- Up-to-date: /home/vertin/ros2_ws/install/ugv_sdk/include/ugv_sdk/mobile_robot/bunker_robot.hpp
[0.957s] -- Up-to-date: /home/vertin/ros2_ws/install/ugv_sdk/include/ugv_sdk/mobile_robot/scout_robot.hpp
[0.957s] -- Up-to-date: /home/vertin/ros2_ws/install/ugv_sdk/include/ugv_sdk/mobile_robot/tracer_robot.hpp
[0.957s] -- Up-to-date: /home/vertin/ros2_ws/install/ugv_sdk/include/ugv_sdk/mobile_robot/ranger_robot.hpp
[0.958s] -- Up-to-date: /home/vertin/ros2_ws/install/ugv_sdk/lib/cmake/ugv_sdk/ugv_sdkTargets.cmake
[0.958s] -- Up-to-date: /home/vertin/ros2_ws/install/ugv_sdk/lib/cmake/ugv_sdk/ugv_sdkTargets-release.cmake
[0.958s] -- Up-to-date: /home/vertin/ros2_ws/install/ugv_sdk/lib/cmake/ugv_sdk/ugv_sdkConfig.cmake
[0.958s] -- Up-to-date: /home/vertin/ros2_ws/install/ugv_sdk/lib/cmake/ugv_sdk/ugv_sdkConfigVersion.cmake
[1.028s] Invoked command in '/home/vertin/ros2_ws/build/ugv_sdk' returned '0': /usr/bin/cmake --install /home/vertin/ros2_ws/build/ugv_sdk
