[0.037s] Invoking command in '/home/vertin/ros2_ws/build/ugv_sdk': /usr/bin/cmake --build /home/vertin/ros2_ws/build/ugv_sdk -- -j8 -l8
[0.131s] [35m[1mConsolidate compiler generated dependencies of target ugv_sdk[0m
[0.289s] [ 42%] Built target ugv_sdk
[0.342s] [35m[1mConsolidate compiler generated dependencies of target demo_scout_mini_omni_robot[0m
[0.342s] [35m[1mConsolidate compiler generated dependencies of target demo_protocol_detector[0m
[0.342s] [35m[1mConsolidate compiler generated dependencies of target demo_tracer_robot[0m
[0.342s] [35m[1mConsolidate compiler generated dependencies of target demo_scout_robot[0m
[0.343s] [35m[1mConsolidate compiler generated dependencies of target demo_bunker_robot[0m
[0.343s] [35m[1mConsolidate compiler generated dependencies of target demo_hunter_robot[0m
[0.357s] [35m[1mConsolidate compiler generated dependencies of target demo_ranger_robot[0m
[0.366s] [35m[1mConsolidate compiler generated dependencies of target demo_robot_version[0m
[0.400s] [ 50%] Built target demo_protocol_detector
[0.421s] [ 57%] Built target demo_bunker_robot
[0.423s] [ 67%] Built target demo_scout_mini_omni_robot
[0.423s] [ 71%] Built target demo_tracer_robot
[0.430s] [ 78%] Built target demo_scout_robot
[0.439s] [ 85%] Built target demo_robot_version
[0.441s] [ 92%] Built target demo_hunter_robot
[0.456s] [100%] Built target demo_ranger_robot
[0.503s] Invoked command in '/home/vertin/ros2_ws/build/ugv_sdk' returned '0': /usr/bin/cmake --build /home/vertin/ros2_ws/build/ugv_sdk -- -j8 -l8
[0.505s] Invoking command in '/home/vertin/ros2_ws/build/ugv_sdk': /usr/bin/cmake --install /home/vertin/ros2_ws/build/ugv_sdk
[0.518s] -- Install configuration: "Release"
[0.519s] -- Up-to-date: /home/vertin/ros2_ws/install/ugv_sdk/lib/libugv_sdk.a
[0.519s] -- Up-to-date: /home/vertin/ros2_ws/install/ugv_sdk/include/ugv_sdk
[0.519s] -- Up-to-date: /home/vertin/ros2_ws/install/ugv_sdk/include/ugv_sdk/utilities
[0.519s] -- Up-to-date: /home/vertin/ros2_ws/install/ugv_sdk/include/ugv_sdk/utilities/protocol_detector.hpp
[0.519s] -- Up-to-date: /home/vertin/ros2_ws/install/ugv_sdk/include/ugv_sdk/details
[0.520s] -- Up-to-date: /home/vertin/ros2_ws/install/ugv_sdk/include/ugv_sdk/details/parser_base.hpp
[0.520s] -- Up-to-date: /home/vertin/ros2_ws/install/ugv_sdk/include/ugv_sdk/details/protocol_v2
[0.520s] -- Up-to-date: /home/vertin/ros2_ws/install/ugv_sdk/include/ugv_sdk/details/protocol_v2/protocol_v2_parser.hpp
[0.520s] -- Up-to-date: /home/vertin/ros2_ws/install/ugv_sdk/include/ugv_sdk/details/robot_base
[0.520s] -- Up-to-date: /home/vertin/ros2_ws/install/ugv_sdk/include/ugv_sdk/details/robot_base/titan_base.hpp
[0.520s] -- Up-to-date: /home/vertin/ros2_ws/install/ugv_sdk/include/ugv_sdk/details/robot_base/ranger_base.hpp
[0.520s] -- Up-to-date: /home/vertin/ros2_ws/install/ugv_sdk/include/ugv_sdk/details/robot_base/scout_base.hpp
[0.521s] -- Up-to-date: /home/vertin/ros2_ws/install/ugv_sdk/include/ugv_sdk/details/robot_base/hunter_base.hpp
[0.521s] -- Up-to-date: /home/vertin/ros2_ws/install/ugv_sdk/include/ugv_sdk/details/robot_base/agilex_base.hpp
[0.521s] -- Up-to-date: /home/vertin/ros2_ws/install/ugv_sdk/include/ugv_sdk/details/robot_base/tracer_base.hpp
[0.521s] -- Up-to-date: /home/vertin/ros2_ws/install/ugv_sdk/include/ugv_sdk/details/robot_base/bunker_base.hpp
[0.521s] -- Up-to-date: /home/vertin/ros2_ws/install/ugv_sdk/include/ugv_sdk/details/async_port
[0.522s] -- Up-to-date: /home/vertin/ros2_ws/install/ugv_sdk/include/ugv_sdk/details/async_port/async_can.hpp
[0.522s] -- Up-to-date: /home/vertin/ros2_ws/install/ugv_sdk/include/ugv_sdk/details/async_port/ring_buffer.hpp
[0.522s] -- Up-to-date: /home/vertin/ros2_ws/install/ugv_sdk/include/ugv_sdk/details/async_port/async_serial.hpp
[0.522s] -- Up-to-date: /home/vertin/ros2_ws/install/ugv_sdk/include/ugv_sdk/details/interface
[0.523s] -- Up-to-date: /home/vertin/ros2_ws/install/ugv_sdk/include/ugv_sdk/details/interface/agilex_types.h
[0.523s] -- Up-to-date: /home/vertin/ros2_ws/install/ugv_sdk/include/ugv_sdk/details/interface/scout_interface.hpp
[0.523s] -- Up-to-date: /home/vertin/ros2_ws/install/ugv_sdk/include/ugv_sdk/details/interface/tracer_interface.hpp
[0.523s] -- Up-to-date: /home/vertin/ros2_ws/install/ugv_sdk/include/ugv_sdk/details/interface/ranger_interface.hpp
[0.523s] -- Up-to-date: /home/vertin/ros2_ws/install/ugv_sdk/include/ugv_sdk/details/interface/titan_interface.hpp
[0.523s] -- Up-to-date: /home/vertin/ros2_ws/install/ugv_sdk/include/ugv_sdk/details/interface/robot_common_interface.hpp
[0.524s] -- Up-to-date: /home/vertin/ros2_ws/install/ugv_sdk/include/ugv_sdk/details/interface/agilex_message.h
[0.524s] -- Up-to-date: /home/vertin/ros2_ws/install/ugv_sdk/include/ugv_sdk/details/interface/bunker_interface.hpp
[0.524s] -- Up-to-date: /home/vertin/ros2_ws/install/ugv_sdk/include/ugv_sdk/details/interface/hunter_interface.hpp
[0.525s] -- Up-to-date: /home/vertin/ros2_ws/install/ugv_sdk/include/ugv_sdk/details/protocol_v1
[0.525s] -- Up-to-date: /home/vertin/ros2_ws/install/ugv_sdk/include/ugv_sdk/details/protocol_v1/agilex_msg_parser_v1.h
[0.526s] -- Up-to-date: /home/vertin/ros2_ws/install/ugv_sdk/include/ugv_sdk/details/protocol_v1/protocol_v1_parser.hpp
[0.526s] -- Up-to-date: /home/vertin/ros2_ws/install/ugv_sdk/include/ugv_sdk/details/protocol_v1/robot_limits.hpp
[0.526s] -- Up-to-date: /home/vertin/ros2_ws/install/ugv_sdk/include/ugv_sdk/mobile_robot
[0.526s] -- Up-to-date: /home/vertin/ros2_ws/install/ugv_sdk/include/ugv_sdk/mobile_robot/hunter_robot.hpp
[0.526s] -- Up-to-date: /home/vertin/ros2_ws/install/ugv_sdk/include/ugv_sdk/mobile_robot/titan_robot.hpp
[0.526s] -- Up-to-date: /home/vertin/ros2_ws/install/ugv_sdk/include/ugv_sdk/mobile_robot/bunker_robot.hpp
[0.527s] -- Up-to-date: /home/vertin/ros2_ws/install/ugv_sdk/include/ugv_sdk/mobile_robot/scout_robot.hpp
[0.528s] -- Up-to-date: /home/vertin/ros2_ws/install/ugv_sdk/include/ugv_sdk/mobile_robot/tracer_robot.hpp
[0.528s] -- Up-to-date: /home/vertin/ros2_ws/install/ugv_sdk/include/ugv_sdk/mobile_robot/ranger_robot.hpp
[0.529s] -- Up-to-date: /home/vertin/ros2_ws/install/ugv_sdk/lib/cmake/ugv_sdk/ugv_sdkTargets.cmake
[0.529s] -- Up-to-date: /home/vertin/ros2_ws/install/ugv_sdk/lib/cmake/ugv_sdk/ugv_sdkTargets-release.cmake
[0.529s] -- Up-to-date: /home/vertin/ros2_ws/install/ugv_sdk/lib/cmake/ugv_sdk/ugv_sdkConfig.cmake
[0.529s] -- Up-to-date: /home/vertin/ros2_ws/install/ugv_sdk/lib/cmake/ugv_sdk/ugv_sdkConfigVersion.cmake
[0.530s] Invoked command in '/home/vertin/ros2_ws/build/ugv_sdk' returned '0': /usr/bin/cmake --install /home/vertin/ros2_ws/build/ugv_sdk
