[0.113s] DEBUG:colcon:Command line arguments: ['/usr/bin/colcon', 'build']
[0.113s] DEBUG:colcon:Parsed command line arguments: Namespace(log_base=None, log_level=None, verb_name='build', build_base='build', install_base='install', merge_install=False, symlink_install=False, test_result_base=None, continue_on_error=False, executor='parallel', parallel_workers=8, event_handlers=None, ignore_user_meta=False, metas=['./colcon.meta'], base_paths=['.'], packages_ignore=None, packages_ignore_regex=None, paths=None, packages_up_to=None, packages_up_to_regex=None, packages_above=None, packages_above_and_dependencies=None, packages_above_depth=None, packages_select_by_dep=None, packages_skip_by_dep=None, packages_skip_up_to=None, packages_select_build_failed=False, packages_skip_build_finished=False, packages_select_test_failures=False, packages_skip_test_passed=False, packages_select=None, packages_skip=None, packages_select_regex=None, packages_skip_regex=None, packages_start=None, packages_end=None, allow_overriding=[], cmake_args=None, cmake_target=None, cmake_target_skip_unavailable=False, cmake_clean_cache=False, cmake_clean_first=False, cmake_force_configure=False, ament_cmake_args=None, catkin_cmake_args=None, catkin_skip_building_tests=False, verb_parser=<colcon_defaults.argument_parser.defaults.DefaultArgumentsDecorator object at 0x769ab5b0a440>, verb_extension=<colcon_core.verb.build.BuildVerb object at 0x769ab5cef9a0>, main=<bound method BuildVerb.main of <colcon_core.verb.build.BuildVerb object at 0x769ab5cef9a0>>)
[0.149s] Level 1:colcon.colcon_core.package_discovery:discover_packages(colcon_meta) check parameters
[0.149s] Level 1:colcon.colcon_core.package_discovery:discover_packages(recursive) check parameters
[0.149s] Level 1:colcon.colcon_core.package_discovery:discover_packages(ignore) check parameters
[0.150s] Level 1:colcon.colcon_core.package_discovery:discover_packages(path) check parameters
[0.150s] Level 1:colcon.colcon_core.package_discovery:discover_packages(colcon_meta) discover
[0.150s] Level 1:colcon.colcon_core.package_discovery:discover_packages(recursive) discover
[0.150s] INFO:colcon.colcon_core.package_discovery:Crawling recursively for packages in '/home/vertin/ros2_ws'
[0.150s] Level 1:colcon.colcon_core.package_identification:_identify(.) by extensions ['ignore', 'ignore_ament_install']
[0.150s] Level 1:colcon.colcon_core.package_identification:_identify(.) by extension 'ignore'
[0.150s] Level 1:colcon.colcon_core.package_identification:_identify(.) by extension 'ignore_ament_install'
[0.150s] Level 1:colcon.colcon_core.package_identification:_identify(.) by extensions ['colcon_pkg']
[0.150s] Level 1:colcon.colcon_core.package_identification:_identify(.) by extension 'colcon_pkg'
[0.150s] Level 1:colcon.colcon_core.package_identification:_identify(.) by extensions ['colcon_meta']
[0.150s] Level 1:colcon.colcon_core.package_identification:_identify(.) by extension 'colcon_meta'
[0.150s] Level 1:colcon.colcon_core.package_identification:_identify(.) by extensions ['ros']
[0.150s] Level 1:colcon.colcon_core.package_identification:_identify(.) by extension 'ros'
[0.174s] Level 1:colcon.colcon_core.package_identification:_identify(.) by extensions ['cmake', 'python']
[0.174s] Level 1:colcon.colcon_core.package_identification:_identify(.) by extension 'cmake'
[0.174s] Level 1:colcon.colcon_core.package_identification:_identify(.) by extension 'python'
[0.174s] Level 1:colcon.colcon_core.package_identification:_identify(.) by extensions ['python_setup_py']
[0.174s] Level 1:colcon.colcon_core.package_identification:_identify(.) by extension 'python_setup_py'
[0.174s] Level 1:colcon.colcon_core.package_identification:_identify(build) by extensions ['ignore', 'ignore_ament_install']
[0.174s] Level 1:colcon.colcon_core.package_identification:_identify(build) by extension 'ignore'
[0.174s] Level 1:colcon.colcon_core.package_identification:_identify(build) ignored
[0.174s] Level 1:colcon.colcon_core.package_identification:_identify(install) by extensions ['ignore', 'ignore_ament_install']
[0.174s] Level 1:colcon.colcon_core.package_identification:_identify(install) by extension 'ignore'
[0.174s] Level 1:colcon.colcon_core.package_identification:_identify(install) ignored
[0.175s] Level 1:colcon.colcon_core.package_identification:_identify(log) by extensions ['ignore', 'ignore_ament_install']
[0.175s] Level 1:colcon.colcon_core.package_identification:_identify(log) by extension 'ignore'
[0.175s] Level 1:colcon.colcon_core.package_identification:_identify(log) ignored
[0.175s] Level 1:colcon.colcon_core.package_identification:_identify(src) by extensions ['ignore', 'ignore_ament_install']
[0.175s] Level 1:colcon.colcon_core.package_identification:_identify(src) by extension 'ignore'
[0.175s] Level 1:colcon.colcon_core.package_identification:_identify(src) by extension 'ignore_ament_install'
[0.175s] Level 1:colcon.colcon_core.package_identification:_identify(src) by extensions ['colcon_pkg']
[0.175s] Level 1:colcon.colcon_core.package_identification:_identify(src) by extension 'colcon_pkg'
[0.175s] Level 1:colcon.colcon_core.package_identification:_identify(src) by extensions ['colcon_meta']
[0.175s] Level 1:colcon.colcon_core.package_identification:_identify(src) by extension 'colcon_meta'
[0.175s] Level 1:colcon.colcon_core.package_identification:_identify(src) by extensions ['ros']
[0.175s] Level 1:colcon.colcon_core.package_identification:_identify(src) by extension 'ros'
[0.175s] Level 1:colcon.colcon_core.package_identification:_identify(src) by extensions ['cmake', 'python']
[0.175s] Level 1:colcon.colcon_core.package_identification:_identify(src) by extension 'cmake'
[0.175s] Level 1:colcon.colcon_core.package_identification:_identify(src) by extension 'python'
[0.175s] Level 1:colcon.colcon_core.package_identification:_identify(src) by extensions ['python_setup_py']
[0.175s] Level 1:colcon.colcon_core.package_identification:_identify(src) by extension 'python_setup_py'
[0.175s] Level 1:colcon.colcon_core.package_identification:_identify(src/LIO-SAM) by extensions ['ignore', 'ignore_ament_install']
[0.175s] Level 1:colcon.colcon_core.package_identification:_identify(src/LIO-SAM) by extension 'ignore'
[0.175s] Level 1:colcon.colcon_core.package_identification:_identify(src/LIO-SAM) by extension 'ignore_ament_install'
[0.176s] Level 1:colcon.colcon_core.package_identification:_identify(src/LIO-SAM) by extensions ['colcon_pkg']
[0.176s] Level 1:colcon.colcon_core.package_identification:_identify(src/LIO-SAM) by extension 'colcon_pkg'
[0.176s] Level 1:colcon.colcon_core.package_identification:_identify(src/LIO-SAM) by extensions ['colcon_meta']
[0.176s] Level 1:colcon.colcon_core.package_identification:_identify(src/LIO-SAM) by extension 'colcon_meta'
[0.176s] Level 1:colcon.colcon_core.package_identification:_identify(src/LIO-SAM) by extensions ['ros']
[0.176s] Level 1:colcon.colcon_core.package_identification:_identify(src/LIO-SAM) by extension 'ros'
[0.178s] DEBUG:colcon.colcon_core.package_identification:Package 'src/LIO-SAM' with type 'ros.ament_cmake' and name 'lio_sam'
[0.178s] Level 1:colcon.colcon_core.package_identification:_identify(src/my_python_pkg) by extensions ['ignore', 'ignore_ament_install']
[0.178s] Level 1:colcon.colcon_core.package_identification:_identify(src/my_python_pkg) by extension 'ignore'
[0.178s] Level 1:colcon.colcon_core.package_identification:_identify(src/my_python_pkg) by extension 'ignore_ament_install'
[0.178s] Level 1:colcon.colcon_core.package_identification:_identify(src/my_python_pkg) by extensions ['colcon_pkg']
[0.178s] Level 1:colcon.colcon_core.package_identification:_identify(src/my_python_pkg) by extension 'colcon_pkg'
[0.178s] Level 1:colcon.colcon_core.package_identification:_identify(src/my_python_pkg) by extensions ['colcon_meta']
[0.178s] Level 1:colcon.colcon_core.package_identification:_identify(src/my_python_pkg) by extension 'colcon_meta'
[0.179s] Level 1:colcon.colcon_core.package_identification:_identify(src/my_python_pkg) by extensions ['ros']
[0.179s] Level 1:colcon.colcon_core.package_identification:_identify(src/my_python_pkg) by extension 'ros'
[0.179s] DEBUG:colcon.colcon_core.package_identification:Package 'src/my_python_pkg' with type 'ros.ament_python' and name 'my_python_pkg'
[0.179s] Level 1:colcon.colcon_core.package_identification:_identify(src/nav2_launch_test) by extensions ['ignore', 'ignore_ament_install']
[0.179s] Level 1:colcon.colcon_core.package_identification:_identify(src/nav2_launch_test) by extension 'ignore'
[0.179s] Level 1:colcon.colcon_core.package_identification:_identify(src/nav2_launch_test) by extension 'ignore_ament_install'
[0.179s] Level 1:colcon.colcon_core.package_identification:_identify(src/nav2_launch_test) by extensions ['colcon_pkg']
[0.179s] Level 1:colcon.colcon_core.package_identification:_identify(src/nav2_launch_test) by extension 'colcon_pkg'
[0.179s] Level 1:colcon.colcon_core.package_identification:_identify(src/nav2_launch_test) by extensions ['colcon_meta']
[0.179s] Level 1:colcon.colcon_core.package_identification:_identify(src/nav2_launch_test) by extension 'colcon_meta'
[0.179s] Level 1:colcon.colcon_core.package_identification:_identify(src/nav2_launch_test) by extensions ['ros']
[0.179s] Level 1:colcon.colcon_core.package_identification:_identify(src/nav2_launch_test) by extension 'ros'
[0.181s] DEBUG:colcon.colcon_core.package_identification:Package 'src/nav2_launch_test' with type 'ros.ament_python' and name 'nav2_launch_test'
[0.181s] Level 1:colcon.colcon_core.package_identification:_identify(src/nav2_map) by extensions ['ignore', 'ignore_ament_install']
[0.182s] Level 1:colcon.colcon_core.package_identification:_identify(src/nav2_map) by extension 'ignore'
[0.182s] Level 1:colcon.colcon_core.package_identification:_identify(src/nav2_map) by extension 'ignore_ament_install'
[0.182s] Level 1:colcon.colcon_core.package_identification:_identify(src/nav2_map) by extensions ['colcon_pkg']
[0.182s] Level 1:colcon.colcon_core.package_identification:_identify(src/nav2_map) by extension 'colcon_pkg'
[0.182s] Level 1:colcon.colcon_core.package_identification:_identify(src/nav2_map) by extensions ['colcon_meta']
[0.182s] Level 1:colcon.colcon_core.package_identification:_identify(src/nav2_map) by extension 'colcon_meta'
[0.182s] Level 1:colcon.colcon_core.package_identification:_identify(src/nav2_map) by extensions ['ros']
[0.182s] Level 1:colcon.colcon_core.package_identification:_identify(src/nav2_map) by extension 'ros'
[0.182s] Level 1:colcon.colcon_core.package_identification:_identify(src/nav2_map) by extensions ['cmake', 'python']
[0.182s] Level 1:colcon.colcon_core.package_identification:_identify(src/nav2_map) by extension 'cmake'
[0.183s] Level 1:colcon.colcon_core.package_identification:_identify(src/nav2_map) by extension 'python'
[0.183s] Level 1:colcon.colcon_core.package_identification:_identify(src/nav2_map) by extensions ['python_setup_py']
[0.183s] Level 1:colcon.colcon_core.package_identification:_identify(src/nav2_map) by extension 'python_setup_py'
[0.183s] Level 1:colcon.colcon_core.package_identification:_identify(src/tracer_ros2) by extensions ['ignore', 'ignore_ament_install']
[0.183s] Level 1:colcon.colcon_core.package_identification:_identify(src/tracer_ros2) by extension 'ignore'
[0.183s] Level 1:colcon.colcon_core.package_identification:_identify(src/tracer_ros2) by extension 'ignore_ament_install'
[0.183s] Level 1:colcon.colcon_core.package_identification:_identify(src/tracer_ros2) by extensions ['colcon_pkg']
[0.183s] Level 1:colcon.colcon_core.package_identification:_identify(src/tracer_ros2) by extension 'colcon_pkg'
[0.183s] Level 1:colcon.colcon_core.package_identification:_identify(src/tracer_ros2) by extensions ['colcon_meta']
[0.183s] Level 1:colcon.colcon_core.package_identification:_identify(src/tracer_ros2) by extension 'colcon_meta'
[0.184s] Level 1:colcon.colcon_core.package_identification:_identify(src/tracer_ros2) by extensions ['ros']
[0.184s] Level 1:colcon.colcon_core.package_identification:_identify(src/tracer_ros2) by extension 'ros'
[0.184s] Level 1:colcon.colcon_core.package_identification:_identify(src/tracer_ros2) by extensions ['cmake', 'python']
[0.184s] Level 1:colcon.colcon_core.package_identification:_identify(src/tracer_ros2) by extension 'cmake'
[0.184s] Level 1:colcon.colcon_core.package_identification:_identify(src/tracer_ros2) by extension 'python'
[0.184s] Level 1:colcon.colcon_core.package_identification:_identify(src/tracer_ros2) by extensions ['python_setup_py']
[0.184s] Level 1:colcon.colcon_core.package_identification:_identify(src/tracer_ros2) by extension 'python_setup_py'
[0.184s] Level 1:colcon.colcon_core.package_identification:_identify(src/tracer_ros2/tracer_base) by extensions ['ignore', 'ignore_ament_install']
[0.185s] Level 1:colcon.colcon_core.package_identification:_identify(src/tracer_ros2/tracer_base) by extension 'ignore'
[0.185s] Level 1:colcon.colcon_core.package_identification:_identify(src/tracer_ros2/tracer_base) by extension 'ignore_ament_install'
[0.185s] Level 1:colcon.colcon_core.package_identification:_identify(src/tracer_ros2/tracer_base) by extensions ['colcon_pkg']
[0.185s] Level 1:colcon.colcon_core.package_identification:_identify(src/tracer_ros2/tracer_base) by extension 'colcon_pkg'
[0.185s] Level 1:colcon.colcon_core.package_identification:_identify(src/tracer_ros2/tracer_base) by extensions ['colcon_meta']
[0.185s] Level 1:colcon.colcon_core.package_identification:_identify(src/tracer_ros2/tracer_base) by extension 'colcon_meta'
[0.185s] Level 1:colcon.colcon_core.package_identification:_identify(src/tracer_ros2/tracer_base) by extensions ['ros']
[0.185s] Level 1:colcon.colcon_core.package_identification:_identify(src/tracer_ros2/tracer_base) by extension 'ros'
[0.188s] DEBUG:colcon.colcon_core.package_identification:Package 'src/tracer_ros2/tracer_base' with type 'ros.ament_cmake' and name 'tracer_base'
[0.188s] Level 1:colcon.colcon_core.package_identification:_identify(src/tracer_ros2/tracer_msgs) by extensions ['ignore', 'ignore_ament_install']
[0.188s] Level 1:colcon.colcon_core.package_identification:_identify(src/tracer_ros2/tracer_msgs) by extension 'ignore'
[0.188s] Level 1:colcon.colcon_core.package_identification:_identify(src/tracer_ros2/tracer_msgs) by extension 'ignore_ament_install'
[0.188s] Level 1:colcon.colcon_core.package_identification:_identify(src/tracer_ros2/tracer_msgs) by extensions ['colcon_pkg']
[0.188s] Level 1:colcon.colcon_core.package_identification:_identify(src/tracer_ros2/tracer_msgs) by extension 'colcon_pkg'
[0.188s] Level 1:colcon.colcon_core.package_identification:_identify(src/tracer_ros2/tracer_msgs) by extensions ['colcon_meta']
[0.188s] Level 1:colcon.colcon_core.package_identification:_identify(src/tracer_ros2/tracer_msgs) by extension 'colcon_meta'
[0.188s] Level 1:colcon.colcon_core.package_identification:_identify(src/tracer_ros2/tracer_msgs) by extensions ['ros']
[0.188s] Level 1:colcon.colcon_core.package_identification:_identify(src/tracer_ros2/tracer_msgs) by extension 'ros'
[0.189s] DEBUG:colcon.colcon_core.package_identification:Package 'src/tracer_ros2/tracer_msgs' with type 'ros.ament_cmake' and name 'tracer_msgs'
[0.190s] Level 1:colcon.colcon_core.package_identification:_identify(src/ugv_sdk) by extensions ['ignore', 'ignore_ament_install']
[0.190s] Level 1:colcon.colcon_core.package_identification:_identify(src/ugv_sdk) by extension 'ignore'
[0.190s] Level 1:colcon.colcon_core.package_identification:_identify(src/ugv_sdk) by extension 'ignore_ament_install'
[0.190s] Level 1:colcon.colcon_core.package_identification:_identify(src/ugv_sdk) by extensions ['colcon_pkg']
[0.190s] Level 1:colcon.colcon_core.package_identification:_identify(src/ugv_sdk) by extension 'colcon_pkg'
[0.190s] Level 1:colcon.colcon_core.package_identification:_identify(src/ugv_sdk) by extensions ['colcon_meta']
[0.190s] Level 1:colcon.colcon_core.package_identification:_identify(src/ugv_sdk) by extension 'colcon_meta'
[0.191s] Level 1:colcon.colcon_core.package_identification:_identify(src/ugv_sdk) by extensions ['ros']
[0.191s] Level 1:colcon.colcon_core.package_identification:_identify(src/ugv_sdk) by extension 'ros'
[0.191s] DEBUG:colcon.colcon_core.package_identification:Package 'src/ugv_sdk' with type 'ros.catkin' and name 'ugv_sdk'
[0.192s] Level 1:colcon.colcon_core.package_identification:_identify(src/unitree_lidar_ros2) by extensions ['ignore', 'ignore_ament_install']
[0.192s] Level 1:colcon.colcon_core.package_identification:_identify(src/unitree_lidar_ros2) by extension 'ignore'
[0.192s] Level 1:colcon.colcon_core.package_identification:_identify(src/unitree_lidar_ros2) by extension 'ignore_ament_install'
[0.192s] Level 1:colcon.colcon_core.package_identification:_identify(src/unitree_lidar_ros2) by extensions ['colcon_pkg']
[0.192s] Level 1:colcon.colcon_core.package_identification:_identify(src/unitree_lidar_ros2) by extension 'colcon_pkg'
[0.192s] Level 1:colcon.colcon_core.package_identification:_identify(src/unitree_lidar_ros2) by extensions ['colcon_meta']
[0.192s] Level 1:colcon.colcon_core.package_identification:_identify(src/unitree_lidar_ros2) by extension 'colcon_meta'
[0.192s] Level 1:colcon.colcon_core.package_identification:_identify(src/unitree_lidar_ros2) by extensions ['ros']
[0.192s] Level 1:colcon.colcon_core.package_identification:_identify(src/unitree_lidar_ros2) by extension 'ros'
[0.192s] Level 1:colcon.colcon_core.package_identification:_identify(src/unitree_lidar_ros2) by extensions ['cmake', 'python']
[0.192s] Level 1:colcon.colcon_core.package_identification:_identify(src/unitree_lidar_ros2) by extension 'cmake'
[0.192s] Level 1:colcon.colcon_core.package_identification:_identify(src/unitree_lidar_ros2) by extension 'python'
[0.192s] Level 1:colcon.colcon_core.package_identification:_identify(src/unitree_lidar_ros2) by extensions ['python_setup_py']
[0.192s] Level 1:colcon.colcon_core.package_identification:_identify(src/unitree_lidar_ros2) by extension 'python_setup_py'
[0.193s] Level 1:colcon.colcon_core.package_identification:_identify(src/unitree_lidar_ros2/src) by extensions ['ignore', 'ignore_ament_install']
[0.193s] Level 1:colcon.colcon_core.package_identification:_identify(src/unitree_lidar_ros2/src) by extension 'ignore'
[0.193s] Level 1:colcon.colcon_core.package_identification:_identify(src/unitree_lidar_ros2/src) by extension 'ignore_ament_install'
[0.193s] Level 1:colcon.colcon_core.package_identification:_identify(src/unitree_lidar_ros2/src) by extensions ['colcon_pkg']
[0.193s] Level 1:colcon.colcon_core.package_identification:_identify(src/unitree_lidar_ros2/src) by extension 'colcon_pkg'
[0.193s] Level 1:colcon.colcon_core.package_identification:_identify(src/unitree_lidar_ros2/src) by extensions ['colcon_meta']
[0.193s] Level 1:colcon.colcon_core.package_identification:_identify(src/unitree_lidar_ros2/src) by extension 'colcon_meta'
[0.193s] Level 1:colcon.colcon_core.package_identification:_identify(src/unitree_lidar_ros2/src) by extensions ['ros']
[0.193s] Level 1:colcon.colcon_core.package_identification:_identify(src/unitree_lidar_ros2/src) by extension 'ros'
[0.193s] Level 1:colcon.colcon_core.package_identification:_identify(src/unitree_lidar_ros2/src) by extensions ['cmake', 'python']
[0.193s] Level 1:colcon.colcon_core.package_identification:_identify(src/unitree_lidar_ros2/src) by extension 'cmake'
[0.193s] Level 1:colcon.colcon_core.package_identification:_identify(src/unitree_lidar_ros2/src) by extension 'python'
[0.193s] Level 1:colcon.colcon_core.package_identification:_identify(src/unitree_lidar_ros2/src) by extensions ['python_setup_py']
[0.193s] Level 1:colcon.colcon_core.package_identification:_identify(src/unitree_lidar_ros2/src) by extension 'python_setup_py'
[0.194s] Level 1:colcon.colcon_core.package_identification:_identify(src/unitree_lidar_ros2/src/unitree_lidar_ros2) by extensions ['ignore', 'ignore_ament_install']
[0.194s] Level 1:colcon.colcon_core.package_identification:_identify(src/unitree_lidar_ros2/src/unitree_lidar_ros2) by extension 'ignore'
[0.194s] Level 1:colcon.colcon_core.package_identification:_identify(src/unitree_lidar_ros2/src/unitree_lidar_ros2) by extension 'ignore_ament_install'
[0.194s] Level 1:colcon.colcon_core.package_identification:_identify(src/unitree_lidar_ros2/src/unitree_lidar_ros2) by extensions ['colcon_pkg']
[0.194s] Level 1:colcon.colcon_core.package_identification:_identify(src/unitree_lidar_ros2/src/unitree_lidar_ros2) by extension 'colcon_pkg'
[0.194s] Level 1:colcon.colcon_core.package_identification:_identify(src/unitree_lidar_ros2/src/unitree_lidar_ros2) by extensions ['colcon_meta']
[0.194s] Level 1:colcon.colcon_core.package_identification:_identify(src/unitree_lidar_ros2/src/unitree_lidar_ros2) by extension 'colcon_meta'
[0.194s] Level 1:colcon.colcon_core.package_identification:_identify(src/unitree_lidar_ros2/src/unitree_lidar_ros2) by extensions ['ros']
[0.194s] Level 1:colcon.colcon_core.package_identification:_identify(src/unitree_lidar_ros2/src/unitree_lidar_ros2) by extension 'ros'
[0.195s] DEBUG:colcon.colcon_core.package_identification:Package 'src/unitree_lidar_ros2/src/unitree_lidar_ros2' with type 'ros.ament_cmake' and name 'unitree_lidar_ros2'
[0.195s] Level 1:colcon.colcon_core.package_identification:_identify(src/unitree_lidar_sdk) by extensions ['ignore', 'ignore_ament_install']
[0.196s] Level 1:colcon.colcon_core.package_identification:_identify(src/unitree_lidar_sdk) by extension 'ignore'
[0.196s] Level 1:colcon.colcon_core.package_identification:_identify(src/unitree_lidar_sdk) by extension 'ignore_ament_install'
[0.196s] Level 1:colcon.colcon_core.package_identification:_identify(src/unitree_lidar_sdk) by extensions ['colcon_pkg']
[0.196s] Level 1:colcon.colcon_core.package_identification:_identify(src/unitree_lidar_sdk) by extension 'colcon_pkg'
[0.196s] Level 1:colcon.colcon_core.package_identification:_identify(src/unitree_lidar_sdk) by extensions ['colcon_meta']
[0.196s] Level 1:colcon.colcon_core.package_identification:_identify(src/unitree_lidar_sdk) by extension 'colcon_meta'
[0.196s] Level 1:colcon.colcon_core.package_identification:_identify(src/unitree_lidar_sdk) by extensions ['ros']
[0.196s] Level 1:colcon.colcon_core.package_identification:_identify(src/unitree_lidar_sdk) by extension 'ros'
[0.196s] Level 1:colcon.colcon_core.package_identification:_identify(src/unitree_lidar_sdk) by extensions ['cmake', 'python']
[0.196s] Level 1:colcon.colcon_core.package_identification:_identify(src/unitree_lidar_sdk) by extension 'cmake'
[0.198s] Level 1:colcon.colcon_core.package_identification:_identify(src/unitree_lidar_sdk) by extension 'python'
[0.198s] DEBUG:colcon.colcon_core.package_identification:Package 'src/unitree_lidar_sdk' with type 'cmake' and name 'unitree_lidar_sdk'
[0.198s] Level 1:colcon.colcon_core.package_discovery:discover_packages(recursive) using defaults
[0.198s] Level 1:colcon.colcon_core.package_discovery:discover_packages(ignore) discover
[0.198s] Level 1:colcon.colcon_core.package_discovery:discover_packages(ignore) using defaults
[0.198s] Level 1:colcon.colcon_core.package_discovery:discover_packages(path) discover
[0.198s] Level 1:colcon.colcon_core.package_discovery:discover_packages(path) using defaults
[0.220s] Level 1:colcon.colcon_core.package_discovery:discover_packages(prefix_path) check parameters
[0.220s] Level 1:colcon.colcon_core.package_discovery:discover_packages(prefix_path) discover
[0.222s] DEBUG:colcon.colcon_installed_package_information.package_discovery:Found 1 installed packages in /home/vertin/my_ws/install
[0.224s] DEBUG:colcon.colcon_installed_package_information.package_discovery:Found 426 installed packages in /opt/ros/humble
[0.227s] Level 1:colcon.colcon_core.package_discovery:discover_packages(prefix_path) using defaults
[0.286s] Level 5:colcon.colcon_core.verb:set package 'lio_sam' build argument 'cmake_args' from command line to 'None'
[0.286s] Level 5:colcon.colcon_core.verb:set package 'lio_sam' build argument 'cmake_target' from command line to 'None'
[0.286s] Level 5:colcon.colcon_core.verb:set package 'lio_sam' build argument 'cmake_target_skip_unavailable' from command line to 'False'
[0.286s] Level 5:colcon.colcon_core.verb:set package 'lio_sam' build argument 'cmake_clean_cache' from command line to 'False'
[0.286s] Level 5:colcon.colcon_core.verb:set package 'lio_sam' build argument 'cmake_clean_first' from command line to 'False'
[0.286s] Level 5:colcon.colcon_core.verb:set package 'lio_sam' build argument 'cmake_force_configure' from command line to 'False'
[0.286s] Level 5:colcon.colcon_core.verb:set package 'lio_sam' build argument 'ament_cmake_args' from command line to 'None'
[0.286s] Level 5:colcon.colcon_core.verb:set package 'lio_sam' build argument 'catkin_cmake_args' from command line to 'None'
[0.286s] Level 5:colcon.colcon_core.verb:set package 'lio_sam' build argument 'catkin_skip_building_tests' from command line to 'False'
[0.286s] DEBUG:colcon.colcon_core.verb:Building package 'lio_sam' with the following arguments: {'ament_cmake_args': None, 'build_base': '/home/vertin/ros2_ws/build/lio_sam', 'catkin_cmake_args': None, 'catkin_skip_building_tests': False, 'cmake_args': None, 'cmake_clean_cache': False, 'cmake_clean_first': False, 'cmake_force_configure': False, 'cmake_target': None, 'cmake_target_skip_unavailable': False, 'install_base': '/home/vertin/ros2_ws/install/lio_sam', 'merge_install': False, 'path': '/home/vertin/ros2_ws/src/LIO-SAM', 'symlink_install': False, 'test_result_base': None}
[0.286s] Level 5:colcon.colcon_core.verb:set package 'my_python_pkg' build argument 'cmake_args' from command line to 'None'
[0.286s] Level 5:colcon.colcon_core.verb:set package 'my_python_pkg' build argument 'cmake_target' from command line to 'None'
[0.286s] Level 5:colcon.colcon_core.verb:set package 'my_python_pkg' build argument 'cmake_target_skip_unavailable' from command line to 'False'
[0.286s] Level 5:colcon.colcon_core.verb:set package 'my_python_pkg' build argument 'cmake_clean_cache' from command line to 'False'
[0.286s] Level 5:colcon.colcon_core.verb:set package 'my_python_pkg' build argument 'cmake_clean_first' from command line to 'False'
[0.286s] Level 5:colcon.colcon_core.verb:set package 'my_python_pkg' build argument 'cmake_force_configure' from command line to 'False'
[0.286s] Level 5:colcon.colcon_core.verb:set package 'my_python_pkg' build argument 'ament_cmake_args' from command line to 'None'
[0.286s] Level 5:colcon.colcon_core.verb:set package 'my_python_pkg' build argument 'catkin_cmake_args' from command line to 'None'
[0.286s] Level 5:colcon.colcon_core.verb:set package 'my_python_pkg' build argument 'catkin_skip_building_tests' from command line to 'False'
[0.286s] DEBUG:colcon.colcon_core.verb:Building package 'my_python_pkg' with the following arguments: {'ament_cmake_args': None, 'build_base': '/home/vertin/ros2_ws/build/my_python_pkg', 'catkin_cmake_args': None, 'catkin_skip_building_tests': False, 'cmake_args': None, 'cmake_clean_cache': False, 'cmake_clean_first': False, 'cmake_force_configure': False, 'cmake_target': None, 'cmake_target_skip_unavailable': False, 'install_base': '/home/vertin/ros2_ws/install/my_python_pkg', 'merge_install': False, 'path': '/home/vertin/ros2_ws/src/my_python_pkg', 'symlink_install': False, 'test_result_base': None}
[0.287s] Level 5:colcon.colcon_core.verb:set package 'nav2_launch_test' build argument 'cmake_args' from command line to 'None'
[0.287s] Level 5:colcon.colcon_core.verb:set package 'nav2_launch_test' build argument 'cmake_target' from command line to 'None'
[0.287s] Level 5:colcon.colcon_core.verb:set package 'nav2_launch_test' build argument 'cmake_target_skip_unavailable' from command line to 'False'
[0.287s] Level 5:colcon.colcon_core.verb:set package 'nav2_launch_test' build argument 'cmake_clean_cache' from command line to 'False'
[0.287s] Level 5:colcon.colcon_core.verb:set package 'nav2_launch_test' build argument 'cmake_clean_first' from command line to 'False'
[0.287s] Level 5:colcon.colcon_core.verb:set package 'nav2_launch_test' build argument 'cmake_force_configure' from command line to 'False'
[0.287s] Level 5:colcon.colcon_core.verb:set package 'nav2_launch_test' build argument 'ament_cmake_args' from command line to 'None'
[0.287s] Level 5:colcon.colcon_core.verb:set package 'nav2_launch_test' build argument 'catkin_cmake_args' from command line to 'None'
[0.287s] Level 5:colcon.colcon_core.verb:set package 'nav2_launch_test' build argument 'catkin_skip_building_tests' from command line to 'False'
[0.287s] DEBUG:colcon.colcon_core.verb:Building package 'nav2_launch_test' with the following arguments: {'ament_cmake_args': None, 'build_base': '/home/vertin/ros2_ws/build/nav2_launch_test', 'catkin_cmake_args': None, 'catkin_skip_building_tests': False, 'cmake_args': None, 'cmake_clean_cache': False, 'cmake_clean_first': False, 'cmake_force_configure': False, 'cmake_target': None, 'cmake_target_skip_unavailable': False, 'install_base': '/home/vertin/ros2_ws/install/nav2_launch_test', 'merge_install': False, 'path': '/home/vertin/ros2_ws/src/nav2_launch_test', 'symlink_install': False, 'test_result_base': None}
[0.288s] Level 5:colcon.colcon_core.verb:set package 'tracer_msgs' build argument 'cmake_args' from command line to 'None'
[0.288s] Level 5:colcon.colcon_core.verb:set package 'tracer_msgs' build argument 'cmake_target' from command line to 'None'
[0.288s] Level 5:colcon.colcon_core.verb:set package 'tracer_msgs' build argument 'cmake_target_skip_unavailable' from command line to 'False'
[0.288s] Level 5:colcon.colcon_core.verb:set package 'tracer_msgs' build argument 'cmake_clean_cache' from command line to 'False'
[0.288s] Level 5:colcon.colcon_core.verb:set package 'tracer_msgs' build argument 'cmake_clean_first' from command line to 'False'
[0.288s] Level 5:colcon.colcon_core.verb:set package 'tracer_msgs' build argument 'cmake_force_configure' from command line to 'False'
[0.288s] Level 5:colcon.colcon_core.verb:set package 'tracer_msgs' build argument 'ament_cmake_args' from command line to 'None'
[0.288s] Level 5:colcon.colcon_core.verb:set package 'tracer_msgs' build argument 'catkin_cmake_args' from command line to 'None'
[0.288s] Level 5:colcon.colcon_core.verb:set package 'tracer_msgs' build argument 'catkin_skip_building_tests' from command line to 'False'
[0.288s] DEBUG:colcon.colcon_core.verb:Building package 'tracer_msgs' with the following arguments: {'ament_cmake_args': None, 'build_base': '/home/vertin/ros2_ws/build/tracer_msgs', 'catkin_cmake_args': None, 'catkin_skip_building_tests': False, 'cmake_args': None, 'cmake_clean_cache': False, 'cmake_clean_first': False, 'cmake_force_configure': False, 'cmake_target': None, 'cmake_target_skip_unavailable': False, 'install_base': '/home/vertin/ros2_ws/install/tracer_msgs', 'merge_install': False, 'path': '/home/vertin/ros2_ws/src/tracer_ros2/tracer_msgs', 'symlink_install': False, 'test_result_base': None}
[0.288s] Level 5:colcon.colcon_core.verb:set package 'ugv_sdk' build argument 'cmake_args' from command line to 'None'
[0.288s] Level 5:colcon.colcon_core.verb:set package 'ugv_sdk' build argument 'cmake_target' from command line to 'None'
[0.288s] Level 5:colcon.colcon_core.verb:set package 'ugv_sdk' build argument 'cmake_target_skip_unavailable' from command line to 'False'
[0.288s] Level 5:colcon.colcon_core.verb:set package 'ugv_sdk' build argument 'cmake_clean_cache' from command line to 'False'
[0.288s] Level 5:colcon.colcon_core.verb:set package 'ugv_sdk' build argument 'cmake_clean_first' from command line to 'False'
[0.288s] Level 5:colcon.colcon_core.verb:set package 'ugv_sdk' build argument 'cmake_force_configure' from command line to 'False'
[0.288s] Level 5:colcon.colcon_core.verb:set package 'ugv_sdk' build argument 'ament_cmake_args' from command line to 'None'
[0.288s] Level 5:colcon.colcon_core.verb:set package 'ugv_sdk' build argument 'catkin_cmake_args' from command line to 'None'
[0.288s] Level 5:colcon.colcon_core.verb:set package 'ugv_sdk' build argument 'catkin_skip_building_tests' from command line to 'False'
[0.288s] DEBUG:colcon.colcon_core.verb:Building package 'ugv_sdk' with the following arguments: {'ament_cmake_args': None, 'build_base': '/home/vertin/ros2_ws/build/ugv_sdk', 'catkin_cmake_args': None, 'catkin_skip_building_tests': False, 'cmake_args': None, 'cmake_clean_cache': False, 'cmake_clean_first': False, 'cmake_force_configure': False, 'cmake_target': None, 'cmake_target_skip_unavailable': False, 'install_base': '/home/vertin/ros2_ws/install/ugv_sdk', 'merge_install': False, 'path': '/home/vertin/ros2_ws/src/ugv_sdk', 'symlink_install': False, 'test_result_base': None}
[0.289s] Level 5:colcon.colcon_core.verb:set package 'unitree_lidar_ros2' build argument 'cmake_args' from command line to 'None'
[0.289s] Level 5:colcon.colcon_core.verb:set package 'unitree_lidar_ros2' build argument 'cmake_target' from command line to 'None'
[0.289s] Level 5:colcon.colcon_core.verb:set package 'unitree_lidar_ros2' build argument 'cmake_target_skip_unavailable' from command line to 'False'
[0.289s] Level 5:colcon.colcon_core.verb:set package 'unitree_lidar_ros2' build argument 'cmake_clean_cache' from command line to 'False'
[0.289s] Level 5:colcon.colcon_core.verb:set package 'unitree_lidar_ros2' build argument 'cmake_clean_first' from command line to 'False'
[0.289s] Level 5:colcon.colcon_core.verb:set package 'unitree_lidar_ros2' build argument 'cmake_force_configure' from command line to 'False'
[0.289s] Level 5:colcon.colcon_core.verb:set package 'unitree_lidar_ros2' build argument 'ament_cmake_args' from command line to 'None'
[0.289s] Level 5:colcon.colcon_core.verb:set package 'unitree_lidar_ros2' build argument 'catkin_cmake_args' from command line to 'None'
[0.289s] Level 5:colcon.colcon_core.verb:set package 'unitree_lidar_ros2' build argument 'catkin_skip_building_tests' from command line to 'False'
[0.289s] DEBUG:colcon.colcon_core.verb:Building package 'unitree_lidar_ros2' with the following arguments: {'ament_cmake_args': None, 'build_base': '/home/vertin/ros2_ws/build/unitree_lidar_ros2', 'catkin_cmake_args': None, 'catkin_skip_building_tests': False, 'cmake_args': None, 'cmake_clean_cache': False, 'cmake_clean_first': False, 'cmake_force_configure': False, 'cmake_target': None, 'cmake_target_skip_unavailable': False, 'install_base': '/home/vertin/ros2_ws/install/unitree_lidar_ros2', 'merge_install': False, 'path': '/home/vertin/ros2_ws/src/unitree_lidar_ros2/src/unitree_lidar_ros2', 'symlink_install': False, 'test_result_base': None}
[0.289s] Level 5:colcon.colcon_core.verb:set package 'unitree_lidar_sdk' build argument 'cmake_args' from command line to 'None'
[0.289s] Level 5:colcon.colcon_core.verb:set package 'unitree_lidar_sdk' build argument 'cmake_target' from command line to 'None'
[0.289s] Level 5:colcon.colcon_core.verb:set package 'unitree_lidar_sdk' build argument 'cmake_target_skip_unavailable' from command line to 'False'
[0.289s] Level 5:colcon.colcon_core.verb:set package 'unitree_lidar_sdk' build argument 'cmake_clean_cache' from command line to 'False'
[0.289s] Level 5:colcon.colcon_core.verb:set package 'unitree_lidar_sdk' build argument 'cmake_clean_first' from command line to 'False'
[0.289s] Level 5:colcon.colcon_core.verb:set package 'unitree_lidar_sdk' build argument 'cmake_force_configure' from command line to 'False'
[0.289s] Level 5:colcon.colcon_core.verb:set package 'unitree_lidar_sdk' build argument 'ament_cmake_args' from command line to 'None'
[0.289s] Level 5:colcon.colcon_core.verb:set package 'unitree_lidar_sdk' build argument 'catkin_cmake_args' from command line to 'None'
[0.289s] Level 5:colcon.colcon_core.verb:set package 'unitree_lidar_sdk' build argument 'catkin_skip_building_tests' from command line to 'False'
[0.289s] DEBUG:colcon.colcon_core.verb:Building package 'unitree_lidar_sdk' with the following arguments: {'ament_cmake_args': None, 'build_base': '/home/vertin/ros2_ws/build/unitree_lidar_sdk', 'catkin_cmake_args': None, 'catkin_skip_building_tests': False, 'cmake_args': None, 'cmake_clean_cache': False, 'cmake_clean_first': False, 'cmake_force_configure': False, 'cmake_target': None, 'cmake_target_skip_unavailable': False, 'install_base': '/home/vertin/ros2_ws/install/unitree_lidar_sdk', 'merge_install': False, 'path': '/home/vertin/ros2_ws/src/unitree_lidar_sdk', 'symlink_install': False, 'test_result_base': None}
[0.290s] Level 5:colcon.colcon_core.verb:set package 'tracer_base' build argument 'cmake_args' from command line to 'None'
[0.290s] Level 5:colcon.colcon_core.verb:set package 'tracer_base' build argument 'cmake_target' from command line to 'None'
[0.290s] Level 5:colcon.colcon_core.verb:set package 'tracer_base' build argument 'cmake_target_skip_unavailable' from command line to 'False'
[0.290s] Level 5:colcon.colcon_core.verb:set package 'tracer_base' build argument 'cmake_clean_cache' from command line to 'False'
[0.290s] Level 5:colcon.colcon_core.verb:set package 'tracer_base' build argument 'cmake_clean_first' from command line to 'False'
[0.290s] Level 5:colcon.colcon_core.verb:set package 'tracer_base' build argument 'cmake_force_configure' from command line to 'False'
[0.290s] Level 5:colcon.colcon_core.verb:set package 'tracer_base' build argument 'ament_cmake_args' from command line to 'None'
[0.290s] Level 5:colcon.colcon_core.verb:set package 'tracer_base' build argument 'catkin_cmake_args' from command line to 'None'
[0.290s] Level 5:colcon.colcon_core.verb:set package 'tracer_base' build argument 'catkin_skip_building_tests' from command line to 'False'
[0.290s] DEBUG:colcon.colcon_core.verb:Building package 'tracer_base' with the following arguments: {'ament_cmake_args': None, 'build_base': '/home/vertin/ros2_ws/build/tracer_base', 'catkin_cmake_args': None, 'catkin_skip_building_tests': False, 'cmake_args': None, 'cmake_clean_cache': False, 'cmake_clean_first': False, 'cmake_force_configure': False, 'cmake_target': None, 'cmake_target_skip_unavailable': False, 'install_base': '/home/vertin/ros2_ws/install/tracer_base', 'merge_install': False, 'path': '/home/vertin/ros2_ws/src/tracer_ros2/tracer_base', 'symlink_install': False, 'test_result_base': None}
[0.290s] INFO:colcon.colcon_core.executor:Executing jobs using 'parallel' executor
[0.291s] DEBUG:colcon.colcon_parallel_executor.executor.parallel:run_until_complete
[0.291s] INFO:colcon.colcon_ros.task.ament_cmake.build:Building ROS package in '/home/vertin/ros2_ws/src/tracer_ros2/tracer_msgs' with build type 'ament_cmake'
[0.291s] INFO:colcon.colcon_cmake.task.cmake.build:Building CMake package in '/home/vertin/ros2_ws/src/tracer_ros2/tracer_msgs'
[0.293s] INFO:colcon.colcon_core.plugin_system:Skipping extension 'colcon_core.shell.bat': Not used on non-Windows systems
[0.293s] INFO:colcon.colcon_core.shell:Skip shell extension 'powershell' for command environment: Not usable outside of PowerShell
[0.293s] DEBUG:colcon.colcon_core.shell:Skip shell extension 'dsv' for command environment
[0.297s] INFO:colcon.colcon_ros.task.catkin.build:Building ROS package in '/home/vertin/ros2_ws/src/ugv_sdk' with build type 'catkin'
[0.297s] INFO:colcon.colcon_cmake.task.cmake.build:Building CMake package in '/home/vertin/ros2_ws/src/ugv_sdk'
[0.297s] INFO:colcon.colcon_core.shell:Skip shell extension 'powershell' for command environment: Not usable outside of PowerShell
[0.297s] DEBUG:colcon.colcon_core.shell:Skip shell extension 'dsv' for command environment
[0.300s] INFO:colcon.colcon_ros.task.ament_cmake.build:Building ROS package in '/home/vertin/ros2_ws/src/LIO-SAM' with build type 'ament_cmake'
[0.300s] INFO:colcon.colcon_cmake.task.cmake.build:Building CMake package in '/home/vertin/ros2_ws/src/LIO-SAM'
[0.300s] INFO:colcon.colcon_core.shell:Skip shell extension 'powershell' for command environment: Not usable outside of PowerShell
[0.300s] DEBUG:colcon.colcon_core.shell:Skip shell extension 'dsv' for command environment
[0.310s] INFO:colcon.colcon_ros.task.ament_python.build:Building ROS package in '/home/vertin/ros2_ws/src/my_python_pkg' with build type 'ament_python'
[0.310s] Level 1:colcon.colcon_core.shell:create_environment_hook('my_python_pkg', 'ament_prefix_path')
[0.311s] INFO:colcon.colcon_core.shell:Creating environment hook '/home/vertin/ros2_ws/install/my_python_pkg/share/my_python_pkg/hook/ament_prefix_path.ps1'
[0.313s] INFO:colcon.colcon_core.shell:Creating environment descriptor '/home/vertin/ros2_ws/install/my_python_pkg/share/my_python_pkg/hook/ament_prefix_path.dsv'
[0.313s] INFO:colcon.colcon_core.shell:Creating environment hook '/home/vertin/ros2_ws/install/my_python_pkg/share/my_python_pkg/hook/ament_prefix_path.sh'
[0.314s] INFO:colcon.colcon_core.shell:Skip shell extension 'powershell' for command environment: Not usable outside of PowerShell
[0.314s] DEBUG:colcon.colcon_core.shell:Skip shell extension 'dsv' for command environment
[0.319s] INFO:colcon.colcon_ros.task.ament_python.build:Building ROS package in '/home/vertin/ros2_ws/src/nav2_launch_test' with build type 'ament_python'
[0.319s] Level 1:colcon.colcon_core.shell:create_environment_hook('nav2_launch_test', 'ament_prefix_path')
[0.319s] INFO:colcon.colcon_core.shell:Creating environment hook '/home/vertin/ros2_ws/install/nav2_launch_test/share/nav2_launch_test/hook/ament_prefix_path.ps1'
[0.320s] INFO:colcon.colcon_core.shell:Creating environment descriptor '/home/vertin/ros2_ws/install/nav2_launch_test/share/nav2_launch_test/hook/ament_prefix_path.dsv'
[0.321s] INFO:colcon.colcon_core.shell:Creating environment hook '/home/vertin/ros2_ws/install/nav2_launch_test/share/nav2_launch_test/hook/ament_prefix_path.sh'
[0.322s] INFO:colcon.colcon_core.shell:Skip shell extension 'powershell' for command environment: Not usable outside of PowerShell
[0.322s] DEBUG:colcon.colcon_core.shell:Skip shell extension 'dsv' for command environment
[0.327s] INFO:colcon.colcon_ros.task.ament_cmake.build:Building ROS package in '/home/vertin/ros2_ws/src/unitree_lidar_ros2/src/unitree_lidar_ros2' with build type 'ament_cmake'
[0.327s] INFO:colcon.colcon_cmake.task.cmake.build:Building CMake package in '/home/vertin/ros2_ws/src/unitree_lidar_ros2/src/unitree_lidar_ros2'
[0.327s] INFO:colcon.colcon_core.shell:Skip shell extension 'powershell' for command environment: Not usable outside of PowerShell
[0.327s] DEBUG:colcon.colcon_core.shell:Skip shell extension 'dsv' for command environment
[0.332s] INFO:colcon.colcon_cmake.task.cmake.build:Building CMake package in '/home/vertin/ros2_ws/src/unitree_lidar_sdk'
[0.332s] INFO:colcon.colcon_core.shell:Skip shell extension 'powershell' for command environment: Not usable outside of PowerShell
[0.332s] DEBUG:colcon.colcon_core.shell:Skip shell extension 'dsv' for command environment
[0.356s] DEBUG:colcon.colcon_core.event_handler.log_command:Invoking command in '/home/vertin/ros2_ws/build/tracer_msgs': CMAKE_PREFIX_PATH=/home/vertin/my_ws/install/robot_localizer:/opt/ros/humble /usr/bin/cmake --build /home/vertin/ros2_ws/build/tracer_msgs -- -j8 -l8
[0.360s] DEBUG:colcon.colcon_core.event_handler.log_command:Invoking command in '/home/vertin/ros2_ws/build/ugv_sdk': /usr/bin/cmake --build /home/vertin/ros2_ws/build/ugv_sdk -- -j8 -l8
[0.365s] DEBUG:colcon.colcon_core.event_handler.log_command:Invoking command in '/home/vertin/ros2_ws/build/lio_sam': CMAKE_PREFIX_PATH=/home/vertin/my_ws/install/robot_localizer:/opt/ros/humble /usr/bin/cmake --build /home/vertin/ros2_ws/build/lio_sam -- -j8 -l8
[0.980s] INFO:colcon.colcon_core.task.python.build:Building Python package in '/home/vertin/ros2_ws/src/my_python_pkg'
[0.980s] INFO:colcon.colcon_core.shell:Skip shell extension 'powershell' for command environment: Not usable outside of PowerShell
[0.980s] DEBUG:colcon.colcon_core.shell:Skip shell extension 'dsv' for command environment
[1.289s] INFO:colcon.colcon_core.task.python.build:Building Python package in '/home/vertin/ros2_ws/src/nav2_launch_test'
[1.289s] INFO:colcon.colcon_core.shell:Skip shell extension 'powershell' for command environment: Not usable outside of PowerShell
[1.289s] DEBUG:colcon.colcon_core.shell:Skip shell extension 'dsv' for command environment
[1.296s] DEBUG:colcon.colcon_core.event_handler.log_command:Invoking command in '/home/vertin/ros2_ws/build/unitree_lidar_ros2': CMAKE_PREFIX_PATH=/home/vertin/my_ws/install/robot_localizer:/opt/ros/humble /usr/bin/cmake --build /home/vertin/ros2_ws/build/unitree_lidar_ros2 -- -j8 -l8
[1.304s] DEBUG:colcon.colcon_core.event_handler.log_command:Invoking command in '/home/vertin/ros2_ws/build/unitree_lidar_sdk': /usr/bin/cmake --build /home/vertin/ros2_ws/build/unitree_lidar_sdk -- -j8 -l8
[1.324s] DEBUG:colcon.colcon_core.event_handler.log_command:Invoked command in '/home/vertin/ros2_ws/build/ugv_sdk' returned '0': /usr/bin/cmake --build /home/vertin/ros2_ws/build/ugv_sdk -- -j8 -l8
[1.341s] DEBUG:colcon.colcon_core.event_handler.log_command:Invoking command in '/home/vertin/ros2_ws/build/ugv_sdk': /usr/bin/cmake --install /home/vertin/ros2_ws/build/ugv_sdk
[1.342s] DEBUG:colcon.colcon_core.event_handler.log_command:Invoked command in '/home/vertin/ros2_ws/build/lio_sam' returned '0': CMAKE_PREFIX_PATH=/home/vertin/my_ws/install/robot_localizer:/opt/ros/humble /usr/bin/cmake --build /home/vertin/ros2_ws/build/lio_sam -- -j8 -l8
[1.347s] DEBUG:colcon.colcon_core.event_handler.log_command:Invoking command in '/home/vertin/ros2_ws/build/lio_sam': CMAKE_PREFIX_PATH=/home/vertin/my_ws/install/robot_localizer:/opt/ros/humble /usr/bin/cmake --install /home/vertin/ros2_ws/build/lio_sam
[1.348s] DEBUG:colcon.colcon_core.event_handler.log_command:Invoked command in '/home/vertin/ros2_ws/build/tracer_msgs' returned '0': CMAKE_PREFIX_PATH=/home/vertin/my_ws/install/robot_localizer:/opt/ros/humble /usr/bin/cmake --build /home/vertin/ros2_ws/build/tracer_msgs -- -j8 -l8
[1.351s] DEBUG:colcon.colcon_core.event_handler.log_command:Invoking command in '/home/vertin/ros2_ws/build/tracer_msgs': CMAKE_PREFIX_PATH=/home/vertin/my_ws/install/robot_localizer:/opt/ros/humble /usr/bin/cmake --install /home/vertin/ros2_ws/build/tracer_msgs
[1.381s] Level 1:colcon.colcon_core.shell:create_environment_hook('ugv_sdk', 'ros_package_path')
[1.381s] INFO:colcon.colcon_core.shell:Creating environment hook '/home/vertin/ros2_ws/install/ugv_sdk/share/ugv_sdk/hook/ros_package_path.ps1'
[1.382s] INFO:colcon.colcon_core.shell:Creating environment descriptor '/home/vertin/ros2_ws/install/ugv_sdk/share/ugv_sdk/hook/ros_package_path.dsv'
[1.383s] INFO:colcon.colcon_core.shell:Creating environment hook '/home/vertin/ros2_ws/install/ugv_sdk/share/ugv_sdk/hook/ros_package_path.sh'
[1.387s] Level 1:colcon.colcon_core.shell:create_environment_hook('ugv_sdk', 'pkg_config_path')
[1.387s] INFO:colcon.colcon_core.shell:Creating environment hook '/home/vertin/ros2_ws/install/ugv_sdk/share/ugv_sdk/hook/pkg_config_path.ps1'
[1.391s] INFO:colcon.colcon_core.shell:Creating environment descriptor '/home/vertin/ros2_ws/install/ugv_sdk/share/ugv_sdk/hook/pkg_config_path.dsv'
[1.392s] INFO:colcon.colcon_core.shell:Creating environment hook '/home/vertin/ros2_ws/install/ugv_sdk/share/ugv_sdk/hook/pkg_config_path.sh'
[1.404s] Level 1:colcon.colcon_core.shell:create_environment_hook('ugv_sdk', 'pkg_config_path_multiarch')
[1.405s] INFO:colcon.colcon_core.shell:Creating environment hook '/home/vertin/ros2_ws/install/ugv_sdk/share/ugv_sdk/hook/pkg_config_path_multiarch.ps1'
[1.406s] INFO:colcon.colcon_core.shell:Creating environment descriptor '/home/vertin/ros2_ws/install/ugv_sdk/share/ugv_sdk/hook/pkg_config_path_multiarch.dsv'
[1.407s] INFO:colcon.colcon_core.shell:Creating environment hook '/home/vertin/ros2_ws/install/ugv_sdk/share/ugv_sdk/hook/pkg_config_path_multiarch.sh'
[1.411s] Level 1:colcon.colcon_core.environment:create_environment_scripts_only(ugv_sdk)
[1.420s] Level 1:colcon.colcon_core.environment:checking '/home/vertin/ros2_ws/install/ugv_sdk' for CMake module files
[1.424s] Level 1:colcon.colcon_core.environment:checking '/home/vertin/ros2_ws/install/ugv_sdk' for CMake config files
[1.432s] DEBUG:colcon.colcon_core.event_handler.log_command:Invoked command in '/home/vertin/ros2_ws/build/ugv_sdk' returned '0': /usr/bin/cmake --install /home/vertin/ros2_ws/build/ugv_sdk
[1.436s] Level 1:colcon.colcon_core.shell:create_environment_hook('ugv_sdk', 'cmake_prefix_path')
[1.436s] INFO:colcon.colcon_core.shell:Creating environment hook '/home/vertin/ros2_ws/install/ugv_sdk/share/ugv_sdk/hook/cmake_prefix_path.ps1'
[1.439s] INFO:colcon.colcon_core.shell:Creating environment descriptor '/home/vertin/ros2_ws/install/ugv_sdk/share/ugv_sdk/hook/cmake_prefix_path.dsv'
[1.443s] INFO:colcon.colcon_core.shell:Creating environment hook '/home/vertin/ros2_ws/install/ugv_sdk/share/ugv_sdk/hook/cmake_prefix_path.sh'
[1.447s] Level 1:colcon.colcon_core.environment:checking '/home/vertin/ros2_ws/install/ugv_sdk/lib'
[1.448s] Level 1:colcon.colcon_core.environment:checking '/home/vertin/ros2_ws/install/ugv_sdk/bin'
[1.448s] Level 1:colcon.colcon_core.environment:checking '/home/vertin/ros2_ws/install/ugv_sdk/lib/pkgconfig/ugv_sdk.pc'
[1.449s] Level 1:colcon.colcon_core.environment:checking '/home/vertin/ros2_ws/install/ugv_sdk/lib/python3.10/site-packages'
[1.449s] Level 1:colcon.colcon_core.environment:checking '/home/vertin/ros2_ws/install/ugv_sdk/bin'
[1.450s] INFO:colcon.colcon_core.shell:Creating package script '/home/vertin/ros2_ws/install/ugv_sdk/share/ugv_sdk/package.ps1'
[1.454s] INFO:colcon.colcon_core.shell:Creating package descriptor '/home/vertin/ros2_ws/install/ugv_sdk/share/ugv_sdk/package.dsv'
[1.456s] INFO:colcon.colcon_core.shell:Creating package script '/home/vertin/ros2_ws/install/ugv_sdk/share/ugv_sdk/package.sh'
[1.462s] INFO:colcon.colcon_core.shell:Creating package script '/home/vertin/ros2_ws/install/ugv_sdk/share/ugv_sdk/package.bash'
[1.468s] INFO:colcon.colcon_core.shell:Creating package script '/home/vertin/ros2_ws/install/ugv_sdk/share/ugv_sdk/package.zsh'
[1.471s] Level 1:colcon.colcon_core.environment:create_file_with_runtime_dependencies(/home/vertin/ros2_ws/install/ugv_sdk/share/colcon-core/packages/ugv_sdk)
[1.477s] WARNING:colcon.colcon_cmake.task.cmake.build:Could not run installation step for package 'unitree_lidar_sdk' because it has no 'install' target
[1.478s] Level 1:colcon.colcon_core.environment:create_environment_scripts_only(unitree_lidar_sdk)
[1.478s] Level 1:colcon.colcon_core.environment:checking '/home/vertin/ros2_ws/install/unitree_lidar_sdk' for CMake module files
[1.479s] Level 1:colcon.colcon_core.environment:checking '/home/vertin/ros2_ws/install/unitree_lidar_sdk' for CMake config files
[1.481s] Level 1:colcon.colcon_core.environment:checking '/home/vertin/ros2_ws/install/unitree_lidar_sdk/bin'
[1.481s] Level 1:colcon.colcon_core.environment:checking '/home/vertin/ros2_ws/install/unitree_lidar_sdk/lib/pkgconfig/unitree_lidar_sdk.pc'
[1.482s] Level 1:colcon.colcon_core.environment:checking '/home/vertin/ros2_ws/install/unitree_lidar_sdk/lib/python3.10/site-packages'
[1.482s] Level 1:colcon.colcon_core.environment:checking '/home/vertin/ros2_ws/install/unitree_lidar_sdk/bin'
[1.483s] INFO:colcon.colcon_core.shell:Creating package script '/home/vertin/ros2_ws/install/unitree_lidar_sdk/share/unitree_lidar_sdk/package.ps1'
[1.485s] INFO:colcon.colcon_core.shell:Creating package descriptor '/home/vertin/ros2_ws/install/unitree_lidar_sdk/share/unitree_lidar_sdk/package.dsv'
[1.491s] INFO:colcon.colcon_core.shell:Creating package script '/home/vertin/ros2_ws/install/unitree_lidar_sdk/share/unitree_lidar_sdk/package.sh'
[1.498s] INFO:colcon.colcon_core.shell:Creating package script '/home/vertin/ros2_ws/install/unitree_lidar_sdk/share/unitree_lidar_sdk/package.bash'
[1.505s] INFO:colcon.colcon_core.shell:Creating package script '/home/vertin/ros2_ws/install/unitree_lidar_sdk/share/unitree_lidar_sdk/package.zsh'
[1.506s] Level 1:colcon.colcon_core.environment:create_file_with_runtime_dependencies(/home/vertin/ros2_ws/install/unitree_lidar_sdk/share/colcon-core/packages/unitree_lidar_sdk)
[1.517s] DEBUG:colcon.colcon_core.event_handler.log_command:Invoked command in '/home/vertin/ros2_ws/build/unitree_lidar_sdk' returned '0': /usr/bin/cmake --build /home/vertin/ros2_ws/build/unitree_lidar_sdk -- -j8 -l8
[1.524s] Level 1:colcon.colcon_core.environment:create_environment_scripts_only(lio_sam)
[1.524s] Level 1:colcon.colcon_core.environment:checking '/home/vertin/ros2_ws/install/lio_sam' for CMake module files
[1.526s] Level 1:colcon.colcon_core.environment:checking '/home/vertin/ros2_ws/install/lio_sam' for CMake config files
[1.527s] Level 1:colcon.colcon_core.shell:create_environment_hook('lio_sam', 'cmake_prefix_path')
[1.531s] INFO:colcon.colcon_core.shell:Creating environment hook '/home/vertin/ros2_ws/install/lio_sam/share/lio_sam/hook/cmake_prefix_path.ps1'
[1.533s] INFO:colcon.colcon_core.shell:Creating environment descriptor '/home/vertin/ros2_ws/install/lio_sam/share/lio_sam/hook/cmake_prefix_path.dsv'
[1.537s] INFO:colcon.colcon_core.shell:Creating environment hook '/home/vertin/ros2_ws/install/lio_sam/share/lio_sam/hook/cmake_prefix_path.sh'
[1.541s] Level 1:colcon.colcon_core.environment:checking '/home/vertin/ros2_ws/install/lio_sam/lib'
[1.542s] Level 1:colcon.colcon_core.shell:create_environment_hook('lio_sam', 'ld_library_path_lib')
[1.542s] INFO:colcon.colcon_core.shell:Creating environment hook '/home/vertin/ros2_ws/install/lio_sam/share/lio_sam/hook/ld_library_path_lib.ps1'
[1.543s] INFO:colcon.colcon_core.shell:Creating environment descriptor '/home/vertin/ros2_ws/install/lio_sam/share/lio_sam/hook/ld_library_path_lib.dsv'
[1.544s] INFO:colcon.colcon_core.shell:Creating environment hook '/home/vertin/ros2_ws/install/lio_sam/share/lio_sam/hook/ld_library_path_lib.sh'
[1.548s] DEBUG:colcon.colcon_core.event_handler.log_command:Invoked command in '/home/vertin/ros2_ws/build/unitree_lidar_ros2' returned '0': CMAKE_PREFIX_PATH=/home/vertin/my_ws/install/robot_localizer:/opt/ros/humble /usr/bin/cmake --build /home/vertin/ros2_ws/build/unitree_lidar_ros2 -- -j8 -l8
[1.548s] DEBUG:colcon.colcon_core.event_handler.log_command:Invoking command in '/home/vertin/ros2_ws/build/unitree_lidar_ros2': CMAKE_PREFIX_PATH=/home/vertin/my_ws/install/robot_localizer:/opt/ros/humble /usr/bin/cmake --install /home/vertin/ros2_ws/build/unitree_lidar_ros2
[1.549s] DEBUG:colcon.colcon_core.event_handler.log_command:Invoked command in '/home/vertin/ros2_ws/build/lio_sam' returned '0': CMAKE_PREFIX_PATH=/home/vertin/my_ws/install/robot_localizer:/opt/ros/humble /usr/bin/cmake --install /home/vertin/ros2_ws/build/lio_sam
[1.549s] Level 1:colcon.colcon_core.environment:checking '/home/vertin/ros2_ws/install/lio_sam/bin'
[1.550s] Level 1:colcon.colcon_core.environment:checking '/home/vertin/ros2_ws/install/lio_sam/lib/pkgconfig/lio_sam.pc'
[1.550s] Level 1:colcon.colcon_core.environment:checking '/home/vertin/ros2_ws/install/lio_sam/lib/python3.10/site-packages'
[1.551s] Level 1:colcon.colcon_core.environment:checking '/home/vertin/ros2_ws/install/lio_sam/bin'
[1.551s] INFO:colcon.colcon_core.shell:Creating package script '/home/vertin/ros2_ws/install/lio_sam/share/lio_sam/package.ps1'
[1.552s] INFO:colcon.colcon_core.shell:Creating package descriptor '/home/vertin/ros2_ws/install/lio_sam/share/lio_sam/package.dsv'
[1.553s] INFO:colcon.colcon_core.shell:Creating package script '/home/vertin/ros2_ws/install/lio_sam/share/lio_sam/package.sh'
[1.555s] INFO:colcon.colcon_core.shell:Creating package script '/home/vertin/ros2_ws/install/lio_sam/share/lio_sam/package.bash'
[1.555s] INFO:colcon.colcon_core.shell:Creating package script '/home/vertin/ros2_ws/install/lio_sam/share/lio_sam/package.zsh'
[1.556s] Level 1:colcon.colcon_core.environment:create_file_with_runtime_dependencies(/home/vertin/ros2_ws/install/lio_sam/share/colcon-core/packages/lio_sam)
[1.557s] Level 1:colcon.colcon_core.environment:create_environment_scripts_only(lio_sam)
[1.557s] Level 1:colcon.colcon_core.environment:checking '/home/vertin/ros2_ws/install/lio_sam' for CMake module files
[1.558s] Level 1:colcon.colcon_core.environment:checking '/home/vertin/ros2_ws/install/lio_sam' for CMake config files
[1.559s] Level 1:colcon.colcon_core.shell:create_environment_hook('lio_sam', 'cmake_prefix_path')
[1.560s] INFO:colcon.colcon_core.shell:Creating environment hook '/home/vertin/ros2_ws/install/lio_sam/share/lio_sam/hook/cmake_prefix_path.ps1'
[1.561s] INFO:colcon.colcon_core.shell:Creating environment descriptor '/home/vertin/ros2_ws/install/lio_sam/share/lio_sam/hook/cmake_prefix_path.dsv'
[1.561s] INFO:colcon.colcon_core.shell:Creating environment hook '/home/vertin/ros2_ws/install/lio_sam/share/lio_sam/hook/cmake_prefix_path.sh'
[1.562s] Level 1:colcon.colcon_core.environment:checking '/home/vertin/ros2_ws/install/lio_sam/lib'
[1.562s] Level 1:colcon.colcon_core.shell:create_environment_hook('lio_sam', 'ld_library_path_lib')
[1.562s] INFO:colcon.colcon_core.shell:Creating environment hook '/home/vertin/ros2_ws/install/lio_sam/share/lio_sam/hook/ld_library_path_lib.ps1'
[1.563s] INFO:colcon.colcon_core.shell:Creating environment descriptor '/home/vertin/ros2_ws/install/lio_sam/share/lio_sam/hook/ld_library_path_lib.dsv'
[1.563s] INFO:colcon.colcon_core.shell:Creating environment hook '/home/vertin/ros2_ws/install/lio_sam/share/lio_sam/hook/ld_library_path_lib.sh'
[1.564s] Level 1:colcon.colcon_core.environment:checking '/home/vertin/ros2_ws/install/lio_sam/bin'
[1.564s] Level 1:colcon.colcon_core.environment:checking '/home/vertin/ros2_ws/install/lio_sam/lib/pkgconfig/lio_sam.pc'
[1.564s] Level 1:colcon.colcon_core.environment:checking '/home/vertin/ros2_ws/install/lio_sam/lib/python3.10/site-packages'
[1.565s] Level 1:colcon.colcon_core.environment:checking '/home/vertin/ros2_ws/install/lio_sam/bin'
[1.565s] INFO:colcon.colcon_core.shell:Creating package script '/home/vertin/ros2_ws/install/lio_sam/share/lio_sam/package.ps1'
[1.566s] INFO:colcon.colcon_core.shell:Creating package descriptor '/home/vertin/ros2_ws/install/lio_sam/share/lio_sam/package.dsv'
[1.568s] INFO:colcon.colcon_core.shell:Creating package script '/home/vertin/ros2_ws/install/lio_sam/share/lio_sam/package.sh'
[1.571s] INFO:colcon.colcon_core.shell:Creating package script '/home/vertin/ros2_ws/install/lio_sam/share/lio_sam/package.bash'
[1.572s] INFO:colcon.colcon_core.shell:Creating package script '/home/vertin/ros2_ws/install/lio_sam/share/lio_sam/package.zsh'
[1.574s] Level 1:colcon.colcon_core.environment:create_file_with_runtime_dependencies(/home/vertin/ros2_ws/install/lio_sam/share/colcon-core/packages/lio_sam)
[1.576s] Level 1:colcon.colcon_core.environment:create_environment_scripts_only(tracer_msgs)
[1.578s] Level 1:colcon.colcon_core.environment:checking '/home/vertin/ros2_ws/install/tracer_msgs' for CMake module files
[1.582s] DEBUG:colcon.colcon_core.event_handler.log_command:Invoked command in '/home/vertin/ros2_ws/build/tracer_msgs' returned '0': CMAKE_PREFIX_PATH=/home/vertin/my_ws/install/robot_localizer:/opt/ros/humble /usr/bin/cmake --install /home/vertin/ros2_ws/build/tracer_msgs
[1.587s] Level 1:colcon.colcon_core.environment:checking '/home/vertin/ros2_ws/install/tracer_msgs' for CMake config files
[1.589s] Level 1:colcon.colcon_core.shell:create_environment_hook('tracer_msgs', 'cmake_prefix_path')
[1.590s] INFO:colcon.colcon_core.shell:Creating environment hook '/home/vertin/ros2_ws/install/tracer_msgs/share/tracer_msgs/hook/cmake_prefix_path.ps1'
[1.591s] INFO:colcon.colcon_core.shell:Creating environment descriptor '/home/vertin/ros2_ws/install/tracer_msgs/share/tracer_msgs/hook/cmake_prefix_path.dsv'
[1.591s] INFO:colcon.colcon_core.shell:Creating environment hook '/home/vertin/ros2_ws/install/tracer_msgs/share/tracer_msgs/hook/cmake_prefix_path.sh'
[1.592s] Level 1:colcon.colcon_core.environment:checking '/home/vertin/ros2_ws/install/tracer_msgs/lib'
[1.592s] Level 1:colcon.colcon_core.shell:create_environment_hook('tracer_msgs', 'ld_library_path_lib')
[1.593s] INFO:colcon.colcon_core.shell:Creating environment hook '/home/vertin/ros2_ws/install/tracer_msgs/share/tracer_msgs/hook/ld_library_path_lib.ps1'
[1.594s] INFO:colcon.colcon_core.shell:Creating environment descriptor '/home/vertin/ros2_ws/install/tracer_msgs/share/tracer_msgs/hook/ld_library_path_lib.dsv'
[1.594s] INFO:colcon.colcon_core.shell:Creating environment hook '/home/vertin/ros2_ws/install/tracer_msgs/share/tracer_msgs/hook/ld_library_path_lib.sh'
[1.595s] Level 1:colcon.colcon_core.environment:checking '/home/vertin/ros2_ws/install/tracer_msgs/bin'
[1.595s] Level 1:colcon.colcon_core.environment:checking '/home/vertin/ros2_ws/install/tracer_msgs/lib/pkgconfig/tracer_msgs.pc'
[1.595s] Level 1:colcon.colcon_core.environment:checking '/home/vertin/ros2_ws/install/tracer_msgs/lib/python3.10/site-packages'
[1.596s] Level 1:colcon.colcon_core.environment:checking '/home/vertin/ros2_ws/install/tracer_msgs/bin'
[1.597s] INFO:colcon.colcon_core.shell:Creating package script '/home/vertin/ros2_ws/install/tracer_msgs/share/tracer_msgs/package.ps1'
[1.597s] INFO:colcon.colcon_core.shell:Creating package descriptor '/home/vertin/ros2_ws/install/tracer_msgs/share/tracer_msgs/package.dsv'
[1.598s] INFO:colcon.colcon_core.shell:Creating package script '/home/vertin/ros2_ws/install/tracer_msgs/share/tracer_msgs/package.sh'
[1.598s] INFO:colcon.colcon_core.shell:Creating package script '/home/vertin/ros2_ws/install/tracer_msgs/share/tracer_msgs/package.bash'
[1.599s] INFO:colcon.colcon_core.shell:Creating package script '/home/vertin/ros2_ws/install/tracer_msgs/share/tracer_msgs/package.zsh'
[1.599s] Level 1:colcon.colcon_core.environment:create_file_with_runtime_dependencies(/home/vertin/ros2_ws/install/tracer_msgs/share/colcon-core/packages/tracer_msgs)
[1.600s] Level 1:colcon.colcon_core.environment:create_environment_scripts_only(tracer_msgs)
[1.601s] Level 1:colcon.colcon_core.environment:checking '/home/vertin/ros2_ws/install/tracer_msgs' for CMake module files
[1.601s] Level 1:colcon.colcon_core.environment:checking '/home/vertin/ros2_ws/install/tracer_msgs' for CMake config files
[1.602s] Level 1:colcon.colcon_core.shell:create_environment_hook('tracer_msgs', 'cmake_prefix_path')
[1.603s] INFO:colcon.colcon_core.shell:Creating environment hook '/home/vertin/ros2_ws/install/tracer_msgs/share/tracer_msgs/hook/cmake_prefix_path.ps1'
[1.604s] INFO:colcon.colcon_core.shell:Creating environment descriptor '/home/vertin/ros2_ws/install/tracer_msgs/share/tracer_msgs/hook/cmake_prefix_path.dsv'
[1.604s] INFO:colcon.colcon_core.shell:Creating environment hook '/home/vertin/ros2_ws/install/tracer_msgs/share/tracer_msgs/hook/cmake_prefix_path.sh'
[1.605s] Level 1:colcon.colcon_core.environment:checking '/home/vertin/ros2_ws/install/tracer_msgs/lib'
[1.606s] Level 1:colcon.colcon_core.shell:create_environment_hook('tracer_msgs', 'ld_library_path_lib')
[1.606s] INFO:colcon.colcon_core.shell:Creating environment hook '/home/vertin/ros2_ws/install/tracer_msgs/share/tracer_msgs/hook/ld_library_path_lib.ps1'
[1.608s] INFO:colcon.colcon_core.shell:Creating environment descriptor '/home/vertin/ros2_ws/install/tracer_msgs/share/tracer_msgs/hook/ld_library_path_lib.dsv'
[1.609s] INFO:colcon.colcon_core.shell:Creating environment hook '/home/vertin/ros2_ws/install/tracer_msgs/share/tracer_msgs/hook/ld_library_path_lib.sh'
[1.609s] Level 1:colcon.colcon_core.environment:checking '/home/vertin/ros2_ws/install/tracer_msgs/bin'
[1.609s] Level 1:colcon.colcon_core.environment:checking '/home/vertin/ros2_ws/install/tracer_msgs/lib/pkgconfig/tracer_msgs.pc'
[1.609s] Level 1:colcon.colcon_core.environment:checking '/home/vertin/ros2_ws/install/tracer_msgs/lib/python3.10/site-packages'
[1.610s] Level 1:colcon.colcon_core.environment:checking '/home/vertin/ros2_ws/install/tracer_msgs/bin'
[1.610s] INFO:colcon.colcon_core.shell:Creating package script '/home/vertin/ros2_ws/install/tracer_msgs/share/tracer_msgs/package.ps1'
[1.611s] INFO:colcon.colcon_core.shell:Creating package descriptor '/home/vertin/ros2_ws/install/tracer_msgs/share/tracer_msgs/package.dsv'
[1.612s] INFO:colcon.colcon_core.shell:Creating package script '/home/vertin/ros2_ws/install/tracer_msgs/share/tracer_msgs/package.sh'
[1.613s] INFO:colcon.colcon_core.shell:Creating package script '/home/vertin/ros2_ws/install/tracer_msgs/share/tracer_msgs/package.bash'
[1.613s] INFO:colcon.colcon_core.shell:Creating package script '/home/vertin/ros2_ws/install/tracer_msgs/share/tracer_msgs/package.zsh'
[1.614s] Level 1:colcon.colcon_core.environment:create_file_with_runtime_dependencies(/home/vertin/ros2_ws/install/tracer_msgs/share/colcon-core/packages/tracer_msgs)
[1.615s] INFO:colcon.colcon_ros.task.ament_cmake.build:Building ROS package in '/home/vertin/ros2_ws/src/tracer_ros2/tracer_base' with build type 'ament_cmake'
[1.615s] INFO:colcon.colcon_cmake.task.cmake.build:Building CMake package in '/home/vertin/ros2_ws/src/tracer_ros2/tracer_base'
[1.615s] INFO:colcon.colcon_core.shell:Skip shell extension 'powershell' for command environment: Not usable outside of PowerShell
[1.615s] DEBUG:colcon.colcon_core.shell:Skip shell extension 'dsv' for command environment
[1.629s] Level 1:colcon.colcon_core.environment:create_environment_scripts_only(unitree_lidar_ros2)
[1.629s] Level 1:colcon.colcon_core.environment:checking '/home/vertin/ros2_ws/install/unitree_lidar_ros2' for CMake module files
[1.631s] DEBUG:colcon.colcon_core.event_handler.log_command:Invoked command in '/home/vertin/ros2_ws/build/unitree_lidar_ros2' returned '0': CMAKE_PREFIX_PATH=/home/vertin/my_ws/install/robot_localizer:/opt/ros/humble /usr/bin/cmake --install /home/vertin/ros2_ws/build/unitree_lidar_ros2
[1.633s] Level 1:colcon.colcon_core.environment:checking '/home/vertin/ros2_ws/install/unitree_lidar_ros2' for CMake config files
[1.634s] Level 1:colcon.colcon_core.shell:create_environment_hook('unitree_lidar_ros2', 'cmake_prefix_path')
[1.636s] INFO:colcon.colcon_core.shell:Creating environment hook '/home/vertin/ros2_ws/install/unitree_lidar_ros2/share/unitree_lidar_ros2/hook/cmake_prefix_path.ps1'
[1.637s] INFO:colcon.colcon_core.shell:Creating environment descriptor '/home/vertin/ros2_ws/install/unitree_lidar_ros2/share/unitree_lidar_ros2/hook/cmake_prefix_path.dsv'
[1.639s] INFO:colcon.colcon_core.shell:Creating environment hook '/home/vertin/ros2_ws/install/unitree_lidar_ros2/share/unitree_lidar_ros2/hook/cmake_prefix_path.sh'
[1.640s] Level 1:colcon.colcon_core.environment:checking '/home/vertin/ros2_ws/install/unitree_lidar_ros2/lib'
[1.640s] Level 1:colcon.colcon_core.environment:checking '/home/vertin/ros2_ws/install/unitree_lidar_ros2/bin'
[1.640s] Level 1:colcon.colcon_core.environment:checking '/home/vertin/ros2_ws/install/unitree_lidar_ros2/lib/pkgconfig/unitree_lidar_ros2.pc'
[1.641s] Level 1:colcon.colcon_core.environment:checking '/home/vertin/ros2_ws/install/unitree_lidar_ros2/lib/python3.10/site-packages'
[1.641s] Level 1:colcon.colcon_core.environment:checking '/home/vertin/ros2_ws/install/unitree_lidar_ros2/bin'
[1.642s] INFO:colcon.colcon_core.shell:Creating package script '/home/vertin/ros2_ws/install/unitree_lidar_ros2/share/unitree_lidar_ros2/package.ps1'
[1.642s] INFO:colcon.colcon_core.shell:Creating package descriptor '/home/vertin/ros2_ws/install/unitree_lidar_ros2/share/unitree_lidar_ros2/package.dsv'
[1.643s] INFO:colcon.colcon_core.shell:Creating package script '/home/vertin/ros2_ws/install/unitree_lidar_ros2/share/unitree_lidar_ros2/package.sh'
[1.644s] INFO:colcon.colcon_core.shell:Creating package script '/home/vertin/ros2_ws/install/unitree_lidar_ros2/share/unitree_lidar_ros2/package.bash'
[1.644s] INFO:colcon.colcon_core.shell:Creating package script '/home/vertin/ros2_ws/install/unitree_lidar_ros2/share/unitree_lidar_ros2/package.zsh'
[1.645s] Level 1:colcon.colcon_core.environment:create_file_with_runtime_dependencies(/home/vertin/ros2_ws/install/unitree_lidar_ros2/share/colcon-core/packages/unitree_lidar_ros2)
[1.646s] Level 1:colcon.colcon_core.environment:create_environment_scripts_only(unitree_lidar_ros2)
[1.646s] Level 1:colcon.colcon_core.environment:checking '/home/vertin/ros2_ws/install/unitree_lidar_ros2' for CMake module files
[1.647s] Level 1:colcon.colcon_core.environment:checking '/home/vertin/ros2_ws/install/unitree_lidar_ros2' for CMake config files
[1.647s] Level 1:colcon.colcon_core.shell:create_environment_hook('unitree_lidar_ros2', 'cmake_prefix_path')
[1.648s] INFO:colcon.colcon_core.shell:Creating environment hook '/home/vertin/ros2_ws/install/unitree_lidar_ros2/share/unitree_lidar_ros2/hook/cmake_prefix_path.ps1'
[1.648s] INFO:colcon.colcon_core.shell:Creating environment descriptor '/home/vertin/ros2_ws/install/unitree_lidar_ros2/share/unitree_lidar_ros2/hook/cmake_prefix_path.dsv'
[1.649s] INFO:colcon.colcon_core.shell:Creating environment hook '/home/vertin/ros2_ws/install/unitree_lidar_ros2/share/unitree_lidar_ros2/hook/cmake_prefix_path.sh'
[1.650s] Level 1:colcon.colcon_core.environment:checking '/home/vertin/ros2_ws/install/unitree_lidar_ros2/lib'
[1.651s] Level 1:colcon.colcon_core.environment:checking '/home/vertin/ros2_ws/install/unitree_lidar_ros2/bin'
[1.651s] Level 1:colcon.colcon_core.environment:checking '/home/vertin/ros2_ws/install/unitree_lidar_ros2/lib/pkgconfig/unitree_lidar_ros2.pc'
[1.652s] Level 1:colcon.colcon_core.environment:checking '/home/vertin/ros2_ws/install/unitree_lidar_ros2/lib/python3.10/site-packages'
[1.654s] Level 1:colcon.colcon_core.environment:checking '/home/vertin/ros2_ws/install/unitree_lidar_ros2/bin'
[1.654s] INFO:colcon.colcon_core.shell:Creating package script '/home/vertin/ros2_ws/install/unitree_lidar_ros2/share/unitree_lidar_ros2/package.ps1'
[1.657s] INFO:colcon.colcon_core.shell:Creating package descriptor '/home/vertin/ros2_ws/install/unitree_lidar_ros2/share/unitree_lidar_ros2/package.dsv'
[1.658s] INFO:colcon.colcon_core.shell:Creating package script '/home/vertin/ros2_ws/install/unitree_lidar_ros2/share/unitree_lidar_ros2/package.sh'
[1.659s] INFO:colcon.colcon_core.shell:Creating package script '/home/vertin/ros2_ws/install/unitree_lidar_ros2/share/unitree_lidar_ros2/package.bash'
[1.661s] INFO:colcon.colcon_core.shell:Creating package script '/home/vertin/ros2_ws/install/unitree_lidar_ros2/share/unitree_lidar_ros2/package.zsh'
[1.663s] Level 1:colcon.colcon_core.environment:create_file_with_runtime_dependencies(/home/vertin/ros2_ws/install/unitree_lidar_ros2/share/colcon-core/packages/unitree_lidar_ros2)
[1.675s] DEBUG:colcon.colcon_core.event_handler.log_command:Invoking command in '/home/vertin/ros2_ws/build/tracer_base': AMENT_PREFIX_PATH=/home/vertin/ros2_ws/install/tracer_msgs:${AMENT_PREFIX_PATH} CMAKE_PREFIX_PATH=/home/vertin/my_ws/install/robot_localizer:/opt/ros/humble:/home/vertin/ros2_ws/install/ugv_sdk:/home/vertin/ros2_ws/install/tracer_msgs LD_LIBRARY_PATH=/home/vertin/ros2_ws/install/tracer_msgs/lib:${LD_LIBRARY_PATH} PKG_CONFIG_PATH=/home/vertin/ros2_ws/install/ugv_sdk/lib/x86_64-linux-gnu/pkgconfig:/home/vertin/ros2_ws/install/ugv_sdk/lib/pkgconfig PYTHONPATH=/home/vertin/ros2_ws/install/tracer_msgs/local/lib/python3.10/dist-packages:${PYTHONPATH} ROS_PACKAGE_PATH=/home/vertin/ros2_ws/install/ugv_sdk/share /usr/bin/cmake --build /home/vertin/ros2_ws/build/tracer_base -- -j8 -l8
[1.794s] DEBUG:colcon.colcon_core.event_handler.log_command:Invoked command in '/home/vertin/ros2_ws/build/tracer_base' returned '0': AMENT_PREFIX_PATH=/home/vertin/ros2_ws/install/tracer_msgs:${AMENT_PREFIX_PATH} CMAKE_PREFIX_PATH=/home/vertin/my_ws/install/robot_localizer:/opt/ros/humble:/home/vertin/ros2_ws/install/ugv_sdk:/home/vertin/ros2_ws/install/tracer_msgs LD_LIBRARY_PATH=/home/vertin/ros2_ws/install/tracer_msgs/lib:${LD_LIBRARY_PATH} PKG_CONFIG_PATH=/home/vertin/ros2_ws/install/ugv_sdk/lib/x86_64-linux-gnu/pkgconfig:/home/vertin/ros2_ws/install/ugv_sdk/lib/pkgconfig PYTHONPATH=/home/vertin/ros2_ws/install/tracer_msgs/local/lib/python3.10/dist-packages:${PYTHONPATH} ROS_PACKAGE_PATH=/home/vertin/ros2_ws/install/ugv_sdk/share /usr/bin/cmake --build /home/vertin/ros2_ws/build/tracer_base -- -j8 -l8
[1.796s] DEBUG:colcon.colcon_core.event_handler.log_command:Invoking command in '/home/vertin/ros2_ws/build/tracer_base': AMENT_PREFIX_PATH=/home/vertin/ros2_ws/install/tracer_msgs:${AMENT_PREFIX_PATH} CMAKE_PREFIX_PATH=/home/vertin/my_ws/install/robot_localizer:/opt/ros/humble:/home/vertin/ros2_ws/install/ugv_sdk:/home/vertin/ros2_ws/install/tracer_msgs LD_LIBRARY_PATH=/home/vertin/ros2_ws/install/tracer_msgs/lib:${LD_LIBRARY_PATH} PKG_CONFIG_PATH=/home/vertin/ros2_ws/install/ugv_sdk/lib/x86_64-linux-gnu/pkgconfig:/home/vertin/ros2_ws/install/ugv_sdk/lib/pkgconfig PYTHONPATH=/home/vertin/ros2_ws/install/tracer_msgs/local/lib/python3.10/dist-packages:${PYTHONPATH} ROS_PACKAGE_PATH=/home/vertin/ros2_ws/install/ugv_sdk/share /usr/bin/cmake --install /home/vertin/ros2_ws/build/tracer_base
[1.808s] Level 1:colcon.colcon_core.environment:create_environment_scripts_only(tracer_base)
[1.809s] Level 1:colcon.colcon_core.environment:checking '/home/vertin/ros2_ws/install/tracer_base' for CMake module files
[1.809s] DEBUG:colcon.colcon_core.event_handler.log_command:Invoked command in '/home/vertin/ros2_ws/build/tracer_base' returned '0': AMENT_PREFIX_PATH=/home/vertin/ros2_ws/install/tracer_msgs:${AMENT_PREFIX_PATH} CMAKE_PREFIX_PATH=/home/vertin/my_ws/install/robot_localizer:/opt/ros/humble:/home/vertin/ros2_ws/install/ugv_sdk:/home/vertin/ros2_ws/install/tracer_msgs LD_LIBRARY_PATH=/home/vertin/ros2_ws/install/tracer_msgs/lib:${LD_LIBRARY_PATH} PKG_CONFIG_PATH=/home/vertin/ros2_ws/install/ugv_sdk/lib/x86_64-linux-gnu/pkgconfig:/home/vertin/ros2_ws/install/ugv_sdk/lib/pkgconfig PYTHONPATH=/home/vertin/ros2_ws/install/tracer_msgs/local/lib/python3.10/dist-packages:${PYTHONPATH} ROS_PACKAGE_PATH=/home/vertin/ros2_ws/install/ugv_sdk/share /usr/bin/cmake --install /home/vertin/ros2_ws/build/tracer_base
[1.810s] Level 1:colcon.colcon_core.environment:checking '/home/vertin/ros2_ws/install/tracer_base' for CMake config files
[1.810s] Level 1:colcon.colcon_core.shell:create_environment_hook('tracer_base', 'cmake_prefix_path')
[1.810s] INFO:colcon.colcon_core.shell:Creating environment hook '/home/vertin/ros2_ws/install/tracer_base/share/tracer_base/hook/cmake_prefix_path.ps1'
[1.811s] INFO:colcon.colcon_core.shell:Creating environment descriptor '/home/vertin/ros2_ws/install/tracer_base/share/tracer_base/hook/cmake_prefix_path.dsv'
[1.811s] INFO:colcon.colcon_core.shell:Creating environment hook '/home/vertin/ros2_ws/install/tracer_base/share/tracer_base/hook/cmake_prefix_path.sh'
[1.812s] Level 1:colcon.colcon_core.environment:checking '/home/vertin/ros2_ws/install/tracer_base/lib'
[1.812s] Level 1:colcon.colcon_core.environment:checking '/home/vertin/ros2_ws/install/tracer_base/bin'
[1.812s] Level 1:colcon.colcon_core.environment:checking '/home/vertin/ros2_ws/install/tracer_base/lib/pkgconfig/tracer_base.pc'
[1.812s] Level 1:colcon.colcon_core.environment:checking '/home/vertin/ros2_ws/install/tracer_base/lib/python3.10/site-packages'
[1.812s] Level 1:colcon.colcon_core.environment:checking '/home/vertin/ros2_ws/install/tracer_base/bin'
[1.812s] INFO:colcon.colcon_core.shell:Creating package script '/home/vertin/ros2_ws/install/tracer_base/share/tracer_base/package.ps1'
[1.813s] INFO:colcon.colcon_core.shell:Creating package descriptor '/home/vertin/ros2_ws/install/tracer_base/share/tracer_base/package.dsv'
[1.813s] INFO:colcon.colcon_core.shell:Creating package script '/home/vertin/ros2_ws/install/tracer_base/share/tracer_base/package.sh'
[1.814s] INFO:colcon.colcon_core.shell:Creating package script '/home/vertin/ros2_ws/install/tracer_base/share/tracer_base/package.bash'
[1.814s] INFO:colcon.colcon_core.shell:Creating package script '/home/vertin/ros2_ws/install/tracer_base/share/tracer_base/package.zsh'
[1.814s] Level 1:colcon.colcon_core.environment:create_file_with_runtime_dependencies(/home/vertin/ros2_ws/install/tracer_base/share/colcon-core/packages/tracer_base)
[1.815s] Level 1:colcon.colcon_core.environment:create_environment_scripts_only(tracer_base)
[1.815s] Level 1:colcon.colcon_core.environment:checking '/home/vertin/ros2_ws/install/tracer_base' for CMake module files
[1.815s] Level 1:colcon.colcon_core.environment:checking '/home/vertin/ros2_ws/install/tracer_base' for CMake config files
[1.815s] Level 1:colcon.colcon_core.shell:create_environment_hook('tracer_base', 'cmake_prefix_path')
[1.815s] INFO:colcon.colcon_core.shell:Creating environment hook '/home/vertin/ros2_ws/install/tracer_base/share/tracer_base/hook/cmake_prefix_path.ps1'
[1.816s] INFO:colcon.colcon_core.shell:Creating environment descriptor '/home/vertin/ros2_ws/install/tracer_base/share/tracer_base/hook/cmake_prefix_path.dsv'
[1.818s] INFO:colcon.colcon_core.shell:Creating environment hook '/home/vertin/ros2_ws/install/tracer_base/share/tracer_base/hook/cmake_prefix_path.sh'
[1.821s] Level 1:colcon.colcon_core.environment:checking '/home/vertin/ros2_ws/install/tracer_base/lib'
[1.821s] Level 1:colcon.colcon_core.environment:checking '/home/vertin/ros2_ws/install/tracer_base/bin'
[1.821s] Level 1:colcon.colcon_core.environment:checking '/home/vertin/ros2_ws/install/tracer_base/lib/pkgconfig/tracer_base.pc'
[1.822s] Level 1:colcon.colcon_core.environment:checking '/home/vertin/ros2_ws/install/tracer_base/lib/python3.10/site-packages'
[1.822s] Level 1:colcon.colcon_core.environment:checking '/home/vertin/ros2_ws/install/tracer_base/bin'
[1.822s] INFO:colcon.colcon_core.shell:Creating package script '/home/vertin/ros2_ws/install/tracer_base/share/tracer_base/package.ps1'
[1.822s] INFO:colcon.colcon_core.shell:Creating package descriptor '/home/vertin/ros2_ws/install/tracer_base/share/tracer_base/package.dsv'
[1.823s] INFO:colcon.colcon_core.shell:Creating package script '/home/vertin/ros2_ws/install/tracer_base/share/tracer_base/package.sh'
[1.823s] INFO:colcon.colcon_core.shell:Creating package script '/home/vertin/ros2_ws/install/tracer_base/share/tracer_base/package.bash'
[1.823s] INFO:colcon.colcon_core.shell:Creating package script '/home/vertin/ros2_ws/install/tracer_base/share/tracer_base/package.zsh'
[1.824s] Level 1:colcon.colcon_core.environment:create_file_with_runtime_dependencies(/home/vertin/ros2_ws/install/tracer_base/share/colcon-core/packages/tracer_base)
[3.408s] DEBUG:colcon.colcon_core.event_handler.log_command:Invoking command in '/home/vertin/ros2_ws/src/my_python_pkg': PYTHONPATH=/home/vertin/ros2_ws/build/my_python_pkg/prefix_override:/usr/lib/python3/dist-packages/colcon_core/task/python/colcon_distutils_commands:/home/vertin/ros2_ws/install/my_python_pkg/lib/python3.10/site-packages:${PYTHONPATH} /usr/bin/python3 -W ignore:setup.py install is deprecated -W ignore:easy_install command is deprecated setup.py egg_info --egg-base ../../build/my_python_pkg build --build-base /home/vertin/ros2_ws/build/my_python_pkg/build install --record /home/vertin/ros2_ws/build/my_python_pkg/install.log --single-version-externally-managed install_data
[3.558s] DEBUG:colcon.colcon_core.event_handler.log_command:Invoking command in '/home/vertin/ros2_ws/src/nav2_launch_test': PYTHONPATH=/home/vertin/ros2_ws/build/nav2_launch_test/prefix_override:/usr/lib/python3/dist-packages/colcon_core/task/python/colcon_distutils_commands:/home/vertin/ros2_ws/install/nav2_launch_test/lib/python3.10/site-packages:${PYTHONPATH} /usr/bin/python3 -W ignore:setup.py install is deprecated -W ignore:easy_install command is deprecated setup.py egg_info --egg-base ../../build/nav2_launch_test build --build-base /home/vertin/ros2_ws/build/nav2_launch_test/build install --record /home/vertin/ros2_ws/build/nav2_launch_test/install.log --single-version-externally-managed install_data
[7.381s] Level 1:colcon.colcon_core.environment:checking '/home/vertin/ros2_ws/install/my_python_pkg' for CMake module files
[7.382s] DEBUG:colcon.colcon_core.event_handler.log_command:Invoked command in '/home/vertin/ros2_ws/src/my_python_pkg' returned '0': PYTHONPATH=/home/vertin/ros2_ws/build/my_python_pkg/prefix_override:/usr/lib/python3/dist-packages/colcon_core/task/python/colcon_distutils_commands:/home/vertin/ros2_ws/install/my_python_pkg/lib/python3.10/site-packages:${PYTHONPATH} /usr/bin/python3 -W ignore:setup.py install is deprecated -W ignore:easy_install command is deprecated setup.py egg_info --egg-base ../../build/my_python_pkg build --build-base /home/vertin/ros2_ws/build/my_python_pkg/build install --record /home/vertin/ros2_ws/build/my_python_pkg/install.log --single-version-externally-managed install_data
[7.383s] Level 1:colcon.colcon_core.environment:checking '/home/vertin/ros2_ws/install/my_python_pkg' for CMake config files
[7.383s] Level 1:colcon.colcon_core.environment:checking '/home/vertin/ros2_ws/install/my_python_pkg/lib'
[7.383s] Level 1:colcon.colcon_core.environment:checking '/home/vertin/ros2_ws/install/my_python_pkg/bin'
[7.383s] Level 1:colcon.colcon_core.environment:checking '/home/vertin/ros2_ws/install/my_python_pkg/lib/pkgconfig/my_python_pkg.pc'
[7.384s] Level 1:colcon.colcon_core.environment:checking '/home/vertin/ros2_ws/install/my_python_pkg/lib/python3.10/site-packages'
[7.384s] Level 1:colcon.colcon_core.shell:create_environment_hook('my_python_pkg', 'pythonpath')
[7.384s] INFO:colcon.colcon_core.shell:Creating environment hook '/home/vertin/ros2_ws/install/my_python_pkg/share/my_python_pkg/hook/pythonpath.ps1'
[7.385s] INFO:colcon.colcon_core.shell:Creating environment descriptor '/home/vertin/ros2_ws/install/my_python_pkg/share/my_python_pkg/hook/pythonpath.dsv'
[7.385s] INFO:colcon.colcon_core.shell:Creating environment hook '/home/vertin/ros2_ws/install/my_python_pkg/share/my_python_pkg/hook/pythonpath.sh'
[7.386s] Level 1:colcon.colcon_core.environment:checking '/home/vertin/ros2_ws/install/my_python_pkg/bin'
[7.386s] Level 1:colcon.colcon_core.environment:create_environment_scripts_only(my_python_pkg)
[7.387s] INFO:colcon.colcon_core.shell:Creating package script '/home/vertin/ros2_ws/install/my_python_pkg/share/my_python_pkg/package.ps1'
[7.388s] INFO:colcon.colcon_core.shell:Creating package descriptor '/home/vertin/ros2_ws/install/my_python_pkg/share/my_python_pkg/package.dsv'
[7.389s] INFO:colcon.colcon_core.shell:Creating package script '/home/vertin/ros2_ws/install/my_python_pkg/share/my_python_pkg/package.sh'
[7.390s] INFO:colcon.colcon_core.shell:Creating package script '/home/vertin/ros2_ws/install/my_python_pkg/share/my_python_pkg/package.bash'
[7.391s] INFO:colcon.colcon_core.shell:Creating package script '/home/vertin/ros2_ws/install/my_python_pkg/share/my_python_pkg/package.zsh'
[7.391s] Level 1:colcon.colcon_core.environment:create_file_with_runtime_dependencies(/home/vertin/ros2_ws/install/my_python_pkg/share/colcon-core/packages/my_python_pkg)
[7.393s] Level 1:colcon.colcon_core.environment:checking '/home/vertin/ros2_ws/install/nav2_launch_test' for CMake module files
[7.393s] DEBUG:colcon.colcon_core.event_handler.log_command:Invoked command in '/home/vertin/ros2_ws/src/nav2_launch_test' returned '0': PYTHONPATH=/home/vertin/ros2_ws/build/nav2_launch_test/prefix_override:/usr/lib/python3/dist-packages/colcon_core/task/python/colcon_distutils_commands:/home/vertin/ros2_ws/install/nav2_launch_test/lib/python3.10/site-packages:${PYTHONPATH} /usr/bin/python3 -W ignore:setup.py install is deprecated -W ignore:easy_install command is deprecated setup.py egg_info --egg-base ../../build/nav2_launch_test build --build-base /home/vertin/ros2_ws/build/nav2_launch_test/build install --record /home/vertin/ros2_ws/build/nav2_launch_test/install.log --single-version-externally-managed install_data
[7.394s] Level 1:colcon.colcon_core.environment:checking '/home/vertin/ros2_ws/install/nav2_launch_test' for CMake config files
[7.394s] Level 1:colcon.colcon_core.environment:checking '/home/vertin/ros2_ws/install/nav2_launch_test/lib'
[7.394s] Level 1:colcon.colcon_core.environment:checking '/home/vertin/ros2_ws/install/nav2_launch_test/bin'
[7.395s] Level 1:colcon.colcon_core.environment:checking '/home/vertin/ros2_ws/install/nav2_launch_test/lib/pkgconfig/nav2_launch_test.pc'
[7.395s] Level 1:colcon.colcon_core.environment:checking '/home/vertin/ros2_ws/install/nav2_launch_test/lib/python3.10/site-packages'
[7.395s] Level 1:colcon.colcon_core.shell:create_environment_hook('nav2_launch_test', 'pythonpath')
[7.395s] INFO:colcon.colcon_core.shell:Creating environment hook '/home/vertin/ros2_ws/install/nav2_launch_test/share/nav2_launch_test/hook/pythonpath.ps1'
[7.396s] INFO:colcon.colcon_core.shell:Creating environment descriptor '/home/vertin/ros2_ws/install/nav2_launch_test/share/nav2_launch_test/hook/pythonpath.dsv'
[7.396s] INFO:colcon.colcon_core.shell:Creating environment hook '/home/vertin/ros2_ws/install/nav2_launch_test/share/nav2_launch_test/hook/pythonpath.sh'
[7.397s] Level 1:colcon.colcon_core.environment:checking '/home/vertin/ros2_ws/install/nav2_launch_test/bin'
[7.397s] Level 1:colcon.colcon_core.environment:create_environment_scripts_only(nav2_launch_test)
[7.397s] INFO:colcon.colcon_core.shell:Creating package script '/home/vertin/ros2_ws/install/nav2_launch_test/share/nav2_launch_test/package.ps1'
[7.398s] INFO:colcon.colcon_core.shell:Creating package descriptor '/home/vertin/ros2_ws/install/nav2_launch_test/share/nav2_launch_test/package.dsv'
[7.399s] INFO:colcon.colcon_core.shell:Creating package script '/home/vertin/ros2_ws/install/nav2_launch_test/share/nav2_launch_test/package.sh'
[7.399s] INFO:colcon.colcon_core.shell:Creating package script '/home/vertin/ros2_ws/install/nav2_launch_test/share/nav2_launch_test/package.bash'
[7.400s] INFO:colcon.colcon_core.shell:Creating package script '/home/vertin/ros2_ws/install/nav2_launch_test/share/nav2_launch_test/package.zsh'
[7.400s] Level 1:colcon.colcon_core.environment:create_file_with_runtime_dependencies(/home/vertin/ros2_ws/install/nav2_launch_test/share/colcon-core/packages/nav2_launch_test)
[7.400s] DEBUG:colcon.colcon_parallel_executor.executor.parallel:closing loop
[7.401s] DEBUG:colcon.colcon_parallel_executor.executor.parallel:loop closed
[7.401s] DEBUG:colcon.colcon_parallel_executor.executor.parallel:run_until_complete finished with '0'
[7.401s] DEBUG:colcon.colcon_core.event_reactor:joining thread
[7.409s] INFO:colcon.colcon_core.plugin_system:Skipping extension 'colcon_notification.desktop_notification.terminal_notifier': Not used on non-Darwin systems
[7.409s] INFO:colcon.colcon_core.plugin_system:Skipping extension 'colcon_notification.desktop_notification.win32': Not used on non-Windows systems
[7.409s] INFO:colcon.colcon_notification.desktop_notification:Sending desktop notification using 'notify2'
[7.428s] DEBUG:colcon.colcon_core.event_reactor:joined thread
[7.429s] INFO:colcon.colcon_core.shell:Creating prefix script '/home/vertin/ros2_ws/install/local_setup.ps1'
[7.430s] INFO:colcon.colcon_core.shell:Creating prefix util module '/home/vertin/ros2_ws/install/_local_setup_util_ps1.py'
[7.433s] INFO:colcon.colcon_core.shell:Creating prefix chain script '/home/vertin/ros2_ws/install/setup.ps1'
[7.435s] INFO:colcon.colcon_core.shell:Creating prefix script '/home/vertin/ros2_ws/install/local_setup.sh'
[7.436s] INFO:colcon.colcon_core.shell:Creating prefix util module '/home/vertin/ros2_ws/install/_local_setup_util_sh.py'
[7.437s] INFO:colcon.colcon_core.shell:Creating prefix chain script '/home/vertin/ros2_ws/install/setup.sh'
[7.438s] INFO:colcon.colcon_core.shell:Creating prefix script '/home/vertin/ros2_ws/install/local_setup.bash'
[7.439s] INFO:colcon.colcon_core.shell:Creating prefix chain script '/home/vertin/ros2_ws/install/setup.bash'
[7.440s] INFO:colcon.colcon_core.shell:Creating prefix script '/home/vertin/ros2_ws/install/local_setup.zsh'
[7.440s] INFO:colcon.colcon_core.shell:Creating prefix chain script '/home/vertin/ros2_ws/install/setup.zsh'
