[0.073s] Invoking command in '/home/vertin/ros2_ws/build/tracer_msgs': CMAKE_PREFIX_PATH=/home/vertin/ros2_ws/install/unitree_lidar_ros2:/home/vertin/ros2_ws/install/tracer_base:/home/vertin/ros2_ws/install/nav2_launch_test:/home/vertin/ros2_ws/install/my_python_pkg:/home/vertin/my_ws/install/robot_localizer:/opt/ros/humble:/home/vertin/ros2_ws/install/ugv_sdk:/home/vertin/ros2_ws/install/tracer_msgs:/home/vertin/ros2_ws/install/lio_sam /usr/bin/cmake --build /home/vertin/ros2_ws/build/tracer_msgs -- -j8 -l8
[0.887s] [  1%] Built target tracer_msgs__cpp
[0.887s] [ 12%] Built target tracer_msgs__rosidl_generator_c
[0.887s] [ 12%] Built target ament_cmake_python_copy_tracer_msgs
[0.887s] [ 23%] Built target tracer_msgs__rosidl_typesupport_fastrtps_cpp
[0.888s] [ 34%] Built target tracer_msgs__rosidl_typesupport_introspection_cpp
[0.888s] [ 46%] Built target tracer_msgs__rosidl_typesupport_cpp
[0.888s] [ 57%] Built target tracer_msgs__rosidl_typesupport_c
[0.888s] [ 68%] Built target tracer_msgs__rosidl_typesupport_fastrtps_c
[0.888s] [ 79%] Built target tracer_msgs__rosidl_typesupport_introspection_c
[0.889s] [ 79%] Built target tracer_msgs
[0.889s] [ 80%] Built target tracer_msgs__py
[0.889s] [ 90%] Built target tracer_msgs__rosidl_generator_py
[0.889s] [ 93%] Built target tracer_msgs__rosidl_typesupport_fastrtps_c__pyext
[0.889s] [ 96%] Built target tracer_msgs__rosidl_typesupport_introspection_c__pyext
[0.889s] [100%] Built target tracer_msgs__rosidl_typesupport_c__pyext
[0.889s] running egg_info
[0.889s] writing tracer_msgs.egg-info/PKG-INFO
[0.890s] writing dependency_links to tracer_msgs.egg-info/dependency_links.txt
[0.890s] writing top-level names to tracer_msgs.egg-info/top_level.txt
[0.890s] reading manifest file 'tracer_msgs.egg-info/SOURCES.txt'
[0.890s] writing manifest file 'tracer_msgs.egg-info/SOURCES.txt'
[0.890s] [100%] Built target ament_cmake_python_build_tracer_msgs_egg
[0.909s] Invoked command in '/home/vertin/ros2_ws/build/tracer_msgs' returned '0': CMAKE_PREFIX_PATH=/home/vertin/ros2_ws/install/unitree_lidar_ros2:/home/vertin/ros2_ws/install/tracer_base:/home/vertin/ros2_ws/install/nav2_launch_test:/home/vertin/ros2_ws/install/my_python_pkg:/home/vertin/my_ws/install/robot_localizer:/opt/ros/humble:/home/vertin/ros2_ws/install/ugv_sdk:/home/vertin/ros2_ws/install/tracer_msgs:/home/vertin/ros2_ws/install/lio_sam /usr/bin/cmake --build /home/vertin/ros2_ws/build/tracer_msgs -- -j8 -l8
[0.912s] Invoking command in '/home/vertin/ros2_ws/build/tracer_msgs': CMAKE_PREFIX_PATH=/home/vertin/ros2_ws/install/unitree_lidar_ros2:/home/vertin/ros2_ws/install/tracer_base:/home/vertin/ros2_ws/install/nav2_launch_test:/home/vertin/ros2_ws/install/my_python_pkg:/home/vertin/my_ws/install/robot_localizer:/opt/ros/humble:/home/vertin/ros2_ws/install/ugv_sdk:/home/vertin/ros2_ws/install/tracer_msgs:/home/vertin/ros2_ws/install/lio_sam /usr/bin/cmake --install /home/vertin/ros2_ws/build/tracer_msgs
[0.949s] -- Install configuration: ""
[0.949s] -- Up-to-date: /home/vertin/ros2_ws/install/tracer_msgs/share/ament_index/resource_index/rosidl_interfaces/tracer_msgs
[0.949s] -- Up-to-date: /home/vertin/ros2_ws/install/tracer_msgs/include/tracer_msgs/tracer_msgs
[0.949s] -- Up-to-date: /home/vertin/ros2_ws/install/tracer_msgs/include/tracer_msgs/tracer_msgs/msg
[0.949s] -- Up-to-date: /home/vertin/ros2_ws/install/tracer_msgs/include/tracer_msgs/tracer_msgs/msg/tracer_status.h
[0.950s] -- Up-to-date: /home/vertin/ros2_ws/install/tracer_msgs/include/tracer_msgs/tracer_msgs/msg/tracer_light_cmd.h
[0.951s] -- Up-to-date: /home/vertin/ros2_ws/install/tracer_msgs/include/tracer_msgs/tracer_msgs/msg/rosidl_generator_c__visibility_control.h
[0.952s] -- Up-to-date: /home/vertin/ros2_ws/install/tracer_msgs/include/tracer_msgs/tracer_msgs/msg/tracer_light_state.h
[0.952s] -- Up-to-date: /home/vertin/ros2_ws/install/tracer_msgs/include/tracer_msgs/tracer_msgs/msg/detail
[0.952s] -- Up-to-date: /home/vertin/ros2_ws/install/tracer_msgs/include/tracer_msgs/tracer_msgs/msg/detail/tracer_light_cmd__struct.h
[0.953s] -- Up-to-date: /home/vertin/ros2_ws/install/tracer_msgs/include/tracer_msgs/tracer_msgs/msg/detail/tracer_actuator_state__type_support.h
[0.954s] -- Up-to-date: /home/vertin/ros2_ws/install/tracer_msgs/include/tracer_msgs/tracer_msgs/msg/detail/tracer_light_state__functions.h
[0.954s] -- Up-to-date: /home/vertin/ros2_ws/install/tracer_msgs/include/tracer_msgs/tracer_msgs/msg/detail/tracer_rc_state__type_support.h
[0.954s] -- Up-to-date: /home/vertin/ros2_ws/install/tracer_msgs/include/tracer_msgs/tracer_msgs/msg/detail/tracer_light_cmd__type_support.h
[0.954s] -- Up-to-date: /home/vertin/ros2_ws/install/tracer_msgs/include/tracer_msgs/tracer_msgs/msg/detail/tracer_status__functions.h
[0.954s] -- Up-to-date: /home/vertin/ros2_ws/install/tracer_msgs/include/tracer_msgs/tracer_msgs/msg/detail/tracer_rc_state__functions.c
[0.954s] -- Up-to-date: /home/vertin/ros2_ws/install/tracer_msgs/include/tracer_msgs/tracer_msgs/msg/detail/tracer_rc_state__functions.h
[0.955s] -- Up-to-date: /home/vertin/ros2_ws/install/tracer_msgs/include/tracer_msgs/tracer_msgs/msg/detail/tracer_status__struct.h
[0.956s] -- Up-to-date: /home/vertin/ros2_ws/install/tracer_msgs/include/tracer_msgs/tracer_msgs/msg/detail/tracer_light_cmd__functions.h
[0.956s] -- Up-to-date: /home/vertin/ros2_ws/install/tracer_msgs/include/tracer_msgs/tracer_msgs/msg/detail/tracer_light_state__struct.h
[0.957s] -- Up-to-date: /home/vertin/ros2_ws/install/tracer_msgs/include/tracer_msgs/tracer_msgs/msg/detail/tracer_light_cmd__functions.c
[0.957s] -- Up-to-date: /home/vertin/ros2_ws/install/tracer_msgs/include/tracer_msgs/tracer_msgs/msg/detail/tracer_actuator_state__struct.h
[0.958s] -- Up-to-date: /home/vertin/ros2_ws/install/tracer_msgs/include/tracer_msgs/tracer_msgs/msg/detail/tracer_actuator_state__functions.h
[0.959s] -- Up-to-date: /home/vertin/ros2_ws/install/tracer_msgs/include/tracer_msgs/tracer_msgs/msg/detail/tracer_actuator_state__functions.c
[0.959s] -- Up-to-date: /home/vertin/ros2_ws/install/tracer_msgs/include/tracer_msgs/tracer_msgs/msg/detail/tracer_status__functions.c
[0.960s] -- Up-to-date: /home/vertin/ros2_ws/install/tracer_msgs/include/tracer_msgs/tracer_msgs/msg/detail/tracer_light_state__type_support.h
[0.961s] -- Up-to-date: /home/vertin/ros2_ws/install/tracer_msgs/include/tracer_msgs/tracer_msgs/msg/detail/tracer_status__type_support.h
[0.961s] -- Up-to-date: /home/vertin/ros2_ws/install/tracer_msgs/include/tracer_msgs/tracer_msgs/msg/detail/tracer_light_state__functions.c
[0.961s] -- Up-to-date: /home/vertin/ros2_ws/install/tracer_msgs/include/tracer_msgs/tracer_msgs/msg/detail/tracer_rc_state__struct.h
[0.961s] -- Up-to-date: /home/vertin/ros2_ws/install/tracer_msgs/include/tracer_msgs/tracer_msgs/msg/tracer_actuator_state.h
[0.961s] -- Up-to-date: /home/vertin/ros2_ws/install/tracer_msgs/include/tracer_msgs/tracer_msgs/msg/tracer_rc_state.h
[0.961s] -- Up-to-date: /home/vertin/ros2_ws/install/tracer_msgs/share/tracer_msgs/environment/library_path.sh
[0.962s] -- Up-to-date: /home/vertin/ros2_ws/install/tracer_msgs/share/tracer_msgs/environment/library_path.dsv
[0.962s] -- Up-to-date: /home/vertin/ros2_ws/install/tracer_msgs/lib/libtracer_msgs__rosidl_generator_c.so
[0.962s] -- Up-to-date: /home/vertin/ros2_ws/install/tracer_msgs/include/tracer_msgs/tracer_msgs
[0.962s] -- Up-to-date: /home/vertin/ros2_ws/install/tracer_msgs/include/tracer_msgs/tracer_msgs/msg
[0.962s] -- Up-to-date: /home/vertin/ros2_ws/install/tracer_msgs/include/tracer_msgs/tracer_msgs/msg/rosidl_typesupport_fastrtps_c__visibility_control.h
[0.962s] -- Up-to-date: /home/vertin/ros2_ws/install/tracer_msgs/include/tracer_msgs/tracer_msgs/msg/detail
[0.962s] -- Up-to-date: /home/vertin/ros2_ws/install/tracer_msgs/include/tracer_msgs/tracer_msgs/msg/detail/tracer_light_cmd__rosidl_typesupport_fastrtps_c.h
[0.963s] -- Up-to-date: /home/vertin/ros2_ws/install/tracer_msgs/include/tracer_msgs/tracer_msgs/msg/detail/tracer_rc_state__rosidl_typesupport_fastrtps_c.h
[0.963s] -- Up-to-date: /home/vertin/ros2_ws/install/tracer_msgs/include/tracer_msgs/tracer_msgs/msg/detail/tracer_status__rosidl_typesupport_fastrtps_c.h
[0.963s] -- Up-to-date: /home/vertin/ros2_ws/install/tracer_msgs/include/tracer_msgs/tracer_msgs/msg/detail/tracer_actuator_state__rosidl_typesupport_fastrtps_c.h
[0.963s] -- Up-to-date: /home/vertin/ros2_ws/install/tracer_msgs/include/tracer_msgs/tracer_msgs/msg/detail/tracer_light_state__rosidl_typesupport_fastrtps_c.h
[0.963s] -- Up-to-date: /home/vertin/ros2_ws/install/tracer_msgs/lib/libtracer_msgs__rosidl_typesupport_fastrtps_c.so
[0.963s] -- Up-to-date: /home/vertin/ros2_ws/install/tracer_msgs/include/tracer_msgs/tracer_msgs
[0.964s] -- Up-to-date: /home/vertin/ros2_ws/install/tracer_msgs/include/tracer_msgs/tracer_msgs/msg
[0.964s] -- Up-to-date: /home/vertin/ros2_ws/install/tracer_msgs/include/tracer_msgs/tracer_msgs/msg/tracer_actuator_state.hpp
[0.965s] -- Up-to-date: /home/vertin/ros2_ws/install/tracer_msgs/include/tracer_msgs/tracer_msgs/msg/tracer_status.hpp
[0.965s] -- Up-to-date: /home/vertin/ros2_ws/install/tracer_msgs/include/tracer_msgs/tracer_msgs/msg/tracer_rc_state.hpp
[0.965s] -- Up-to-date: /home/vertin/ros2_ws/install/tracer_msgs/include/tracer_msgs/tracer_msgs/msg/detail
[0.965s] -- Up-to-date: /home/vertin/ros2_ws/install/tracer_msgs/include/tracer_msgs/tracer_msgs/msg/detail/tracer_light_state__traits.hpp
[0.965s] -- Up-to-date: /home/vertin/ros2_ws/install/tracer_msgs/include/tracer_msgs/tracer_msgs/msg/detail/tracer_status__traits.hpp
[0.965s] -- Up-to-date: /home/vertin/ros2_ws/install/tracer_msgs/include/tracer_msgs/tracer_msgs/msg/detail/tracer_light_state__type_support.hpp
[0.965s] -- Up-to-date: /home/vertin/ros2_ws/install/tracer_msgs/include/tracer_msgs/tracer_msgs/msg/detail/tracer_light_state__struct.hpp
[0.966s] -- Up-to-date: /home/vertin/ros2_ws/install/tracer_msgs/include/tracer_msgs/tracer_msgs/msg/detail/tracer_light_cmd__type_support.hpp
[0.966s] -- Up-to-date: /home/vertin/ros2_ws/install/tracer_msgs/include/tracer_msgs/tracer_msgs/msg/detail/tracer_light_cmd__builder.hpp
[0.966s] -- Up-to-date: /home/vertin/ros2_ws/install/tracer_msgs/include/tracer_msgs/tracer_msgs/msg/detail/tracer_rc_state__builder.hpp
[0.966s] -- Up-to-date: /home/vertin/ros2_ws/install/tracer_msgs/include/tracer_msgs/tracer_msgs/msg/detail/tracer_rc_state__type_support.hpp
[0.966s] -- Up-to-date: /home/vertin/ros2_ws/install/tracer_msgs/include/tracer_msgs/tracer_msgs/msg/detail/tracer_status__builder.hpp
[0.966s] -- Up-to-date: /home/vertin/ros2_ws/install/tracer_msgs/include/tracer_msgs/tracer_msgs/msg/detail/tracer_light_state__builder.hpp
[0.966s] -- Up-to-date: /home/vertin/ros2_ws/install/tracer_msgs/include/tracer_msgs/tracer_msgs/msg/detail/tracer_actuator_state__struct.hpp
[0.967s] -- Up-to-date: /home/vertin/ros2_ws/install/tracer_msgs/include/tracer_msgs/tracer_msgs/msg/detail/tracer_actuator_state__traits.hpp
[0.967s] -- Up-to-date: /home/vertin/ros2_ws/install/tracer_msgs/include/tracer_msgs/tracer_msgs/msg/detail/tracer_light_cmd__traits.hpp
[0.967s] -- Up-to-date: /home/vertin/ros2_ws/install/tracer_msgs/include/tracer_msgs/tracer_msgs/msg/detail/tracer_rc_state__struct.hpp
[0.967s] -- Up-to-date: /home/vertin/ros2_ws/install/tracer_msgs/include/tracer_msgs/tracer_msgs/msg/detail/tracer_light_cmd__struct.hpp
[0.967s] -- Up-to-date: /home/vertin/ros2_ws/install/tracer_msgs/include/tracer_msgs/tracer_msgs/msg/detail/tracer_actuator_state__builder.hpp
[0.968s] -- Up-to-date: /home/vertin/ros2_ws/install/tracer_msgs/include/tracer_msgs/tracer_msgs/msg/detail/tracer_actuator_state__type_support.hpp
[0.968s] -- Up-to-date: /home/vertin/ros2_ws/install/tracer_msgs/include/tracer_msgs/tracer_msgs/msg/detail/tracer_rc_state__traits.hpp
[0.968s] -- Up-to-date: /home/vertin/ros2_ws/install/tracer_msgs/include/tracer_msgs/tracer_msgs/msg/detail/tracer_status__type_support.hpp
[0.968s] -- Up-to-date: /home/vertin/ros2_ws/install/tracer_msgs/include/tracer_msgs/tracer_msgs/msg/detail/tracer_status__struct.hpp
[0.968s] -- Up-to-date: /home/vertin/ros2_ws/install/tracer_msgs/include/tracer_msgs/tracer_msgs/msg/tracer_light_state.hpp
[0.968s] -- Up-to-date: /home/vertin/ros2_ws/install/tracer_msgs/include/tracer_msgs/tracer_msgs/msg/tracer_light_cmd.hpp
[0.969s] -- Up-to-date: /home/vertin/ros2_ws/install/tracer_msgs/include/tracer_msgs/tracer_msgs/msg/rosidl_generator_cpp__visibility_control.hpp
[0.969s] -- Up-to-date: /home/vertin/ros2_ws/install/tracer_msgs/include/tracer_msgs/tracer_msgs
[0.969s] -- Up-to-date: /home/vertin/ros2_ws/install/tracer_msgs/include/tracer_msgs/tracer_msgs/msg
[0.969s] -- Up-to-date: /home/vertin/ros2_ws/install/tracer_msgs/include/tracer_msgs/tracer_msgs/msg/rosidl_typesupport_fastrtps_cpp__visibility_control.h
[0.969s] -- Up-to-date: /home/vertin/ros2_ws/install/tracer_msgs/include/tracer_msgs/tracer_msgs/msg/detail
[0.969s] -- Up-to-date: /home/vertin/ros2_ws/install/tracer_msgs/include/tracer_msgs/tracer_msgs/msg/detail/dds_fastrtps
[0.970s] -- Up-to-date: /home/vertin/ros2_ws/install/tracer_msgs/include/tracer_msgs/tracer_msgs/msg/detail/tracer_light_state__rosidl_typesupport_fastrtps_cpp.hpp
[0.971s] -- Up-to-date: /home/vertin/ros2_ws/install/tracer_msgs/include/tracer_msgs/tracer_msgs/msg/detail/tracer_actuator_state__rosidl_typesupport_fastrtps_cpp.hpp
[0.971s] -- Up-to-date: /home/vertin/ros2_ws/install/tracer_msgs/include/tracer_msgs/tracer_msgs/msg/detail/tracer_light_cmd__rosidl_typesupport_fastrtps_cpp.hpp
[0.971s] -- Up-to-date: /home/vertin/ros2_ws/install/tracer_msgs/include/tracer_msgs/tracer_msgs/msg/detail/tracer_rc_state__rosidl_typesupport_fastrtps_cpp.hpp
[0.971s] -- Up-to-date: /home/vertin/ros2_ws/install/tracer_msgs/include/tracer_msgs/tracer_msgs/msg/detail/tracer_status__rosidl_typesupport_fastrtps_cpp.hpp
[0.972s] -- Up-to-date: /home/vertin/ros2_ws/install/tracer_msgs/lib/libtracer_msgs__rosidl_typesupport_fastrtps_cpp.so
[0.973s] -- Up-to-date: /home/vertin/ros2_ws/install/tracer_msgs/include/tracer_msgs/tracer_msgs
[0.973s] -- Up-to-date: /home/vertin/ros2_ws/install/tracer_msgs/include/tracer_msgs/tracer_msgs/msg
[0.973s] -- Up-to-date: /home/vertin/ros2_ws/install/tracer_msgs/include/tracer_msgs/tracer_msgs/msg/detail
[0.973s] -- Up-to-date: /home/vertin/ros2_ws/install/tracer_msgs/include/tracer_msgs/tracer_msgs/msg/detail/tracer_light_cmd__rosidl_typesupport_introspection_c.h
[0.974s] -- Up-to-date: /home/vertin/ros2_ws/install/tracer_msgs/include/tracer_msgs/tracer_msgs/msg/detail/tracer_light_state__rosidl_typesupport_introspection_c.h
[0.974s] -- Up-to-date: /home/vertin/ros2_ws/install/tracer_msgs/include/tracer_msgs/tracer_msgs/msg/detail/tracer_rc_state__type_support.c
[0.975s] -- Up-to-date: /home/vertin/ros2_ws/install/tracer_msgs/include/tracer_msgs/tracer_msgs/msg/detail/tracer_status__type_support.c
[0.975s] -- Up-to-date: /home/vertin/ros2_ws/install/tracer_msgs/include/tracer_msgs/tracer_msgs/msg/detail/tracer_light_cmd__type_support.c
[0.975s] -- Up-to-date: /home/vertin/ros2_ws/install/tracer_msgs/include/tracer_msgs/tracer_msgs/msg/detail/tracer_actuator_state__type_support.c
[0.975s] -- Up-to-date: /home/vertin/ros2_ws/install/tracer_msgs/include/tracer_msgs/tracer_msgs/msg/detail/tracer_status__rosidl_typesupport_introspection_c.h
[0.976s] -- Up-to-date: /home/vertin/ros2_ws/install/tracer_msgs/include/tracer_msgs/tracer_msgs/msg/detail/tracer_actuator_state__rosidl_typesupport_introspection_c.h
[0.976s] -- Up-to-date: /home/vertin/ros2_ws/install/tracer_msgs/include/tracer_msgs/tracer_msgs/msg/detail/tracer_light_state__type_support.c
[0.976s] -- Up-to-date: /home/vertin/ros2_ws/install/tracer_msgs/include/tracer_msgs/tracer_msgs/msg/detail/tracer_rc_state__rosidl_typesupport_introspection_c.h
[0.976s] -- Up-to-date: /home/vertin/ros2_ws/install/tracer_msgs/include/tracer_msgs/tracer_msgs/msg/rosidl_typesupport_introspection_c__visibility_control.h
[0.976s] -- Up-to-date: /home/vertin/ros2_ws/install/tracer_msgs/lib/libtracer_msgs__rosidl_typesupport_introspection_c.so
[0.976s] -- Up-to-date: /home/vertin/ros2_ws/install/tracer_msgs/lib/libtracer_msgs__rosidl_typesupport_c.so
[0.976s] -- Up-to-date: /home/vertin/ros2_ws/install/tracer_msgs/include/tracer_msgs/tracer_msgs
[0.976s] -- Up-to-date: /home/vertin/ros2_ws/install/tracer_msgs/include/tracer_msgs/tracer_msgs/msg
[0.977s] -- Up-to-date: /home/vertin/ros2_ws/install/tracer_msgs/include/tracer_msgs/tracer_msgs/msg/detail
[0.977s] -- Up-to-date: /home/vertin/ros2_ws/install/tracer_msgs/include/tracer_msgs/tracer_msgs/msg/detail/tracer_light_state__rosidl_typesupport_introspection_cpp.hpp
[0.977s] -- Up-to-date: /home/vertin/ros2_ws/install/tracer_msgs/include/tracer_msgs/tracer_msgs/msg/detail/tracer_status__rosidl_typesupport_introspection_cpp.hpp
[0.977s] -- Up-to-date: /home/vertin/ros2_ws/install/tracer_msgs/include/tracer_msgs/tracer_msgs/msg/detail/tracer_light_state__type_support.cpp
[0.977s] -- Up-to-date: /home/vertin/ros2_ws/install/tracer_msgs/include/tracer_msgs/tracer_msgs/msg/detail/tracer_rc_state__type_support.cpp
[0.977s] -- Up-to-date: /home/vertin/ros2_ws/install/tracer_msgs/include/tracer_msgs/tracer_msgs/msg/detail/tracer_light_cmd__rosidl_typesupport_introspection_cpp.hpp
[0.978s] -- Up-to-date: /home/vertin/ros2_ws/install/tracer_msgs/include/tracer_msgs/tracer_msgs/msg/detail/tracer_light_cmd__type_support.cpp
[0.978s] -- Up-to-date: /home/vertin/ros2_ws/install/tracer_msgs/include/tracer_msgs/tracer_msgs/msg/detail/tracer_rc_state__rosidl_typesupport_introspection_cpp.hpp
[0.978s] -- Up-to-date: /home/vertin/ros2_ws/install/tracer_msgs/include/tracer_msgs/tracer_msgs/msg/detail/tracer_actuator_state__rosidl_typesupport_introspection_cpp.hpp
[0.978s] -- Up-to-date: /home/vertin/ros2_ws/install/tracer_msgs/include/tracer_msgs/tracer_msgs/msg/detail/tracer_actuator_state__type_support.cpp
[0.978s] -- Up-to-date: /home/vertin/ros2_ws/install/tracer_msgs/include/tracer_msgs/tracer_msgs/msg/detail/tracer_status__type_support.cpp
[0.978s] -- Up-to-date: /home/vertin/ros2_ws/install/tracer_msgs/lib/libtracer_msgs__rosidl_typesupport_introspection_cpp.so
[0.978s] -- Up-to-date: /home/vertin/ros2_ws/install/tracer_msgs/lib/libtracer_msgs__rosidl_typesupport_cpp.so
[0.995s] -- Up-to-date: /home/vertin/ros2_ws/install/tracer_msgs/share/tracer_msgs/environment/pythonpath.sh
[0.995s] -- Up-to-date: /home/vertin/ros2_ws/install/tracer_msgs/share/tracer_msgs/environment/pythonpath.dsv
[0.995s] -- Up-to-date: /home/vertin/ros2_ws/install/tracer_msgs/local/lib/python3.10/dist-packages/tracer_msgs-0.1.0-py3.10.egg-info
[0.996s] -- Installing: /home/vertin/ros2_ws/install/tracer_msgs/local/lib/python3.10/dist-packages/tracer_msgs-0.1.0-py3.10.egg-info/SOURCES.txt
[0.996s] -- Installing: /home/vertin/ros2_ws/install/tracer_msgs/local/lib/python3.10/dist-packages/tracer_msgs-0.1.0-py3.10.egg-info/top_level.txt
[1.000s] -- Installing: /home/vertin/ros2_ws/install/tracer_msgs/local/lib/python3.10/dist-packages/tracer_msgs-0.1.0-py3.10.egg-info/dependency_links.txt
[1.000s] -- Installing: /home/vertin/ros2_ws/install/tracer_msgs/local/lib/python3.10/dist-packages/tracer_msgs-0.1.0-py3.10.egg-info/PKG-INFO
[1.000s] -- Up-to-date: /home/vertin/ros2_ws/install/tracer_msgs/local/lib/python3.10/dist-packages/tracer_msgs
[1.000s] -- Up-to-date: /home/vertin/ros2_ws/install/tracer_msgs/local/lib/python3.10/dist-packages/tracer_msgs/_tracer_msgs_s.ep.rosidl_typesupport_c.c
[1.001s] -- Up-to-date: /home/vertin/ros2_ws/install/tracer_msgs/local/lib/python3.10/dist-packages/tracer_msgs/tracer_msgs_s__rosidl_typesupport_fastrtps_c.cpython-310-x86_64-linux-gnu.so
[1.001s] -- Up-to-date: /home/vertin/ros2_ws/install/tracer_msgs/local/lib/python3.10/dist-packages/tracer_msgs/__init__.py
[1.001s] -- Up-to-date: /home/vertin/ros2_ws/install/tracer_msgs/local/lib/python3.10/dist-packages/tracer_msgs/msg
[1.002s] -- Up-to-date: /home/vertin/ros2_ws/install/tracer_msgs/local/lib/python3.10/dist-packages/tracer_msgs/msg/_tracer_light_state_s.c
[1.002s] -- Up-to-date: /home/vertin/ros2_ws/install/tracer_msgs/local/lib/python3.10/dist-packages/tracer_msgs/msg/_tracer_status.py
[1.002s] -- Up-to-date: /home/vertin/ros2_ws/install/tracer_msgs/local/lib/python3.10/dist-packages/tracer_msgs/msg/_tracer_actuator_state.py
[1.002s] -- Up-to-date: /home/vertin/ros2_ws/install/tracer_msgs/local/lib/python3.10/dist-packages/tracer_msgs/msg/__init__.py
[1.008s] -- Up-to-date: /home/vertin/ros2_ws/install/tracer_msgs/local/lib/python3.10/dist-packages/tracer_msgs/msg/_tracer_actuator_state_s.c
[1.008s] -- Up-to-date: /home/vertin/ros2_ws/install/tracer_msgs/local/lib/python3.10/dist-packages/tracer_msgs/msg/_tracer_rc_state.py
[1.008s] -- Up-to-date: /home/vertin/ros2_ws/install/tracer_msgs/local/lib/python3.10/dist-packages/tracer_msgs/msg/_tracer_rc_state_s.c
[1.008s] -- Up-to-date: /home/vertin/ros2_ws/install/tracer_msgs/local/lib/python3.10/dist-packages/tracer_msgs/msg/_tracer_light_state.py
[1.008s] -- Up-to-date: /home/vertin/ros2_ws/install/tracer_msgs/local/lib/python3.10/dist-packages/tracer_msgs/msg/_tracer_light_cmd_s.c
[1.008s] -- Up-to-date: /home/vertin/ros2_ws/install/tracer_msgs/local/lib/python3.10/dist-packages/tracer_msgs/msg/_tracer_status_s.c
[1.008s] -- Up-to-date: /home/vertin/ros2_ws/install/tracer_msgs/local/lib/python3.10/dist-packages/tracer_msgs/msg/_tracer_light_cmd.py
[1.009s] -- Up-to-date: /home/vertin/ros2_ws/install/tracer_msgs/local/lib/python3.10/dist-packages/tracer_msgs/libtracer_msgs__rosidl_generator_py.so
[1.009s] -- Up-to-date: /home/vertin/ros2_ws/install/tracer_msgs/local/lib/python3.10/dist-packages/tracer_msgs/_tracer_msgs_s.ep.rosidl_typesupport_introspection_c.c
[1.009s] -- Up-to-date: /home/vertin/ros2_ws/install/tracer_msgs/local/lib/python3.10/dist-packages/tracer_msgs/tracer_msgs_s__rosidl_typesupport_introspection_c.cpython-310-x86_64-linux-gnu.so
[1.009s] -- Up-to-date: /home/vertin/ros2_ws/install/tracer_msgs/local/lib/python3.10/dist-packages/tracer_msgs/tracer_msgs_s__rosidl_typesupport_c.cpython-310-x86_64-linux-gnu.so
[1.009s] -- Up-to-date: /home/vertin/ros2_ws/install/tracer_msgs/local/lib/python3.10/dist-packages/tracer_msgs/_tracer_msgs_s.ep.rosidl_typesupport_fastrtps_c.c
[1.018s] Listing '/home/vertin/ros2_ws/install/tracer_msgs/local/lib/python3.10/dist-packages/tracer_msgs'...
[1.018s] Listing '/home/vertin/ros2_ws/install/tracer_msgs/local/lib/python3.10/dist-packages/tracer_msgs/msg'...
[1.025s] -- Up-to-date: /home/vertin/ros2_ws/install/tracer_msgs/local/lib/python3.10/dist-packages/tracer_msgs/tracer_msgs_s__rosidl_typesupport_fastrtps_c.cpython-310-x86_64-linux-gnu.so
[1.026s] -- Up-to-date: /home/vertin/ros2_ws/install/tracer_msgs/local/lib/python3.10/dist-packages/tracer_msgs/tracer_msgs_s__rosidl_typesupport_introspection_c.cpython-310-x86_64-linux-gnu.so
[1.026s] -- Up-to-date: /home/vertin/ros2_ws/install/tracer_msgs/local/lib/python3.10/dist-packages/tracer_msgs/tracer_msgs_s__rosidl_typesupport_c.cpython-310-x86_64-linux-gnu.so
[1.029s] -- Up-to-date: /home/vertin/ros2_ws/install/tracer_msgs/lib/libtracer_msgs__rosidl_generator_py.so
[1.029s] -- Up-to-date: /home/vertin/ros2_ws/install/tracer_msgs/share/tracer_msgs/msg/TracerActuatorState.idl
[1.029s] -- Up-to-date: /home/vertin/ros2_ws/install/tracer_msgs/share/tracer_msgs/msg/TracerLightCmd.idl
[1.029s] -- Up-to-date: /home/vertin/ros2_ws/install/tracer_msgs/share/tracer_msgs/msg/TracerLightState.idl
[1.029s] -- Up-to-date: /home/vertin/ros2_ws/install/tracer_msgs/share/tracer_msgs/msg/TracerRCState.idl
[1.032s] -- Up-to-date: /home/vertin/ros2_ws/install/tracer_msgs/share/tracer_msgs/msg/TracerStatus.idl
[1.033s] -- Up-to-date: /home/vertin/ros2_ws/install/tracer_msgs/share/tracer_msgs/msg/TracerActuatorState.msg
[1.033s] -- Up-to-date: /home/vertin/ros2_ws/install/tracer_msgs/share/tracer_msgs/msg/TracerLightCmd.msg
[1.033s] -- Up-to-date: /home/vertin/ros2_ws/install/tracer_msgs/share/tracer_msgs/msg/TracerLightState.msg
[1.033s] -- Up-to-date: /home/vertin/ros2_ws/install/tracer_msgs/share/tracer_msgs/msg/TracerRCState.msg
[1.033s] -- Up-to-date: /home/vertin/ros2_ws/install/tracer_msgs/share/tracer_msgs/msg/TracerStatus.msg
[1.033s] -- Up-to-date: /home/vertin/ros2_ws/install/tracer_msgs/share/ament_index/resource_index/package_run_dependencies/tracer_msgs
[1.034s] -- Up-to-date: /home/vertin/ros2_ws/install/tracer_msgs/share/ament_index/resource_index/parent_prefix_path/tracer_msgs
[1.034s] -- Up-to-date: /home/vertin/ros2_ws/install/tracer_msgs/share/tracer_msgs/environment/ament_prefix_path.sh
[1.034s] -- Up-to-date: /home/vertin/ros2_ws/install/tracer_msgs/share/tracer_msgs/environment/ament_prefix_path.dsv
[1.034s] -- Up-to-date: /home/vertin/ros2_ws/install/tracer_msgs/share/tracer_msgs/environment/path.sh
[1.034s] -- Up-to-date: /home/vertin/ros2_ws/install/tracer_msgs/share/tracer_msgs/environment/path.dsv
[1.034s] -- Up-to-date: /home/vertin/ros2_ws/install/tracer_msgs/share/tracer_msgs/local_setup.bash
[1.035s] -- Up-to-date: /home/vertin/ros2_ws/install/tracer_msgs/share/tracer_msgs/local_setup.sh
[1.035s] -- Up-to-date: /home/vertin/ros2_ws/install/tracer_msgs/share/tracer_msgs/local_setup.zsh
[1.035s] -- Up-to-date: /home/vertin/ros2_ws/install/tracer_msgs/share/tracer_msgs/local_setup.dsv
[1.035s] -- Installing: /home/vertin/ros2_ws/install/tracer_msgs/share/tracer_msgs/package.dsv
[1.035s] -- Up-to-date: /home/vertin/ros2_ws/install/tracer_msgs/share/ament_index/resource_index/packages/tracer_msgs
[1.035s] -- Up-to-date: /home/vertin/ros2_ws/install/tracer_msgs/share/tracer_msgs/cmake/export_tracer_msgs__rosidl_generator_cExport.cmake
[1.036s] -- Up-to-date: /home/vertin/ros2_ws/install/tracer_msgs/share/tracer_msgs/cmake/export_tracer_msgs__rosidl_generator_cExport-noconfig.cmake
[1.036s] -- Up-to-date: /home/vertin/ros2_ws/install/tracer_msgs/share/tracer_msgs/cmake/export_tracer_msgs__rosidl_typesupport_fastrtps_cExport.cmake
[1.036s] -- Up-to-date: /home/vertin/ros2_ws/install/tracer_msgs/share/tracer_msgs/cmake/export_tracer_msgs__rosidl_typesupport_fastrtps_cExport-noconfig.cmake
[1.036s] -- Up-to-date: /home/vertin/ros2_ws/install/tracer_msgs/share/tracer_msgs/cmake/export_tracer_msgs__rosidl_generator_cppExport.cmake
[1.036s] -- Up-to-date: /home/vertin/ros2_ws/install/tracer_msgs/share/tracer_msgs/cmake/export_tracer_msgs__rosidl_typesupport_fastrtps_cppExport.cmake
[1.036s] -- Up-to-date: /home/vertin/ros2_ws/install/tracer_msgs/share/tracer_msgs/cmake/export_tracer_msgs__rosidl_typesupport_fastrtps_cppExport-noconfig.cmake
[1.037s] -- Up-to-date: /home/vertin/ros2_ws/install/tracer_msgs/share/tracer_msgs/cmake/tracer_msgs__rosidl_typesupport_introspection_cExport.cmake
[1.037s] -- Up-to-date: /home/vertin/ros2_ws/install/tracer_msgs/share/tracer_msgs/cmake/tracer_msgs__rosidl_typesupport_introspection_cExport-noconfig.cmake
[1.037s] -- Up-to-date: /home/vertin/ros2_ws/install/tracer_msgs/share/tracer_msgs/cmake/tracer_msgs__rosidl_typesupport_cExport.cmake
[1.037s] -- Up-to-date: /home/vertin/ros2_ws/install/tracer_msgs/share/tracer_msgs/cmake/tracer_msgs__rosidl_typesupport_cExport-noconfig.cmake
[1.037s] -- Up-to-date: /home/vertin/ros2_ws/install/tracer_msgs/share/tracer_msgs/cmake/tracer_msgs__rosidl_typesupport_introspection_cppExport.cmake
[1.037s] -- Up-to-date: /home/vertin/ros2_ws/install/tracer_msgs/share/tracer_msgs/cmake/tracer_msgs__rosidl_typesupport_introspection_cppExport-noconfig.cmake
[1.037s] -- Up-to-date: /home/vertin/ros2_ws/install/tracer_msgs/share/tracer_msgs/cmake/tracer_msgs__rosidl_typesupport_cppExport.cmake
[1.038s] -- Up-to-date: /home/vertin/ros2_ws/install/tracer_msgs/share/tracer_msgs/cmake/tracer_msgs__rosidl_typesupport_cppExport-noconfig.cmake
[1.038s] -- Up-to-date: /home/vertin/ros2_ws/install/tracer_msgs/share/tracer_msgs/cmake/export_tracer_msgs__rosidl_generator_pyExport.cmake
[1.038s] -- Up-to-date: /home/vertin/ros2_ws/install/tracer_msgs/share/tracer_msgs/cmake/export_tracer_msgs__rosidl_generator_pyExport-noconfig.cmake
[1.038s] -- Up-to-date: /home/vertin/ros2_ws/install/tracer_msgs/share/tracer_msgs/cmake/rosidl_cmake-extras.cmake
[1.038s] -- Up-to-date: /home/vertin/ros2_ws/install/tracer_msgs/share/tracer_msgs/cmake/ament_cmake_export_dependencies-extras.cmake
[1.038s] -- Up-to-date: /home/vertin/ros2_ws/install/tracer_msgs/share/tracer_msgs/cmake/ament_cmake_export_include_directories-extras.cmake
[1.039s] -- Up-to-date: /home/vertin/ros2_ws/install/tracer_msgs/share/tracer_msgs/cmake/ament_cmake_export_libraries-extras.cmake
[1.039s] -- Up-to-date: /home/vertin/ros2_ws/install/tracer_msgs/share/tracer_msgs/cmake/ament_cmake_export_targets-extras.cmake
[1.039s] -- Up-to-date: /home/vertin/ros2_ws/install/tracer_msgs/share/tracer_msgs/cmake/rosidl_cmake_export_typesupport_targets-extras.cmake
[1.039s] -- Up-to-date: /home/vertin/ros2_ws/install/tracer_msgs/share/tracer_msgs/cmake/rosidl_cmake_export_typesupport_libraries-extras.cmake
[1.039s] -- Up-to-date: /home/vertin/ros2_ws/install/tracer_msgs/share/tracer_msgs/cmake/tracer_msgsConfig.cmake
[1.039s] -- Up-to-date: /home/vertin/ros2_ws/install/tracer_msgs/share/tracer_msgs/cmake/tracer_msgsConfig-version.cmake
[1.040s] -- Up-to-date: /home/vertin/ros2_ws/install/tracer_msgs/share/tracer_msgs/package.xml
[1.058s] Invoked command in '/home/vertin/ros2_ws/build/tracer_msgs' returned '0': CMAKE_PREFIX_PATH=/home/vertin/ros2_ws/install/unitree_lidar_ros2:/home/vertin/ros2_ws/install/tracer_base:/home/vertin/ros2_ws/install/nav2_launch_test:/home/vertin/ros2_ws/install/my_python_pkg:/home/vertin/my_ws/install/robot_localizer:/opt/ros/humble:/home/vertin/ros2_ws/install/ugv_sdk:/home/vertin/ros2_ws/install/tracer_msgs:/home/vertin/ros2_ws/install/lio_sam /usr/bin/cmake --install /home/vertin/ros2_ws/build/tracer_msgs
