[0.052s] Invoking command in '/home/vertin/ros2_ws/build/lio_sam': CMAKE_PREFIX_PATH=/home/vertin/ros2_ws/install/unitree_lidar_ros2:/home/vertin/ros2_ws/install/tracer_base:/home/vertin/ros2_ws/install/nav2_launch_test:/home/vertin/ros2_ws/install/my_python_pkg:/home/vertin/my_ws/install/robot_localizer:/opt/ros/humble:/home/vertin/ros2_ws/install/ugv_sdk:/home/vertin/ros2_ws/install/tracer_msgs:/home/vertin/ros2_ws/install/lio_sam /usr/bin/cmake --build /home/vertin/ros2_ws/build/lio_sam -- -j8 -l8
[0.874s] [  2%] Built target lio_sam__cpp
[0.874s] [ 10%] Built target lio_sam__rosidl_generator_c
[0.874s] [ 10%] Built target ament_cmake_python_copy_lio_sam
[0.875s] [ 19%] Built target lio_sam__rosidl_typesupport_introspection_cpp
[0.875s] [ 27%] Built target lio_sam__rosidl_typesupport_fastrtps_cpp
[0.875s] [ 36%] Built target lio_sam__rosidl_typesupport_cpp
[0.875s] [ 44%] Built target lio_sam__rosidl_typesupport_fastrtps_c
[0.876s] [ 53%] Built target lio_sam__rosidl_typesupport_c
[0.876s] [ 61%] Built target lio_sam__rosidl_typesupport_introspection_c
[0.876s] [ 61%] Built target lio_sam
[0.877s] [ 65%] Built target lio_sam_featureExtraction
[0.877s] [ 70%] Built target lio_sam_imageProjection
[0.877s] [ 72%] [32mBuilding CXX object CMakeFiles/lio_sam_mapOptimization.dir/src/mapOptmization.cpp.o[0m
[0.877s] [ 76%] Built target lio_sam_imuPreintegration
[0.877s] [ 78%] Built target lio_sam__py
[0.877s] [ 85%] Built target lio_sam__rosidl_generator_py
[0.877s] [ 89%] Built target lio_sam__rosidl_typesupport_introspection_c__pyext
[0.877s] [ 93%] Built target lio_sam__rosidl_typesupport_c__pyext
[0.879s] [ 97%] Built target lio_sam__rosidl_typesupport_fastrtps_c__pyext
[0.879s] running egg_info
[0.879s] writing lio_sam.egg-info/PKG-INFO
[0.879s] writing dependency_links to lio_sam.egg-info/dependency_links.txt
[0.879s] writing top-level names to lio_sam.egg-info/top_level.txt
[0.879s] reading manifest file 'lio_sam.egg-info/SOURCES.txt'
[0.879s] writing manifest file 'lio_sam.egg-info/SOURCES.txt'
[0.879s] [ 97%] Built target ament_cmake_python_build_lio_sam_egg
[64.637s] [100%] [32m[1mLinking CXX executable lio_sam_mapOptimization[0m
[65.548s] /usr/bin/ld: warning: libtbb.so.2, needed by /usr/lib/x86_64-linux-gnu/libopencv_core.so.4.5.4d, may conflict with libtbb.so.12
[65.812s] [100%] Built target lio_sam_mapOptimization
[65.824s] Invoked command in '/home/vertin/ros2_ws/build/lio_sam' returned '0': CMAKE_PREFIX_PATH=/home/vertin/ros2_ws/install/unitree_lidar_ros2:/home/vertin/ros2_ws/install/tracer_base:/home/vertin/ros2_ws/install/nav2_launch_test:/home/vertin/ros2_ws/install/my_python_pkg:/home/vertin/my_ws/install/robot_localizer:/opt/ros/humble:/home/vertin/ros2_ws/install/ugv_sdk:/home/vertin/ros2_ws/install/tracer_msgs:/home/vertin/ros2_ws/install/lio_sam /usr/bin/cmake --build /home/vertin/ros2_ws/build/lio_sam -- -j8 -l8
[65.826s] Invoking command in '/home/vertin/ros2_ws/build/lio_sam': CMAKE_PREFIX_PATH=/home/vertin/ros2_ws/install/unitree_lidar_ros2:/home/vertin/ros2_ws/install/tracer_base:/home/vertin/ros2_ws/install/nav2_launch_test:/home/vertin/ros2_ws/install/my_python_pkg:/home/vertin/my_ws/install/robot_localizer:/opt/ros/humble:/home/vertin/ros2_ws/install/ugv_sdk:/home/vertin/ros2_ws/install/tracer_msgs:/home/vertin/ros2_ws/install/lio_sam /usr/bin/cmake --install /home/vertin/ros2_ws/build/lio_sam
[65.834s] -- Install configuration: "Release"
[65.834s] -- Up-to-date: /home/vertin/ros2_ws/install/lio_sam/share/ament_index/resource_index/rosidl_interfaces/lio_sam
[65.835s] -- Up-to-date: /home/vertin/ros2_ws/install/lio_sam/include/lio_sam/lio_sam
[65.835s] -- Up-to-date: /home/vertin/ros2_ws/install/lio_sam/include/lio_sam/lio_sam/msg
[65.835s] -- Up-to-date: /home/vertin/ros2_ws/install/lio_sam/include/lio_sam/lio_sam/msg/cloud_info.h
[65.835s] -- Up-to-date: /home/vertin/ros2_ws/install/lio_sam/include/lio_sam/lio_sam/msg/rosidl_generator_c__visibility_control.h
[65.835s] -- Up-to-date: /home/vertin/ros2_ws/install/lio_sam/include/lio_sam/lio_sam/msg/detail
[65.835s] -- Up-to-date: /home/vertin/ros2_ws/install/lio_sam/include/lio_sam/lio_sam/msg/detail/cloud_info__functions.h
[65.835s] -- Up-to-date: /home/vertin/ros2_ws/install/lio_sam/include/lio_sam/lio_sam/msg/detail/cloud_info__type_support.h
[65.835s] -- Up-to-date: /home/vertin/ros2_ws/install/lio_sam/include/lio_sam/lio_sam/msg/detail/cloud_info__functions.c
[65.835s] -- Up-to-date: /home/vertin/ros2_ws/install/lio_sam/include/lio_sam/lio_sam/msg/detail/cloud_info__struct.h
[65.835s] -- Up-to-date: /home/vertin/ros2_ws/install/lio_sam/include/lio_sam/lio_sam/srv
[65.835s] -- Up-to-date: /home/vertin/ros2_ws/install/lio_sam/include/lio_sam/lio_sam/srv/save_map.h
[65.835s] -- Up-to-date: /home/vertin/ros2_ws/install/lio_sam/include/lio_sam/lio_sam/srv/detail
[65.835s] -- Up-to-date: /home/vertin/ros2_ws/install/lio_sam/include/lio_sam/lio_sam/srv/detail/save_map__functions.c
[65.835s] -- Up-to-date: /home/vertin/ros2_ws/install/lio_sam/include/lio_sam/lio_sam/srv/detail/save_map__type_support.h
[65.836s] -- Up-to-date: /home/vertin/ros2_ws/install/lio_sam/include/lio_sam/lio_sam/srv/detail/save_map__functions.h
[65.836s] -- Up-to-date: /home/vertin/ros2_ws/install/lio_sam/include/lio_sam/lio_sam/srv/detail/save_map__struct.h
[65.836s] -- Up-to-date: /home/vertin/ros2_ws/install/lio_sam/share/lio_sam/environment/library_path.sh
[65.836s] -- Up-to-date: /home/vertin/ros2_ws/install/lio_sam/share/lio_sam/environment/library_path.dsv
[65.836s] -- Up-to-date: /home/vertin/ros2_ws/install/lio_sam/lib/liblio_sam__rosidl_generator_c.so
[65.836s] -- Up-to-date: /home/vertin/ros2_ws/install/lio_sam/include/lio_sam/lio_sam
[65.836s] -- Up-to-date: /home/vertin/ros2_ws/install/lio_sam/include/lio_sam/lio_sam/msg
[65.836s] -- Up-to-date: /home/vertin/ros2_ws/install/lio_sam/include/lio_sam/lio_sam/msg/rosidl_typesupport_fastrtps_c__visibility_control.h
[65.836s] -- Up-to-date: /home/vertin/ros2_ws/install/lio_sam/include/lio_sam/lio_sam/msg/detail
[65.836s] -- Up-to-date: /home/vertin/ros2_ws/install/lio_sam/include/lio_sam/lio_sam/msg/detail/cloud_info__rosidl_typesupport_fastrtps_c.h
[65.836s] -- Up-to-date: /home/vertin/ros2_ws/install/lio_sam/include/lio_sam/lio_sam/srv
[65.836s] -- Up-to-date: /home/vertin/ros2_ws/install/lio_sam/include/lio_sam/lio_sam/srv/detail
[65.836s] -- Up-to-date: /home/vertin/ros2_ws/install/lio_sam/include/lio_sam/lio_sam/srv/detail/save_map__rosidl_typesupport_fastrtps_c.h
[65.836s] -- Up-to-date: /home/vertin/ros2_ws/install/lio_sam/lib/liblio_sam__rosidl_typesupport_fastrtps_c.so
[65.836s] -- Up-to-date: /home/vertin/ros2_ws/install/lio_sam/include/lio_sam/lio_sam
[65.836s] -- Up-to-date: /home/vertin/ros2_ws/install/lio_sam/include/lio_sam/lio_sam/msg
[65.837s] -- Up-to-date: /home/vertin/ros2_ws/install/lio_sam/include/lio_sam/lio_sam/msg/detail
[65.837s] -- Up-to-date: /home/vertin/ros2_ws/install/lio_sam/include/lio_sam/lio_sam/msg/detail/cloud_info__type_support.c
[65.837s] -- Up-to-date: /home/vertin/ros2_ws/install/lio_sam/include/lio_sam/lio_sam/msg/detail/cloud_info__rosidl_typesupport_introspection_c.h
[65.837s] -- Up-to-date: /home/vertin/ros2_ws/install/lio_sam/include/lio_sam/lio_sam/msg/rosidl_typesupport_introspection_c__visibility_control.h
[65.837s] -- Up-to-date: /home/vertin/ros2_ws/install/lio_sam/include/lio_sam/lio_sam/srv
[65.837s] -- Up-to-date: /home/vertin/ros2_ws/install/lio_sam/include/lio_sam/lio_sam/srv/detail
[65.837s] -- Up-to-date: /home/vertin/ros2_ws/install/lio_sam/include/lio_sam/lio_sam/srv/detail/save_map__rosidl_typesupport_introspection_c.h
[65.837s] -- Up-to-date: /home/vertin/ros2_ws/install/lio_sam/include/lio_sam/lio_sam/srv/detail/save_map__type_support.c
[65.837s] -- Up-to-date: /home/vertin/ros2_ws/install/lio_sam/lib/liblio_sam__rosidl_typesupport_introspection_c.so
[65.837s] -- Up-to-date: /home/vertin/ros2_ws/install/lio_sam/lib/liblio_sam__rosidl_typesupport_c.so
[65.837s] -- Up-to-date: /home/vertin/ros2_ws/install/lio_sam/include/lio_sam/lio_sam
[65.837s] -- Up-to-date: /home/vertin/ros2_ws/install/lio_sam/include/lio_sam/lio_sam/msg
[65.837s] -- Up-to-date: /home/vertin/ros2_ws/install/lio_sam/include/lio_sam/lio_sam/msg/cloud_info.hpp
[65.837s] -- Up-to-date: /home/vertin/ros2_ws/install/lio_sam/include/lio_sam/lio_sam/msg/detail
[65.838s] -- Up-to-date: /home/vertin/ros2_ws/install/lio_sam/include/lio_sam/lio_sam/msg/detail/cloud_info__struct.hpp
[65.838s] -- Up-to-date: /home/vertin/ros2_ws/install/lio_sam/include/lio_sam/lio_sam/msg/detail/cloud_info__traits.hpp
[65.838s] -- Up-to-date: /home/vertin/ros2_ws/install/lio_sam/include/lio_sam/lio_sam/msg/detail/cloud_info__builder.hpp
[65.838s] -- Up-to-date: /home/vertin/ros2_ws/install/lio_sam/include/lio_sam/lio_sam/msg/detail/cloud_info__type_support.hpp
[65.838s] -- Up-to-date: /home/vertin/ros2_ws/install/lio_sam/include/lio_sam/lio_sam/msg/rosidl_generator_cpp__visibility_control.hpp
[65.838s] -- Up-to-date: /home/vertin/ros2_ws/install/lio_sam/include/lio_sam/lio_sam/srv
[65.838s] -- Up-to-date: /home/vertin/ros2_ws/install/lio_sam/include/lio_sam/lio_sam/srv/save_map.hpp
[65.838s] -- Up-to-date: /home/vertin/ros2_ws/install/lio_sam/include/lio_sam/lio_sam/srv/detail
[65.838s] -- Up-to-date: /home/vertin/ros2_ws/install/lio_sam/include/lio_sam/lio_sam/srv/detail/save_map__traits.hpp
[65.838s] -- Up-to-date: /home/vertin/ros2_ws/install/lio_sam/include/lio_sam/lio_sam/srv/detail/save_map__struct.hpp
[65.838s] -- Up-to-date: /home/vertin/ros2_ws/install/lio_sam/include/lio_sam/lio_sam/srv/detail/save_map__builder.hpp
[65.838s] -- Up-to-date: /home/vertin/ros2_ws/install/lio_sam/include/lio_sam/lio_sam/srv/detail/save_map__type_support.hpp
[65.838s] -- Up-to-date: /home/vertin/ros2_ws/install/lio_sam/include/lio_sam/lio_sam
[65.838s] -- Up-to-date: /home/vertin/ros2_ws/install/lio_sam/include/lio_sam/lio_sam/msg
[65.838s] -- Up-to-date: /home/vertin/ros2_ws/install/lio_sam/include/lio_sam/lio_sam/msg/rosidl_typesupport_fastrtps_cpp__visibility_control.h
[65.838s] -- Up-to-date: /home/vertin/ros2_ws/install/lio_sam/include/lio_sam/lio_sam/msg/detail
[65.838s] -- Up-to-date: /home/vertin/ros2_ws/install/lio_sam/include/lio_sam/lio_sam/msg/detail/dds_fastrtps
[65.838s] -- Up-to-date: /home/vertin/ros2_ws/install/lio_sam/include/lio_sam/lio_sam/msg/detail/cloud_info__rosidl_typesupport_fastrtps_cpp.hpp
[65.838s] -- Up-to-date: /home/vertin/ros2_ws/install/lio_sam/include/lio_sam/lio_sam/srv
[65.839s] -- Up-to-date: /home/vertin/ros2_ws/install/lio_sam/include/lio_sam/lio_sam/srv/detail
[65.839s] -- Up-to-date: /home/vertin/ros2_ws/install/lio_sam/include/lio_sam/lio_sam/srv/detail/dds_fastrtps
[65.839s] -- Up-to-date: /home/vertin/ros2_ws/install/lio_sam/include/lio_sam/lio_sam/srv/detail/save_map__rosidl_typesupport_fastrtps_cpp.hpp
[65.839s] -- Up-to-date: /home/vertin/ros2_ws/install/lio_sam/lib/liblio_sam__rosidl_typesupport_fastrtps_cpp.so
[65.839s] -- Up-to-date: /home/vertin/ros2_ws/install/lio_sam/include/lio_sam/lio_sam
[65.839s] -- Up-to-date: /home/vertin/ros2_ws/install/lio_sam/include/lio_sam/lio_sam/msg
[65.839s] -- Up-to-date: /home/vertin/ros2_ws/install/lio_sam/include/lio_sam/lio_sam/msg/detail
[65.839s] -- Up-to-date: /home/vertin/ros2_ws/install/lio_sam/include/lio_sam/lio_sam/msg/detail/cloud_info__type_support.cpp
[65.839s] -- Up-to-date: /home/vertin/ros2_ws/install/lio_sam/include/lio_sam/lio_sam/msg/detail/cloud_info__rosidl_typesupport_introspection_cpp.hpp
[65.839s] -- Up-to-date: /home/vertin/ros2_ws/install/lio_sam/include/lio_sam/lio_sam/srv
[65.839s] -- Up-to-date: /home/vertin/ros2_ws/install/lio_sam/include/lio_sam/lio_sam/srv/detail
[65.839s] -- Up-to-date: /home/vertin/ros2_ws/install/lio_sam/include/lio_sam/lio_sam/srv/detail/save_map__rosidl_typesupport_introspection_cpp.hpp
[65.839s] -- Up-to-date: /home/vertin/ros2_ws/install/lio_sam/include/lio_sam/lio_sam/srv/detail/save_map__type_support.cpp
[65.839s] -- Up-to-date: /home/vertin/ros2_ws/install/lio_sam/lib/liblio_sam__rosidl_typesupport_introspection_cpp.so
[65.839s] -- Up-to-date: /home/vertin/ros2_ws/install/lio_sam/lib/liblio_sam__rosidl_typesupport_cpp.so
[65.839s] -- Up-to-date: /home/vertin/ros2_ws/install/lio_sam/share/lio_sam/environment/pythonpath.sh
[65.839s] -- Up-to-date: /home/vertin/ros2_ws/install/lio_sam/share/lio_sam/environment/pythonpath.dsv
[65.839s] -- Up-to-date: /home/vertin/ros2_ws/install/lio_sam/local/lib/python3.10/dist-packages/lio_sam-1.0.0-py3.10.egg-info
[65.839s] -- Installing: /home/vertin/ros2_ws/install/lio_sam/local/lib/python3.10/dist-packages/lio_sam-1.0.0-py3.10.egg-info/SOURCES.txt
[65.840s] -- Installing: /home/vertin/ros2_ws/install/lio_sam/local/lib/python3.10/dist-packages/lio_sam-1.0.0-py3.10.egg-info/top_level.txt
[65.840s] -- Installing: /home/vertin/ros2_ws/install/lio_sam/local/lib/python3.10/dist-packages/lio_sam-1.0.0-py3.10.egg-info/dependency_links.txt
[65.840s] -- Installing: /home/vertin/ros2_ws/install/lio_sam/local/lib/python3.10/dist-packages/lio_sam-1.0.0-py3.10.egg-info/PKG-INFO
[65.840s] -- Up-to-date: /home/vertin/ros2_ws/install/lio_sam/local/lib/python3.10/dist-packages/lio_sam
[65.840s] -- Up-to-date: /home/vertin/ros2_ws/install/lio_sam/local/lib/python3.10/dist-packages/lio_sam/liblio_sam__rosidl_generator_py.so
[65.840s] -- Up-to-date: /home/vertin/ros2_ws/install/lio_sam/local/lib/python3.10/dist-packages/lio_sam/_lio_sam_s.ep.rosidl_typesupport_c.c
[65.840s] -- Up-to-date: /home/vertin/ros2_ws/install/lio_sam/local/lib/python3.10/dist-packages/lio_sam/__init__.py
[65.840s] -- Up-to-date: /home/vertin/ros2_ws/install/lio_sam/local/lib/python3.10/dist-packages/lio_sam/lio_sam_s__rosidl_typesupport_fastrtps_c.cpython-310-x86_64-linux-gnu.so
[65.840s] -- Up-to-date: /home/vertin/ros2_ws/install/lio_sam/local/lib/python3.10/dist-packages/lio_sam/msg
[65.840s] -- Up-to-date: /home/vertin/ros2_ws/install/lio_sam/local/lib/python3.10/dist-packages/lio_sam/msg/__init__.py
[65.840s] -- Up-to-date: /home/vertin/ros2_ws/install/lio_sam/local/lib/python3.10/dist-packages/lio_sam/msg/_cloud_info_s.c
[65.840s] -- Up-to-date: /home/vertin/ros2_ws/install/lio_sam/local/lib/python3.10/dist-packages/lio_sam/msg/_cloud_info.py
[65.840s] -- Up-to-date: /home/vertin/ros2_ws/install/lio_sam/local/lib/python3.10/dist-packages/lio_sam/_lio_sam_s.ep.rosidl_typesupport_fastrtps_c.c
[65.840s] -- Up-to-date: /home/vertin/ros2_ws/install/lio_sam/local/lib/python3.10/dist-packages/lio_sam/srv
[65.840s] -- Up-to-date: /home/vertin/ros2_ws/install/lio_sam/local/lib/python3.10/dist-packages/lio_sam/srv/__init__.py
[65.840s] -- Up-to-date: /home/vertin/ros2_ws/install/lio_sam/local/lib/python3.10/dist-packages/lio_sam/srv/_save_map_s.c
[65.840s] -- Up-to-date: /home/vertin/ros2_ws/install/lio_sam/local/lib/python3.10/dist-packages/lio_sam/srv/_save_map.py
[65.840s] -- Up-to-date: /home/vertin/ros2_ws/install/lio_sam/local/lib/python3.10/dist-packages/lio_sam/lio_sam_s__rosidl_typesupport_introspection_c.cpython-310-x86_64-linux-gnu.so
[65.840s] -- Up-to-date: /home/vertin/ros2_ws/install/lio_sam/local/lib/python3.10/dist-packages/lio_sam/_lio_sam_s.ep.rosidl_typesupport_introspection_c.c
[65.840s] -- Up-to-date: /home/vertin/ros2_ws/install/lio_sam/local/lib/python3.10/dist-packages/lio_sam/lio_sam_s__rosidl_typesupport_c.cpython-310-x86_64-linux-gnu.so
[65.871s] Listing '/home/vertin/ros2_ws/install/lio_sam/local/lib/python3.10/dist-packages/lio_sam'...
[65.871s] Listing '/home/vertin/ros2_ws/install/lio_sam/local/lib/python3.10/dist-packages/lio_sam/msg'...
[65.871s] Listing '/home/vertin/ros2_ws/install/lio_sam/local/lib/python3.10/dist-packages/lio_sam/srv'...
[65.875s] -- Up-to-date: /home/vertin/ros2_ws/install/lio_sam/local/lib/python3.10/dist-packages/lio_sam/lio_sam_s__rosidl_typesupport_fastrtps_c.cpython-310-x86_64-linux-gnu.so
[65.875s] -- Up-to-date: /home/vertin/ros2_ws/install/lio_sam/local/lib/python3.10/dist-packages/lio_sam/lio_sam_s__rosidl_typesupport_introspection_c.cpython-310-x86_64-linux-gnu.so
[65.875s] -- Up-to-date: /home/vertin/ros2_ws/install/lio_sam/local/lib/python3.10/dist-packages/lio_sam/lio_sam_s__rosidl_typesupport_c.cpython-310-x86_64-linux-gnu.so
[65.875s] -- Up-to-date: /home/vertin/ros2_ws/install/lio_sam/lib/liblio_sam__rosidl_generator_py.so
[65.875s] -- Up-to-date: /home/vertin/ros2_ws/install/lio_sam/share/lio_sam/msg/CloudInfo.idl
[65.876s] -- Up-to-date: /home/vertin/ros2_ws/install/lio_sam/share/lio_sam/srv/SaveMap.idl
[65.876s] -- Up-to-date: /home/vertin/ros2_ws/install/lio_sam/share/lio_sam/msg/CloudInfo.msg
[65.876s] -- Up-to-date: /home/vertin/ros2_ws/install/lio_sam/share/lio_sam/srv/SaveMap.srv
[65.876s] -- Up-to-date: /home/vertin/ros2_ws/install/lio_sam/share/lio_sam/srv/SaveMap_Request.msg
[65.876s] -- Up-to-date: /home/vertin/ros2_ws/install/lio_sam/share/lio_sam/srv/SaveMap_Response.msg
[65.876s] -- Up-to-date: /home/vertin/ros2_ws/install/lio_sam/share/lio_sam//launch
[65.876s] -- Up-to-date: /home/vertin/ros2_ws/install/lio_sam/share/lio_sam//launch/run.launch.py
[65.876s] -- Up-to-date: /home/vertin/ros2_ws/install/lio_sam/share/lio_sam//config
[65.876s] -- Up-to-date: /home/vertin/ros2_ws/install/lio_sam/share/lio_sam//config/params.yaml
[65.876s] -- Up-to-date: /home/vertin/ros2_ws/install/lio_sam/share/lio_sam//config/robot.urdf.xacro
[65.876s] -- Up-to-date: /home/vertin/ros2_ws/install/lio_sam/share/lio_sam//config/doc
[65.877s] -- Up-to-date: /home/vertin/ros2_ws/install/lio_sam/share/lio_sam//config/doc/kitti-map.png
[65.877s] -- Up-to-date: /home/vertin/ros2_ws/install/lio_sam/share/lio_sam//config/doc/system.png
[65.877s] -- Up-to-date: /home/vertin/ros2_ws/install/lio_sam/share/lio_sam//config/doc/loop-closure-2.gif
[65.877s] -- Up-to-date: /home/vertin/ros2_ws/install/lio_sam/share/lio_sam//config/doc/imu-transform.png
[65.877s] -- Up-to-date: /home/vertin/ros2_ws/install/lio_sam/share/lio_sam//config/doc/kitti-demo.gif
[65.877s] -- Up-to-date: /home/vertin/ros2_ws/install/lio_sam/share/lio_sam//config/doc/ouster-device.jpg
[65.877s] -- Up-to-date: /home/vertin/ros2_ws/install/lio_sam/share/lio_sam//config/doc/ouster-demo.gif
[65.877s] -- Up-to-date: /home/vertin/ros2_ws/install/lio_sam/share/lio_sam//config/doc/device-jackal.png
[65.877s] -- Up-to-date: /home/vertin/ros2_ws/install/lio_sam/share/lio_sam//config/doc/imu-debug.gif
[65.877s] -- Up-to-date: /home/vertin/ros2_ws/install/lio_sam/share/lio_sam//config/doc/device-boat.png
[65.877s] -- Up-to-date: /home/vertin/ros2_ws/install/lio_sam/share/lio_sam//config/doc/gps-demo.gif
[65.877s] -- Up-to-date: /home/vertin/ros2_ws/install/lio_sam/share/lio_sam//config/doc/device-hand-2.png
[65.877s] -- Up-to-date: /home/vertin/ros2_ws/install/lio_sam/share/lio_sam//config/doc/loop-closure.gif
[65.877s] -- Up-to-date: /home/vertin/ros2_ws/install/lio_sam/share/lio_sam//config/doc/demo.gif
[65.877s] -- Up-to-date: /home/vertin/ros2_ws/install/lio_sam/share/lio_sam//config/doc/kitti2bag
[65.877s] -- Up-to-date: /home/vertin/ros2_ws/install/lio_sam/share/lio_sam//config/doc/kitti2bag/kitti2bag.py
[65.877s] -- Up-to-date: /home/vertin/ros2_ws/install/lio_sam/share/lio_sam//config/doc/kitti2bag/README.md
[65.877s] -- Up-to-date: /home/vertin/ros2_ws/install/lio_sam/share/lio_sam//config/doc/device-hand.png
[65.878s] -- Up-to-date: /home/vertin/ros2_ws/install/lio_sam/share/lio_sam//config/doc/paper.pdf
[65.878s] -- Up-to-date: /home/vertin/ros2_ws/install/lio_sam/share/lio_sam//config/rviz2.rviz
[65.878s] -- Up-to-date: /home/vertin/ros2_ws/install/lio_sam/lib/lio_sam/lio_sam_imageProjection
[65.878s] -- Up-to-date: /home/vertin/ros2_ws/install/lio_sam/lib/lio_sam/lio_sam_imuPreintegration
[65.878s] -- Up-to-date: /home/vertin/ros2_ws/install/lio_sam/lib/lio_sam/lio_sam_featureExtraction
[65.878s] -- Installing: /home/vertin/ros2_ws/install/lio_sam/lib/lio_sam/lio_sam_mapOptimization
[65.879s] -- Set runtime path of "/home/vertin/ros2_ws/install/lio_sam/lib/lio_sam/lio_sam_mapOptimization" to ""
[65.879s] -- Up-to-date: /home/vertin/ros2_ws/install/lio_sam/include
[65.880s] -- Up-to-date: /home/vertin/ros2_ws/install/lio_sam/include/lio_sam
[65.880s] -- Up-to-date: /home/vertin/ros2_ws/install/lio_sam/include/lio_sam/utility.hpp
[65.880s] -- Up-to-date: /home/vertin/ros2_ws/install/lio_sam/share/ament_index/resource_index/package_run_dependencies/lio_sam
[65.880s] -- Up-to-date: /home/vertin/ros2_ws/install/lio_sam/share/ament_index/resource_index/parent_prefix_path/lio_sam
[65.880s] -- Up-to-date: /home/vertin/ros2_ws/install/lio_sam/share/lio_sam/environment/ament_prefix_path.sh
[65.880s] -- Up-to-date: /home/vertin/ros2_ws/install/lio_sam/share/lio_sam/environment/ament_prefix_path.dsv
[65.880s] -- Up-to-date: /home/vertin/ros2_ws/install/lio_sam/share/lio_sam/environment/path.sh
[65.880s] -- Up-to-date: /home/vertin/ros2_ws/install/lio_sam/share/lio_sam/environment/path.dsv
[65.880s] -- Up-to-date: /home/vertin/ros2_ws/install/lio_sam/share/lio_sam/local_setup.bash
[65.880s] -- Up-to-date: /home/vertin/ros2_ws/install/lio_sam/share/lio_sam/local_setup.sh
[65.880s] -- Up-to-date: /home/vertin/ros2_ws/install/lio_sam/share/lio_sam/local_setup.zsh
[65.880s] -- Up-to-date: /home/vertin/ros2_ws/install/lio_sam/share/lio_sam/local_setup.dsv
[65.880s] -- Installing: /home/vertin/ros2_ws/install/lio_sam/share/lio_sam/package.dsv
[65.880s] -- Up-to-date: /home/vertin/ros2_ws/install/lio_sam/share/ament_index/resource_index/packages/lio_sam
[65.880s] -- Up-to-date: /home/vertin/ros2_ws/install/lio_sam/share/lio_sam/cmake/export_lio_sam__rosidl_generator_cExport.cmake
[65.880s] -- Up-to-date: /home/vertin/ros2_ws/install/lio_sam/share/lio_sam/cmake/export_lio_sam__rosidl_generator_cExport-release.cmake
[65.880s] -- Up-to-date: /home/vertin/ros2_ws/install/lio_sam/share/lio_sam/cmake/export_lio_sam__rosidl_typesupport_fastrtps_cExport.cmake
[65.880s] -- Up-to-date: /home/vertin/ros2_ws/install/lio_sam/share/lio_sam/cmake/export_lio_sam__rosidl_typesupport_fastrtps_cExport-release.cmake
[65.880s] -- Up-to-date: /home/vertin/ros2_ws/install/lio_sam/share/lio_sam/cmake/lio_sam__rosidl_typesupport_introspection_cExport.cmake
[65.881s] -- Up-to-date: /home/vertin/ros2_ws/install/lio_sam/share/lio_sam/cmake/lio_sam__rosidl_typesupport_introspection_cExport-release.cmake
[65.881s] -- Up-to-date: /home/vertin/ros2_ws/install/lio_sam/share/lio_sam/cmake/lio_sam__rosidl_typesupport_cExport.cmake
[65.881s] -- Up-to-date: /home/vertin/ros2_ws/install/lio_sam/share/lio_sam/cmake/lio_sam__rosidl_typesupport_cExport-release.cmake
[65.881s] -- Up-to-date: /home/vertin/ros2_ws/install/lio_sam/share/lio_sam/cmake/export_lio_sam__rosidl_generator_cppExport.cmake
[65.881s] -- Up-to-date: /home/vertin/ros2_ws/install/lio_sam/share/lio_sam/cmake/export_lio_sam__rosidl_typesupport_fastrtps_cppExport.cmake
[65.881s] -- Up-to-date: /home/vertin/ros2_ws/install/lio_sam/share/lio_sam/cmake/export_lio_sam__rosidl_typesupport_fastrtps_cppExport-release.cmake
[65.881s] -- Up-to-date: /home/vertin/ros2_ws/install/lio_sam/share/lio_sam/cmake/lio_sam__rosidl_typesupport_introspection_cppExport.cmake
[65.881s] -- Up-to-date: /home/vertin/ros2_ws/install/lio_sam/share/lio_sam/cmake/lio_sam__rosidl_typesupport_introspection_cppExport-release.cmake
[65.881s] -- Up-to-date: /home/vertin/ros2_ws/install/lio_sam/share/lio_sam/cmake/lio_sam__rosidl_typesupport_cppExport.cmake
[65.881s] -- Up-to-date: /home/vertin/ros2_ws/install/lio_sam/share/lio_sam/cmake/lio_sam__rosidl_typesupport_cppExport-release.cmake
[65.881s] -- Up-to-date: /home/vertin/ros2_ws/install/lio_sam/share/lio_sam/cmake/export_lio_sam__rosidl_generator_pyExport.cmake
[65.881s] -- Up-to-date: /home/vertin/ros2_ws/install/lio_sam/share/lio_sam/cmake/export_lio_sam__rosidl_generator_pyExport-release.cmake
[65.881s] -- Up-to-date: /home/vertin/ros2_ws/install/lio_sam/share/lio_sam/cmake/rosidl_cmake-extras.cmake
[65.881s] -- Up-to-date: /home/vertin/ros2_ws/install/lio_sam/share/lio_sam/cmake/ament_cmake_export_dependencies-extras.cmake
[65.881s] -- Up-to-date: /home/vertin/ros2_ws/install/lio_sam/share/lio_sam/cmake/ament_cmake_export_include_directories-extras.cmake
[65.881s] -- Up-to-date: /home/vertin/ros2_ws/install/lio_sam/share/lio_sam/cmake/ament_cmake_export_libraries-extras.cmake
[65.882s] -- Up-to-date: /home/vertin/ros2_ws/install/lio_sam/share/lio_sam/cmake/ament_cmake_export_targets-extras.cmake
[65.882s] -- Up-to-date: /home/vertin/ros2_ws/install/lio_sam/share/lio_sam/cmake/rosidl_cmake_export_typesupport_targets-extras.cmake
[65.882s] -- Up-to-date: /home/vertin/ros2_ws/install/lio_sam/share/lio_sam/cmake/rosidl_cmake_export_typesupport_libraries-extras.cmake
[65.882s] -- Up-to-date: /home/vertin/ros2_ws/install/lio_sam/share/lio_sam/cmake/lio_samConfig.cmake
[65.882s] -- Up-to-date: /home/vertin/ros2_ws/install/lio_sam/share/lio_sam/cmake/lio_samConfig-version.cmake
[65.882s] -- Up-to-date: /home/vertin/ros2_ws/install/lio_sam/share/lio_sam/package.xml
[65.884s] Invoked command in '/home/vertin/ros2_ws/build/lio_sam' returned '0': CMAKE_PREFIX_PATH=/home/vertin/ros2_ws/install/unitree_lidar_ros2:/home/vertin/ros2_ws/install/tracer_base:/home/vertin/ros2_ws/install/nav2_launch_test:/home/vertin/ros2_ws/install/my_python_pkg:/home/vertin/my_ws/install/robot_localizer:/opt/ros/humble:/home/vertin/ros2_ws/install/ugv_sdk:/home/vertin/ros2_ws/install/tracer_msgs:/home/vertin/ros2_ws/install/lio_sam /usr/bin/cmake --install /home/vertin/ros2_ws/build/lio_sam
