[1.413s] Invoking command in '/home/vertin/ros2_ws/src/my_python_pkg': PYTHONPATH=/home/vertin/ros2_ws/build/my_python_pkg/prefix_override:/usr/lib/python3/dist-packages/colcon_core/task/python/colcon_distutils_commands:/home/vertin/ros2_ws/install/my_python_pkg/lib/python3.10/site-packages:${PYTHONPATH} /usr/bin/python3 -W ignore:setup.py install is deprecated -W ignore:easy_install command is deprecated setup.py egg_info --egg-base ../../build/my_python_pkg build --build-base /home/vertin/ros2_ws/build/my_python_pkg/build install --record /home/vertin/ros2_ws/build/my_python_pkg/install.log --single-version-externally-managed install_data
[1.593s] /home/vertin/.local/lib/python3.10/site-packages/setuptools/_distutils/dist.py:289: UserWarning: Unknown distribution option: 'tests_require'
[1.593s]   warnings.warn(msg)
[1.720s] running egg_info
[1.741s] writing ../../build/my_python_pkg/my_python_pkg.egg-info/PKG-INFO
[1.741s] writing dependency_links to ../../build/my_python_pkg/my_python_pkg.egg-info/dependency_links.txt
[1.742s] writing entry points to ../../build/my_python_pkg/my_python_pkg.egg-info/entry_points.txt
[1.742s] writing requirements to ../../build/my_python_pkg/my_python_pkg.egg-info/requires.txt
[1.742s] writing top-level names to ../../build/my_python_pkg/my_python_pkg.egg-info/top_level.txt
[1.787s] reading manifest file '../../build/my_python_pkg/my_python_pkg.egg-info/SOURCES.txt'
[1.789s] writing manifest file '../../build/my_python_pkg/my_python_pkg.egg-info/SOURCES.txt'
[1.789s] running build
[1.789s] running build_py
[1.789s] copying my_python_pkg/__init__.py -> /home/vertin/ros2_ws/build/my_python_pkg/build/lib/my_python_pkg
[1.790s] copying my_python_pkg/map_odom.py -> /home/vertin/ros2_ws/build/my_python_pkg/build/lib/my_python_pkg
[1.790s] copying my_python_pkg/autopoint.py -> /home/vertin/ros2_ws/build/my_python_pkg/build/lib/my_python_pkg
[1.790s] running install
[1.795s] running install_lib
[1.817s] running install_data
[1.818s] copying resource/my_python_pkg -> /home/vertin/ros2_ws/install/my_python_pkg/share/ament_index/resource_index/packages
[1.818s] copying package.xml -> /home/vertin/ros2_ws/install/my_python_pkg/share/my_python_pkg
[1.818s] running install_egg_info
[1.841s] removing '/home/vertin/ros2_ws/install/my_python_pkg/lib/python3.10/site-packages/my_python_pkg-0.0.0-py3.10.egg-info' (and everything under it)
[1.841s] Copying ../../build/my_python_pkg/my_python_pkg.egg-info to /home/vertin/ros2_ws/install/my_python_pkg/lib/python3.10/site-packages/my_python_pkg-0.0.0-py3.10.egg-info
[1.842s] running install_scripts
[1.885s] Installing autopoint script to /home/vertin/ros2_ws/install/my_python_pkg/lib/my_python_pkg
[1.885s] Installing maptoodom script to /home/vertin/ros2_ws/install/my_python_pkg/lib/my_python_pkg
[1.885s] writing list of installed files to '/home/vertin/ros2_ws/build/my_python_pkg/install.log'
[1.922s] Invoked command in '/home/vertin/ros2_ws/src/my_python_pkg' returned '0': PYTHONPATH=/home/vertin/ros2_ws/build/my_python_pkg/prefix_override:/usr/lib/python3/dist-packages/colcon_core/task/python/colcon_distutils_commands:/home/vertin/ros2_ws/install/my_python_pkg/lib/python3.10/site-packages:${PYTHONPATH} /usr/bin/python3 -W ignore:setup.py install is deprecated -W ignore:easy_install command is deprecated setup.py egg_info --egg-base ../../build/my_python_pkg build --build-base /home/vertin/ros2_ws/build/my_python_pkg/build install --record /home/vertin/ros2_ws/build/my_python_pkg/install.log --single-version-externally-managed install_data
