[0.113s] DEBUG:colcon:Command line arguments: ['/usr/bin/colcon', 'build']
[0.113s] DEBUG:colcon:Parsed command line arguments: Namespace(log_base=None, log_level=None, verb_name='build', build_base='build', install_base='install', merge_install=False, symlink_install=False, test_result_base=None, continue_on_error=False, executor='parallel', parallel_workers=8, event_handlers=None, ignore_user_meta=False, metas=['./colcon.meta'], base_paths=['.'], packages_ignore=None, packages_ignore_regex=None, paths=None, packages_up_to=None, packages_up_to_regex=None, packages_above=None, packages_above_and_dependencies=None, packages_above_depth=None, packages_select_by_dep=None, packages_skip_by_dep=None, packages_skip_up_to=None, packages_select_build_failed=False, packages_skip_build_finished=False, packages_select_test_failures=False, packages_skip_test_passed=False, packages_select=None, packages_skip=None, packages_select_regex=None, packages_skip_regex=None, packages_start=None, packages_end=None, allow_overriding=[], cmake_args=None, cmake_target=None, cmake_target_skip_unavailable=False, cmake_clean_cache=False, cmake_clean_first=False, cmake_force_configure=False, ament_cmake_args=None, catkin_cmake_args=None, catkin_skip_building_tests=False, verb_parser=<colcon_defaults.argument_parser.defaults.DefaultArgumentsDecorator object at 0x793d8bb5a7a0>, verb_extension=<colcon_core.verb.build.BuildVerb object at 0x793d8bcd7d00>, main=<bound method BuildVerb.main of <colcon_core.verb.build.BuildVerb object at 0x793d8bcd7d00>>)
[0.158s] Level 1:colcon.colcon_core.package_discovery:discover_packages(colcon_meta) check parameters
[0.158s] Level 1:colcon.colcon_core.package_discovery:discover_packages(recursive) check parameters
[0.158s] Level 1:colcon.colcon_core.package_discovery:discover_packages(ignore) check parameters
[0.158s] Level 1:colcon.colcon_core.package_discovery:discover_packages(path) check parameters
[0.158s] Level 1:colcon.colcon_core.package_discovery:discover_packages(colcon_meta) discover
[0.158s] Level 1:colcon.colcon_core.package_discovery:discover_packages(recursive) discover
[0.158s] INFO:colcon.colcon_core.package_discovery:Crawling recursively for packages in '/home/vertin/ros2_ws'
[0.158s] Level 1:colcon.colcon_core.package_identification:_identify(.) by extensions ['ignore', 'ignore_ament_install']
[0.158s] Level 1:colcon.colcon_core.package_identification:_identify(.) by extension 'ignore'
[0.158s] Level 1:colcon.colcon_core.package_identification:_identify(.) by extension 'ignore_ament_install'
[0.158s] Level 1:colcon.colcon_core.package_identification:_identify(.) by extensions ['colcon_pkg']
[0.158s] Level 1:colcon.colcon_core.package_identification:_identify(.) by extension 'colcon_pkg'
[0.158s] Level 1:colcon.colcon_core.package_identification:_identify(.) by extensions ['colcon_meta']
[0.158s] Level 1:colcon.colcon_core.package_identification:_identify(.) by extension 'colcon_meta'
[0.158s] Level 1:colcon.colcon_core.package_identification:_identify(.) by extensions ['ros']
[0.158s] Level 1:colcon.colcon_core.package_identification:_identify(.) by extension 'ros'
[0.188s] Level 1:colcon.colcon_core.package_identification:_identify(.) by extensions ['cmake', 'python']
[0.188s] Level 1:colcon.colcon_core.package_identification:_identify(.) by extension 'cmake'
[0.188s] Level 1:colcon.colcon_core.package_identification:_identify(.) by extension 'python'
[0.188s] Level 1:colcon.colcon_core.package_identification:_identify(.) by extensions ['python_setup_py']
[0.188s] Level 1:colcon.colcon_core.package_identification:_identify(.) by extension 'python_setup_py'
[0.188s] Level 1:colcon.colcon_core.package_identification:_identify(build) by extensions ['ignore', 'ignore_ament_install']
[0.188s] Level 1:colcon.colcon_core.package_identification:_identify(build) by extension 'ignore'
[0.188s] Level 1:colcon.colcon_core.package_identification:_identify(build) ignored
[0.188s] Level 1:colcon.colcon_core.package_identification:_identify(install) by extensions ['ignore', 'ignore_ament_install']
[0.188s] Level 1:colcon.colcon_core.package_identification:_identify(install) by extension 'ignore'
[0.188s] Level 1:colcon.colcon_core.package_identification:_identify(install) ignored
[0.188s] Level 1:colcon.colcon_core.package_identification:_identify(log) by extensions ['ignore', 'ignore_ament_install']
[0.189s] Level 1:colcon.colcon_core.package_identification:_identify(log) by extension 'ignore'
[0.189s] Level 1:colcon.colcon_core.package_identification:_identify(log) ignored
[0.189s] Level 1:colcon.colcon_core.package_identification:_identify(src) by extensions ['ignore', 'ignore_ament_install']
[0.189s] Level 1:colcon.colcon_core.package_identification:_identify(src) by extension 'ignore'
[0.189s] Level 1:colcon.colcon_core.package_identification:_identify(src) by extension 'ignore_ament_install'
[0.189s] Level 1:colcon.colcon_core.package_identification:_identify(src) by extensions ['colcon_pkg']
[0.189s] Level 1:colcon.colcon_core.package_identification:_identify(src) by extension 'colcon_pkg'
[0.189s] Level 1:colcon.colcon_core.package_identification:_identify(src) by extensions ['colcon_meta']
[0.189s] Level 1:colcon.colcon_core.package_identification:_identify(src) by extension 'colcon_meta'
[0.189s] Level 1:colcon.colcon_core.package_identification:_identify(src) by extensions ['ros']
[0.189s] Level 1:colcon.colcon_core.package_identification:_identify(src) by extension 'ros'
[0.189s] Level 1:colcon.colcon_core.package_identification:_identify(src) by extensions ['cmake', 'python']
[0.189s] Level 1:colcon.colcon_core.package_identification:_identify(src) by extension 'cmake'
[0.189s] Level 1:colcon.colcon_core.package_identification:_identify(src) by extension 'python'
[0.189s] Level 1:colcon.colcon_core.package_identification:_identify(src) by extensions ['python_setup_py']
[0.189s] Level 1:colcon.colcon_core.package_identification:_identify(src) by extension 'python_setup_py'
[0.189s] Level 1:colcon.colcon_core.package_identification:_identify(src/LIO-SAM) by extensions ['ignore', 'ignore_ament_install']
[0.189s] Level 1:colcon.colcon_core.package_identification:_identify(src/LIO-SAM) by extension 'ignore'
[0.189s] Level 1:colcon.colcon_core.package_identification:_identify(src/LIO-SAM) by extension 'ignore_ament_install'
[0.189s] Level 1:colcon.colcon_core.package_identification:_identify(src/LIO-SAM) by extensions ['colcon_pkg']
[0.189s] Level 1:colcon.colcon_core.package_identification:_identify(src/LIO-SAM) by extension 'colcon_pkg'
[0.190s] Level 1:colcon.colcon_core.package_identification:_identify(src/LIO-SAM) by extensions ['colcon_meta']
[0.190s] Level 1:colcon.colcon_core.package_identification:_identify(src/LIO-SAM) by extension 'colcon_meta'
[0.190s] Level 1:colcon.colcon_core.package_identification:_identify(src/LIO-SAM) by extensions ['ros']
[0.190s] Level 1:colcon.colcon_core.package_identification:_identify(src/LIO-SAM) by extension 'ros'
[0.192s] DEBUG:colcon.colcon_core.package_identification:Package 'src/LIO-SAM' with type 'ros.ament_cmake' and name 'lio_sam'
[0.192s] Level 1:colcon.colcon_core.package_identification:_identify(src/nav2_launch_test) by extensions ['ignore', 'ignore_ament_install']
[0.192s] Level 1:colcon.colcon_core.package_identification:_identify(src/nav2_launch_test) by extension 'ignore'
[0.192s] Level 1:colcon.colcon_core.package_identification:_identify(src/nav2_launch_test) by extension 'ignore_ament_install'
[0.192s] Level 1:colcon.colcon_core.package_identification:_identify(src/nav2_launch_test) by extensions ['colcon_pkg']
[0.192s] Level 1:colcon.colcon_core.package_identification:_identify(src/nav2_launch_test) by extension 'colcon_pkg'
[0.192s] Level 1:colcon.colcon_core.package_identification:_identify(src/nav2_launch_test) by extensions ['colcon_meta']
[0.192s] Level 1:colcon.colcon_core.package_identification:_identify(src/nav2_launch_test) by extension 'colcon_meta'
[0.192s] Level 1:colcon.colcon_core.package_identification:_identify(src/nav2_launch_test) by extensions ['ros']
[0.193s] Level 1:colcon.colcon_core.package_identification:_identify(src/nav2_launch_test) by extension 'ros'
[0.193s] DEBUG:colcon.colcon_core.package_identification:Package 'src/nav2_launch_test' with type 'ros.ament_python' and name 'nav2_launch_test'
[0.193s] Level 1:colcon.colcon_core.package_identification:_identify(src/nav2_map) by extensions ['ignore', 'ignore_ament_install']
[0.193s] Level 1:colcon.colcon_core.package_identification:_identify(src/nav2_map) by extension 'ignore'
[0.193s] Level 1:colcon.colcon_core.package_identification:_identify(src/nav2_map) by extension 'ignore_ament_install'
[0.193s] Level 1:colcon.colcon_core.package_identification:_identify(src/nav2_map) by extensions ['colcon_pkg']
[0.193s] Level 1:colcon.colcon_core.package_identification:_identify(src/nav2_map) by extension 'colcon_pkg'
[0.193s] Level 1:colcon.colcon_core.package_identification:_identify(src/nav2_map) by extensions ['colcon_meta']
[0.193s] Level 1:colcon.colcon_core.package_identification:_identify(src/nav2_map) by extension 'colcon_meta'
[0.193s] Level 1:colcon.colcon_core.package_identification:_identify(src/nav2_map) by extensions ['ros']
[0.193s] Level 1:colcon.colcon_core.package_identification:_identify(src/nav2_map) by extension 'ros'
[0.193s] Level 1:colcon.colcon_core.package_identification:_identify(src/nav2_map) by extensions ['cmake', 'python']
[0.193s] Level 1:colcon.colcon_core.package_identification:_identify(src/nav2_map) by extension 'cmake'
[0.193s] Level 1:colcon.colcon_core.package_identification:_identify(src/nav2_map) by extension 'python'
[0.194s] Level 1:colcon.colcon_core.package_identification:_identify(src/nav2_map) by extensions ['python_setup_py']
[0.194s] Level 1:colcon.colcon_core.package_identification:_identify(src/nav2_map) by extension 'python_setup_py'
[0.194s] Level 1:colcon.colcon_core.package_identification:_identify(src/tracer_ros2) by extensions ['ignore', 'ignore_ament_install']
[0.194s] Level 1:colcon.colcon_core.package_identification:_identify(src/tracer_ros2) by extension 'ignore'
[0.194s] Level 1:colcon.colcon_core.package_identification:_identify(src/tracer_ros2) by extension 'ignore_ament_install'
[0.194s] Level 1:colcon.colcon_core.package_identification:_identify(src/tracer_ros2) by extensions ['colcon_pkg']
[0.194s] Level 1:colcon.colcon_core.package_identification:_identify(src/tracer_ros2) by extension 'colcon_pkg'
[0.194s] Level 1:colcon.colcon_core.package_identification:_identify(src/tracer_ros2) by extensions ['colcon_meta']
[0.194s] Level 1:colcon.colcon_core.package_identification:_identify(src/tracer_ros2) by extension 'colcon_meta'
[0.194s] Level 1:colcon.colcon_core.package_identification:_identify(src/tracer_ros2) by extensions ['ros']
[0.194s] Level 1:colcon.colcon_core.package_identification:_identify(src/tracer_ros2) by extension 'ros'
[0.194s] Level 1:colcon.colcon_core.package_identification:_identify(src/tracer_ros2) by extensions ['cmake', 'python']
[0.194s] Level 1:colcon.colcon_core.package_identification:_identify(src/tracer_ros2) by extension 'cmake'
[0.194s] Level 1:colcon.colcon_core.package_identification:_identify(src/tracer_ros2) by extension 'python'
[0.194s] Level 1:colcon.colcon_core.package_identification:_identify(src/tracer_ros2) by extensions ['python_setup_py']
[0.194s] Level 1:colcon.colcon_core.package_identification:_identify(src/tracer_ros2) by extension 'python_setup_py'
[0.194s] Level 1:colcon.colcon_core.package_identification:_identify(src/tracer_ros2/tracer_base) by extensions ['ignore', 'ignore_ament_install']
[0.194s] Level 1:colcon.colcon_core.package_identification:_identify(src/tracer_ros2/tracer_base) by extension 'ignore'
[0.194s] Level 1:colcon.colcon_core.package_identification:_identify(src/tracer_ros2/tracer_base) by extension 'ignore_ament_install'
[0.194s] Level 1:colcon.colcon_core.package_identification:_identify(src/tracer_ros2/tracer_base) by extensions ['colcon_pkg']
[0.194s] Level 1:colcon.colcon_core.package_identification:_identify(src/tracer_ros2/tracer_base) by extension 'colcon_pkg'
[0.194s] Level 1:colcon.colcon_core.package_identification:_identify(src/tracer_ros2/tracer_base) by extensions ['colcon_meta']
[0.194s] Level 1:colcon.colcon_core.package_identification:_identify(src/tracer_ros2/tracer_base) by extension 'colcon_meta'
[0.195s] Level 1:colcon.colcon_core.package_identification:_identify(src/tracer_ros2/tracer_base) by extensions ['ros']
[0.195s] Level 1:colcon.colcon_core.package_identification:_identify(src/tracer_ros2/tracer_base) by extension 'ros'
[0.196s] DEBUG:colcon.colcon_core.package_identification:Package 'src/tracer_ros2/tracer_base' with type 'ros.ament_cmake' and name 'tracer_base'
[0.196s] Level 1:colcon.colcon_core.package_identification:_identify(src/tracer_ros2/tracer_msgs) by extensions ['ignore', 'ignore_ament_install']
[0.196s] Level 1:colcon.colcon_core.package_identification:_identify(src/tracer_ros2/tracer_msgs) by extension 'ignore'
[0.196s] Level 1:colcon.colcon_core.package_identification:_identify(src/tracer_ros2/tracer_msgs) by extension 'ignore_ament_install'
[0.196s] Level 1:colcon.colcon_core.package_identification:_identify(src/tracer_ros2/tracer_msgs) by extensions ['colcon_pkg']
[0.196s] Level 1:colcon.colcon_core.package_identification:_identify(src/tracer_ros2/tracer_msgs) by extension 'colcon_pkg'
[0.196s] Level 1:colcon.colcon_core.package_identification:_identify(src/tracer_ros2/tracer_msgs) by extensions ['colcon_meta']
[0.196s] Level 1:colcon.colcon_core.package_identification:_identify(src/tracer_ros2/tracer_msgs) by extension 'colcon_meta'
[0.196s] Level 1:colcon.colcon_core.package_identification:_identify(src/tracer_ros2/tracer_msgs) by extensions ['ros']
[0.196s] Level 1:colcon.colcon_core.package_identification:_identify(src/tracer_ros2/tracer_msgs) by extension 'ros'
[0.197s] DEBUG:colcon.colcon_core.package_identification:Package 'src/tracer_ros2/tracer_msgs' with type 'ros.ament_cmake' and name 'tracer_msgs'
[0.197s] Level 1:colcon.colcon_core.package_identification:_identify(src/ugv_sdk) by extensions ['ignore', 'ignore_ament_install']
[0.197s] Level 1:colcon.colcon_core.package_identification:_identify(src/ugv_sdk) by extension 'ignore'
[0.197s] Level 1:colcon.colcon_core.package_identification:_identify(src/ugv_sdk) by extension 'ignore_ament_install'
[0.197s] Level 1:colcon.colcon_core.package_identification:_identify(src/ugv_sdk) by extensions ['colcon_pkg']
[0.197s] Level 1:colcon.colcon_core.package_identification:_identify(src/ugv_sdk) by extension 'colcon_pkg'
[0.197s] Level 1:colcon.colcon_core.package_identification:_identify(src/ugv_sdk) by extensions ['colcon_meta']
[0.197s] Level 1:colcon.colcon_core.package_identification:_identify(src/ugv_sdk) by extension 'colcon_meta'
[0.197s] Level 1:colcon.colcon_core.package_identification:_identify(src/ugv_sdk) by extensions ['ros']
[0.197s] Level 1:colcon.colcon_core.package_identification:_identify(src/ugv_sdk) by extension 'ros'
[0.198s] DEBUG:colcon.colcon_core.package_identification:Package 'src/ugv_sdk' with type 'ros.catkin' and name 'ugv_sdk'
[0.198s] Level 1:colcon.colcon_core.package_identification:_identify(src/unitree_lidar_ros2) by extensions ['ignore', 'ignore_ament_install']
[0.198s] Level 1:colcon.colcon_core.package_identification:_identify(src/unitree_lidar_ros2) by extension 'ignore'
[0.198s] Level 1:colcon.colcon_core.package_identification:_identify(src/unitree_lidar_ros2) by extension 'ignore_ament_install'
[0.198s] Level 1:colcon.colcon_core.package_identification:_identify(src/unitree_lidar_ros2) by extensions ['colcon_pkg']
[0.198s] Level 1:colcon.colcon_core.package_identification:_identify(src/unitree_lidar_ros2) by extension 'colcon_pkg'
[0.198s] Level 1:colcon.colcon_core.package_identification:_identify(src/unitree_lidar_ros2) by extensions ['colcon_meta']
[0.198s] Level 1:colcon.colcon_core.package_identification:_identify(src/unitree_lidar_ros2) by extension 'colcon_meta'
[0.198s] Level 1:colcon.colcon_core.package_identification:_identify(src/unitree_lidar_ros2) by extensions ['ros']
[0.198s] Level 1:colcon.colcon_core.package_identification:_identify(src/unitree_lidar_ros2) by extension 'ros'
[0.198s] Level 1:colcon.colcon_core.package_identification:_identify(src/unitree_lidar_ros2) by extensions ['cmake', 'python']
[0.198s] Level 1:colcon.colcon_core.package_identification:_identify(src/unitree_lidar_ros2) by extension 'cmake'
[0.198s] Level 1:colcon.colcon_core.package_identification:_identify(src/unitree_lidar_ros2) by extension 'python'
[0.198s] Level 1:colcon.colcon_core.package_identification:_identify(src/unitree_lidar_ros2) by extensions ['python_setup_py']
[0.198s] Level 1:colcon.colcon_core.package_identification:_identify(src/unitree_lidar_ros2) by extension 'python_setup_py'
[0.198s] Level 1:colcon.colcon_core.package_identification:_identify(src/unitree_lidar_ros2/src) by extensions ['ignore', 'ignore_ament_install']
[0.199s] Level 1:colcon.colcon_core.package_identification:_identify(src/unitree_lidar_ros2/src) by extension 'ignore'
[0.199s] Level 1:colcon.colcon_core.package_identification:_identify(src/unitree_lidar_ros2/src) by extension 'ignore_ament_install'
[0.199s] Level 1:colcon.colcon_core.package_identification:_identify(src/unitree_lidar_ros2/src) by extensions ['colcon_pkg']
[0.199s] Level 1:colcon.colcon_core.package_identification:_identify(src/unitree_lidar_ros2/src) by extension 'colcon_pkg'
[0.199s] Level 1:colcon.colcon_core.package_identification:_identify(src/unitree_lidar_ros2/src) by extensions ['colcon_meta']
[0.199s] Level 1:colcon.colcon_core.package_identification:_identify(src/unitree_lidar_ros2/src) by extension 'colcon_meta'
[0.199s] Level 1:colcon.colcon_core.package_identification:_identify(src/unitree_lidar_ros2/src) by extensions ['ros']
[0.199s] Level 1:colcon.colcon_core.package_identification:_identify(src/unitree_lidar_ros2/src) by extension 'ros'
[0.199s] Level 1:colcon.colcon_core.package_identification:_identify(src/unitree_lidar_ros2/src) by extensions ['cmake', 'python']
[0.199s] Level 1:colcon.colcon_core.package_identification:_identify(src/unitree_lidar_ros2/src) by extension 'cmake'
[0.199s] Level 1:colcon.colcon_core.package_identification:_identify(src/unitree_lidar_ros2/src) by extension 'python'
[0.199s] Level 1:colcon.colcon_core.package_identification:_identify(src/unitree_lidar_ros2/src) by extensions ['python_setup_py']
[0.199s] Level 1:colcon.colcon_core.package_identification:_identify(src/unitree_lidar_ros2/src) by extension 'python_setup_py'
[0.199s] Level 1:colcon.colcon_core.package_identification:_identify(src/unitree_lidar_ros2/src/unitree_lidar_ros2) by extensions ['ignore', 'ignore_ament_install']
[0.199s] Level 1:colcon.colcon_core.package_identification:_identify(src/unitree_lidar_ros2/src/unitree_lidar_ros2) by extension 'ignore'
[0.199s] Level 1:colcon.colcon_core.package_identification:_identify(src/unitree_lidar_ros2/src/unitree_lidar_ros2) by extension 'ignore_ament_install'
[0.199s] Level 1:colcon.colcon_core.package_identification:_identify(src/unitree_lidar_ros2/src/unitree_lidar_ros2) by extensions ['colcon_pkg']
[0.199s] Level 1:colcon.colcon_core.package_identification:_identify(src/unitree_lidar_ros2/src/unitree_lidar_ros2) by extension 'colcon_pkg'
[0.199s] Level 1:colcon.colcon_core.package_identification:_identify(src/unitree_lidar_ros2/src/unitree_lidar_ros2) by extensions ['colcon_meta']
[0.199s] Level 1:colcon.colcon_core.package_identification:_identify(src/unitree_lidar_ros2/src/unitree_lidar_ros2) by extension 'colcon_meta'
[0.199s] Level 1:colcon.colcon_core.package_identification:_identify(src/unitree_lidar_ros2/src/unitree_lidar_ros2) by extensions ['ros']
[0.199s] Level 1:colcon.colcon_core.package_identification:_identify(src/unitree_lidar_ros2/src/unitree_lidar_ros2) by extension 'ros'
[0.200s] DEBUG:colcon.colcon_core.package_identification:Package 'src/unitree_lidar_ros2/src/unitree_lidar_ros2' with type 'ros.ament_cmake' and name 'unitree_lidar_ros2'
[0.201s] Level 1:colcon.colcon_core.package_identification:_identify(src/unitree_lidar_sdk) by extensions ['ignore', 'ignore_ament_install']
[0.201s] Level 1:colcon.colcon_core.package_identification:_identify(src/unitree_lidar_sdk) by extension 'ignore'
[0.201s] Level 1:colcon.colcon_core.package_identification:_identify(src/unitree_lidar_sdk) by extension 'ignore_ament_install'
[0.201s] Level 1:colcon.colcon_core.package_identification:_identify(src/unitree_lidar_sdk) by extensions ['colcon_pkg']
[0.201s] Level 1:colcon.colcon_core.package_identification:_identify(src/unitree_lidar_sdk) by extension 'colcon_pkg'
[0.201s] Level 1:colcon.colcon_core.package_identification:_identify(src/unitree_lidar_sdk) by extensions ['colcon_meta']
[0.201s] Level 1:colcon.colcon_core.package_identification:_identify(src/unitree_lidar_sdk) by extension 'colcon_meta'
[0.201s] Level 1:colcon.colcon_core.package_identification:_identify(src/unitree_lidar_sdk) by extensions ['ros']
[0.201s] Level 1:colcon.colcon_core.package_identification:_identify(src/unitree_lidar_sdk) by extension 'ros'
[0.201s] Level 1:colcon.colcon_core.package_identification:_identify(src/unitree_lidar_sdk) by extensions ['cmake', 'python']
[0.201s] Level 1:colcon.colcon_core.package_identification:_identify(src/unitree_lidar_sdk) by extension 'cmake'
[0.202s] Level 1:colcon.colcon_core.package_identification:_identify(src/unitree_lidar_sdk) by extension 'python'
[0.202s] DEBUG:colcon.colcon_core.package_identification:Package 'src/unitree_lidar_sdk' with type 'cmake' and name 'unitree_lidar_sdk'
[0.202s] Level 1:colcon.colcon_core.package_discovery:discover_packages(recursive) using defaults
[0.202s] Level 1:colcon.colcon_core.package_discovery:discover_packages(ignore) discover
[0.203s] Level 1:colcon.colcon_core.package_discovery:discover_packages(ignore) using defaults
[0.203s] Level 1:colcon.colcon_core.package_discovery:discover_packages(path) discover
[0.203s] Level 1:colcon.colcon_core.package_discovery:discover_packages(path) using defaults
[0.225s] Level 1:colcon.colcon_core.package_discovery:discover_packages(prefix_path) check parameters
[0.225s] Level 1:colcon.colcon_core.package_discovery:discover_packages(prefix_path) discover
[0.228s] DEBUG:colcon.colcon_installed_package_information.package_discovery:Found 7 installed packages in /home/vertin/ros2_ws/install
[0.228s] DEBUG:colcon.colcon_installed_package_information.package_discovery:Found 1 installed packages in /home/vertin/my_ws/install
[0.230s] DEBUG:colcon.colcon_installed_package_information.package_discovery:Found 426 installed packages in /opt/ros/humble
[0.232s] Level 1:colcon.colcon_core.package_discovery:discover_packages(prefix_path) using defaults
[0.299s] Level 5:colcon.colcon_core.verb:set package 'lio_sam' build argument 'cmake_args' from command line to 'None'
[0.299s] Level 5:colcon.colcon_core.verb:set package 'lio_sam' build argument 'cmake_target' from command line to 'None'
[0.299s] Level 5:colcon.colcon_core.verb:set package 'lio_sam' build argument 'cmake_target_skip_unavailable' from command line to 'False'
[0.300s] Level 5:colcon.colcon_core.verb:set package 'lio_sam' build argument 'cmake_clean_cache' from command line to 'False'
[0.300s] Level 5:colcon.colcon_core.verb:set package 'lio_sam' build argument 'cmake_clean_first' from command line to 'False'
[0.300s] Level 5:colcon.colcon_core.verb:set package 'lio_sam' build argument 'cmake_force_configure' from command line to 'False'
[0.300s] Level 5:colcon.colcon_core.verb:set package 'lio_sam' build argument 'ament_cmake_args' from command line to 'None'
[0.300s] Level 5:colcon.colcon_core.verb:set package 'lio_sam' build argument 'catkin_cmake_args' from command line to 'None'
[0.300s] Level 5:colcon.colcon_core.verb:set package 'lio_sam' build argument 'catkin_skip_building_tests' from command line to 'False'
[0.300s] DEBUG:colcon.colcon_core.verb:Building package 'lio_sam' with the following arguments: {'ament_cmake_args': None, 'build_base': '/home/vertin/ros2_ws/build/lio_sam', 'catkin_cmake_args': None, 'catkin_skip_building_tests': False, 'cmake_args': None, 'cmake_clean_cache': False, 'cmake_clean_first': False, 'cmake_force_configure': False, 'cmake_target': None, 'cmake_target_skip_unavailable': False, 'install_base': '/home/vertin/ros2_ws/install/lio_sam', 'merge_install': False, 'path': '/home/vertin/ros2_ws/src/LIO-SAM', 'symlink_install': False, 'test_result_base': None}
[0.300s] Level 5:colcon.colcon_core.verb:set package 'nav2_launch_test' build argument 'cmake_args' from command line to 'None'
[0.300s] Level 5:colcon.colcon_core.verb:set package 'nav2_launch_test' build argument 'cmake_target' from command line to 'None'
[0.300s] Level 5:colcon.colcon_core.verb:set package 'nav2_launch_test' build argument 'cmake_target_skip_unavailable' from command line to 'False'
[0.300s] Level 5:colcon.colcon_core.verb:set package 'nav2_launch_test' build argument 'cmake_clean_cache' from command line to 'False'
[0.300s] Level 5:colcon.colcon_core.verb:set package 'nav2_launch_test' build argument 'cmake_clean_first' from command line to 'False'
[0.300s] Level 5:colcon.colcon_core.verb:set package 'nav2_launch_test' build argument 'cmake_force_configure' from command line to 'False'
[0.300s] Level 5:colcon.colcon_core.verb:set package 'nav2_launch_test' build argument 'ament_cmake_args' from command line to 'None'
[0.300s] Level 5:colcon.colcon_core.verb:set package 'nav2_launch_test' build argument 'catkin_cmake_args' from command line to 'None'
[0.300s] Level 5:colcon.colcon_core.verb:set package 'nav2_launch_test' build argument 'catkin_skip_building_tests' from command line to 'False'
[0.301s] DEBUG:colcon.colcon_core.verb:Building package 'nav2_launch_test' with the following arguments: {'ament_cmake_args': None, 'build_base': '/home/vertin/ros2_ws/build/nav2_launch_test', 'catkin_cmake_args': None, 'catkin_skip_building_tests': False, 'cmake_args': None, 'cmake_clean_cache': False, 'cmake_clean_first': False, 'cmake_force_configure': False, 'cmake_target': None, 'cmake_target_skip_unavailable': False, 'install_base': '/home/vertin/ros2_ws/install/nav2_launch_test', 'merge_install': False, 'path': '/home/vertin/ros2_ws/src/nav2_launch_test', 'symlink_install': False, 'test_result_base': None}
[0.301s] Level 5:colcon.colcon_core.verb:set package 'tracer_msgs' build argument 'cmake_args' from command line to 'None'
[0.301s] Level 5:colcon.colcon_core.verb:set package 'tracer_msgs' build argument 'cmake_target' from command line to 'None'
[0.301s] Level 5:colcon.colcon_core.verb:set package 'tracer_msgs' build argument 'cmake_target_skip_unavailable' from command line to 'False'
[0.301s] Level 5:colcon.colcon_core.verb:set package 'tracer_msgs' build argument 'cmake_clean_cache' from command line to 'False'
[0.301s] Level 5:colcon.colcon_core.verb:set package 'tracer_msgs' build argument 'cmake_clean_first' from command line to 'False'
[0.301s] Level 5:colcon.colcon_core.verb:set package 'tracer_msgs' build argument 'cmake_force_configure' from command line to 'False'
[0.301s] Level 5:colcon.colcon_core.verb:set package 'tracer_msgs' build argument 'ament_cmake_args' from command line to 'None'
[0.301s] Level 5:colcon.colcon_core.verb:set package 'tracer_msgs' build argument 'catkin_cmake_args' from command line to 'None'
[0.301s] Level 5:colcon.colcon_core.verb:set package 'tracer_msgs' build argument 'catkin_skip_building_tests' from command line to 'False'
[0.301s] DEBUG:colcon.colcon_core.verb:Building package 'tracer_msgs' with the following arguments: {'ament_cmake_args': None, 'build_base': '/home/vertin/ros2_ws/build/tracer_msgs', 'catkin_cmake_args': None, 'catkin_skip_building_tests': False, 'cmake_args': None, 'cmake_clean_cache': False, 'cmake_clean_first': False, 'cmake_force_configure': False, 'cmake_target': None, 'cmake_target_skip_unavailable': False, 'install_base': '/home/vertin/ros2_ws/install/tracer_msgs', 'merge_install': False, 'path': '/home/vertin/ros2_ws/src/tracer_ros2/tracer_msgs', 'symlink_install': False, 'test_result_base': None}
[0.302s] Level 5:colcon.colcon_core.verb:set package 'ugv_sdk' build argument 'cmake_args' from command line to 'None'
[0.302s] Level 5:colcon.colcon_core.verb:set package 'ugv_sdk' build argument 'cmake_target' from command line to 'None'
[0.302s] Level 5:colcon.colcon_core.verb:set package 'ugv_sdk' build argument 'cmake_target_skip_unavailable' from command line to 'False'
[0.302s] Level 5:colcon.colcon_core.verb:set package 'ugv_sdk' build argument 'cmake_clean_cache' from command line to 'False'
[0.302s] Level 5:colcon.colcon_core.verb:set package 'ugv_sdk' build argument 'cmake_clean_first' from command line to 'False'
[0.302s] Level 5:colcon.colcon_core.verb:set package 'ugv_sdk' build argument 'cmake_force_configure' from command line to 'False'
[0.302s] Level 5:colcon.colcon_core.verb:set package 'ugv_sdk' build argument 'ament_cmake_args' from command line to 'None'
[0.302s] Level 5:colcon.colcon_core.verb:set package 'ugv_sdk' build argument 'catkin_cmake_args' from command line to 'None'
[0.302s] Level 5:colcon.colcon_core.verb:set package 'ugv_sdk' build argument 'catkin_skip_building_tests' from command line to 'False'
[0.302s] DEBUG:colcon.colcon_core.verb:Building package 'ugv_sdk' with the following arguments: {'ament_cmake_args': None, 'build_base': '/home/vertin/ros2_ws/build/ugv_sdk', 'catkin_cmake_args': None, 'catkin_skip_building_tests': False, 'cmake_args': None, 'cmake_clean_cache': False, 'cmake_clean_first': False, 'cmake_force_configure': False, 'cmake_target': None, 'cmake_target_skip_unavailable': False, 'install_base': '/home/vertin/ros2_ws/install/ugv_sdk', 'merge_install': False, 'path': '/home/vertin/ros2_ws/src/ugv_sdk', 'symlink_install': False, 'test_result_base': None}
[0.302s] Level 5:colcon.colcon_core.verb:set package 'unitree_lidar_ros2' build argument 'cmake_args' from command line to 'None'
[0.302s] Level 5:colcon.colcon_core.verb:set package 'unitree_lidar_ros2' build argument 'cmake_target' from command line to 'None'
[0.302s] Level 5:colcon.colcon_core.verb:set package 'unitree_lidar_ros2' build argument 'cmake_target_skip_unavailable' from command line to 'False'
[0.302s] Level 5:colcon.colcon_core.verb:set package 'unitree_lidar_ros2' build argument 'cmake_clean_cache' from command line to 'False'
[0.302s] Level 5:colcon.colcon_core.verb:set package 'unitree_lidar_ros2' build argument 'cmake_clean_first' from command line to 'False'
[0.302s] Level 5:colcon.colcon_core.verb:set package 'unitree_lidar_ros2' build argument 'cmake_force_configure' from command line to 'False'
[0.302s] Level 5:colcon.colcon_core.verb:set package 'unitree_lidar_ros2' build argument 'ament_cmake_args' from command line to 'None'
[0.302s] Level 5:colcon.colcon_core.verb:set package 'unitree_lidar_ros2' build argument 'catkin_cmake_args' from command line to 'None'
[0.302s] Level 5:colcon.colcon_core.verb:set package 'unitree_lidar_ros2' build argument 'catkin_skip_building_tests' from command line to 'False'
[0.302s] DEBUG:colcon.colcon_core.verb:Building package 'unitree_lidar_ros2' with the following arguments: {'ament_cmake_args': None, 'build_base': '/home/vertin/ros2_ws/build/unitree_lidar_ros2', 'catkin_cmake_args': None, 'catkin_skip_building_tests': False, 'cmake_args': None, 'cmake_clean_cache': False, 'cmake_clean_first': False, 'cmake_force_configure': False, 'cmake_target': None, 'cmake_target_skip_unavailable': False, 'install_base': '/home/vertin/ros2_ws/install/unitree_lidar_ros2', 'merge_install': False, 'path': '/home/vertin/ros2_ws/src/unitree_lidar_ros2/src/unitree_lidar_ros2', 'symlink_install': False, 'test_result_base': None}
[0.303s] Level 5:colcon.colcon_core.verb:set package 'unitree_lidar_sdk' build argument 'cmake_args' from command line to 'None'
[0.303s] Level 5:colcon.colcon_core.verb:set package 'unitree_lidar_sdk' build argument 'cmake_target' from command line to 'None'
[0.303s] Level 5:colcon.colcon_core.verb:set package 'unitree_lidar_sdk' build argument 'cmake_target_skip_unavailable' from command line to 'False'
[0.303s] Level 5:colcon.colcon_core.verb:set package 'unitree_lidar_sdk' build argument 'cmake_clean_cache' from command line to 'False'
[0.303s] Level 5:colcon.colcon_core.verb:set package 'unitree_lidar_sdk' build argument 'cmake_clean_first' from command line to 'False'
[0.303s] Level 5:colcon.colcon_core.verb:set package 'unitree_lidar_sdk' build argument 'cmake_force_configure' from command line to 'False'
[0.303s] Level 5:colcon.colcon_core.verb:set package 'unitree_lidar_sdk' build argument 'ament_cmake_args' from command line to 'None'
[0.303s] Level 5:colcon.colcon_core.verb:set package 'unitree_lidar_sdk' build argument 'catkin_cmake_args' from command line to 'None'
[0.303s] Level 5:colcon.colcon_core.verb:set package 'unitree_lidar_sdk' build argument 'catkin_skip_building_tests' from command line to 'False'
[0.303s] DEBUG:colcon.colcon_core.verb:Building package 'unitree_lidar_sdk' with the following arguments: {'ament_cmake_args': None, 'build_base': '/home/vertin/ros2_ws/build/unitree_lidar_sdk', 'catkin_cmake_args': None, 'catkin_skip_building_tests': False, 'cmake_args': None, 'cmake_clean_cache': False, 'cmake_clean_first': False, 'cmake_force_configure': False, 'cmake_target': None, 'cmake_target_skip_unavailable': False, 'install_base': '/home/vertin/ros2_ws/install/unitree_lidar_sdk', 'merge_install': False, 'path': '/home/vertin/ros2_ws/src/unitree_lidar_sdk', 'symlink_install': False, 'test_result_base': None}
[0.303s] Level 5:colcon.colcon_core.verb:set package 'tracer_base' build argument 'cmake_args' from command line to 'None'
[0.303s] Level 5:colcon.colcon_core.verb:set package 'tracer_base' build argument 'cmake_target' from command line to 'None'
[0.303s] Level 5:colcon.colcon_core.verb:set package 'tracer_base' build argument 'cmake_target_skip_unavailable' from command line to 'False'
[0.303s] Level 5:colcon.colcon_core.verb:set package 'tracer_base' build argument 'cmake_clean_cache' from command line to 'False'
[0.303s] Level 5:colcon.colcon_core.verb:set package 'tracer_base' build argument 'cmake_clean_first' from command line to 'False'
[0.303s] Level 5:colcon.colcon_core.verb:set package 'tracer_base' build argument 'cmake_force_configure' from command line to 'False'
[0.303s] Level 5:colcon.colcon_core.verb:set package 'tracer_base' build argument 'ament_cmake_args' from command line to 'None'
[0.303s] Level 5:colcon.colcon_core.verb:set package 'tracer_base' build argument 'catkin_cmake_args' from command line to 'None'
[0.303s] Level 5:colcon.colcon_core.verb:set package 'tracer_base' build argument 'catkin_skip_building_tests' from command line to 'False'
[0.303s] DEBUG:colcon.colcon_core.verb:Building package 'tracer_base' with the following arguments: {'ament_cmake_args': None, 'build_base': '/home/vertin/ros2_ws/build/tracer_base', 'catkin_cmake_args': None, 'catkin_skip_building_tests': False, 'cmake_args': None, 'cmake_clean_cache': False, 'cmake_clean_first': False, 'cmake_force_configure': False, 'cmake_target': None, 'cmake_target_skip_unavailable': False, 'install_base': '/home/vertin/ros2_ws/install/tracer_base', 'merge_install': False, 'path': '/home/vertin/ros2_ws/src/tracer_ros2/tracer_base', 'symlink_install': False, 'test_result_base': None}
[0.304s] INFO:colcon.colcon_core.executor:Executing jobs using 'parallel' executor
[0.304s] DEBUG:colcon.colcon_parallel_executor.executor.parallel:run_until_complete
[0.305s] INFO:colcon.colcon_ros.task.ament_cmake.build:Building ROS package in '/home/vertin/ros2_ws/src/tracer_ros2/tracer_msgs' with build type 'ament_cmake'
[0.305s] INFO:colcon.colcon_cmake.task.cmake.build:Building CMake package in '/home/vertin/ros2_ws/src/tracer_ros2/tracer_msgs'
[0.307s] INFO:colcon.colcon_core.plugin_system:Skipping extension 'colcon_core.shell.bat': Not used on non-Windows systems
[0.307s] INFO:colcon.colcon_core.shell:Skip shell extension 'powershell' for command environment: Not usable outside of PowerShell
[0.307s] DEBUG:colcon.colcon_core.shell:Skip shell extension 'dsv' for command environment
[0.312s] INFO:colcon.colcon_ros.task.catkin.build:Building ROS package in '/home/vertin/ros2_ws/src/ugv_sdk' with build type 'catkin'
[0.312s] INFO:colcon.colcon_cmake.task.cmake.build:Building CMake package in '/home/vertin/ros2_ws/src/ugv_sdk'
[0.313s] INFO:colcon.colcon_core.shell:Skip shell extension 'powershell' for command environment: Not usable outside of PowerShell
[0.313s] DEBUG:colcon.colcon_core.shell:Skip shell extension 'dsv' for command environment
[0.319s] INFO:colcon.colcon_ros.task.ament_cmake.build:Building ROS package in '/home/vertin/ros2_ws/src/LIO-SAM' with build type 'ament_cmake'
[0.320s] INFO:colcon.colcon_cmake.task.cmake.build:Building CMake package in '/home/vertin/ros2_ws/src/LIO-SAM'
[0.321s] INFO:colcon.colcon_core.shell:Skip shell extension 'powershell' for command environment: Not usable outside of PowerShell
[0.321s] DEBUG:colcon.colcon_core.shell:Skip shell extension 'dsv' for command environment
[0.330s] INFO:colcon.colcon_ros.task.ament_python.build:Building ROS package in '/home/vertin/ros2_ws/src/nav2_launch_test' with build type 'ament_python'
[0.330s] Level 1:colcon.colcon_core.shell:create_environment_hook('nav2_launch_test', 'ament_prefix_path')
[0.331s] INFO:colcon.colcon_core.shell:Creating environment hook '/home/vertin/ros2_ws/install/nav2_launch_test/share/nav2_launch_test/hook/ament_prefix_path.ps1'
[0.332s] INFO:colcon.colcon_core.shell:Creating environment descriptor '/home/vertin/ros2_ws/install/nav2_launch_test/share/nav2_launch_test/hook/ament_prefix_path.dsv'
[0.332s] INFO:colcon.colcon_core.shell:Creating environment hook '/home/vertin/ros2_ws/install/nav2_launch_test/share/nav2_launch_test/hook/ament_prefix_path.sh'
[0.334s] INFO:colcon.colcon_core.shell:Skip shell extension 'powershell' for command environment: Not usable outside of PowerShell
[0.334s] DEBUG:colcon.colcon_core.shell:Skip shell extension 'dsv' for command environment
[0.339s] INFO:colcon.colcon_ros.task.ament_cmake.build:Building ROS package in '/home/vertin/ros2_ws/src/unitree_lidar_ros2/src/unitree_lidar_ros2' with build type 'ament_cmake'
[0.339s] INFO:colcon.colcon_cmake.task.cmake.build:Building CMake package in '/home/vertin/ros2_ws/src/unitree_lidar_ros2/src/unitree_lidar_ros2'
[0.340s] INFO:colcon.colcon_core.shell:Skip shell extension 'powershell' for command environment: Not usable outside of PowerShell
[0.340s] DEBUG:colcon.colcon_core.shell:Skip shell extension 'dsv' for command environment
[0.345s] INFO:colcon.colcon_cmake.task.cmake.build:Building CMake package in '/home/vertin/ros2_ws/src/unitree_lidar_sdk'
[0.345s] INFO:colcon.colcon_core.shell:Skip shell extension 'powershell' for command environment: Not usable outside of PowerShell
[0.346s] DEBUG:colcon.colcon_core.shell:Skip shell extension 'dsv' for command environment
[0.356s] DEBUG:colcon.colcon_core.event_handler.log_command:Invoking command in '/home/vertin/ros2_ws/build/tracer_msgs': CMAKE_PREFIX_PATH=/home/vertin/ros2_ws/install/unitree_lidar_ros2:/home/vertin/ros2_ws/install/tracer_base:/home/vertin/ros2_ws/install/nav2_launch_test:/home/vertin/my_ws/install/robot_localizer:/opt/ros/humble:/home/vertin/ros2_ws/install/ugv_sdk:/home/vertin/ros2_ws/install/tracer_msgs:/home/vertin/ros2_ws/install/lio_sam /usr/bin/cmake --build /home/vertin/ros2_ws/build/tracer_msgs -- -j8 -l8
[0.362s] DEBUG:colcon.colcon_core.event_handler.log_command:Invoking command in '/home/vertin/ros2_ws/build/ugv_sdk': /usr/bin/cmake --build /home/vertin/ros2_ws/build/ugv_sdk -- -j8 -l8
[0.373s] DEBUG:colcon.colcon_core.event_handler.log_command:Invoking command in '/home/vertin/ros2_ws/build/lio_sam': CMAKE_PREFIX_PATH=/home/vertin/ros2_ws/install/unitree_lidar_ros2:/home/vertin/ros2_ws/install/tracer_base:/home/vertin/ros2_ws/install/nav2_launch_test:/home/vertin/my_ws/install/robot_localizer:/opt/ros/humble:/home/vertin/ros2_ws/install/ugv_sdk:/home/vertin/ros2_ws/install/tracer_msgs:/home/vertin/ros2_ws/install/lio_sam /usr/bin/cmake --build /home/vertin/ros2_ws/build/lio_sam -- -j8 -l8
[0.935s] INFO:colcon.colcon_core.task.python.build:Building Python package in '/home/vertin/ros2_ws/src/nav2_launch_test'
[0.935s] INFO:colcon.colcon_core.shell:Skip shell extension 'powershell' for command environment: Not usable outside of PowerShell
[0.935s] DEBUG:colcon.colcon_core.shell:Skip shell extension 'dsv' for command environment
[0.947s] DEBUG:colcon.colcon_core.event_handler.log_command:Invoking command in '/home/vertin/ros2_ws/build/unitree_lidar_ros2': CMAKE_PREFIX_PATH=/home/vertin/ros2_ws/install/unitree_lidar_ros2:/home/vertin/ros2_ws/install/tracer_base:/home/vertin/ros2_ws/install/nav2_launch_test:/home/vertin/my_ws/install/robot_localizer:/opt/ros/humble:/home/vertin/ros2_ws/install/ugv_sdk:/home/vertin/ros2_ws/install/tracer_msgs:/home/vertin/ros2_ws/install/lio_sam /usr/bin/cmake --build /home/vertin/ros2_ws/build/unitree_lidar_ros2 -- -j8 -l8
[0.962s] DEBUG:colcon.colcon_core.event_handler.log_command:Invoking command in '/home/vertin/ros2_ws/build/unitree_lidar_sdk': /usr/bin/cmake --build /home/vertin/ros2_ws/build/unitree_lidar_sdk -- -j8 -l8
[0.963s] DEBUG:colcon.colcon_core.event_handler.log_command:Invoked command in '/home/vertin/ros2_ws/build/ugv_sdk' returned '0': /usr/bin/cmake --build /home/vertin/ros2_ws/build/ugv_sdk -- -j8 -l8
[0.981s] DEBUG:colcon.colcon_core.event_handler.log_command:Invoking command in '/home/vertin/ros2_ws/build/ugv_sdk': /usr/bin/cmake --install /home/vertin/ros2_ws/build/ugv_sdk
[1.002s] Level 1:colcon.colcon_core.shell:create_environment_hook('ugv_sdk', 'ros_package_path')
[1.002s] INFO:colcon.colcon_core.shell:Creating environment hook '/home/vertin/ros2_ws/install/ugv_sdk/share/ugv_sdk/hook/ros_package_path.ps1'
[1.005s] INFO:colcon.colcon_core.shell:Creating environment descriptor '/home/vertin/ros2_ws/install/ugv_sdk/share/ugv_sdk/hook/ros_package_path.dsv'
[1.007s] DEBUG:colcon.colcon_core.event_handler.log_command:Invoked command in '/home/vertin/ros2_ws/build/ugv_sdk' returned '0': /usr/bin/cmake --install /home/vertin/ros2_ws/build/ugv_sdk
[1.009s] INFO:colcon.colcon_core.shell:Creating environment hook '/home/vertin/ros2_ws/install/ugv_sdk/share/ugv_sdk/hook/ros_package_path.sh'
[1.010s] Level 1:colcon.colcon_core.shell:create_environment_hook('ugv_sdk', 'pkg_config_path')
[1.010s] INFO:colcon.colcon_core.shell:Creating environment hook '/home/vertin/ros2_ws/install/ugv_sdk/share/ugv_sdk/hook/pkg_config_path.ps1'
[1.011s] INFO:colcon.colcon_core.shell:Creating environment descriptor '/home/vertin/ros2_ws/install/ugv_sdk/share/ugv_sdk/hook/pkg_config_path.dsv'
[1.012s] INFO:colcon.colcon_core.shell:Creating environment hook '/home/vertin/ros2_ws/install/ugv_sdk/share/ugv_sdk/hook/pkg_config_path.sh'
[1.019s] Level 1:colcon.colcon_core.shell:create_environment_hook('ugv_sdk', 'pkg_config_path_multiarch')
[1.020s] INFO:colcon.colcon_core.shell:Creating environment hook '/home/vertin/ros2_ws/install/ugv_sdk/share/ugv_sdk/hook/pkg_config_path_multiarch.ps1'
[1.021s] INFO:colcon.colcon_core.shell:Creating environment descriptor '/home/vertin/ros2_ws/install/ugv_sdk/share/ugv_sdk/hook/pkg_config_path_multiarch.dsv'
[1.021s] INFO:colcon.colcon_core.shell:Creating environment hook '/home/vertin/ros2_ws/install/ugv_sdk/share/ugv_sdk/hook/pkg_config_path_multiarch.sh'
[1.024s] Level 1:colcon.colcon_core.environment:create_environment_scripts_only(ugv_sdk)
[1.031s] Level 1:colcon.colcon_core.environment:checking '/home/vertin/ros2_ws/install/ugv_sdk' for CMake module files
[1.032s] Level 1:colcon.colcon_core.environment:checking '/home/vertin/ros2_ws/install/ugv_sdk' for CMake config files
[1.033s] Level 1:colcon.colcon_core.shell:create_environment_hook('ugv_sdk', 'cmake_prefix_path')
[1.035s] INFO:colcon.colcon_core.shell:Creating environment hook '/home/vertin/ros2_ws/install/ugv_sdk/share/ugv_sdk/hook/cmake_prefix_path.ps1'
[1.037s] INFO:colcon.colcon_core.shell:Creating environment descriptor '/home/vertin/ros2_ws/install/ugv_sdk/share/ugv_sdk/hook/cmake_prefix_path.dsv'
[1.038s] INFO:colcon.colcon_core.shell:Creating environment hook '/home/vertin/ros2_ws/install/ugv_sdk/share/ugv_sdk/hook/cmake_prefix_path.sh'
[1.039s] Level 1:colcon.colcon_core.environment:checking '/home/vertin/ros2_ws/install/ugv_sdk/lib'
[1.039s] Level 1:colcon.colcon_core.environment:checking '/home/vertin/ros2_ws/install/ugv_sdk/bin'
[1.040s] Level 1:colcon.colcon_core.environment:checking '/home/vertin/ros2_ws/install/ugv_sdk/lib/pkgconfig/ugv_sdk.pc'
[1.040s] Level 1:colcon.colcon_core.environment:checking '/home/vertin/ros2_ws/install/ugv_sdk/lib/python3.10/site-packages'
[1.041s] Level 1:colcon.colcon_core.environment:checking '/home/vertin/ros2_ws/install/ugv_sdk/bin'
[1.042s] INFO:colcon.colcon_core.shell:Creating package script '/home/vertin/ros2_ws/install/ugv_sdk/share/ugv_sdk/package.ps1'
[1.046s] INFO:colcon.colcon_core.shell:Creating package descriptor '/home/vertin/ros2_ws/install/ugv_sdk/share/ugv_sdk/package.dsv'
[1.048s] INFO:colcon.colcon_core.shell:Creating package script '/home/vertin/ros2_ws/install/ugv_sdk/share/ugv_sdk/package.sh'
[1.050s] INFO:colcon.colcon_core.shell:Creating package script '/home/vertin/ros2_ws/install/ugv_sdk/share/ugv_sdk/package.bash'
[1.052s] INFO:colcon.colcon_core.shell:Creating package script '/home/vertin/ros2_ws/install/ugv_sdk/share/ugv_sdk/package.zsh'
[1.054s] Level 1:colcon.colcon_core.environment:create_file_with_runtime_dependencies(/home/vertin/ros2_ws/install/ugv_sdk/share/colcon-core/packages/ugv_sdk)
[1.081s] DEBUG:colcon.colcon_core.event_handler.log_command:Invoked command in '/home/vertin/ros2_ws/build/unitree_lidar_sdk' returned '0': /usr/bin/cmake --build /home/vertin/ros2_ws/build/unitree_lidar_sdk -- -j8 -l8
[1.082s] WARNING:colcon.colcon_cmake.task.cmake.build:Could not run installation step for package 'unitree_lidar_sdk' because it has no 'install' target
[1.082s] Level 1:colcon.colcon_core.environment:create_environment_scripts_only(unitree_lidar_sdk)
[1.083s] Level 1:colcon.colcon_core.environment:checking '/home/vertin/ros2_ws/install/unitree_lidar_sdk' for CMake module files
[1.083s] Level 1:colcon.colcon_core.environment:checking '/home/vertin/ros2_ws/install/unitree_lidar_sdk' for CMake config files
[1.084s] Level 1:colcon.colcon_core.environment:checking '/home/vertin/ros2_ws/install/unitree_lidar_sdk/bin'
[1.084s] Level 1:colcon.colcon_core.environment:checking '/home/vertin/ros2_ws/install/unitree_lidar_sdk/lib/pkgconfig/unitree_lidar_sdk.pc'
[1.085s] Level 1:colcon.colcon_core.environment:checking '/home/vertin/ros2_ws/install/unitree_lidar_sdk/lib/python3.10/site-packages'
[1.085s] Level 1:colcon.colcon_core.environment:checking '/home/vertin/ros2_ws/install/unitree_lidar_sdk/bin'
[1.085s] INFO:colcon.colcon_core.shell:Creating package script '/home/vertin/ros2_ws/install/unitree_lidar_sdk/share/unitree_lidar_sdk/package.ps1'
[1.086s] INFO:colcon.colcon_core.shell:Creating package descriptor '/home/vertin/ros2_ws/install/unitree_lidar_sdk/share/unitree_lidar_sdk/package.dsv'
[1.087s] INFO:colcon.colcon_core.shell:Creating package script '/home/vertin/ros2_ws/install/unitree_lidar_sdk/share/unitree_lidar_sdk/package.sh'
[1.087s] INFO:colcon.colcon_core.shell:Creating package script '/home/vertin/ros2_ws/install/unitree_lidar_sdk/share/unitree_lidar_sdk/package.bash'
[1.088s] INFO:colcon.colcon_core.shell:Creating package script '/home/vertin/ros2_ws/install/unitree_lidar_sdk/share/unitree_lidar_sdk/package.zsh'
[1.089s] Level 1:colcon.colcon_core.environment:create_file_with_runtime_dependencies(/home/vertin/ros2_ws/install/unitree_lidar_sdk/share/colcon-core/packages/unitree_lidar_sdk)
[1.091s] DEBUG:colcon.colcon_core.event_handler.log_command:Invoked command in '/home/vertin/ros2_ws/build/unitree_lidar_ros2' returned '0': CMAKE_PREFIX_PATH=/home/vertin/ros2_ws/install/unitree_lidar_ros2:/home/vertin/ros2_ws/install/tracer_base:/home/vertin/ros2_ws/install/nav2_launch_test:/home/vertin/my_ws/install/robot_localizer:/opt/ros/humble:/home/vertin/ros2_ws/install/ugv_sdk:/home/vertin/ros2_ws/install/tracer_msgs:/home/vertin/ros2_ws/install/lio_sam /usr/bin/cmake --build /home/vertin/ros2_ws/build/unitree_lidar_ros2 -- -j8 -l8
[1.093s] DEBUG:colcon.colcon_core.event_handler.log_command:Invoking command in '/home/vertin/ros2_ws/build/unitree_lidar_ros2': CMAKE_PREFIX_PATH=/home/vertin/ros2_ws/install/unitree_lidar_ros2:/home/vertin/ros2_ws/install/tracer_base:/home/vertin/ros2_ws/install/nav2_launch_test:/home/vertin/my_ws/install/robot_localizer:/opt/ros/humble:/home/vertin/ros2_ws/install/ugv_sdk:/home/vertin/ros2_ws/install/tracer_msgs:/home/vertin/ros2_ws/install/lio_sam /usr/bin/cmake --install /home/vertin/ros2_ws/build/unitree_lidar_ros2
[1.108s] Level 1:colcon.colcon_core.environment:create_environment_scripts_only(unitree_lidar_ros2)
[1.109s] Level 1:colcon.colcon_core.environment:checking '/home/vertin/ros2_ws/install/unitree_lidar_ros2' for CMake module files
[1.110s] DEBUG:colcon.colcon_core.event_handler.log_command:Invoked command in '/home/vertin/ros2_ws/build/unitree_lidar_ros2' returned '0': CMAKE_PREFIX_PATH=/home/vertin/ros2_ws/install/unitree_lidar_ros2:/home/vertin/ros2_ws/install/tracer_base:/home/vertin/ros2_ws/install/nav2_launch_test:/home/vertin/my_ws/install/robot_localizer:/opt/ros/humble:/home/vertin/ros2_ws/install/ugv_sdk:/home/vertin/ros2_ws/install/tracer_msgs:/home/vertin/ros2_ws/install/lio_sam /usr/bin/cmake --install /home/vertin/ros2_ws/build/unitree_lidar_ros2
[1.110s] Level 1:colcon.colcon_core.environment:checking '/home/vertin/ros2_ws/install/unitree_lidar_ros2' for CMake config files
[1.110s] Level 1:colcon.colcon_core.shell:create_environment_hook('unitree_lidar_ros2', 'cmake_prefix_path')
[1.111s] INFO:colcon.colcon_core.shell:Creating environment hook '/home/vertin/ros2_ws/install/unitree_lidar_ros2/share/unitree_lidar_ros2/hook/cmake_prefix_path.ps1'
[1.111s] INFO:colcon.colcon_core.shell:Creating environment descriptor '/home/vertin/ros2_ws/install/unitree_lidar_ros2/share/unitree_lidar_ros2/hook/cmake_prefix_path.dsv'
[1.112s] INFO:colcon.colcon_core.shell:Creating environment hook '/home/vertin/ros2_ws/install/unitree_lidar_ros2/share/unitree_lidar_ros2/hook/cmake_prefix_path.sh'
[1.113s] Level 1:colcon.colcon_core.environment:checking '/home/vertin/ros2_ws/install/unitree_lidar_ros2/lib'
[1.113s] Level 1:colcon.colcon_core.environment:checking '/home/vertin/ros2_ws/install/unitree_lidar_ros2/bin'
[1.113s] Level 1:colcon.colcon_core.environment:checking '/home/vertin/ros2_ws/install/unitree_lidar_ros2/lib/pkgconfig/unitree_lidar_ros2.pc'
[1.113s] Level 1:colcon.colcon_core.environment:checking '/home/vertin/ros2_ws/install/unitree_lidar_ros2/lib/python3.10/site-packages'
[1.113s] Level 1:colcon.colcon_core.environment:checking '/home/vertin/ros2_ws/install/unitree_lidar_ros2/bin'
[1.114s] INFO:colcon.colcon_core.shell:Creating package script '/home/vertin/ros2_ws/install/unitree_lidar_ros2/share/unitree_lidar_ros2/package.ps1'
[1.114s] INFO:colcon.colcon_core.shell:Creating package descriptor '/home/vertin/ros2_ws/install/unitree_lidar_ros2/share/unitree_lidar_ros2/package.dsv'
[1.115s] INFO:colcon.colcon_core.shell:Creating package script '/home/vertin/ros2_ws/install/unitree_lidar_ros2/share/unitree_lidar_ros2/package.sh'
[1.115s] INFO:colcon.colcon_core.shell:Creating package script '/home/vertin/ros2_ws/install/unitree_lidar_ros2/share/unitree_lidar_ros2/package.bash'
[1.116s] INFO:colcon.colcon_core.shell:Creating package script '/home/vertin/ros2_ws/install/unitree_lidar_ros2/share/unitree_lidar_ros2/package.zsh'
[1.116s] Level 1:colcon.colcon_core.environment:create_file_with_runtime_dependencies(/home/vertin/ros2_ws/install/unitree_lidar_ros2/share/colcon-core/packages/unitree_lidar_ros2)
[1.117s] Level 1:colcon.colcon_core.environment:create_environment_scripts_only(unitree_lidar_ros2)
[1.118s] Level 1:colcon.colcon_core.environment:checking '/home/vertin/ros2_ws/install/unitree_lidar_ros2' for CMake module files
[1.118s] Level 1:colcon.colcon_core.environment:checking '/home/vertin/ros2_ws/install/unitree_lidar_ros2' for CMake config files
[1.119s] Level 1:colcon.colcon_core.shell:create_environment_hook('unitree_lidar_ros2', 'cmake_prefix_path')
[1.119s] INFO:colcon.colcon_core.shell:Creating environment hook '/home/vertin/ros2_ws/install/unitree_lidar_ros2/share/unitree_lidar_ros2/hook/cmake_prefix_path.ps1'
[1.120s] INFO:colcon.colcon_core.shell:Creating environment descriptor '/home/vertin/ros2_ws/install/unitree_lidar_ros2/share/unitree_lidar_ros2/hook/cmake_prefix_path.dsv'
[1.120s] INFO:colcon.colcon_core.shell:Creating environment hook '/home/vertin/ros2_ws/install/unitree_lidar_ros2/share/unitree_lidar_ros2/hook/cmake_prefix_path.sh'
[1.121s] Level 1:colcon.colcon_core.environment:checking '/home/vertin/ros2_ws/install/unitree_lidar_ros2/lib'
[1.122s] Level 1:colcon.colcon_core.environment:checking '/home/vertin/ros2_ws/install/unitree_lidar_ros2/bin'
[1.122s] Level 1:colcon.colcon_core.environment:checking '/home/vertin/ros2_ws/install/unitree_lidar_ros2/lib/pkgconfig/unitree_lidar_ros2.pc'
[1.122s] Level 1:colcon.colcon_core.environment:checking '/home/vertin/ros2_ws/install/unitree_lidar_ros2/lib/python3.10/site-packages'
[1.122s] Level 1:colcon.colcon_core.environment:checking '/home/vertin/ros2_ws/install/unitree_lidar_ros2/bin'
[1.123s] INFO:colcon.colcon_core.shell:Creating package script '/home/vertin/ros2_ws/install/unitree_lidar_ros2/share/unitree_lidar_ros2/package.ps1'
[1.123s] INFO:colcon.colcon_core.shell:Creating package descriptor '/home/vertin/ros2_ws/install/unitree_lidar_ros2/share/unitree_lidar_ros2/package.dsv'
[1.124s] INFO:colcon.colcon_core.shell:Creating package script '/home/vertin/ros2_ws/install/unitree_lidar_ros2/share/unitree_lidar_ros2/package.sh'
[1.125s] INFO:colcon.colcon_core.shell:Creating package script '/home/vertin/ros2_ws/install/unitree_lidar_ros2/share/unitree_lidar_ros2/package.bash'
[1.125s] INFO:colcon.colcon_core.shell:Creating package script '/home/vertin/ros2_ws/install/unitree_lidar_ros2/share/unitree_lidar_ros2/package.zsh'
[1.126s] Level 1:colcon.colcon_core.environment:create_file_with_runtime_dependencies(/home/vertin/ros2_ws/install/unitree_lidar_ros2/share/colcon-core/packages/unitree_lidar_ros2)
[1.229s] DEBUG:colcon.colcon_core.event_handler.log_command:Invoked command in '/home/vertin/ros2_ws/build/tracer_msgs' returned '0': CMAKE_PREFIX_PATH=/home/vertin/ros2_ws/install/unitree_lidar_ros2:/home/vertin/ros2_ws/install/tracer_base:/home/vertin/ros2_ws/install/nav2_launch_test:/home/vertin/my_ws/install/robot_localizer:/opt/ros/humble:/home/vertin/ros2_ws/install/ugv_sdk:/home/vertin/ros2_ws/install/tracer_msgs:/home/vertin/ros2_ws/install/lio_sam /usr/bin/cmake --build /home/vertin/ros2_ws/build/tracer_msgs -- -j8 -l8
[1.231s] DEBUG:colcon.colcon_core.event_handler.log_command:Invoking command in '/home/vertin/ros2_ws/build/tracer_msgs': CMAKE_PREFIX_PATH=/home/vertin/ros2_ws/install/unitree_lidar_ros2:/home/vertin/ros2_ws/install/tracer_base:/home/vertin/ros2_ws/install/nav2_launch_test:/home/vertin/my_ws/install/robot_localizer:/opt/ros/humble:/home/vertin/ros2_ws/install/ugv_sdk:/home/vertin/ros2_ws/install/tracer_msgs:/home/vertin/ros2_ws/install/lio_sam /usr/bin/cmake --install /home/vertin/ros2_ws/build/tracer_msgs
[1.233s] DEBUG:colcon.colcon_core.event_handler.log_command:Invoked command in '/home/vertin/ros2_ws/build/lio_sam' returned '0': CMAKE_PREFIX_PATH=/home/vertin/ros2_ws/install/unitree_lidar_ros2:/home/vertin/ros2_ws/install/tracer_base:/home/vertin/ros2_ws/install/nav2_launch_test:/home/vertin/my_ws/install/robot_localizer:/opt/ros/humble:/home/vertin/ros2_ws/install/ugv_sdk:/home/vertin/ros2_ws/install/tracer_msgs:/home/vertin/ros2_ws/install/lio_sam /usr/bin/cmake --build /home/vertin/ros2_ws/build/lio_sam -- -j8 -l8
[1.235s] DEBUG:colcon.colcon_core.event_handler.log_command:Invoking command in '/home/vertin/ros2_ws/build/lio_sam': CMAKE_PREFIX_PATH=/home/vertin/ros2_ws/install/unitree_lidar_ros2:/home/vertin/ros2_ws/install/tracer_base:/home/vertin/ros2_ws/install/nav2_launch_test:/home/vertin/my_ws/install/robot_localizer:/opt/ros/humble:/home/vertin/ros2_ws/install/ugv_sdk:/home/vertin/ros2_ws/install/tracer_msgs:/home/vertin/ros2_ws/install/lio_sam /usr/bin/cmake --install /home/vertin/ros2_ws/build/lio_sam
[1.313s] Level 1:colcon.colcon_core.environment:create_environment_scripts_only(tracer_msgs)
[1.313s] Level 1:colcon.colcon_core.environment:checking '/home/vertin/ros2_ws/install/tracer_msgs' for CMake module files
[1.315s] Level 1:colcon.colcon_core.environment:checking '/home/vertin/ros2_ws/install/tracer_msgs' for CMake config files
[1.322s] DEBUG:colcon.colcon_core.event_handler.log_command:Invoked command in '/home/vertin/ros2_ws/build/tracer_msgs' returned '0': CMAKE_PREFIX_PATH=/home/vertin/ros2_ws/install/unitree_lidar_ros2:/home/vertin/ros2_ws/install/tracer_base:/home/vertin/ros2_ws/install/nav2_launch_test:/home/vertin/my_ws/install/robot_localizer:/opt/ros/humble:/home/vertin/ros2_ws/install/ugv_sdk:/home/vertin/ros2_ws/install/tracer_msgs:/home/vertin/ros2_ws/install/lio_sam /usr/bin/cmake --install /home/vertin/ros2_ws/build/tracer_msgs
[1.323s] Level 1:colcon.colcon_core.shell:create_environment_hook('tracer_msgs', 'cmake_prefix_path')
[1.323s] INFO:colcon.colcon_core.shell:Creating environment hook '/home/vertin/ros2_ws/install/tracer_msgs/share/tracer_msgs/hook/cmake_prefix_path.ps1'
[1.324s] INFO:colcon.colcon_core.shell:Creating environment descriptor '/home/vertin/ros2_ws/install/tracer_msgs/share/tracer_msgs/hook/cmake_prefix_path.dsv'
[1.326s] INFO:colcon.colcon_core.shell:Creating environment hook '/home/vertin/ros2_ws/install/tracer_msgs/share/tracer_msgs/hook/cmake_prefix_path.sh'
[1.328s] Level 1:colcon.colcon_core.environment:checking '/home/vertin/ros2_ws/install/tracer_msgs/lib'
[1.328s] Level 1:colcon.colcon_core.shell:create_environment_hook('tracer_msgs', 'ld_library_path_lib')
[1.328s] INFO:colcon.colcon_core.shell:Creating environment hook '/home/vertin/ros2_ws/install/tracer_msgs/share/tracer_msgs/hook/ld_library_path_lib.ps1'
[1.329s] INFO:colcon.colcon_core.shell:Creating environment descriptor '/home/vertin/ros2_ws/install/tracer_msgs/share/tracer_msgs/hook/ld_library_path_lib.dsv'
[1.329s] INFO:colcon.colcon_core.shell:Creating environment hook '/home/vertin/ros2_ws/install/tracer_msgs/share/tracer_msgs/hook/ld_library_path_lib.sh'
[1.329s] Level 1:colcon.colcon_core.environment:checking '/home/vertin/ros2_ws/install/tracer_msgs/bin'
[1.329s] Level 1:colcon.colcon_core.environment:checking '/home/vertin/ros2_ws/install/tracer_msgs/lib/pkgconfig/tracer_msgs.pc'
[1.329s] Level 1:colcon.colcon_core.environment:checking '/home/vertin/ros2_ws/install/tracer_msgs/lib/python3.10/site-packages'
[1.330s] Level 1:colcon.colcon_core.environment:checking '/home/vertin/ros2_ws/install/tracer_msgs/bin'
[1.330s] INFO:colcon.colcon_core.shell:Creating package script '/home/vertin/ros2_ws/install/tracer_msgs/share/tracer_msgs/package.ps1'
[1.330s] INFO:colcon.colcon_core.shell:Creating package descriptor '/home/vertin/ros2_ws/install/tracer_msgs/share/tracer_msgs/package.dsv'
[1.331s] INFO:colcon.colcon_core.shell:Creating package script '/home/vertin/ros2_ws/install/tracer_msgs/share/tracer_msgs/package.sh'
[1.331s] INFO:colcon.colcon_core.shell:Creating package script '/home/vertin/ros2_ws/install/tracer_msgs/share/tracer_msgs/package.bash'
[1.331s] INFO:colcon.colcon_core.shell:Creating package script '/home/vertin/ros2_ws/install/tracer_msgs/share/tracer_msgs/package.zsh'
[1.332s] Level 1:colcon.colcon_core.environment:create_file_with_runtime_dependencies(/home/vertin/ros2_ws/install/tracer_msgs/share/colcon-core/packages/tracer_msgs)
[1.333s] Level 1:colcon.colcon_core.environment:create_environment_scripts_only(tracer_msgs)
[1.334s] Level 1:colcon.colcon_core.environment:checking '/home/vertin/ros2_ws/install/tracer_msgs' for CMake module files
[1.338s] Level 1:colcon.colcon_core.environment:checking '/home/vertin/ros2_ws/install/tracer_msgs' for CMake config files
[1.342s] Level 1:colcon.colcon_core.shell:create_environment_hook('tracer_msgs', 'cmake_prefix_path')
[1.343s] INFO:colcon.colcon_core.shell:Creating environment hook '/home/vertin/ros2_ws/install/tracer_msgs/share/tracer_msgs/hook/cmake_prefix_path.ps1'
[1.344s] INFO:colcon.colcon_core.shell:Creating environment descriptor '/home/vertin/ros2_ws/install/tracer_msgs/share/tracer_msgs/hook/cmake_prefix_path.dsv'
[1.344s] INFO:colcon.colcon_core.shell:Creating environment hook '/home/vertin/ros2_ws/install/tracer_msgs/share/tracer_msgs/hook/cmake_prefix_path.sh'
[1.345s] Level 1:colcon.colcon_core.environment:checking '/home/vertin/ros2_ws/install/tracer_msgs/lib'
[1.345s] Level 1:colcon.colcon_core.shell:create_environment_hook('tracer_msgs', 'ld_library_path_lib')
[1.346s] INFO:colcon.colcon_core.shell:Creating environment hook '/home/vertin/ros2_ws/install/tracer_msgs/share/tracer_msgs/hook/ld_library_path_lib.ps1'
[1.347s] INFO:colcon.colcon_core.shell:Creating environment descriptor '/home/vertin/ros2_ws/install/tracer_msgs/share/tracer_msgs/hook/ld_library_path_lib.dsv'
[1.348s] INFO:colcon.colcon_core.shell:Creating environment hook '/home/vertin/ros2_ws/install/tracer_msgs/share/tracer_msgs/hook/ld_library_path_lib.sh'
[1.348s] Level 1:colcon.colcon_core.environment:checking '/home/vertin/ros2_ws/install/tracer_msgs/bin'
[1.348s] Level 1:colcon.colcon_core.environment:checking '/home/vertin/ros2_ws/install/tracer_msgs/lib/pkgconfig/tracer_msgs.pc'
[1.348s] Level 1:colcon.colcon_core.environment:checking '/home/vertin/ros2_ws/install/tracer_msgs/lib/python3.10/site-packages'
[1.348s] Level 1:colcon.colcon_core.environment:checking '/home/vertin/ros2_ws/install/tracer_msgs/bin'
[1.349s] INFO:colcon.colcon_core.shell:Creating package script '/home/vertin/ros2_ws/install/tracer_msgs/share/tracer_msgs/package.ps1'
[1.349s] INFO:colcon.colcon_core.shell:Creating package descriptor '/home/vertin/ros2_ws/install/tracer_msgs/share/tracer_msgs/package.dsv'
[1.350s] INFO:colcon.colcon_core.shell:Creating package script '/home/vertin/ros2_ws/install/tracer_msgs/share/tracer_msgs/package.sh'
[1.350s] INFO:colcon.colcon_core.shell:Creating package script '/home/vertin/ros2_ws/install/tracer_msgs/share/tracer_msgs/package.bash'
[1.352s] INFO:colcon.colcon_core.shell:Creating package script '/home/vertin/ros2_ws/install/tracer_msgs/share/tracer_msgs/package.zsh'
[1.353s] Level 1:colcon.colcon_core.environment:create_file_with_runtime_dependencies(/home/vertin/ros2_ws/install/tracer_msgs/share/colcon-core/packages/tracer_msgs)
[1.355s] INFO:colcon.colcon_ros.task.ament_cmake.build:Building ROS package in '/home/vertin/ros2_ws/src/tracer_ros2/tracer_base' with build type 'ament_cmake'
[1.355s] INFO:colcon.colcon_cmake.task.cmake.build:Building CMake package in '/home/vertin/ros2_ws/src/tracer_ros2/tracer_base'
[1.356s] INFO:colcon.colcon_core.shell:Skip shell extension 'powershell' for command environment: Not usable outside of PowerShell
[1.356s] DEBUG:colcon.colcon_core.shell:Skip shell extension 'dsv' for command environment
[1.369s] Level 1:colcon.colcon_core.environment:create_environment_scripts_only(lio_sam)
[1.369s] Level 1:colcon.colcon_core.environment:checking '/home/vertin/ros2_ws/install/lio_sam' for CMake module files
[1.371s] DEBUG:colcon.colcon_core.event_handler.log_command:Invoked command in '/home/vertin/ros2_ws/build/lio_sam' returned '0': CMAKE_PREFIX_PATH=/home/vertin/ros2_ws/install/unitree_lidar_ros2:/home/vertin/ros2_ws/install/tracer_base:/home/vertin/ros2_ws/install/nav2_launch_test:/home/vertin/my_ws/install/robot_localizer:/opt/ros/humble:/home/vertin/ros2_ws/install/ugv_sdk:/home/vertin/ros2_ws/install/tracer_msgs:/home/vertin/ros2_ws/install/lio_sam /usr/bin/cmake --install /home/vertin/ros2_ws/build/lio_sam
[1.372s] Level 1:colcon.colcon_core.environment:checking '/home/vertin/ros2_ws/install/lio_sam' for CMake config files
[1.373s] Level 1:colcon.colcon_core.shell:create_environment_hook('lio_sam', 'cmake_prefix_path')
[1.374s] INFO:colcon.colcon_core.shell:Creating environment hook '/home/vertin/ros2_ws/install/lio_sam/share/lio_sam/hook/cmake_prefix_path.ps1'
[1.375s] INFO:colcon.colcon_core.shell:Creating environment descriptor '/home/vertin/ros2_ws/install/lio_sam/share/lio_sam/hook/cmake_prefix_path.dsv'
[1.376s] INFO:colcon.colcon_core.shell:Creating environment hook '/home/vertin/ros2_ws/install/lio_sam/share/lio_sam/hook/cmake_prefix_path.sh'
[1.377s] Level 1:colcon.colcon_core.environment:checking '/home/vertin/ros2_ws/install/lio_sam/lib'
[1.377s] Level 1:colcon.colcon_core.shell:create_environment_hook('lio_sam', 'ld_library_path_lib')
[1.377s] INFO:colcon.colcon_core.shell:Creating environment hook '/home/vertin/ros2_ws/install/lio_sam/share/lio_sam/hook/ld_library_path_lib.ps1'
[1.378s] INFO:colcon.colcon_core.shell:Creating environment descriptor '/home/vertin/ros2_ws/install/lio_sam/share/lio_sam/hook/ld_library_path_lib.dsv'
[1.379s] INFO:colcon.colcon_core.shell:Creating environment hook '/home/vertin/ros2_ws/install/lio_sam/share/lio_sam/hook/ld_library_path_lib.sh'
[1.379s] Level 1:colcon.colcon_core.environment:checking '/home/vertin/ros2_ws/install/lio_sam/bin'
[1.379s] Level 1:colcon.colcon_core.environment:checking '/home/vertin/ros2_ws/install/lio_sam/lib/pkgconfig/lio_sam.pc'
[1.380s] Level 1:colcon.colcon_core.environment:checking '/home/vertin/ros2_ws/install/lio_sam/lib/python3.10/site-packages'
[1.380s] Level 1:colcon.colcon_core.environment:checking '/home/vertin/ros2_ws/install/lio_sam/bin'
[1.380s] INFO:colcon.colcon_core.shell:Creating package script '/home/vertin/ros2_ws/install/lio_sam/share/lio_sam/package.ps1'
[1.381s] INFO:colcon.colcon_core.shell:Creating package descriptor '/home/vertin/ros2_ws/install/lio_sam/share/lio_sam/package.dsv'
[1.382s] INFO:colcon.colcon_core.shell:Creating package script '/home/vertin/ros2_ws/install/lio_sam/share/lio_sam/package.sh'
[1.382s] INFO:colcon.colcon_core.shell:Creating package script '/home/vertin/ros2_ws/install/lio_sam/share/lio_sam/package.bash'
[1.383s] INFO:colcon.colcon_core.shell:Creating package script '/home/vertin/ros2_ws/install/lio_sam/share/lio_sam/package.zsh'
[1.383s] Level 1:colcon.colcon_core.environment:create_file_with_runtime_dependencies(/home/vertin/ros2_ws/install/lio_sam/share/colcon-core/packages/lio_sam)
[1.385s] Level 1:colcon.colcon_core.environment:create_environment_scripts_only(lio_sam)
[1.385s] Level 1:colcon.colcon_core.environment:checking '/home/vertin/ros2_ws/install/lio_sam' for CMake module files
[1.386s] Level 1:colcon.colcon_core.environment:checking '/home/vertin/ros2_ws/install/lio_sam' for CMake config files
[1.387s] Level 1:colcon.colcon_core.shell:create_environment_hook('lio_sam', 'cmake_prefix_path')
[1.387s] INFO:colcon.colcon_core.shell:Creating environment hook '/home/vertin/ros2_ws/install/lio_sam/share/lio_sam/hook/cmake_prefix_path.ps1'
[1.388s] INFO:colcon.colcon_core.shell:Creating environment descriptor '/home/vertin/ros2_ws/install/lio_sam/share/lio_sam/hook/cmake_prefix_path.dsv'
[1.388s] INFO:colcon.colcon_core.shell:Creating environment hook '/home/vertin/ros2_ws/install/lio_sam/share/lio_sam/hook/cmake_prefix_path.sh'
[1.389s] Level 1:colcon.colcon_core.environment:checking '/home/vertin/ros2_ws/install/lio_sam/lib'
[1.389s] Level 1:colcon.colcon_core.shell:create_environment_hook('lio_sam', 'ld_library_path_lib')
[1.389s] INFO:colcon.colcon_core.shell:Creating environment hook '/home/vertin/ros2_ws/install/lio_sam/share/lio_sam/hook/ld_library_path_lib.ps1'
[1.390s] INFO:colcon.colcon_core.shell:Creating environment descriptor '/home/vertin/ros2_ws/install/lio_sam/share/lio_sam/hook/ld_library_path_lib.dsv'
[1.390s] INFO:colcon.colcon_core.shell:Creating environment hook '/home/vertin/ros2_ws/install/lio_sam/share/lio_sam/hook/ld_library_path_lib.sh'
[1.391s] Level 1:colcon.colcon_core.environment:checking '/home/vertin/ros2_ws/install/lio_sam/bin'
[1.391s] Level 1:colcon.colcon_core.environment:checking '/home/vertin/ros2_ws/install/lio_sam/lib/pkgconfig/lio_sam.pc'
[1.391s] Level 1:colcon.colcon_core.environment:checking '/home/vertin/ros2_ws/install/lio_sam/lib/python3.10/site-packages'
[1.391s] Level 1:colcon.colcon_core.environment:checking '/home/vertin/ros2_ws/install/lio_sam/bin'
[1.392s] INFO:colcon.colcon_core.shell:Creating package script '/home/vertin/ros2_ws/install/lio_sam/share/lio_sam/package.ps1'
[1.392s] INFO:colcon.colcon_core.shell:Creating package descriptor '/home/vertin/ros2_ws/install/lio_sam/share/lio_sam/package.dsv'
[1.393s] INFO:colcon.colcon_core.shell:Creating package script '/home/vertin/ros2_ws/install/lio_sam/share/lio_sam/package.sh'
[1.393s] INFO:colcon.colcon_core.shell:Creating package script '/home/vertin/ros2_ws/install/lio_sam/share/lio_sam/package.bash'
[1.394s] INFO:colcon.colcon_core.shell:Creating package script '/home/vertin/ros2_ws/install/lio_sam/share/lio_sam/package.zsh'
[1.394s] Level 1:colcon.colcon_core.environment:create_file_with_runtime_dependencies(/home/vertin/ros2_ws/install/lio_sam/share/colcon-core/packages/lio_sam)
[1.399s] DEBUG:colcon.colcon_core.event_handler.log_command:Invoking command in '/home/vertin/ros2_ws/build/tracer_base': CMAKE_PREFIX_PATH=/home/vertin/ros2_ws/install/nav2_launch_test:/home/vertin/my_ws/install/robot_localizer:/opt/ros/humble:/home/vertin/ros2_ws/install/ugv_sdk:/home/vertin/ros2_ws/install/tracer_msgs:/home/vertin/ros2_ws/install/unitree_lidar_ros2:/home/vertin/ros2_ws/install/tracer_base:/home/vertin/ros2_ws/install/lio_sam /usr/bin/cmake --build /home/vertin/ros2_ws/build/tracer_base -- -j8 -l8
[1.492s] DEBUG:colcon.colcon_core.event_handler.log_command:Invoked command in '/home/vertin/ros2_ws/build/tracer_base' returned '0': CMAKE_PREFIX_PATH=/home/vertin/ros2_ws/install/nav2_launch_test:/home/vertin/my_ws/install/robot_localizer:/opt/ros/humble:/home/vertin/ros2_ws/install/ugv_sdk:/home/vertin/ros2_ws/install/tracer_msgs:/home/vertin/ros2_ws/install/unitree_lidar_ros2:/home/vertin/ros2_ws/install/tracer_base:/home/vertin/ros2_ws/install/lio_sam /usr/bin/cmake --build /home/vertin/ros2_ws/build/tracer_base -- -j8 -l8
[1.494s] DEBUG:colcon.colcon_core.event_handler.log_command:Invoking command in '/home/vertin/ros2_ws/build/tracer_base': CMAKE_PREFIX_PATH=/home/vertin/ros2_ws/install/nav2_launch_test:/home/vertin/my_ws/install/robot_localizer:/opt/ros/humble:/home/vertin/ros2_ws/install/ugv_sdk:/home/vertin/ros2_ws/install/tracer_msgs:/home/vertin/ros2_ws/install/unitree_lidar_ros2:/home/vertin/ros2_ws/install/tracer_base:/home/vertin/ros2_ws/install/lio_sam /usr/bin/cmake --install /home/vertin/ros2_ws/build/tracer_base
[1.506s] Level 1:colcon.colcon_core.environment:create_environment_scripts_only(tracer_base)
[1.506s] Level 1:colcon.colcon_core.environment:checking '/home/vertin/ros2_ws/install/tracer_base' for CMake module files
[1.507s] DEBUG:colcon.colcon_core.event_handler.log_command:Invoked command in '/home/vertin/ros2_ws/build/tracer_base' returned '0': CMAKE_PREFIX_PATH=/home/vertin/ros2_ws/install/nav2_launch_test:/home/vertin/my_ws/install/robot_localizer:/opt/ros/humble:/home/vertin/ros2_ws/install/ugv_sdk:/home/vertin/ros2_ws/install/tracer_msgs:/home/vertin/ros2_ws/install/unitree_lidar_ros2:/home/vertin/ros2_ws/install/tracer_base:/home/vertin/ros2_ws/install/lio_sam /usr/bin/cmake --install /home/vertin/ros2_ws/build/tracer_base
[1.507s] Level 1:colcon.colcon_core.environment:checking '/home/vertin/ros2_ws/install/tracer_base' for CMake config files
[1.507s] Level 1:colcon.colcon_core.shell:create_environment_hook('tracer_base', 'cmake_prefix_path')
[1.507s] INFO:colcon.colcon_core.shell:Creating environment hook '/home/vertin/ros2_ws/install/tracer_base/share/tracer_base/hook/cmake_prefix_path.ps1'
[1.508s] INFO:colcon.colcon_core.shell:Creating environment descriptor '/home/vertin/ros2_ws/install/tracer_base/share/tracer_base/hook/cmake_prefix_path.dsv'
[1.508s] INFO:colcon.colcon_core.shell:Creating environment hook '/home/vertin/ros2_ws/install/tracer_base/share/tracer_base/hook/cmake_prefix_path.sh'
[1.509s] Level 1:colcon.colcon_core.environment:checking '/home/vertin/ros2_ws/install/tracer_base/lib'
[1.509s] Level 1:colcon.colcon_core.environment:checking '/home/vertin/ros2_ws/install/tracer_base/bin'
[1.509s] Level 1:colcon.colcon_core.environment:checking '/home/vertin/ros2_ws/install/tracer_base/lib/pkgconfig/tracer_base.pc'
[1.509s] Level 1:colcon.colcon_core.environment:checking '/home/vertin/ros2_ws/install/tracer_base/lib/python3.10/site-packages'
[1.509s] Level 1:colcon.colcon_core.environment:checking '/home/vertin/ros2_ws/install/tracer_base/bin'
[1.510s] INFO:colcon.colcon_core.shell:Creating package script '/home/vertin/ros2_ws/install/tracer_base/share/tracer_base/package.ps1'
[1.510s] INFO:colcon.colcon_core.shell:Creating package descriptor '/home/vertin/ros2_ws/install/tracer_base/share/tracer_base/package.dsv'
[1.510s] INFO:colcon.colcon_core.shell:Creating package script '/home/vertin/ros2_ws/install/tracer_base/share/tracer_base/package.sh'
[1.511s] INFO:colcon.colcon_core.shell:Creating package script '/home/vertin/ros2_ws/install/tracer_base/share/tracer_base/package.bash'
[1.511s] INFO:colcon.colcon_core.shell:Creating package script '/home/vertin/ros2_ws/install/tracer_base/share/tracer_base/package.zsh'
[1.512s] Level 1:colcon.colcon_core.environment:create_file_with_runtime_dependencies(/home/vertin/ros2_ws/install/tracer_base/share/colcon-core/packages/tracer_base)
[1.512s] Level 1:colcon.colcon_core.environment:create_environment_scripts_only(tracer_base)
[1.513s] Level 1:colcon.colcon_core.environment:checking '/home/vertin/ros2_ws/install/tracer_base' for CMake module files
[1.513s] Level 1:colcon.colcon_core.environment:checking '/home/vertin/ros2_ws/install/tracer_base' for CMake config files
[1.513s] Level 1:colcon.colcon_core.shell:create_environment_hook('tracer_base', 'cmake_prefix_path')
[1.514s] INFO:colcon.colcon_core.shell:Creating environment hook '/home/vertin/ros2_ws/install/tracer_base/share/tracer_base/hook/cmake_prefix_path.ps1'
[1.514s] INFO:colcon.colcon_core.shell:Creating environment descriptor '/home/vertin/ros2_ws/install/tracer_base/share/tracer_base/hook/cmake_prefix_path.dsv'
[1.514s] INFO:colcon.colcon_core.shell:Creating environment hook '/home/vertin/ros2_ws/install/tracer_base/share/tracer_base/hook/cmake_prefix_path.sh'
[1.515s] Level 1:colcon.colcon_core.environment:checking '/home/vertin/ros2_ws/install/tracer_base/lib'
[1.515s] Level 1:colcon.colcon_core.environment:checking '/home/vertin/ros2_ws/install/tracer_base/bin'
[1.515s] Level 1:colcon.colcon_core.environment:checking '/home/vertin/ros2_ws/install/tracer_base/lib/pkgconfig/tracer_base.pc'
[1.515s] Level 1:colcon.colcon_core.environment:checking '/home/vertin/ros2_ws/install/tracer_base/lib/python3.10/site-packages'
[1.515s] Level 1:colcon.colcon_core.environment:checking '/home/vertin/ros2_ws/install/tracer_base/bin'
[1.516s] INFO:colcon.colcon_core.shell:Creating package script '/home/vertin/ros2_ws/install/tracer_base/share/tracer_base/package.ps1'
[1.516s] INFO:colcon.colcon_core.shell:Creating package descriptor '/home/vertin/ros2_ws/install/tracer_base/share/tracer_base/package.dsv'
[1.517s] INFO:colcon.colcon_core.shell:Creating package script '/home/vertin/ros2_ws/install/tracer_base/share/tracer_base/package.sh'
[1.517s] INFO:colcon.colcon_core.shell:Creating package script '/home/vertin/ros2_ws/install/tracer_base/share/tracer_base/package.bash'
[1.517s] INFO:colcon.colcon_core.shell:Creating package script '/home/vertin/ros2_ws/install/tracer_base/share/tracer_base/package.zsh'
[1.518s] Level 1:colcon.colcon_core.environment:create_file_with_runtime_dependencies(/home/vertin/ros2_ws/install/tracer_base/share/colcon-core/packages/tracer_base)
[1.675s] DEBUG:colcon.colcon_core.event_handler.log_command:Invoking command in '/home/vertin/ros2_ws/src/nav2_launch_test': PYTHONPATH=/home/vertin/ros2_ws/build/nav2_launch_test/prefix_override:/usr/lib/python3/dist-packages/colcon_core/task/python/colcon_distutils_commands:/home/vertin/ros2_ws/install/nav2_launch_test/lib/python3.10/site-packages:${PYTHONPATH} /usr/bin/python3 -W ignore:setup.py install is deprecated -W ignore:easy_install command is deprecated setup.py egg_info --egg-base ../../build/nav2_launch_test build --build-base /home/vertin/ros2_ws/build/nav2_launch_test/build install --record /home/vertin/ros2_ws/build/nav2_launch_test/install.log --single-version-externally-managed install_data
[2.197s] Level 1:colcon.colcon_core.environment:checking '/home/vertin/ros2_ws/install/nav2_launch_test' for CMake module files
[2.198s] DEBUG:colcon.colcon_core.event_handler.log_command:Invoked command in '/home/vertin/ros2_ws/src/nav2_launch_test' returned '0': PYTHONPATH=/home/vertin/ros2_ws/build/nav2_launch_test/prefix_override:/usr/lib/python3/dist-packages/colcon_core/task/python/colcon_distutils_commands:/home/vertin/ros2_ws/install/nav2_launch_test/lib/python3.10/site-packages:${PYTHONPATH} /usr/bin/python3 -W ignore:setup.py install is deprecated -W ignore:easy_install command is deprecated setup.py egg_info --egg-base ../../build/nav2_launch_test build --build-base /home/vertin/ros2_ws/build/nav2_launch_test/build install --record /home/vertin/ros2_ws/build/nav2_launch_test/install.log --single-version-externally-managed install_data
[2.198s] Level 1:colcon.colcon_core.environment:checking '/home/vertin/ros2_ws/install/nav2_launch_test' for CMake config files
[2.198s] Level 1:colcon.colcon_core.environment:checking '/home/vertin/ros2_ws/install/nav2_launch_test/lib'
[2.199s] Level 1:colcon.colcon_core.environment:checking '/home/vertin/ros2_ws/install/nav2_launch_test/bin'
[2.199s] Level 1:colcon.colcon_core.environment:checking '/home/vertin/ros2_ws/install/nav2_launch_test/lib/pkgconfig/nav2_launch_test.pc'
[2.199s] Level 1:colcon.colcon_core.environment:checking '/home/vertin/ros2_ws/install/nav2_launch_test/lib/python3.10/site-packages'
[2.199s] Level 1:colcon.colcon_core.shell:create_environment_hook('nav2_launch_test', 'pythonpath')
[2.199s] INFO:colcon.colcon_core.shell:Creating environment hook '/home/vertin/ros2_ws/install/nav2_launch_test/share/nav2_launch_test/hook/pythonpath.ps1'
[2.200s] INFO:colcon.colcon_core.shell:Creating environment descriptor '/home/vertin/ros2_ws/install/nav2_launch_test/share/nav2_launch_test/hook/pythonpath.dsv'
[2.200s] INFO:colcon.colcon_core.shell:Creating environment hook '/home/vertin/ros2_ws/install/nav2_launch_test/share/nav2_launch_test/hook/pythonpath.sh'
[2.201s] Level 1:colcon.colcon_core.environment:checking '/home/vertin/ros2_ws/install/nav2_launch_test/bin'
[2.201s] Level 1:colcon.colcon_core.environment:create_environment_scripts_only(nav2_launch_test)
[2.201s] INFO:colcon.colcon_core.shell:Creating package script '/home/vertin/ros2_ws/install/nav2_launch_test/share/nav2_launch_test/package.ps1'
[2.202s] INFO:colcon.colcon_core.shell:Creating package descriptor '/home/vertin/ros2_ws/install/nav2_launch_test/share/nav2_launch_test/package.dsv'
[2.202s] INFO:colcon.colcon_core.shell:Creating package script '/home/vertin/ros2_ws/install/nav2_launch_test/share/nav2_launch_test/package.sh'
[2.203s] INFO:colcon.colcon_core.shell:Creating package script '/home/vertin/ros2_ws/install/nav2_launch_test/share/nav2_launch_test/package.bash'
[2.203s] INFO:colcon.colcon_core.shell:Creating package script '/home/vertin/ros2_ws/install/nav2_launch_test/share/nav2_launch_test/package.zsh'
[2.203s] Level 1:colcon.colcon_core.environment:create_file_with_runtime_dependencies(/home/vertin/ros2_ws/install/nav2_launch_test/share/colcon-core/packages/nav2_launch_test)
[2.204s] DEBUG:colcon.colcon_parallel_executor.executor.parallel:closing loop
[2.204s] DEBUG:colcon.colcon_parallel_executor.executor.parallel:loop closed
[2.204s] DEBUG:colcon.colcon_parallel_executor.executor.parallel:run_until_complete finished with '0'
[2.204s] DEBUG:colcon.colcon_core.event_reactor:joining thread
[2.210s] INFO:colcon.colcon_core.plugin_system:Skipping extension 'colcon_notification.desktop_notification.terminal_notifier': Not used on non-Darwin systems
[2.210s] INFO:colcon.colcon_core.plugin_system:Skipping extension 'colcon_notification.desktop_notification.win32': Not used on non-Windows systems
[2.210s] INFO:colcon.colcon_notification.desktop_notification:Sending desktop notification using 'notify2'
[2.223s] DEBUG:colcon.colcon_core.event_reactor:joined thread
[2.223s] INFO:colcon.colcon_core.shell:Creating prefix script '/home/vertin/ros2_ws/install/local_setup.ps1'
[2.224s] INFO:colcon.colcon_core.shell:Creating prefix util module '/home/vertin/ros2_ws/install/_local_setup_util_ps1.py'
[2.226s] INFO:colcon.colcon_core.shell:Creating prefix chain script '/home/vertin/ros2_ws/install/setup.ps1'
[2.227s] INFO:colcon.colcon_core.shell:Creating prefix script '/home/vertin/ros2_ws/install/local_setup.sh'
[2.228s] INFO:colcon.colcon_core.shell:Creating prefix util module '/home/vertin/ros2_ws/install/_local_setup_util_sh.py'
[2.229s] INFO:colcon.colcon_core.shell:Creating prefix chain script '/home/vertin/ros2_ws/install/setup.sh'
[2.230s] INFO:colcon.colcon_core.shell:Creating prefix script '/home/vertin/ros2_ws/install/local_setup.bash'
[2.231s] INFO:colcon.colcon_core.shell:Creating prefix chain script '/home/vertin/ros2_ws/install/setup.bash'
[2.232s] INFO:colcon.colcon_core.shell:Creating prefix script '/home/vertin/ros2_ws/install/local_setup.zsh'
[2.233s] INFO:colcon.colcon_core.shell:Creating prefix chain script '/home/vertin/ros2_ws/install/setup.zsh'
