[0.051s] Invoking command in '/home/vertin/ros2_ws/build/tracer_base': AMENT_PREFIX_PATH=/home/vertin/ros2_ws/install/tracer_msgs:${AMENT_PREFIX_PATH} CMAKE_PREFIX_PATH=/home/vertin/my_ws/install/robot_localizer:/opt/ros/humble:/home/vertin/ros2_ws/install/ugv_sdk:/home/vertin/ros2_ws/install/tracer_msgs LD_LIBRARY_PATH=/home/vertin/ros2_ws/install/tracer_msgs/lib:${LD_LIBRARY_PATH} PKG_CONFIG_PATH=/home/vertin/ros2_ws/install/ugv_sdk/lib/x86_64-linux-gnu/pkgconfig:/home/vertin/ros2_ws/install/ugv_sdk/lib/pkgconfig PYTHONPATH=/home/vertin/ros2_ws/install/tracer_msgs/local/lib/python3.10/dist-packages:${PYTHONPATH} ROS_PACKAGE_PATH=/home/vertin/ros2_ws/install/ugv_sdk/share /usr/bin/cmake --build /home/vertin/ros2_ws/build/tracer_base -- -j8 -l8
[0.089s] -- Found ament_cmake: 1.3.11 (/opt/ros/humble/share/ament_cmake/cmake)
[0.250s] -- Found rclcpp: 16.0.12 (/opt/ros/humble/share/rclcpp/cmake)
[0.286s] -- Found rosidl_generator_c: 3.1.6 (/opt/ros/humble/share/rosidl_generator_c/cmake)
[0.289s] -- Found rosidl_adapter: 3.1.6 (/opt/ros/humble/share/rosidl_adapter/cmake)
[0.297s] -- Found rosidl_generator_cpp: 3.1.6 (/opt/ros/humble/share/rosidl_generator_cpp/cmake)
[0.309s] -- Using all available rosidl_typesupport_c: rosidl_typesupport_fastrtps_c;rosidl_typesupport_introspection_c
[0.324s] -- Using all available rosidl_typesupport_cpp: rosidl_typesupport_fastrtps_cpp;rosidl_typesupport_introspection_cpp
[0.358s] -- Found rmw_implementation_cmake: 6.1.2 (/opt/ros/humble/share/rmw_implementation_cmake/cmake)
[0.360s] -- Found rmw_fastrtps_cpp: 6.2.7 (/opt/ros/humble/share/rmw_fastrtps_cpp/cmake)
[0.489s] -- Using RMW implementation 'rmw_fastrtps_cpp' as default
[0.552s] -- Found geometry_msgs: 4.9.0 (/opt/ros/humble/share/geometry_msgs/cmake)
[0.567s] -- Found nav_msgs: 4.9.0 (/opt/ros/humble/share/nav_msgs/cmake)
[0.592s] -- Found sensor_msgs: 4.9.0 (/opt/ros/humble/share/sensor_msgs/cmake)
[0.611s] -- Found tf2: 0.25.13 (/opt/ros/humble/share/tf2/cmake)
[0.616s] -- Found tf2_ros: 0.25.13 (/opt/ros/humble/share/tf2_ros/cmake)
[0.715s] -- Found tracer_msgs: 0.1.0 (/home/vertin/ros2_ws/install/tracer_msgs/share/tracer_msgs/cmake)
[0.733s] -- Found tf2_geometry_msgs: 0.25.13 (/opt/ros/humble/share/tf2_geometry_msgs/cmake)
[0.736s] -- Found eigen3_cmake_module: 0.1.1 (/opt/ros/humble/share/eigen3_cmake_module/cmake)
[0.737s] -- Ensuring Eigen3 include directory is part of orocos-kdl CMake target
[0.742s] -- Found ament_lint_auto: 0.12.12 (/opt/ros/humble/share/ament_lint_auto/cmake)
[0.835s] -- Added test 'copyright' to check source files copyright and LICENSE
[0.837s] -- Added test 'cppcheck' to perform static code analysis on C / C++ code
[0.837s] -- Configured cppcheck include dirs: /home/vertin/ros2_ws/src/tracer_ros2/tracer_base/include
[0.837s] -- Configured cppcheck exclude dirs and/or files: 
[0.838s] -- Added test 'cpplint' to check C / C++ code against the Google style
[0.838s] -- Configured cpplint exclude dirs and/or files: 
[0.839s] -- Added test 'flake8' to check Python code syntax and style conventions
[0.839s] -- Added test 'lint_cmake' to check CMake code style
[0.840s] -- Added test 'pep257' to check Python code against some of the docstring style conventions in PEP 257
[0.841s] -- Added test 'uncrustify' to check C / C++ code style
[0.841s] -- Configured uncrustify additional arguments: 
[0.842s] -- Added test 'xmllint' to check XML markup files
[0.843s] -- Configuring done
[0.862s] -- Generating done
[0.869s] -- Build files have been written to: /home/vertin/ros2_ws/build/tracer_base
[0.908s] [35m[1mConsolidate compiler generated dependencies of target tracer_base_node[0m
[0.932s] [ 33%] [32mBuilding CXX object CMakeFiles/tracer_base_node.dir/src/tracer_base_ros.cpp.o[0m
[0.936s] [ 66%] [32mBuilding CXX object CMakeFiles/tracer_base_node.dir/src/tracer_base_node.cpp.o[0m
[5.486s] [01m[K/home/vertin/ros2_ws/src/tracer_ros2/tracer_base/src/tracer_base_ros.cpp:[m[K In constructor ‘[01m[Kwestonrobot::TracerBaseRos::TracerBaseRos(std::string)[m[K’:
[5.486s] [01m[K/home/vertin/ros2_ws/src/tracer_ros2/tracer_base/src/tracer_base_ros.cpp:18:26:[m[K [01;31m[Kerror: [m[Kno matching function for call to ‘[01m[Kwestonrobot::TracerBaseRos::declare_parameter(const char [10])[m[K’
[5.488s]    18 |   [01;31m[Kthis->declare_parameter("port_name")[m[K;   //声明参数
[5.489s]       |   [01;31m[K~~~~~~~~~~~~~~~~~~~~~~~^~~~~~~~~~~~~[m[K
[5.489s] In file included from [01m[K/opt/ros/humble/include/rclcpp/rclcpp/executors/single_threaded_executor.hpp:28[m[K,
[5.489s]                  from [01m[K/opt/ros/humble/include/rclcpp/rclcpp/executors.hpp:22[m[K,
[5.489s]                  from [01m[K/opt/ros/humble/include/rclcpp/rclcpp/rclcpp.hpp:155[m[K,
[5.489s]                  from [01m[K/home/vertin/ros2_ws/src/tracer_ros2/tracer_base/include/tracer_base/tracer_base_ros.hpp:16[m[K,
[5.489s]                  from [01m[K/home/vertin/ros2_ws/src/tracer_ros2/tracer_base/src/tracer_base_ros.cpp:10[m[K:
[5.489s] [01m[K/opt/ros/humble/include/rclcpp/rclcpp/node.hpp:421:3:[m[K [01;36m[Knote: [m[Kcandidate: ‘[01m[Ktemplate<class ParameterT> auto rclcpp::Node::declare_parameter(const string&, const ParameterT&, const ParameterDescriptor&, bool)[m[K’
[5.490s]   421 |   [01;36m[Kdeclare_parameter[m[K(
[5.490s]       |   [01;36m[K^~~~~~~~~~~~~~~~~[m[K
[5.490s] [01m[K/opt/ros/humble/include/rclcpp/rclcpp/node.hpp:421:3:[m[K [01;36m[Knote: [m[K  template argument deduction/substitution failed:
[5.490s] [01m[K/home/vertin/ros2_ws/src/tracer_ros2/tracer_base/src/tracer_base_ros.cpp:18:26:[m[K [01;36m[Knote: [m[K  candidate expects 4 arguments, 1 provided
[5.490s]    18 |   [01;36m[Kthis->declare_parameter("port_name")[m[K;   //声明参数
[5.490s]       |   [01;36m[K~~~~~~~~~~~~~~~~~~~~~~~^~~~~~~~~~~~~[m[K
[5.490s] In file included from [01m[K/opt/ros/humble/include/rclcpp/rclcpp/executors/single_threaded_executor.hpp:28[m[K,
[5.490s]                  from [01m[K/opt/ros/humble/include/rclcpp/rclcpp/executors.hpp:22[m[K,
[5.490s]                  from [01m[K/opt/ros/humble/include/rclcpp/rclcpp/rclcpp.hpp:155[m[K,
[5.491s]                  from [01m[K/home/vertin/ros2_ws/src/tracer_ros2/tracer_base/include/tracer_base/tracer_base_ros.hpp:16[m[K,
[5.491s]                  from [01m[K/home/vertin/ros2_ws/src/tracer_ros2/tracer_base/src/tracer_base_ros.cpp:10[m[K:
[5.491s] [01m[K/opt/ros/humble/include/rclcpp/rclcpp/node.hpp:434:3:[m[K [01;36m[Knote: [m[Kcandidate: ‘[01m[Ktemplate<class ParameterT> auto rclcpp::Node::declare_parameter(const string&, const ParameterDescriptor&, bool)[m[K’
[5.491s]   434 |   [01;36m[Kdeclare_parameter[m[K(
[5.491s]       |   [01;36m[K^~~~~~~~~~~~~~~~~[m[K
[5.491s] [01m[K/opt/ros/humble/include/rclcpp/rclcpp/node.hpp:434:3:[m[K [01;36m[Knote: [m[K  template argument deduction/substitution failed:
[5.491s] [01m[K/home/vertin/ros2_ws/src/tracer_ros2/tracer_base/src/tracer_base_ros.cpp:18:26:[m[K [01;36m[Knote: [m[K  couldn’t deduce template parameter ‘[01m[KParameterT[m[K’
[5.491s]    18 |   [01;36m[Kthis->declare_parameter("port_name")[m[K;   //声明参数
[5.491s]       |   [01;36m[K~~~~~~~~~~~~~~~~~~~~~~~^~~~~~~~~~~~~[m[K
[5.491s] In file included from [01m[K/opt/ros/humble/include/rclcpp/rclcpp/executors/single_threaded_executor.hpp:28[m[K,
[5.491s]                  from [01m[K/opt/ros/humble/include/rclcpp/rclcpp/executors.hpp:22[m[K,
[5.491s]                  from [01m[K/opt/ros/humble/include/rclcpp/rclcpp/rclcpp.hpp:155[m[K,
[5.491s]                  from [01m[K/home/vertin/ros2_ws/src/tracer_ros2/tracer_base/include/tracer_base/tracer_base_ros.hpp:16[m[K,
[5.491s]                  from [01m[K/home/vertin/ros2_ws/src/tracer_ros2/tracer_base/src/tracer_base_ros.cpp:10[m[K:
[5.492s] [01m[K/opt/ros/humble/include/rclcpp/rclcpp/node.hpp:366:3:[m[K [01;36m[Knote: [m[Kcandidate: ‘[01m[Kconst rclcpp::ParameterValue& rclcpp::Node::declare_parameter(const string&, const rclcpp::ParameterValue&, const ParameterDescriptor&, bool)[m[K’
[5.492s]   366 |   [01;36m[Kdeclare_parameter[m[K(
[5.492s]       |   [01;36m[K^~~~~~~~~~~~~~~~~[m[K
[5.492s] [01m[K/opt/ros/humble/include/rclcpp/rclcpp/node.hpp:366:3:[m[K [01;36m[Knote: [m[K  candidate expects 4 arguments, 1 provided
[5.492s] [01m[K/opt/ros/humble/include/rclcpp/rclcpp/node.hpp:391:3:[m[K [01;36m[Knote: [m[Kcandidate: ‘[01m[Kconst rclcpp::ParameterValue& rclcpp::Node::declare_parameter(const string&, rclcpp::ParameterType, const ParameterDescriptor&, bool)[m[K’
[5.492s]   391 |   [01;36m[Kdeclare_parameter[m[K(
[5.492s]       |   [01;36m[K^~~~~~~~~~~~~~~~~[m[K
[5.492s] [01m[K/opt/ros/humble/include/rclcpp/rclcpp/node.hpp:391:3:[m[K [01;36m[Knote: [m[K  candidate expects 4 arguments, 1 provided
[5.492s] [01m[K/home/vertin/ros2_ws/src/tracer_ros2/tracer_base/src/tracer_base_ros.cpp:20:26:[m[K [01;31m[Kerror: [m[Kno matching function for call to ‘[01m[Kwestonrobot::TracerBaseRos::declare_parameter(const char [11])[m[K’
[5.492s]    20 |   [01;31m[Kthis->declare_parameter("odom_frame")[m[K;
[5.492s]       |   [01;31m[K~~~~~~~~~~~~~~~~~~~~~~~^~~~~~~~~~~~~~[m[K
[5.492s] In file included from [01m[K/opt/ros/humble/include/rclcpp/rclcpp/executors/single_threaded_executor.hpp:28[m[K,
[5.492s]                  from [01m[K/opt/ros/humble/include/rclcpp/rclcpp/executors.hpp:22[m[K,
[5.493s]                  from [01m[K/opt/ros/humble/include/rclcpp/rclcpp/rclcpp.hpp:155[m[K,
[5.493s]                  from [01m[K/home/vertin/ros2_ws/src/tracer_ros2/tracer_base/include/tracer_base/tracer_base_ros.hpp:16[m[K,
[5.493s]                  from [01m[K/home/vertin/ros2_ws/src/tracer_ros2/tracer_base/src/tracer_base_ros.cpp:10[m[K:
[5.493s] [01m[K/opt/ros/humble/include/rclcpp/rclcpp/node.hpp:421:3:[m[K [01;36m[Knote: [m[Kcandidate: ‘[01m[Ktemplate<class ParameterT> auto rclcpp::Node::declare_parameter(const string&, const ParameterT&, const ParameterDescriptor&, bool)[m[K’
[5.493s]   421 |   [01;36m[Kdeclare_parameter[m[K(
[5.493s]       |   [01;36m[K^~~~~~~~~~~~~~~~~[m[K
[5.493s] [01m[K/opt/ros/humble/include/rclcpp/rclcpp/node.hpp:421:3:[m[K [01;36m[Knote: [m[K  template argument deduction/substitution failed:
[5.493s] [01m[K/home/vertin/ros2_ws/src/tracer_ros2/tracer_base/src/tracer_base_ros.cpp:20:26:[m[K [01;36m[Knote: [m[K  candidate expects 4 arguments, 1 provided
[5.493s]    20 |   [01;36m[Kthis->declare_parameter("odom_frame")[m[K;
[5.493s]       |   [01;36m[K~~~~~~~~~~~~~~~~~~~~~~~^~~~~~~~~~~~~~[m[K
[5.493s] In file included from [01m[K/opt/ros/humble/include/rclcpp/rclcpp/executors/single_threaded_executor.hpp:28[m[K,
[5.493s]                  from [01m[K/opt/ros/humble/include/rclcpp/rclcpp/executors.hpp:22[m[K,
[5.493s]                  from [01m[K/opt/ros/humble/include/rclcpp/rclcpp/rclcpp.hpp:155[m[K,
[5.493s]                  from [01m[K/home/vertin/ros2_ws/src/tracer_ros2/tracer_base/include/tracer_base/tracer_base_ros.hpp:16[m[K,
[5.494s]                  from [01m[K/home/vertin/ros2_ws/src/tracer_ros2/tracer_base/src/tracer_base_ros.cpp:10[m[K:
[5.494s] [01m[K/opt/ros/humble/include/rclcpp/rclcpp/node.hpp:434:3:[m[K [01;36m[Knote: [m[Kcandidate: ‘[01m[Ktemplate<class ParameterT> auto rclcpp::Node::declare_parameter(const string&, const ParameterDescriptor&, bool)[m[K’
[5.494s]   434 |   [01;36m[Kdeclare_parameter[m[K(
[5.494s]       |   [01;36m[K^~~~~~~~~~~~~~~~~[m[K
[5.494s] [01m[K/opt/ros/humble/include/rclcpp/rclcpp/node.hpp:434:3:[m[K [01;36m[Knote: [m[K  template argument deduction/substitution failed:
[5.494s] [01m[K/home/vertin/ros2_ws/src/tracer_ros2/tracer_base/src/tracer_base_ros.cpp:20:26:[m[K [01;36m[Knote: [m[K  couldn’t deduce template parameter ‘[01m[KParameterT[m[K’
[5.494s]    20 |   [01;36m[Kthis->declare_parameter("odom_frame")[m[K;
[5.494s]       |   [01;36m[K~~~~~~~~~~~~~~~~~~~~~~~^~~~~~~~~~~~~~[m[K
[5.494s] In file included from [01m[K/opt/ros/humble/include/rclcpp/rclcpp/executors/single_threaded_executor.hpp:28[m[K,
[5.494s]                  from [01m[K/opt/ros/humble/include/rclcpp/rclcpp/executors.hpp:22[m[K,
[5.494s]                  from [01m[K/opt/ros/humble/include/rclcpp/rclcpp/rclcpp.hpp:155[m[K,
[5.494s]                  from [01m[K/home/vertin/ros2_ws/src/tracer_ros2/tracer_base/include/tracer_base/tracer_base_ros.hpp:16[m[K,
[5.494s]                  from [01m[K/home/vertin/ros2_ws/src/tracer_ros2/tracer_base/src/tracer_base_ros.cpp:10[m[K:
[5.495s] [01m[K/opt/ros/humble/include/rclcpp/rclcpp/node.hpp:366:3:[m[K [01;36m[Knote: [m[Kcandidate: ‘[01m[Kconst rclcpp::ParameterValue& rclcpp::Node::declare_parameter(const string&, const rclcpp::ParameterValue&, const ParameterDescriptor&, bool)[m[K’
[5.495s]   366 |   [01;36m[Kdeclare_parameter[m[K(
[5.495s]       |   [01;36m[K^~~~~~~~~~~~~~~~~[m[K
[5.495s] [01m[K/opt/ros/humble/include/rclcpp/rclcpp/node.hpp:366:3:[m[K [01;36m[Knote: [m[K  candidate expects 4 arguments, 1 provided
[5.495s] [01m[K/opt/ros/humble/include/rclcpp/rclcpp/node.hpp:391:3:[m[K [01;36m[Knote: [m[Kcandidate: ‘[01m[Kconst rclcpp::ParameterValue& rclcpp::Node::declare_parameter(const string&, rclcpp::ParameterType, const ParameterDescriptor&, bool)[m[K’
[5.495s]   391 |   [01;36m[Kdeclare_parameter[m[K(
[5.495s]       |   [01;36m[K^~~~~~~~~~~~~~~~~[m[K
[5.495s] [01m[K/opt/ros/humble/include/rclcpp/rclcpp/node.hpp:391:3:[m[K [01;36m[Knote: [m[K  candidate expects 4 arguments, 1 provided
[5.495s] [01m[K/home/vertin/ros2_ws/src/tracer_ros2/tracer_base/src/tracer_base_ros.cpp:21:26:[m[K [01;31m[Kerror: [m[Kno matching function for call to ‘[01m[Kwestonrobot::TracerBaseRos::declare_parameter(const char [11])[m[K’
[5.495s]    21 |   [01;31m[Kthis->declare_parameter("base_frame")[m[K;
[5.495s]       |   [01;31m[K~~~~~~~~~~~~~~~~~~~~~~~^~~~~~~~~~~~~~[m[K
[5.495s] In file included from [01m[K/opt/ros/humble/include/rclcpp/rclcpp/executors/single_threaded_executor.hpp:28[m[K,
[5.495s]                  from [01m[K/opt/ros/humble/include/rclcpp/rclcpp/executors.hpp:22[m[K,
[5.495s]                  from [01m[K/opt/ros/humble/include/rclcpp/rclcpp/rclcpp.hpp:155[m[K,
[5.496s]                  from [01m[K/home/vertin/ros2_ws/src/tracer_ros2/tracer_base/include/tracer_base/tracer_base_ros.hpp:16[m[K,
[5.496s]                  from [01m[K/home/vertin/ros2_ws/src/tracer_ros2/tracer_base/src/tracer_base_ros.cpp:10[m[K:
[5.496s] [01m[K/opt/ros/humble/include/rclcpp/rclcpp/node.hpp:421:3:[m[K [01;36m[Knote: [m[Kcandidate: ‘[01m[Ktemplate<class ParameterT> auto rclcpp::Node::declare_parameter(const string&, const ParameterT&, const ParameterDescriptor&, bool)[m[K’
[5.496s]   421 |   [01;36m[Kdeclare_parameter[m[K(
[5.496s]       |   [01;36m[K^~~~~~~~~~~~~~~~~[m[K
[5.496s] [01m[K/opt/ros/humble/include/rclcpp/rclcpp/node.hpp:421:3:[m[K [01;36m[Knote: [m[K  template argument deduction/substitution failed:
[5.496s] [01m[K/home/vertin/ros2_ws/src/tracer_ros2/tracer_base/src/tracer_base_ros.cpp:21:26:[m[K [01;36m[Knote: [m[K  candidate expects 4 arguments, 1 provided
[5.496s]    21 |   [01;36m[Kthis->declare_parameter("base_frame")[m[K;
[5.496s]       |   [01;36m[K~~~~~~~~~~~~~~~~~~~~~~~^~~~~~~~~~~~~~[m[K
[5.496s] In file included from [01m[K/opt/ros/humble/include/rclcpp/rclcpp/executors/single_threaded_executor.hpp:28[m[K,
[5.496s]                  from [01m[K/opt/ros/humble/include/rclcpp/rclcpp/executors.hpp:22[m[K,
[5.496s]                  from [01m[K/opt/ros/humble/include/rclcpp/rclcpp/rclcpp.hpp:155[m[K,
[5.496s]                  from [01m[K/home/vertin/ros2_ws/src/tracer_ros2/tracer_base/include/tracer_base/tracer_base_ros.hpp:16[m[K,
[5.496s]                  from [01m[K/home/vertin/ros2_ws/src/tracer_ros2/tracer_base/src/tracer_base_ros.cpp:10[m[K:
[5.496s] [01m[K/opt/ros/humble/include/rclcpp/rclcpp/node.hpp:434:3:[m[K [01;36m[Knote: [m[Kcandidate: ‘[01m[Ktemplate<class ParameterT> auto rclcpp::Node::declare_parameter(const string&, const ParameterDescriptor&, bool)[m[K’
[5.497s]   434 |   [01;36m[Kdeclare_parameter[m[K(
[5.497s]       |   [01;36m[K^~~~~~~~~~~~~~~~~[m[K
[5.497s] [01m[K/opt/ros/humble/include/rclcpp/rclcpp/node.hpp:434:3:[m[K [01;36m[Knote: [m[K  template argument deduction/substitution failed:
[5.497s] [01m[K/home/vertin/ros2_ws/src/tracer_ros2/tracer_base/src/tracer_base_ros.cpp:21:26:[m[K [01;36m[Knote: [m[K  couldn’t deduce template parameter ‘[01m[KParameterT[m[K’
[5.497s]    21 |   [01;36m[Kthis->declare_parameter("base_frame")[m[K;
[5.497s]       |   [01;36m[K~~~~~~~~~~~~~~~~~~~~~~~^~~~~~~~~~~~~~[m[K
[5.497s] In file included from [01m[K/opt/ros/humble/include/rclcpp/rclcpp/executors/single_threaded_executor.hpp:28[m[K,
[5.497s]                  from [01m[K/opt/ros/humble/include/rclcpp/rclcpp/executors.hpp:22[m[K,
[5.498s]                  from [01m[K/opt/ros/humble/include/rclcpp/rclcpp/rclcpp.hpp:155[m[K,
[5.498s]                  from [01m[K/home/vertin/ros2_ws/src/tracer_ros2/tracer_base/include/tracer_base/tracer_base_ros.hpp:16[m[K,
[5.498s]                  from [01m[K/home/vertin/ros2_ws/src/tracer_ros2/tracer_base/src/tracer_base_ros.cpp:10[m[K:
[5.498s] [01m[K/opt/ros/humble/include/rclcpp/rclcpp/node.hpp:366:3:[m[K [01;36m[Knote: [m[Kcandidate: ‘[01m[Kconst rclcpp::ParameterValue& rclcpp::Node::declare_parameter(const string&, const rclcpp::ParameterValue&, const ParameterDescriptor&, bool)[m[K’
[5.498s]   366 |   [01;36m[Kdeclare_parameter[m[K(
[5.498s]       |   [01;36m[K^~~~~~~~~~~~~~~~~[m[K
[5.498s] [01m[K/opt/ros/humble/include/rclcpp/rclcpp/node.hpp:366:3:[m[K [01;36m[Knote: [m[K  candidate expects 4 arguments, 1 provided
[5.498s] [01m[K/opt/ros/humble/include/rclcpp/rclcpp/node.hpp:391:3:[m[K [01;36m[Knote: [m[Kcandidate: ‘[01m[Kconst rclcpp::ParameterValue& rclcpp::Node::declare_parameter(const string&, rclcpp::ParameterType, const ParameterDescriptor&, bool)[m[K’
[5.498s]   391 |   [01;36m[Kdeclare_parameter[m[K(
[5.498s]       |   [01;36m[K^~~~~~~~~~~~~~~~~[m[K
[5.498s] [01m[K/opt/ros/humble/include/rclcpp/rclcpp/node.hpp:391:3:[m[K [01;36m[Knote: [m[K  candidate expects 4 arguments, 1 provided
[5.498s] [01m[K/home/vertin/ros2_ws/src/tracer_ros2/tracer_base/src/tracer_base_ros.cpp:22:26:[m[K [01;31m[Kerror: [m[Kno matching function for call to ‘[01m[Kwestonrobot::TracerBaseRos::declare_parameter(const char [16])[m[K’
[5.498s]    22 |   [01;31m[Kthis->declare_parameter("odom_topic_name")[m[K;
[5.499s]       |   [01;31m[K~~~~~~~~~~~~~~~~~~~~~~~^~~~~~~~~~~~~~~~~~~[m[K
[5.499s] In file included from [01m[K/opt/ros/humble/include/rclcpp/rclcpp/executors/single_threaded_executor.hpp:28[m[K,
[5.499s]                  from [01m[K/opt/ros/humble/include/rclcpp/rclcpp/executors.hpp:22[m[K,
[5.499s]                  from [01m[K/opt/ros/humble/include/rclcpp/rclcpp/rclcpp.hpp:155[m[K,
[5.499s]                  from [01m[K/home/vertin/ros2_ws/src/tracer_ros2/tracer_base/include/tracer_base/tracer_base_ros.hpp:16[m[K,
[5.499s]                  from [01m[K/home/vertin/ros2_ws/src/tracer_ros2/tracer_base/src/tracer_base_ros.cpp:10[m[K:
[5.499s] [01m[K/opt/ros/humble/include/rclcpp/rclcpp/node.hpp:421:3:[m[K [01;36m[Knote: [m[Kcandidate: ‘[01m[Ktemplate<class ParameterT> auto rclcpp::Node::declare_parameter(const string&, const ParameterT&, const ParameterDescriptor&, bool)[m[K’
[5.499s]   421 |   [01;36m[Kdeclare_parameter[m[K(
[5.499s]       |   [01;36m[K^~~~~~~~~~~~~~~~~[m[K
[5.499s] [01m[K/opt/ros/humble/include/rclcpp/rclcpp/node.hpp:421:3:[m[K [01;36m[Knote: [m[K  template argument deduction/substitution failed:
[5.499s] [01m[K/home/vertin/ros2_ws/src/tracer_ros2/tracer_base/src/tracer_base_ros.cpp:22:26:[m[K [01;36m[Knote: [m[K  candidate expects 4 arguments, 1 provided
[5.499s]    22 |   [01;36m[Kthis->declare_parameter("odom_topic_name")[m[K;
[5.499s]       |   [01;36m[K~~~~~~~~~~~~~~~~~~~~~~~^~~~~~~~~~~~~~~~~~~[m[K
[5.499s] In file included from [01m[K/opt/ros/humble/include/rclcpp/rclcpp/executors/single_threaded_executor.hpp:28[m[K,
[5.500s]                  from [01m[K/opt/ros/humble/include/rclcpp/rclcpp/executors.hpp:22[m[K,
[5.500s]                  from [01m[K/opt/ros/humble/include/rclcpp/rclcpp/rclcpp.hpp:155[m[K,
[5.500s]                  from [01m[K/home/vertin/ros2_ws/src/tracer_ros2/tracer_base/include/tracer_base/tracer_base_ros.hpp:16[m[K,
[5.500s]                  from [01m[K/home/vertin/ros2_ws/src/tracer_ros2/tracer_base/src/tracer_base_ros.cpp:10[m[K:
[5.500s] [01m[K/opt/ros/humble/include/rclcpp/rclcpp/node.hpp:434:3:[m[K [01;36m[Knote: [m[Kcandidate: ‘[01m[Ktemplate<class ParameterT> auto rclcpp::Node::declare_parameter(const string&, const ParameterDescriptor&, bool)[m[K’
[5.500s]   434 |   [01;36m[Kdeclare_parameter[m[K(
[5.500s]       |   [01;36m[K^~~~~~~~~~~~~~~~~[m[K
[5.500s] [01m[K/opt/ros/humble/include/rclcpp/rclcpp/node.hpp:434:3:[m[K [01;36m[Knote: [m[K  template argument deduction/substitution failed:
[5.500s] [01m[K/home/vertin/ros2_ws/src/tracer_ros2/tracer_base/src/tracer_base_ros.cpp:22:26:[m[K [01;36m[Knote: [m[K  couldn’t deduce template parameter ‘[01m[KParameterT[m[K’
[5.500s]    22 |   [01;36m[Kthis->declare_parameter("odom_topic_name")[m[K;
[5.500s]       |   [01;36m[K~~~~~~~~~~~~~~~~~~~~~~~^~~~~~~~~~~~~~~~~~~[m[K
[5.500s] In file included from [01m[K/opt/ros/humble/include/rclcpp/rclcpp/executors/single_threaded_executor.hpp:28[m[K,
[5.500s]                  from [01m[K/opt/ros/humble/include/rclcpp/rclcpp/executors.hpp:22[m[K,
[5.501s]                  from [01m[K/opt/ros/humble/include/rclcpp/rclcpp/rclcpp.hpp:155[m[K,
[5.501s]                  from [01m[K/home/vertin/ros2_ws/src/tracer_ros2/tracer_base/include/tracer_base/tracer_base_ros.hpp:16[m[K,
[5.501s]                  from [01m[K/home/vertin/ros2_ws/src/tracer_ros2/tracer_base/src/tracer_base_ros.cpp:10[m[K:
[5.501s] [01m[K/opt/ros/humble/include/rclcpp/rclcpp/node.hpp:366:3:[m[K [01;36m[Knote: [m[Kcandidate: ‘[01m[Kconst rclcpp::ParameterValue& rclcpp::Node::declare_parameter(const string&, const rclcpp::ParameterValue&, const ParameterDescriptor&, bool)[m[K’
[5.501s]   366 |   [01;36m[Kdeclare_parameter[m[K(
[5.501s]       |   [01;36m[K^~~~~~~~~~~~~~~~~[m[K
[5.501s] [01m[K/opt/ros/humble/include/rclcpp/rclcpp/node.hpp:366:3:[m[K [01;36m[Knote: [m[K  candidate expects 4 arguments, 1 provided
[5.501s] [01m[K/opt/ros/humble/include/rclcpp/rclcpp/node.hpp:391:3:[m[K [01;36m[Knote: [m[Kcandidate: ‘[01m[Kconst rclcpp::ParameterValue& rclcpp::Node::declare_parameter(const string&, rclcpp::ParameterType, const ParameterDescriptor&, bool)[m[K’
[5.501s]   391 |   [01;36m[Kdeclare_parameter[m[K(
[5.501s]       |   [01;36m[K^~~~~~~~~~~~~~~~~[m[K
[5.501s] [01m[K/opt/ros/humble/include/rclcpp/rclcpp/node.hpp:391:3:[m[K [01;36m[Knote: [m[K  candidate expects 4 arguments, 1 provided
[5.501s] [01m[K/home/vertin/ros2_ws/src/tracer_ros2/tracer_base/src/tracer_base_ros.cpp:24:26:[m[K [01;31m[Kerror: [m[Kno matching function for call to ‘[01m[Kwestonrobot::TracerBaseRos::declare_parameter(const char [15])[m[K’
[5.502s]    24 |   [01;31m[Kthis->declare_parameter("is_tracer_mini")[m[K;
[5.502s]       |   [01;31m[K~~~~~~~~~~~~~~~~~~~~~~~^~~~~~~~~~~~~~~~~~[m[K
[5.502s] In file included from [01m[K/opt/ros/humble/include/rclcpp/rclcpp/executors/single_threaded_executor.hpp:28[m[K,
[5.502s]                  from [01m[K/opt/ros/humble/include/rclcpp/rclcpp/executors.hpp:22[m[K,
[5.502s]                  from [01m[K/opt/ros/humble/include/rclcpp/rclcpp/rclcpp.hpp:155[m[K,
[5.502s]                  from [01m[K/home/vertin/ros2_ws/src/tracer_ros2/tracer_base/include/tracer_base/tracer_base_ros.hpp:16[m[K,
[5.502s]                  from [01m[K/home/vertin/ros2_ws/src/tracer_ros2/tracer_base/src/tracer_base_ros.cpp:10[m[K:
[5.502s] [01m[K/opt/ros/humble/include/rclcpp/rclcpp/node.hpp:421:3:[m[K [01;36m[Knote: [m[Kcandidate: ‘[01m[Ktemplate<class ParameterT> auto rclcpp::Node::declare_parameter(const string&, const ParameterT&, const ParameterDescriptor&, bool)[m[K’
[5.502s]   421 |   [01;36m[Kdeclare_parameter[m[K(
[5.502s]       |   [01;36m[K^~~~~~~~~~~~~~~~~[m[K
[5.502s] [01m[K/opt/ros/humble/include/rclcpp/rclcpp/node.hpp:421:3:[m[K [01;36m[Knote: [m[K  template argument deduction/substitution failed:
[5.502s] [01m[K/home/vertin/ros2_ws/src/tracer_ros2/tracer_base/src/tracer_base_ros.cpp:24:26:[m[K [01;36m[Knote: [m[K  candidate expects 4 arguments, 1 provided
[5.502s]    24 |   [01;36m[Kthis->declare_parameter("is_tracer_mini")[m[K;
[5.503s]       |   [01;36m[K~~~~~~~~~~~~~~~~~~~~~~~^~~~~~~~~~~~~~~~~~[m[K
[5.503s] In file included from [01m[K/opt/ros/humble/include/rclcpp/rclcpp/executors/single_threaded_executor.hpp:28[m[K,
[5.503s]                  from [01m[K/opt/ros/humble/include/rclcpp/rclcpp/executors.hpp:22[m[K,
[5.503s]                  from [01m[K/opt/ros/humble/include/rclcpp/rclcpp/rclcpp.hpp:155[m[K,
[5.503s]                  from [01m[K/home/vertin/ros2_ws/src/tracer_ros2/tracer_base/include/tracer_base/tracer_base_ros.hpp:16[m[K,
[5.503s]                  from [01m[K/home/vertin/ros2_ws/src/tracer_ros2/tracer_base/src/tracer_base_ros.cpp:10[m[K:
[5.503s] [01m[K/opt/ros/humble/include/rclcpp/rclcpp/node.hpp:434:3:[m[K [01;36m[Knote: [m[Kcandidate: ‘[01m[Ktemplate<class ParameterT> auto rclcpp::Node::declare_parameter(const string&, const ParameterDescriptor&, bool)[m[K’
[5.503s]   434 |   [01;36m[Kdeclare_parameter[m[K(
[5.503s]       |   [01;36m[K^~~~~~~~~~~~~~~~~[m[K
[5.504s] [01m[K/opt/ros/humble/include/rclcpp/rclcpp/node.hpp:434:3:[m[K [01;36m[Knote: [m[K  template argument deduction/substitution failed:
[5.504s] [01m[K/home/vertin/ros2_ws/src/tracer_ros2/tracer_base/src/tracer_base_ros.cpp:24:26:[m[K [01;36m[Knote: [m[K  couldn’t deduce template parameter ‘[01m[KParameterT[m[K’
[5.504s]    24 |   [01;36m[Kthis->declare_parameter("is_tracer_mini")[m[K;
[5.504s]       |   [01;36m[K~~~~~~~~~~~~~~~~~~~~~~~^~~~~~~~~~~~~~~~~~[m[K
[5.504s] In file included from [01m[K/opt/ros/humble/include/rclcpp/rclcpp/executors/single_threaded_executor.hpp:28[m[K,
[5.504s]                  from [01m[K/opt/ros/humble/include/rclcpp/rclcpp/executors.hpp:22[m[K,
[5.504s]                  from [01m[K/opt/ros/humble/include/rclcpp/rclcpp/rclcpp.hpp:155[m[K,
[5.504s]                  from [01m[K/home/vertin/ros2_ws/src/tracer_ros2/tracer_base/include/tracer_base/tracer_base_ros.hpp:16[m[K,
[5.504s]                  from [01m[K/home/vertin/ros2_ws/src/tracer_ros2/tracer_base/src/tracer_base_ros.cpp:10[m[K:
[5.504s] [01m[K/opt/ros/humble/include/rclcpp/rclcpp/node.hpp:366:3:[m[K [01;36m[Knote: [m[Kcandidate: ‘[01m[Kconst rclcpp::ParameterValue& rclcpp::Node::declare_parameter(const string&, const rclcpp::ParameterValue&, const ParameterDescriptor&, bool)[m[K’
[5.504s]   366 |   [01;36m[Kdeclare_parameter[m[K(
[5.504s]       |   [01;36m[K^~~~~~~~~~~~~~~~~[m[K
[5.505s] [01m[K/opt/ros/humble/include/rclcpp/rclcpp/node.hpp:366:3:[m[K [01;36m[Knote: [m[K  candidate expects 4 arguments, 1 provided
[5.505s] [01m[K/opt/ros/humble/include/rclcpp/rclcpp/node.hpp:391:3:[m[K [01;36m[Knote: [m[Kcandidate: ‘[01m[Kconst rclcpp::ParameterValue& rclcpp::Node::declare_parameter(const string&, rclcpp::ParameterType, const ParameterDescriptor&, bool)[m[K’
[5.505s]   391 |   [01;36m[Kdeclare_parameter[m[K(
[5.505s]       |   [01;36m[K^~~~~~~~~~~~~~~~~[m[K
[5.505s] [01m[K/opt/ros/humble/include/rclcpp/rclcpp/node.hpp:391:3:[m[K [01;36m[Knote: [m[K  candidate expects 4 arguments, 1 provided
[5.505s] [01m[K/home/vertin/ros2_ws/src/tracer_ros2/tracer_base/src/tracer_base_ros.cpp:25:26:[m[K [01;31m[Kerror: [m[Kno matching function for call to ‘[01m[Kwestonrobot::TracerBaseRos::declare_parameter(const char [16])[m[K’
[5.505s]    25 |   [01;31m[Kthis->declare_parameter("simulated_robot")[m[K;
[5.505s]       |   [01;31m[K~~~~~~~~~~~~~~~~~~~~~~~^~~~~~~~~~~~~~~~~~~[m[K
[5.505s] In file included from [01m[K/opt/ros/humble/include/rclcpp/rclcpp/executors/single_threaded_executor.hpp:28[m[K,
[5.505s]                  from [01m[K/opt/ros/humble/include/rclcpp/rclcpp/executors.hpp:22[m[K,
[5.506s]                  from [01m[K/opt/ros/humble/include/rclcpp/rclcpp/rclcpp.hpp:155[m[K,
[5.506s]                  from [01m[K/home/vertin/ros2_ws/src/tracer_ros2/tracer_base/include/tracer_base/tracer_base_ros.hpp:16[m[K,
[5.506s]                  from [01m[K/home/vertin/ros2_ws/src/tracer_ros2/tracer_base/src/tracer_base_ros.cpp:10[m[K:
[5.506s] [01m[K/opt/ros/humble/include/rclcpp/rclcpp/node.hpp:421:3:[m[K [01;36m[Knote: [m[Kcandidate: ‘[01m[Ktemplate<class ParameterT> auto rclcpp::Node::declare_parameter(const string&, const ParameterT&, const ParameterDescriptor&, bool)[m[K’
[5.506s]   421 |   [01;36m[Kdeclare_parameter[m[K(
[5.506s]       |   [01;36m[K^~~~~~~~~~~~~~~~~[m[K
[5.506s] [01m[K/opt/ros/humble/include/rclcpp/rclcpp/node.hpp:421:3:[m[K [01;36m[Knote: [m[K  template argument deduction/substitution failed:
[5.507s] [01m[K/home/vertin/ros2_ws/src/tracer_ros2/tracer_base/src/tracer_base_ros.cpp:25:26:[m[K [01;36m[Knote: [m[K  candidate expects 4 arguments, 1 provided
[5.507s]    25 |   [01;36m[Kthis->declare_parameter("simulated_robot")[m[K;
[5.507s]       |   [01;36m[K~~~~~~~~~~~~~~~~~~~~~~~^~~~~~~~~~~~~~~~~~~[m[K
[5.507s] In file included from [01m[K/opt/ros/humble/include/rclcpp/rclcpp/executors/single_threaded_executor.hpp:28[m[K,
[5.507s]                  from [01m[K/opt/ros/humble/include/rclcpp/rclcpp/executors.hpp:22[m[K,
[5.507s]                  from [01m[K/opt/ros/humble/include/rclcpp/rclcpp/rclcpp.hpp:155[m[K,
[5.507s]                  from [01m[K/home/vertin/ros2_ws/src/tracer_ros2/tracer_base/include/tracer_base/tracer_base_ros.hpp:16[m[K,
[5.507s]                  from [01m[K/home/vertin/ros2_ws/src/tracer_ros2/tracer_base/src/tracer_base_ros.cpp:10[m[K:
[5.507s] [01m[K/opt/ros/humble/include/rclcpp/rclcpp/node.hpp:434:3:[m[K [01;36m[Knote: [m[Kcandidate: ‘[01m[Ktemplate<class ParameterT> auto rclcpp::Node::declare_parameter(const string&, const ParameterDescriptor&, bool)[m[K’
[5.507s]   434 |   [01;36m[Kdeclare_parameter[m[K(
[5.507s]       |   [01;36m[K^~~~~~~~~~~~~~~~~[m[K
[5.507s] [01m[K/opt/ros/humble/include/rclcpp/rclcpp/node.hpp:434:3:[m[K [01;36m[Knote: [m[K  template argument deduction/substitution failed:
[5.507s] [01m[K/home/vertin/ros2_ws/src/tracer_ros2/tracer_base/src/tracer_base_ros.cpp:25:26:[m[K [01;36m[Knote: [m[K  couldn’t deduce template parameter ‘[01m[KParameterT[m[K’
[5.507s]    25 |   [01;36m[Kthis->declare_parameter("simulated_robot")[m[K;
[5.508s]       |   [01;36m[K~~~~~~~~~~~~~~~~~~~~~~~^~~~~~~~~~~~~~~~~~~[m[K
[5.508s] In file included from [01m[K/opt/ros/humble/include/rclcpp/rclcpp/executors/single_threaded_executor.hpp:28[m[K,
[5.508s]                  from [01m[K/opt/ros/humble/include/rclcpp/rclcpp/executors.hpp:22[m[K,
[5.508s]                  from [01m[K/opt/ros/humble/include/rclcpp/rclcpp/rclcpp.hpp:155[m[K,
[5.508s]                  from [01m[K/home/vertin/ros2_ws/src/tracer_ros2/tracer_base/include/tracer_base/tracer_base_ros.hpp:16[m[K,
[5.508s]                  from [01m[K/home/vertin/ros2_ws/src/tracer_ros2/tracer_base/src/tracer_base_ros.cpp:10[m[K:
[5.508s] [01m[K/opt/ros/humble/include/rclcpp/rclcpp/node.hpp:366:3:[m[K [01;36m[Knote: [m[Kcandidate: ‘[01m[Kconst rclcpp::ParameterValue& rclcpp::Node::declare_parameter(const string&, const rclcpp::ParameterValue&, const ParameterDescriptor&, bool)[m[K’
[5.508s]   366 |   [01;36m[Kdeclare_parameter[m[K(
[5.508s]       |   [01;36m[K^~~~~~~~~~~~~~~~~[m[K
[5.508s] [01m[K/opt/ros/humble/include/rclcpp/rclcpp/node.hpp:366:3:[m[K [01;36m[Knote: [m[K  candidate expects 4 arguments, 1 provided
[5.508s] [01m[K/opt/ros/humble/include/rclcpp/rclcpp/node.hpp:391:3:[m[K [01;36m[Knote: [m[Kcandidate: ‘[01m[Kconst rclcpp::ParameterValue& rclcpp::Node::declare_parameter(const string&, rclcpp::ParameterType, const ParameterDescriptor&, bool)[m[K’
[5.508s]   391 |   [01;36m[Kdeclare_parameter[m[K(
[5.509s]       |   [01;36m[K^~~~~~~~~~~~~~~~~[m[K
[5.509s] [01m[K/opt/ros/humble/include/rclcpp/rclcpp/node.hpp:391:3:[m[K [01;36m[Knote: [m[K  candidate expects 4 arguments, 1 provided
[5.509s] [01m[K/home/vertin/ros2_ws/src/tracer_ros2/tracer_base/src/tracer_base_ros.cpp:26:26:[m[K [01;31m[Kerror: [m[Kno matching function for call to ‘[01m[Kwestonrobot::TracerBaseRos::declare_parameter(const char [13])[m[K’
[5.509s]    26 |   [01;31m[Kthis->declare_parameter("control_rate")[m[K;
[5.509s]       |   [01;31m[K~~~~~~~~~~~~~~~~~~~~~~~^~~~~~~~~~~~~~~~[m[K
[5.509s] In file included from [01m[K/opt/ros/humble/include/rclcpp/rclcpp/executors/single_threaded_executor.hpp:28[m[K,
[5.509s]                  from [01m[K/opt/ros/humble/include/rclcpp/rclcpp/executors.hpp:22[m[K,
[5.509s]                  from [01m[K/opt/ros/humble/include/rclcpp/rclcpp/rclcpp.hpp:155[m[K,
[5.509s]                  from [01m[K/home/vertin/ros2_ws/src/tracer_ros2/tracer_base/include/tracer_base/tracer_base_ros.hpp:16[m[K,
[5.509s]                  from [01m[K/home/vertin/ros2_ws/src/tracer_ros2/tracer_base/src/tracer_base_ros.cpp:10[m[K:
[5.509s] [01m[K/opt/ros/humble/include/rclcpp/rclcpp/node.hpp:421:3:[m[K [01;36m[Knote: [m[Kcandidate: ‘[01m[Ktemplate<class ParameterT> auto rclcpp::Node::declare_parameter(const string&, const ParameterT&, const ParameterDescriptor&, bool)[m[K’
[5.510s]   421 |   [01;36m[Kdeclare_parameter[m[K(
[5.510s]       |   [01;36m[K^~~~~~~~~~~~~~~~~[m[K
[5.510s] [01m[K/opt/ros/humble/include/rclcpp/rclcpp/node.hpp:421:3:[m[K [01;36m[Knote: [m[K  template argument deduction/substitution failed:
[5.510s] [01m[K/home/vertin/ros2_ws/src/tracer_ros2/tracer_base/src/tracer_base_ros.cpp:26:26:[m[K [01;36m[Knote: [m[K  candidate expects 4 arguments, 1 provided
[5.510s]    26 |   [01;36m[Kthis->declare_parameter("control_rate")[m[K;
[5.510s]       |   [01;36m[K~~~~~~~~~~~~~~~~~~~~~~~^~~~~~~~~~~~~~~~[m[K
[5.510s] In file included from [01m[K/opt/ros/humble/include/rclcpp/rclcpp/executors/single_threaded_executor.hpp:28[m[K,
[5.510s]                  from [01m[K/opt/ros/humble/include/rclcpp/rclcpp/executors.hpp:22[m[K,
[5.510s]                  from [01m[K/opt/ros/humble/include/rclcpp/rclcpp/rclcpp.hpp:155[m[K,
[5.511s]                  from [01m[K/home/vertin/ros2_ws/src/tracer_ros2/tracer_base/include/tracer_base/tracer_base_ros.hpp:16[m[K,
[5.511s]                  from [01m[K/home/vertin/ros2_ws/src/tracer_ros2/tracer_base/src/tracer_base_ros.cpp:10[m[K:
[5.511s] [01m[K/opt/ros/humble/include/rclcpp/rclcpp/node.hpp:434:3:[m[K [01;36m[Knote: [m[Kcandidate: ‘[01m[Ktemplate<class ParameterT> auto rclcpp::Node::declare_parameter(const string&, const ParameterDescriptor&, bool)[m[K’
[5.511s]   434 |   [01;36m[Kdeclare_parameter[m[K(
[5.511s]       |   [01;36m[K^~~~~~~~~~~~~~~~~[m[K
[5.511s] [01m[K/opt/ros/humble/include/rclcpp/rclcpp/node.hpp:434:3:[m[K [01;36m[Knote: [m[K  template argument deduction/substitution failed:
[5.511s] [01m[K/home/vertin/ros2_ws/src/tracer_ros2/tracer_base/src/tracer_base_ros.cpp:26:26:[m[K [01;36m[Knote: [m[K  couldn’t deduce template parameter ‘[01m[KParameterT[m[K’
[5.512s]    26 |   [01;36m[Kthis->declare_parameter("control_rate")[m[K;
[5.512s]       |   [01;36m[K~~~~~~~~~~~~~~~~~~~~~~~^~~~~~~~~~~~~~~~[m[K
[5.512s] In file included from [01m[K/opt/ros/humble/include/rclcpp/rclcpp/executors/single_threaded_executor.hpp:28[m[K,
[5.512s]                  from [01m[K/opt/ros/humble/include/rclcpp/rclcpp/executors.hpp:22[m[K,
[5.512s]                  from [01m[K/opt/ros/humble/include/rclcpp/rclcpp/rclcpp.hpp:155[m[K,
[5.512s]                  from [01m[K/home/vertin/ros2_ws/src/tracer_ros2/tracer_base/include/tracer_base/tracer_base_ros.hpp:16[m[K,
[5.512s]                  from [01m[K/home/vertin/ros2_ws/src/tracer_ros2/tracer_base/src/tracer_base_ros.cpp:10[m[K:
[5.512s] [01m[K/opt/ros/humble/include/rclcpp/rclcpp/node.hpp:366:3:[m[K [01;36m[Knote: [m[Kcandidate: ‘[01m[Kconst rclcpp::ParameterValue& rclcpp::Node::declare_parameter(const string&, const rclcpp::ParameterValue&, const ParameterDescriptor&, bool)[m[K’
[5.512s]   366 |   [01;36m[Kdeclare_parameter[m[K(
[5.512s]       |   [01;36m[K^~~~~~~~~~~~~~~~~[m[K
[5.512s] [01m[K/opt/ros/humble/include/rclcpp/rclcpp/node.hpp:366:3:[m[K [01;36m[Knote: [m[K  candidate expects 4 arguments, 1 provided
[5.512s] [01m[K/opt/ros/humble/include/rclcpp/rclcpp/node.hpp:391:3:[m[K [01;36m[Knote: [m[Kcandidate: ‘[01m[Kconst rclcpp::ParameterValue& rclcpp::Node::declare_parameter(const string&, rclcpp::ParameterType, const ParameterDescriptor&, bool)[m[K’
[5.512s]   391 |   [01;36m[Kdeclare_parameter[m[K(
[5.512s]       |   [01;36m[K^~~~~~~~~~~~~~~~~[m[K
[5.513s] [01m[K/opt/ros/humble/include/rclcpp/rclcpp/node.hpp:391:3:[m[K [01;36m[Knote: [m[K  candidate expects 4 arguments, 1 provided
[10.024s] gmake[2]: *** [CMakeFiles/tracer_base_node.dir/build.make:76: CMakeFiles/tracer_base_node.dir/src/tracer_base_ros.cpp.o] 오류 1
[10.024s] gmake[1]: *** [CMakeFiles/Makefile2:137: CMakeFiles/tracer_base_node.dir/all] 오류 2
[10.025s] gmake: *** [Makefile:146: all] 오류 2
[10.028s] Invoked command in '/home/vertin/ros2_ws/build/tracer_base' returned '2': AMENT_PREFIX_PATH=/home/vertin/ros2_ws/install/tracer_msgs:${AMENT_PREFIX_PATH} CMAKE_PREFIX_PATH=/home/vertin/my_ws/install/robot_localizer:/opt/ros/humble:/home/vertin/ros2_ws/install/ugv_sdk:/home/vertin/ros2_ws/install/tracer_msgs LD_LIBRARY_PATH=/home/vertin/ros2_ws/install/tracer_msgs/lib:${LD_LIBRARY_PATH} PKG_CONFIG_PATH=/home/vertin/ros2_ws/install/ugv_sdk/lib/x86_64-linux-gnu/pkgconfig:/home/vertin/ros2_ws/install/ugv_sdk/lib/pkgconfig PYTHONPATH=/home/vertin/ros2_ws/install/tracer_msgs/local/lib/python3.10/dist-packages:${PYTHONPATH} ROS_PACKAGE_PATH=/home/vertin/ros2_ws/install/ugv_sdk/share /usr/bin/cmake --build /home/vertin/ros2_ws/build/tracer_base -- -j8 -l8
