[1.639s] Invoking command in '/home/vertin/ros2_ws/build/point_lio': CMAKE_PREFIX_PATH=/home/vertin/ros2_ws/install/unitree_lidar_ros2:/home/vertin/ros2_ws/install/tracer_base:/home/vertin/ros2_ws/install/nav2_launch_test:/home/vertin/ros2_ws/install/my_python_pkg:/home/vertin/my_ws/install/robot_localizer:/opt/ros/humble:/home/vertin/ros2_ws/install/ugv_sdk:/home/vertin/ros2_ws/install/tracer_msgs:/home/vertin/ros2_ws/install/tracer_description:/home/vertin/ros2_ws/install/point_lio:/home/vertin/ros2_ws/install/lio_sam /usr/bin/cmake --build /home/vertin/ros2_ws/build/point_lio -- -j8 -l8
[1.960s] [100%] Built target pointlio_mapping
[2.402s] Invoked command in '/home/vertin/ros2_ws/build/point_lio' returned '0': CMAKE_PREFIX_PATH=/home/vertin/ros2_ws/install/unitree_lidar_ros2:/home/vertin/ros2_ws/install/tracer_base:/home/vertin/ros2_ws/install/nav2_launch_test:/home/vertin/ros2_ws/install/my_python_pkg:/home/vertin/my_ws/install/robot_localizer:/opt/ros/humble:/home/vertin/ros2_ws/install/ugv_sdk:/home/vertin/ros2_ws/install/tracer_msgs:/home/vertin/ros2_ws/install/tracer_description:/home/vertin/ros2_ws/install/point_lio:/home/vertin/ros2_ws/install/lio_sam /usr/bin/cmake --build /home/vertin/ros2_ws/build/point_lio -- -j8 -l8
[2.430s] Invoking command in '/home/vertin/ros2_ws/build/point_lio': CMAKE_PREFIX_PATH=/home/vertin/ros2_ws/install/unitree_lidar_ros2:/home/vertin/ros2_ws/install/tracer_base:/home/vertin/ros2_ws/install/nav2_launch_test:/home/vertin/ros2_ws/install/my_python_pkg:/home/vertin/my_ws/install/robot_localizer:/opt/ros/humble:/home/vertin/ros2_ws/install/ugv_sdk:/home/vertin/ros2_ws/install/tracer_msgs:/home/vertin/ros2_ws/install/tracer_description:/home/vertin/ros2_ws/install/point_lio:/home/vertin/ros2_ws/install/lio_sam /usr/bin/cmake --install /home/vertin/ros2_ws/build/point_lio
[2.869s] -- Install configuration: ""
[2.871s] -- Up-to-date: /home/vertin/ros2_ws/install/point_lio/lib/point_lio/pointlio_mapping
[2.905s] -- Up-to-date: /home/vertin/ros2_ws/install/point_lio/share/point_lio/config
[2.926s] -- Up-to-date: /home/vertin/ros2_ws/install/point_lio/share/point_lio/config/unilidar_l2.yaml
[2.928s] -- Up-to-date: /home/vertin/ros2_ws/install/point_lio/share/point_lio/config/velody16.yaml
[2.929s] -- Up-to-date: /home/vertin/ros2_ws/install/point_lio/share/point_lio/config/mid360.yaml
[2.931s] -- Up-to-date: /home/vertin/ros2_ws/install/point_lio/share/point_lio/config/ouster64.yaml
[2.932s] -- Up-to-date: /home/vertin/ros2_ws/install/point_lio/share/point_lio/config/unilidar_l1.yaml
[2.935s] -- Up-to-date: /home/vertin/ros2_ws/install/point_lio/share/point_lio/config/horizon.yaml
[2.936s] -- Up-to-date: /home/vertin/ros2_ws/install/point_lio/share/point_lio/config/avia.yaml
[2.942s] -- Up-to-date: /home/vertin/ros2_ws/install/point_lio/share/point_lio/launch
[2.948s] -- Up-to-date: /home/vertin/ros2_ws/install/point_lio/share/point_lio/launch/my_navigation.launch.py
[2.950s] -- Up-to-date: /home/vertin/ros2_ws/install/point_lio/share/point_lio/launch/mapping_horizon.launch.py
[2.968s] -- Up-to-date: /home/vertin/ros2_ws/install/point_lio/share/point_lio/launch/mapping_mid360.launch.py
[2.969s] -- Up-to-date: /home/vertin/ros2_ws/install/point_lio/share/point_lio/launch/gdb_debug_example.launch.py
[2.974s] -- Up-to-date: /home/vertin/ros2_ws/install/point_lio/share/point_lio/launch/correct_odom_unilidar_l2.launch.py
[2.976s] -- Up-to-date: /home/vertin/ros2_ws/install/point_lio/share/point_lio/launch/mapping_velody16.launch.py
[2.982s] -- Up-to-date: /home/vertin/ros2_ws/install/point_lio/share/point_lio/launch/mapping_avia.launch.py
[2.987s] -- Up-to-date: /home/vertin/ros2_ws/install/point_lio/share/point_lio/launch/correct_odom_unilidar_l1.launch.py
[2.988s] -- Up-to-date: /home/vertin/ros2_ws/install/point_lio/share/point_lio/launch/mapping_unilidar_l1.launch.py
[2.990s] -- Up-to-date: /home/vertin/ros2_ws/install/point_lio/share/point_lio/launch/mapping_ouster64.launch.py
[3.000s] -- Up-to-date: /home/vertin/ros2_ws/install/point_lio/share/point_lio/launch/mapping_unilidar_l2.launch.py
[3.001s] -- Up-to-date: /home/vertin/ros2_ws/install/point_lio/share/point_lio/rviz_cfg
[3.008s] -- Up-to-date: /home/vertin/ros2_ws/install/point_lio/share/point_lio/rviz_cfg/loam_livox.rviz
[3.017s] -- Up-to-date: /home/vertin/ros2_ws/install/point_lio/share/ament_index/resource_index/package_run_dependencies/point_lio
[3.018s] -- Up-to-date: /home/vertin/ros2_ws/install/point_lio/share/ament_index/resource_index/parent_prefix_path/point_lio
[3.020s] -- Up-to-date: /home/vertin/ros2_ws/install/point_lio/share/point_lio/environment/ament_prefix_path.sh
[3.026s] -- Up-to-date: /home/vertin/ros2_ws/install/point_lio/share/point_lio/environment/ament_prefix_path.dsv
[3.027s] -- Up-to-date: /home/vertin/ros2_ws/install/point_lio/share/point_lio/environment/path.sh
[3.029s] -- Up-to-date: /home/vertin/ros2_ws/install/point_lio/share/point_lio/environment/path.dsv
[3.035s] -- Up-to-date: /home/vertin/ros2_ws/install/point_lio/share/point_lio/local_setup.bash
[3.037s] -- Up-to-date: /home/vertin/ros2_ws/install/point_lio/share/point_lio/local_setup.sh
[3.038s] -- Up-to-date: /home/vertin/ros2_ws/install/point_lio/share/point_lio/local_setup.zsh
[3.045s] -- Up-to-date: /home/vertin/ros2_ws/install/point_lio/share/point_lio/local_setup.dsv
[3.046s] -- Installing: /home/vertin/ros2_ws/install/point_lio/share/point_lio/package.dsv
[3.052s] -- Up-to-date: /home/vertin/ros2_ws/install/point_lio/share/ament_index/resource_index/packages/point_lio
[3.053s] -- Up-to-date: /home/vertin/ros2_ws/install/point_lio/share/point_lio/cmake/ament_cmake_export_dependencies-extras.cmake
[3.054s] -- Up-to-date: /home/vertin/ros2_ws/install/point_lio/share/point_lio/cmake/point_lioConfig.cmake
[3.063s] -- Up-to-date: /home/vertin/ros2_ws/install/point_lio/share/point_lio/cmake/point_lioConfig-version.cmake
[3.064s] -- Up-to-date: /home/vertin/ros2_ws/install/point_lio/share/point_lio/package.xml
[3.152s] Invoked command in '/home/vertin/ros2_ws/build/point_lio' returned '0': CMAKE_PREFIX_PATH=/home/vertin/ros2_ws/install/unitree_lidar_ros2:/home/vertin/ros2_ws/install/tracer_base:/home/vertin/ros2_ws/install/nav2_launch_test:/home/vertin/ros2_ws/install/my_python_pkg:/home/vertin/my_ws/install/robot_localizer:/opt/ros/humble:/home/vertin/ros2_ws/install/ugv_sdk:/home/vertin/ros2_ws/install/tracer_msgs:/home/vertin/ros2_ws/install/tracer_description:/home/vertin/ros2_ws/install/point_lio:/home/vertin/ros2_ws/install/lio_sam /usr/bin/cmake --install /home/vertin/ros2_ws/build/point_lio
