[0.041s] Invoking command in '/home/vertin/ros2_ws/build/lio_sam': CMAKE_PREFIX_PATH=/home/vertin/ros2_ws/install/unitree_lidar_ros2:/home/vertin/ros2_ws/install/tracer_base:/home/vertin/ros2_ws/install/nav2_launch_test:/home/vertin/ros2_ws/install/my_python_pkg:/home/vertin/my_ws/install/robot_localizer:/opt/ros/humble:/home/vertin/ros2_ws/install/ugv_sdk:/home/vertin/ros2_ws/install/tracer_msgs:/home/vertin/ros2_ws/install/lio_sam /usr/bin/cmake --build /home/vertin/ros2_ws/build/lio_sam -- -j8 -l8
[0.788s] [  8%] Built target lio_sam__rosidl_generator_c
[0.788s] [ 10%] Built target lio_sam__cpp
[0.788s] [ 10%] Built target ament_cmake_python_copy_lio_sam
[0.788s] [ 19%] Built target lio_sam__rosidl_typesupport_introspection_c
[0.788s] [ 27%] Built target lio_sam__rosidl_typesupport_fastrtps_c
[0.788s] [ 36%] Built target lio_sam__rosidl_typesupport_c
[0.788s] [ 44%] Built target lio_sam__rosidl_typesupport_introspection_cpp
[0.790s] [ 53%] Built target lio_sam__rosidl_typesupport_cpp
[0.790s] [ 61%] Built target lio_sam__rosidl_typesupport_fastrtps_cpp
[0.790s] [35m[1mConsolidate compiler generated dependencies of target lio_sam_imuPreintegration[0m
[0.790s] [ 61%] Built target lio_sam
[0.790s] [ 65%] Built target lio_sam_imageProjection
[0.790s] [ 70%] Built target lio_sam_featureExtraction
[0.790s] [ 74%] Built target lio_sam_mapOptimization
[0.791s] [ 76%] Built target lio_sam__py
[0.791s] [ 78%] [32mBuilding CXX object CMakeFiles/lio_sam_imuPreintegration.dir/src/imuPreintegration.cpp.o[0m
[0.791s] [ 85%] Built target lio_sam__rosidl_generator_py
[0.791s] [ 89%] Built target lio_sam__rosidl_typesupport_fastrtps_c__pyext
[0.791s] [ 93%] Built target lio_sam__rosidl_typesupport_introspection_c__pyext
[0.791s] [ 97%] Built target lio_sam__rosidl_typesupport_c__pyext
[0.791s] running egg_info
[0.792s] writing lio_sam.egg-info/PKG-INFO
[0.792s] writing dependency_links to lio_sam.egg-info/dependency_links.txt
[0.792s] writing top-level names to lio_sam.egg-info/top_level.txt
[0.792s] reading manifest file 'lio_sam.egg-info/SOURCES.txt'
[0.792s] writing manifest file 'lio_sam.egg-info/SOURCES.txt'
[0.792s] [ 97%] Built target ament_cmake_python_build_lio_sam_egg
[3.502s] In file included from [01m[K/home/vertin/ros2_ws/src/LIO-SAM/src/imuPreintegration.cpp:17[m[K:
[3.502s] [01m[K/usr/local/include/gtsam_unstable/nonlinear/IncrementalFixedLagSmoother.h:17:2:[m[K [01;35m[Kwarning: [m[K#warning "IncrementalFixedLagSmoother was moved to the gtsam/nonlinear directory" [[01;35m[K]8;;https://gcc.gnu.org/onlinedocs/gcc/Warning-Options.html#index-Wcpp-Wcpp]8;;[m[K]
[3.502s]    17 | #[01;35m[Kwarning[m[K "IncrementalFixedLagSmoother was moved to the gtsam/nonlinear directory"
[3.502s]       |  [01;35m[K^~~~~~~[m[K
[12.942s] [01m[K/home/vertin/ros2_ws/src/LIO-SAM/src/imuPreintegration.cpp:[m[K In constructor ‘[01m[KIMUPreintegration::IMUPreintegration(const rclcpp::NodeOptions&)[m[K’:
[12.943s] [01m[K/home/vertin/ros2_ws/src/LIO-SAM/src/imuPreintegration.cpp:261:82:[m[K [01;31m[Kerror: [m[Kcannot convert ‘[01m[Kstd::shared_ptr<gtsam::PreintegratedImuMeasurementsT<gtsam::TangentPreintegration> >[m[K’ to ‘[01m[Kgtsam::PreintegratedImuMeasurements*[m[K’ {aka ‘[01m[Kgtsam::PreintegratedImuMeasurementsT<gtsam::TangentPreintegration>*[m[K’} in assignment
[12.943s]   261 |         imuIntegratorImu_ = [01;31m[Kstd::make_shared<gtsam::PreintegratedImuMeasurements>(p, prior_imu_bias)[m[K; // setting up the IMU integration for IMU message thread
[12.943s]       |                             [01;31m[K~~~~~~~~~~~~~~~~~~~~~~~~~~~~~~~~~~~~~~~~~~~~~~~~~~~~~^~~~~~~~~~~~~~~~~~~[m[K
[12.943s]       |                                                                                  [01;31m[K|[m[K
[12.943s]       |                                                                                  [01;31m[Kstd::shared_ptr<gtsam::PreintegratedImuMeasurementsT<gtsam::TangentPreintegration> >[m[K
[12.943s] [01m[K/home/vertin/ros2_ws/src/LIO-SAM/src/imuPreintegration.cpp:262:82:[m[K [01;31m[Kerror: [m[Kcannot convert ‘[01m[Kstd::shared_ptr<gtsam::PreintegratedImuMeasurementsT<gtsam::TangentPreintegration> >[m[K’ to ‘[01m[Kgtsam::PreintegratedImuMeasurements*[m[K’ {aka ‘[01m[Kgtsam::PreintegratedImuMeasurementsT<gtsam::TangentPreintegration>*[m[K’} in assignment
[12.943s]   262 |         imuIntegratorOpt_ = [01;31m[Kstd::make_shared<gtsam::PreintegratedImuMeasurements>(p, prior_imu_bias)[m[K; // setting up the IMU integration for optimization
[12.943s]       |                             [01;31m[K~~~~~~~~~~~~~~~~~~~~~~~~~~~~~~~~~~~~~~~~~~~~~~~~~~~~~^~~~~~~~~~~~~~~~~~~[m[K
[12.943s]       |                                                                                  [01;31m[K|[m[K
[12.943s]       |                                                                                  [01;31m[Kstd::shared_ptr<gtsam::PreintegratedImuMeasurementsT<gtsam::TangentPreintegration> >[m[K
[25.665s] gmake[2]: *** [CMakeFiles/lio_sam_imuPreintegration.dir/build.make:76: CMakeFiles/lio_sam_imuPreintegration.dir/src/imuPreintegration.cpp.o] 오류 1
[25.665s] gmake[1]: *** [CMakeFiles/Makefile2:653: CMakeFiles/lio_sam_imuPreintegration.dir/all] 오류 2
[25.666s] gmake: *** [Makefile:146: all] 오류 2
[25.668s] Invoked command in '/home/vertin/ros2_ws/build/lio_sam' returned '2': CMAKE_PREFIX_PATH=/home/vertin/ros2_ws/install/unitree_lidar_ros2:/home/vertin/ros2_ws/install/tracer_base:/home/vertin/ros2_ws/install/nav2_launch_test:/home/vertin/ros2_ws/install/my_python_pkg:/home/vertin/my_ws/install/robot_localizer:/opt/ros/humble:/home/vertin/ros2_ws/install/ugv_sdk:/home/vertin/ros2_ws/install/tracer_msgs:/home/vertin/ros2_ws/install/lio_sam /usr/bin/cmake --build /home/vertin/ros2_ws/build/lio_sam -- -j8 -l8
