[0.696s] Invoking command in '/home/vertin/ros2_ws/build/pointcloud_to_laserscan': CMAKE_PREFIX_PATH=/home/vertin/my_ws/install/robot_localizer:/opt/ros/humble /usr/bin/cmake /home/vertin/ros2_ws/src/pointcloud_to_laserscan -DCMAKE_INSTALL_PREFIX=/home/vertin/ros2_ws/install/pointcloud_to_laserscan
[0.850s] -- The C compiler identification is GNU 11.4.0
[0.982s] -- The CXX compiler identification is GNU 11.4.0
[0.998s] -- Detecting C compiler ABI info
[1.114s] -- Detecting C compiler ABI info - done
[1.126s] -- Check for working C compiler: /usr/bin/cc - skipped
[1.126s] -- Detecting C compile features
[1.126s] -- Detecting C compile features - done
[1.130s] -- Detecting CXX compiler ABI info
[1.224s] -- Detecting CXX compiler ABI info - done
[1.232s] -- Check for working CXX compiler: /usr/bin/c++ - skipped
[1.233s] -- Detecting CXX compile features
[1.233s] -- Detecting CXX compile features - done
[1.236s] -- Found ament_cmake_auto: 1.3.11 (/opt/ros/humble/share/ament_cmake_auto/cmake)
[1.653s] -- Found Python3: /usr/bin/python3 (found version "3.10.12") found components: Interpreter 
[1.945s] -- Found rosidl_generator_c: 3.1.6 (/opt/ros/humble/share/rosidl_generator_c/cmake)
[1.953s] -- Found rosidl_adapter: 3.1.6 (/opt/ros/humble/share/rosidl_adapter/cmake)
[1.965s] -- Found rosidl_generator_cpp: 3.1.6 (/opt/ros/humble/share/rosidl_generator_cpp/cmake)
[1.983s] -- Using all available rosidl_typesupport_c: rosidl_typesupport_fastrtps_c;rosidl_typesupport_introspection_c
[2.007s] -- Using all available rosidl_typesupport_cpp: rosidl_typesupport_fastrtps_cpp;rosidl_typesupport_introspection_cpp
[2.066s] -- Found rmw_implementation_cmake: 6.1.2 (/opt/ros/humble/share/rmw_implementation_cmake/cmake)
[2.069s] -- Found rmw_fastrtps_cpp: 6.2.7 (/opt/ros/humble/share/rmw_fastrtps_cpp/cmake)
[2.162s] -- Found OpenSSL: /usr/lib/x86_64-linux-gnu/libcrypto.so (found version "3.0.2")  
[2.193s] -- Found FastRTPS: /opt/ros/humble/include  
[2.236s] -- Using RMW implementation 'rmw_fastrtps_cpp' as default
[2.247s] -- Looking for pthread.h
[2.322s] -- Looking for pthread.h - found
[2.322s] -- Performing Test CMAKE_HAVE_LIBC_PTHREAD
[2.386s] -- Performing Test CMAKE_HAVE_LIBC_PTHREAD - Success
[2.387s] -- Found Threads: TRUE  
[2.647s] -- Found ament_lint_auto: 0.12.12 (/opt/ros/humble/share/ament_lint_auto/cmake)
[2.673s] -- Added test 'cppcheck' to perform static code analysis on C / C++ code
[2.674s] -- Configured cppcheck include dirs: /home/vertin/ros2_ws/src/pointcloud_to_laserscan/include
[2.674s] -- Configured cppcheck exclude dirs and/or files: 
[2.677s] -- Added test 'cpplint' to check C / C++ code against the Google style
[2.677s] -- Configured cpplint exclude dirs and/or files: 
[2.678s] -- Added test 'flake8' to check Python code syntax and style conventions
[2.679s] -- Added test 'lint_cmake' to check CMake code style
[2.680s] -- Added test 'pep257' to check Python code against some of the docstring style conventions in PEP 257
[2.683s] -- Added test 'uncrustify' to check C / C++ code style
[2.683s] -- Configured uncrustify additional arguments: 
[2.684s] -- Added test 'xmllint' to check XML markup files
[2.688s] -- Configuring done
[2.728s] -- Generating done
[2.739s] -- Build files have been written to: /home/vertin/ros2_ws/build/pointcloud_to_laserscan
[2.750s] Invoked command in '/home/vertin/ros2_ws/build/pointcloud_to_laserscan' returned '0': CMAKE_PREFIX_PATH=/home/vertin/my_ws/install/robot_localizer:/opt/ros/humble /usr/bin/cmake /home/vertin/ros2_ws/src/pointcloud_to_laserscan -DCMAKE_INSTALL_PREFIX=/home/vertin/ros2_ws/install/pointcloud_to_laserscan
[2.751s] Invoking command in '/home/vertin/ros2_ws/build/pointcloud_to_laserscan': CMAKE_PREFIX_PATH=/home/vertin/my_ws/install/robot_localizer:/opt/ros/humble /usr/bin/cmake --build /home/vertin/ros2_ws/build/pointcloud_to_laserscan -- -j8 -l8
[2.800s] [ 20%] [32mBuilding CXX object CMakeFiles/laserscan_to_pointcloud.dir/src/laserscan_to_pointcloud_node.cpp.o[0m
[2.800s] [ 20%] [32mBuilding CXX object CMakeFiles/laserscan_to_pointcloud_node.dir/rclcpp_components/node_main_laserscan_to_pointcloud_node.cpp.o[0m
[2.800s] [ 30%] [32mBuilding CXX object CMakeFiles/pointcloud_to_laserscan_node.dir/rclcpp_components/node_main_pointcloud_to_laserscan_node.cpp.o[0m
[6.416s] [ 40%] [32m[1mLinking CXX executable laserscan_to_pointcloud_node[0m
[6.420s] [ 50%] [32m[1mLinking CXX executable pointcloud_to_laserscan_node[0m
[6.611s] [ 50%] Built target pointcloud_to_laserscan_node
[6.618s] [ 50%] Built target laserscan_to_pointcloud_node
[14.754s] [ 60%] [32m[1mLinking CXX shared library liblaserscan_to_pointcloud.so[0m
[15.389s] [ 60%] Built target laserscan_to_pointcloud
[15.407s] [ 70%] [32mBuilding CXX object CMakeFiles/pointcloud_to_laserscan.dir/src/pointcloud_to_laserscan_node.cpp.o[0m
[27.025s] [ 80%] [32m[1mLinking CXX shared library libpointcloud_to_laserscan.so[0m
[27.659s] [ 80%] Built target pointcloud_to_laserscan
[27.678s] [ 90%] [32mBuilding CXX object CMakeFiles/dummy_pointcloud_publisher.dir/src/dummy_pointcloud_publisher.cpp.o[0m
[32.174s] [100%] [32m[1mLinking CXX executable dummy_pointcloud_publisher[0m
[32.442s] [100%] Built target dummy_pointcloud_publisher
[32.453s] Invoked command in '/home/vertin/ros2_ws/build/pointcloud_to_laserscan' returned '0': CMAKE_PREFIX_PATH=/home/vertin/my_ws/install/robot_localizer:/opt/ros/humble /usr/bin/cmake --build /home/vertin/ros2_ws/build/pointcloud_to_laserscan -- -j8 -l8
[32.456s] Invoking command in '/home/vertin/ros2_ws/build/pointcloud_to_laserscan': CMAKE_PREFIX_PATH=/home/vertin/my_ws/install/robot_localizer:/opt/ros/humble /usr/bin/cmake --install /home/vertin/ros2_ws/build/pointcloud_to_laserscan
[32.464s] -- Install configuration: ""
[32.464s] -- Installing: /home/vertin/ros2_ws/install/pointcloud_to_laserscan/lib/pointcloud_to_laserscan/laserscan_to_pointcloud_node
[32.465s] -- Set runtime path of "/home/vertin/ros2_ws/install/pointcloud_to_laserscan/lib/pointcloud_to_laserscan/laserscan_to_pointcloud_node" to ""
[32.465s] -- Installing: /home/vertin/ros2_ws/install/pointcloud_to_laserscan/lib/pointcloud_to_laserscan/pointcloud_to_laserscan_node
[32.465s] -- Set runtime path of "/home/vertin/ros2_ws/install/pointcloud_to_laserscan/lib/pointcloud_to_laserscan/pointcloud_to_laserscan_node" to ""
[32.465s] -- Installing: /home/vertin/ros2_ws/install/pointcloud_to_laserscan/include
[32.465s] -- Installing: /home/vertin/ros2_ws/install/pointcloud_to_laserscan/include/pointcloud_to_laserscan
[32.466s] -- Installing: /home/vertin/ros2_ws/install/pointcloud_to_laserscan/include/pointcloud_to_laserscan/visibility_control.h
[32.466s] -- Installing: /home/vertin/ros2_ws/install/pointcloud_to_laserscan/include/pointcloud_to_laserscan/pointcloud_to_laserscan_node.hpp
[32.466s] -- Installing: /home/vertin/ros2_ws/install/pointcloud_to_laserscan/include/pointcloud_to_laserscan/laserscan_to_pointcloud_node.hpp
[32.466s] -- Installing: /home/vertin/ros2_ws/install/pointcloud_to_laserscan/share/pointcloud_to_laserscan/environment/library_path.sh
[32.466s] -- Installing: /home/vertin/ros2_ws/install/pointcloud_to_laserscan/share/pointcloud_to_laserscan/environment/library_path.dsv
[32.466s] -- Installing: /home/vertin/ros2_ws/install/pointcloud_to_laserscan/lib/liblaserscan_to_pointcloud.so
[32.474s] -- Set runtime path of "/home/vertin/ros2_ws/install/pointcloud_to_laserscan/lib/liblaserscan_to_pointcloud.so" to ""
[32.474s] -- Installing: /home/vertin/ros2_ws/install/pointcloud_to_laserscan/lib/libpointcloud_to_laserscan.so
[32.482s] -- Set runtime path of "/home/vertin/ros2_ws/install/pointcloud_to_laserscan/lib/libpointcloud_to_laserscan.so" to ""
[32.482s] -- Installing: /home/vertin/ros2_ws/install/pointcloud_to_laserscan/lib/pointcloud_to_laserscan/dummy_pointcloud_publisher
[32.483s] -- Set runtime path of "/home/vertin/ros2_ws/install/pointcloud_to_laserscan/lib/pointcloud_to_laserscan/dummy_pointcloud_publisher" to ""
[32.483s] -- Installing: /home/vertin/ros2_ws/install/pointcloud_to_laserscan/share/pointcloud_to_laserscan/launch
[32.483s] -- Installing: /home/vertin/ros2_ws/install/pointcloud_to_laserscan/share/pointcloud_to_laserscan/launch/sample_pointcloud_to_laserscan_launch.py
[32.483s] -- Installing: /home/vertin/ros2_ws/install/pointcloud_to_laserscan/share/pointcloud_to_laserscan/launch/sample_laserscan_to_pointcloud_launch.py
[32.483s] -- Installing: /home/vertin/ros2_ws/install/pointcloud_to_laserscan/share/ament_index/resource_index/package_run_dependencies/pointcloud_to_laserscan
[32.483s] -- Installing: /home/vertin/ros2_ws/install/pointcloud_to_laserscan/share/ament_index/resource_index/parent_prefix_path/pointcloud_to_laserscan
[32.484s] -- Installing: /home/vertin/ros2_ws/install/pointcloud_to_laserscan/share/pointcloud_to_laserscan/environment/ament_prefix_path.sh
[32.484s] -- Installing: /home/vertin/ros2_ws/install/pointcloud_to_laserscan/share/pointcloud_to_laserscan/environment/ament_prefix_path.dsv
[32.484s] -- Installing: /home/vertin/ros2_ws/install/pointcloud_to_laserscan/share/pointcloud_to_laserscan/environment/path.sh
[32.484s] -- Installing: /home/vertin/ros2_ws/install/pointcloud_to_laserscan/share/pointcloud_to_laserscan/environment/path.dsv
[32.484s] -- Installing: /home/vertin/ros2_ws/install/pointcloud_to_laserscan/share/pointcloud_to_laserscan/local_setup.bash
[32.484s] -- Installing: /home/vertin/ros2_ws/install/pointcloud_to_laserscan/share/pointcloud_to_laserscan/local_setup.sh
[32.484s] -- Installing: /home/vertin/ros2_ws/install/pointcloud_to_laserscan/share/pointcloud_to_laserscan/local_setup.zsh
[32.484s] -- Installing: /home/vertin/ros2_ws/install/pointcloud_to_laserscan/share/pointcloud_to_laserscan/local_setup.dsv
[32.484s] -- Installing: /home/vertin/ros2_ws/install/pointcloud_to_laserscan/share/pointcloud_to_laserscan/package.dsv
[32.485s] -- Installing: /home/vertin/ros2_ws/install/pointcloud_to_laserscan/share/ament_index/resource_index/packages/pointcloud_to_laserscan
[32.485s] -- Installing: /home/vertin/ros2_ws/install/pointcloud_to_laserscan/share/ament_index/resource_index/rclcpp_components/pointcloud_to_laserscan
[32.485s] -- Installing: /home/vertin/ros2_ws/install/pointcloud_to_laserscan/share/pointcloud_to_laserscan/cmake/ament_cmake_export_dependencies-extras.cmake
[32.485s] -- Installing: /home/vertin/ros2_ws/install/pointcloud_to_laserscan/share/pointcloud_to_laserscan/cmake/ament_cmake_export_include_directories-extras.cmake
[32.485s] -- Installing: /home/vertin/ros2_ws/install/pointcloud_to_laserscan/share/pointcloud_to_laserscan/cmake/ament_cmake_export_libraries-extras.cmake
[32.485s] -- Installing: /home/vertin/ros2_ws/install/pointcloud_to_laserscan/share/pointcloud_to_laserscan/cmake/pointcloud_to_laserscanConfig.cmake
[32.485s] -- Installing: /home/vertin/ros2_ws/install/pointcloud_to_laserscan/share/pointcloud_to_laserscan/cmake/pointcloud_to_laserscanConfig-version.cmake
[32.486s] -- Installing: /home/vertin/ros2_ws/install/pointcloud_to_laserscan/share/pointcloud_to_laserscan/package.xml
[32.487s] Invoked command in '/home/vertin/ros2_ws/build/pointcloud_to_laserscan' returned '0': CMAKE_PREFIX_PATH=/home/vertin/my_ws/install/robot_localizer:/opt/ros/humble /usr/bin/cmake --install /home/vertin/ros2_ws/build/pointcloud_to_laserscan
