[0.096s] Invoking command in '/home/vertin/ros2_ws/build/lio_sam': CMAKE_PREFIX_PATH=/home/vertin/ros2_ws/install/unitree_lidar_ros2:/home/vertin/ros2_ws/install/tracer_base:/home/vertin/ros2_ws/install/nav2_launch_test:/home/vertin/ros2_ws/install/my_python_pkg:/home/vertin/my_ws/install/robot_localizer:/opt/ros/humble:/home/vertin/ros2_ws/install/ugv_sdk:/home/vertin/ros2_ws/install/tracer_msgs:/home/vertin/ros2_ws/install/lio_sam /usr/bin/cmake --build /home/vertin/ros2_ws/build/lio_sam -- -j8 -l8
[1.092s] [  2%] Built target lio_sam__cpp
[1.092s] [ 10%] Built target lio_sam__rosidl_generator_c
[1.092s] [ 10%] Built target ament_cmake_python_copy_lio_sam
[1.092s] [ 19%] Built target lio_sam__rosidl_typesupport_cpp
[1.093s] [ 27%] Built target lio_sam__rosidl_typesupport_introspection_cpp
[1.093s] [ 36%] Built target lio_sam__rosidl_typesupport_introspection_c
[1.094s] [ 44%] Built target lio_sam__rosidl_typesupport_fastrtps_cpp
[1.094s] [ 53%] Built target lio_sam__rosidl_typesupport_c
[1.094s] [ 61%] Built target lio_sam__rosidl_typesupport_fastrtps_c
[1.095s] [ 61%] Built target lio_sam
[1.095s] [ 65%] Built target lio_sam_featureExtraction
[1.095s] [ 70%] Built target lio_sam_imageProjection
[1.095s] [ 74%] Built target lio_sam_imuPreintegration
[1.096s] [ 78%] Built target lio_sam_mapOptimization
[1.096s] [ 80%] Built target lio_sam__py
[1.096s] [ 87%] Built target lio_sam__rosidl_generator_py
[1.097s] [ 91%] Built target lio_sam__rosidl_typesupport_fastrtps_c__pyext
[1.098s] [100%] Built target lio_sam__rosidl_typesupport_c__pyext
[1.098s] [100%] Built target lio_sam__rosidl_typesupport_introspection_c__pyext
[1.099s] running egg_info
[1.099s] writing lio_sam.egg-info/PKG-INFO
[1.100s] writing dependency_links to lio_sam.egg-info/dependency_links.txt
[1.100s] writing top-level names to lio_sam.egg-info/top_level.txt
[1.100s] reading manifest file 'lio_sam.egg-info/SOURCES.txt'
[1.101s] writing manifest file 'lio_sam.egg-info/SOURCES.txt'
[1.101s] [100%] Built target ament_cmake_python_build_lio_sam_egg
[1.134s] Invoked command in '/home/vertin/ros2_ws/build/lio_sam' returned '0': CMAKE_PREFIX_PATH=/home/vertin/ros2_ws/install/unitree_lidar_ros2:/home/vertin/ros2_ws/install/tracer_base:/home/vertin/ros2_ws/install/nav2_launch_test:/home/vertin/ros2_ws/install/my_python_pkg:/home/vertin/my_ws/install/robot_localizer:/opt/ros/humble:/home/vertin/ros2_ws/install/ugv_sdk:/home/vertin/ros2_ws/install/tracer_msgs:/home/vertin/ros2_ws/install/lio_sam /usr/bin/cmake --build /home/vertin/ros2_ws/build/lio_sam -- -j8 -l8
[1.141s] Invoking command in '/home/vertin/ros2_ws/build/lio_sam': CMAKE_PREFIX_PATH=/home/vertin/ros2_ws/install/unitree_lidar_ros2:/home/vertin/ros2_ws/install/tracer_base:/home/vertin/ros2_ws/install/nav2_launch_test:/home/vertin/ros2_ws/install/my_python_pkg:/home/vertin/my_ws/install/robot_localizer:/opt/ros/humble:/home/vertin/ros2_ws/install/ugv_sdk:/home/vertin/ros2_ws/install/tracer_msgs:/home/vertin/ros2_ws/install/lio_sam /usr/bin/cmake --install /home/vertin/ros2_ws/build/lio_sam
[1.200s] -- Install configuration: "Release"
[1.200s] -- Up-to-date: /home/vertin/ros2_ws/install/lio_sam/share/ament_index/resource_index/rosidl_interfaces/lio_sam
[1.200s] -- Up-to-date: /home/vertin/ros2_ws/install/lio_sam/include/lio_sam/lio_sam
[1.200s] -- Up-to-date: /home/vertin/ros2_ws/install/lio_sam/include/lio_sam/lio_sam/msg
[1.200s] -- Up-to-date: /home/vertin/ros2_ws/install/lio_sam/include/lio_sam/lio_sam/msg/cloud_info.h
[1.201s] -- Up-to-date: /home/vertin/ros2_ws/install/lio_sam/include/lio_sam/lio_sam/msg/rosidl_generator_c__visibility_control.h
[1.204s] -- Up-to-date: /home/vertin/ros2_ws/install/lio_sam/include/lio_sam/lio_sam/msg/detail
[1.204s] -- Up-to-date: /home/vertin/ros2_ws/install/lio_sam/include/lio_sam/lio_sam/msg/detail/cloud_info__functions.h
[1.204s] -- Up-to-date: /home/vertin/ros2_ws/install/lio_sam/include/lio_sam/lio_sam/msg/detail/cloud_info__type_support.h
[1.209s] -- Up-to-date: /home/vertin/ros2_ws/install/lio_sam/include/lio_sam/lio_sam/msg/detail/cloud_info__functions.c
[1.209s] -- Up-to-date: /home/vertin/ros2_ws/install/lio_sam/include/lio_sam/lio_sam/msg/detail/cloud_info__struct.h
[1.209s] -- Up-to-date: /home/vertin/ros2_ws/install/lio_sam/include/lio_sam/lio_sam/srv
[1.210s] -- Up-to-date: /home/vertin/ros2_ws/install/lio_sam/include/lio_sam/lio_sam/srv/save_map.h
[1.210s] -- Up-to-date: /home/vertin/ros2_ws/install/lio_sam/include/lio_sam/lio_sam/srv/detail
[1.210s] -- Up-to-date: /home/vertin/ros2_ws/install/lio_sam/include/lio_sam/lio_sam/srv/detail/save_map__functions.c
[1.210s] -- Up-to-date: /home/vertin/ros2_ws/install/lio_sam/include/lio_sam/lio_sam/srv/detail/save_map__type_support.h
[1.210s] -- Up-to-date: /home/vertin/ros2_ws/install/lio_sam/include/lio_sam/lio_sam/srv/detail/save_map__functions.h
[1.211s] -- Up-to-date: /home/vertin/ros2_ws/install/lio_sam/include/lio_sam/lio_sam/srv/detail/save_map__struct.h
[1.211s] -- Up-to-date: /home/vertin/ros2_ws/install/lio_sam/share/lio_sam/environment/library_path.sh
[1.211s] -- Up-to-date: /home/vertin/ros2_ws/install/lio_sam/share/lio_sam/environment/library_path.dsv
[1.251s] -- Up-to-date: /home/vertin/ros2_ws/install/lio_sam/lib/liblio_sam__rosidl_generator_c.so
[1.260s] -- Up-to-date: /home/vertin/ros2_ws/install/lio_sam/include/lio_sam/lio_sam
[1.260s] -- Up-to-date: /home/vertin/ros2_ws/install/lio_sam/include/lio_sam/lio_sam/msg
[1.261s] -- Up-to-date: /home/vertin/ros2_ws/install/lio_sam/include/lio_sam/lio_sam/msg/rosidl_typesupport_fastrtps_c__visibility_control.h
[1.261s] -- Up-to-date: /home/vertin/ros2_ws/install/lio_sam/include/lio_sam/lio_sam/msg/detail
[1.261s] -- Up-to-date: /home/vertin/ros2_ws/install/lio_sam/include/lio_sam/lio_sam/msg/detail/cloud_info__rosidl_typesupport_fastrtps_c.h
[1.261s] -- Up-to-date: /home/vertin/ros2_ws/install/lio_sam/include/lio_sam/lio_sam/srv
[1.262s] -- Up-to-date: /home/vertin/ros2_ws/install/lio_sam/include/lio_sam/lio_sam/srv/detail
[1.262s] -- Up-to-date: /home/vertin/ros2_ws/install/lio_sam/include/lio_sam/lio_sam/srv/detail/save_map__rosidl_typesupport_fastrtps_c.h
[1.263s] -- Up-to-date: /home/vertin/ros2_ws/install/lio_sam/lib/liblio_sam__rosidl_typesupport_fastrtps_c.so
[1.263s] -- Up-to-date: /home/vertin/ros2_ws/install/lio_sam/include/lio_sam/lio_sam
[1.263s] -- Up-to-date: /home/vertin/ros2_ws/install/lio_sam/include/lio_sam/lio_sam/msg
[1.264s] -- Up-to-date: /home/vertin/ros2_ws/install/lio_sam/include/lio_sam/lio_sam/msg/detail
[1.264s] -- Up-to-date: /home/vertin/ros2_ws/install/lio_sam/include/lio_sam/lio_sam/msg/detail/cloud_info__type_support.c
[1.264s] -- Up-to-date: /home/vertin/ros2_ws/install/lio_sam/include/lio_sam/lio_sam/msg/detail/cloud_info__rosidl_typesupport_introspection_c.h
[1.265s] -- Up-to-date: /home/vertin/ros2_ws/install/lio_sam/include/lio_sam/lio_sam/msg/rosidl_typesupport_introspection_c__visibility_control.h
[1.265s] -- Up-to-date: /home/vertin/ros2_ws/install/lio_sam/include/lio_sam/lio_sam/srv
[1.265s] -- Up-to-date: /home/vertin/ros2_ws/install/lio_sam/include/lio_sam/lio_sam/srv/detail
[1.267s] -- Up-to-date: /home/vertin/ros2_ws/install/lio_sam/include/lio_sam/lio_sam/srv/detail/save_map__rosidl_typesupport_introspection_c.h
[1.267s] -- Up-to-date: /home/vertin/ros2_ws/install/lio_sam/include/lio_sam/lio_sam/srv/detail/save_map__type_support.c
[1.268s] -- Up-to-date: /home/vertin/ros2_ws/install/lio_sam/lib/liblio_sam__rosidl_typesupport_introspection_c.so
[1.270s] -- Up-to-date: /home/vertin/ros2_ws/install/lio_sam/lib/liblio_sam__rosidl_typesupport_c.so
[1.270s] -- Up-to-date: /home/vertin/ros2_ws/install/lio_sam/include/lio_sam/lio_sam
[1.271s] -- Up-to-date: /home/vertin/ros2_ws/install/lio_sam/include/lio_sam/lio_sam/msg
[1.271s] -- Up-to-date: /home/vertin/ros2_ws/install/lio_sam/include/lio_sam/lio_sam/msg/cloud_info.hpp
[1.271s] -- Up-to-date: /home/vertin/ros2_ws/install/lio_sam/include/lio_sam/lio_sam/msg/detail
[1.271s] -- Up-to-date: /home/vertin/ros2_ws/install/lio_sam/include/lio_sam/lio_sam/msg/detail/cloud_info__struct.hpp
[1.271s] -- Up-to-date: /home/vertin/ros2_ws/install/lio_sam/include/lio_sam/lio_sam/msg/detail/cloud_info__traits.hpp
[1.272s] -- Up-to-date: /home/vertin/ros2_ws/install/lio_sam/include/lio_sam/lio_sam/msg/detail/cloud_info__builder.hpp
[1.272s] -- Up-to-date: /home/vertin/ros2_ws/install/lio_sam/include/lio_sam/lio_sam/msg/detail/cloud_info__type_support.hpp
[1.272s] -- Up-to-date: /home/vertin/ros2_ws/install/lio_sam/include/lio_sam/lio_sam/msg/rosidl_generator_cpp__visibility_control.hpp
[1.272s] -- Up-to-date: /home/vertin/ros2_ws/install/lio_sam/include/lio_sam/lio_sam/srv
[1.272s] -- Up-to-date: /home/vertin/ros2_ws/install/lio_sam/include/lio_sam/lio_sam/srv/save_map.hpp
[1.272s] -- Up-to-date: /home/vertin/ros2_ws/install/lio_sam/include/lio_sam/lio_sam/srv/detail
[1.272s] -- Up-to-date: /home/vertin/ros2_ws/install/lio_sam/include/lio_sam/lio_sam/srv/detail/save_map__traits.hpp
[1.273s] -- Up-to-date: /home/vertin/ros2_ws/install/lio_sam/include/lio_sam/lio_sam/srv/detail/save_map__struct.hpp
[1.273s] -- Up-to-date: /home/vertin/ros2_ws/install/lio_sam/include/lio_sam/lio_sam/srv/detail/save_map__builder.hpp
[1.275s] -- Up-to-date: /home/vertin/ros2_ws/install/lio_sam/include/lio_sam/lio_sam/srv/detail/save_map__type_support.hpp
[1.275s] -- Up-to-date: /home/vertin/ros2_ws/install/lio_sam/include/lio_sam/lio_sam
[1.275s] -- Up-to-date: /home/vertin/ros2_ws/install/lio_sam/include/lio_sam/lio_sam/msg
[1.276s] -- Up-to-date: /home/vertin/ros2_ws/install/lio_sam/include/lio_sam/lio_sam/msg/rosidl_typesupport_fastrtps_cpp__visibility_control.h
[1.276s] -- Up-to-date: /home/vertin/ros2_ws/install/lio_sam/include/lio_sam/lio_sam/msg/detail
[1.276s] -- Up-to-date: /home/vertin/ros2_ws/install/lio_sam/include/lio_sam/lio_sam/msg/detail/dds_fastrtps
[1.276s] -- Up-to-date: /home/vertin/ros2_ws/install/lio_sam/include/lio_sam/lio_sam/msg/detail/cloud_info__rosidl_typesupport_fastrtps_cpp.hpp
[1.276s] -- Up-to-date: /home/vertin/ros2_ws/install/lio_sam/include/lio_sam/lio_sam/srv
[1.277s] -- Up-to-date: /home/vertin/ros2_ws/install/lio_sam/include/lio_sam/lio_sam/srv/detail
[1.281s] -- Up-to-date: /home/vertin/ros2_ws/install/lio_sam/include/lio_sam/lio_sam/srv/detail/dds_fastrtps
[1.283s] -- Up-to-date: /home/vertin/ros2_ws/install/lio_sam/include/lio_sam/lio_sam/srv/detail/save_map__rosidl_typesupport_fastrtps_cpp.hpp
[1.284s] -- Up-to-date: /home/vertin/ros2_ws/install/lio_sam/lib/liblio_sam__rosidl_typesupport_fastrtps_cpp.so
[1.285s] -- Up-to-date: /home/vertin/ros2_ws/install/lio_sam/include/lio_sam/lio_sam
[1.286s] -- Up-to-date: /home/vertin/ros2_ws/install/lio_sam/include/lio_sam/lio_sam/msg
[1.287s] -- Up-to-date: /home/vertin/ros2_ws/install/lio_sam/include/lio_sam/lio_sam/msg/detail
[1.287s] -- Up-to-date: /home/vertin/ros2_ws/install/lio_sam/include/lio_sam/lio_sam/msg/detail/cloud_info__type_support.cpp
[1.287s] -- Up-to-date: /home/vertin/ros2_ws/install/lio_sam/include/lio_sam/lio_sam/msg/detail/cloud_info__rosidl_typesupport_introspection_cpp.hpp
[1.288s] -- Up-to-date: /home/vertin/ros2_ws/install/lio_sam/include/lio_sam/lio_sam/srv
[1.288s] -- Up-to-date: /home/vertin/ros2_ws/install/lio_sam/include/lio_sam/lio_sam/srv/detail
[1.288s] -- Up-to-date: /home/vertin/ros2_ws/install/lio_sam/include/lio_sam/lio_sam/srv/detail/save_map__rosidl_typesupport_introspection_cpp.hpp
[1.288s] -- Up-to-date: /home/vertin/ros2_ws/install/lio_sam/include/lio_sam/lio_sam/srv/detail/save_map__type_support.cpp
[1.289s] -- Up-to-date: /home/vertin/ros2_ws/install/lio_sam/lib/liblio_sam__rosidl_typesupport_introspection_cpp.so
[1.289s] -- Up-to-date: /home/vertin/ros2_ws/install/lio_sam/lib/liblio_sam__rosidl_typesupport_cpp.so
[1.290s] -- Up-to-date: /home/vertin/ros2_ws/install/lio_sam/share/lio_sam/environment/pythonpath.sh
[1.290s] -- Up-to-date: /home/vertin/ros2_ws/install/lio_sam/share/lio_sam/environment/pythonpath.dsv
[1.290s] -- Up-to-date: /home/vertin/ros2_ws/install/lio_sam/local/lib/python3.10/dist-packages/lio_sam-1.0.0-py3.10.egg-info
[1.290s] -- Installing: /home/vertin/ros2_ws/install/lio_sam/local/lib/python3.10/dist-packages/lio_sam-1.0.0-py3.10.egg-info/SOURCES.txt
[1.291s] -- Installing: /home/vertin/ros2_ws/install/lio_sam/local/lib/python3.10/dist-packages/lio_sam-1.0.0-py3.10.egg-info/top_level.txt
[1.292s] -- Installing: /home/vertin/ros2_ws/install/lio_sam/local/lib/python3.10/dist-packages/lio_sam-1.0.0-py3.10.egg-info/dependency_links.txt
[1.292s] -- Installing: /home/vertin/ros2_ws/install/lio_sam/local/lib/python3.10/dist-packages/lio_sam-1.0.0-py3.10.egg-info/PKG-INFO
[1.292s] -- Up-to-date: /home/vertin/ros2_ws/install/lio_sam/local/lib/python3.10/dist-packages/lio_sam
[1.293s] -- Up-to-date: /home/vertin/ros2_ws/install/lio_sam/local/lib/python3.10/dist-packages/lio_sam/liblio_sam__rosidl_generator_py.so
[1.293s] -- Up-to-date: /home/vertin/ros2_ws/install/lio_sam/local/lib/python3.10/dist-packages/lio_sam/_lio_sam_s.ep.rosidl_typesupport_c.c
[1.294s] -- Up-to-date: /home/vertin/ros2_ws/install/lio_sam/local/lib/python3.10/dist-packages/lio_sam/__init__.py
[1.294s] -- Up-to-date: /home/vertin/ros2_ws/install/lio_sam/local/lib/python3.10/dist-packages/lio_sam/lio_sam_s__rosidl_typesupport_fastrtps_c.cpython-310-x86_64-linux-gnu.so
[1.295s] -- Up-to-date: /home/vertin/ros2_ws/install/lio_sam/local/lib/python3.10/dist-packages/lio_sam/msg
[1.295s] -- Up-to-date: /home/vertin/ros2_ws/install/lio_sam/local/lib/python3.10/dist-packages/lio_sam/msg/__init__.py
[1.295s] -- Up-to-date: /home/vertin/ros2_ws/install/lio_sam/local/lib/python3.10/dist-packages/lio_sam/msg/_cloud_info_s.c
[1.295s] -- Up-to-date: /home/vertin/ros2_ws/install/lio_sam/local/lib/python3.10/dist-packages/lio_sam/msg/_cloud_info.py
[1.295s] -- Up-to-date: /home/vertin/ros2_ws/install/lio_sam/local/lib/python3.10/dist-packages/lio_sam/_lio_sam_s.ep.rosidl_typesupport_fastrtps_c.c
[1.296s] -- Up-to-date: /home/vertin/ros2_ws/install/lio_sam/local/lib/python3.10/dist-packages/lio_sam/srv
[1.296s] -- Up-to-date: /home/vertin/ros2_ws/install/lio_sam/local/lib/python3.10/dist-packages/lio_sam/srv/__init__.py
[1.296s] -- Up-to-date: /home/vertin/ros2_ws/install/lio_sam/local/lib/python3.10/dist-packages/lio_sam/srv/_save_map_s.c
[1.297s] -- Up-to-date: /home/vertin/ros2_ws/install/lio_sam/local/lib/python3.10/dist-packages/lio_sam/srv/_save_map.py
[1.297s] -- Up-to-date: /home/vertin/ros2_ws/install/lio_sam/local/lib/python3.10/dist-packages/lio_sam/lio_sam_s__rosidl_typesupport_introspection_c.cpython-310-x86_64-linux-gnu.so
[1.297s] -- Up-to-date: /home/vertin/ros2_ws/install/lio_sam/local/lib/python3.10/dist-packages/lio_sam/_lio_sam_s.ep.rosidl_typesupport_introspection_c.c
[1.297s] -- Up-to-date: /home/vertin/ros2_ws/install/lio_sam/local/lib/python3.10/dist-packages/lio_sam/lio_sam_s__rosidl_typesupport_c.cpython-310-x86_64-linux-gnu.so
[1.301s] Listing '/home/vertin/ros2_ws/install/lio_sam/local/lib/python3.10/dist-packages/lio_sam'...
[1.301s] Listing '/home/vertin/ros2_ws/install/lio_sam/local/lib/python3.10/dist-packages/lio_sam/msg'...
[1.301s] Listing '/home/vertin/ros2_ws/install/lio_sam/local/lib/python3.10/dist-packages/lio_sam/srv'...
[1.315s] -- Up-to-date: /home/vertin/ros2_ws/install/lio_sam/local/lib/python3.10/dist-packages/lio_sam/lio_sam_s__rosidl_typesupport_fastrtps_c.cpython-310-x86_64-linux-gnu.so
[1.315s] -- Up-to-date: /home/vertin/ros2_ws/install/lio_sam/local/lib/python3.10/dist-packages/lio_sam/lio_sam_s__rosidl_typesupport_introspection_c.cpython-310-x86_64-linux-gnu.so
[1.315s] -- Up-to-date: /home/vertin/ros2_ws/install/lio_sam/local/lib/python3.10/dist-packages/lio_sam/lio_sam_s__rosidl_typesupport_c.cpython-310-x86_64-linux-gnu.so
[1.316s] -- Up-to-date: /home/vertin/ros2_ws/install/lio_sam/lib/liblio_sam__rosidl_generator_py.so
[1.316s] -- Up-to-date: /home/vertin/ros2_ws/install/lio_sam/share/lio_sam/msg/CloudInfo.idl
[1.316s] -- Up-to-date: /home/vertin/ros2_ws/install/lio_sam/share/lio_sam/srv/SaveMap.idl
[1.317s] -- Up-to-date: /home/vertin/ros2_ws/install/lio_sam/share/lio_sam/msg/CloudInfo.msg
[1.318s] -- Up-to-date: /home/vertin/ros2_ws/install/lio_sam/share/lio_sam/srv/SaveMap.srv
[1.318s] -- Up-to-date: /home/vertin/ros2_ws/install/lio_sam/share/lio_sam/srv/SaveMap_Request.msg
[1.330s] -- Up-to-date: /home/vertin/ros2_ws/install/lio_sam/share/lio_sam/srv/SaveMap_Response.msg
[1.331s] -- Up-to-date: /home/vertin/ros2_ws/install/lio_sam/share/lio_sam//launch
[1.331s] -- Up-to-date: /home/vertin/ros2_ws/install/lio_sam/share/lio_sam//launch/run.launch.py
[1.331s] -- Up-to-date: /home/vertin/ros2_ws/install/lio_sam/share/lio_sam//config
[1.332s] -- Installing: /home/vertin/ros2_ws/install/lio_sam/share/lio_sam//config/params.yaml
[1.332s] -- Up-to-date: /home/vertin/ros2_ws/install/lio_sam/share/lio_sam//config/robot.urdf.xacro
[1.333s] -- Up-to-date: /home/vertin/ros2_ws/install/lio_sam/share/lio_sam//config/doc
[1.334s] -- Up-to-date: /home/vertin/ros2_ws/install/lio_sam/share/lio_sam//config/doc/kitti-map.png
[1.335s] -- Up-to-date: /home/vertin/ros2_ws/install/lio_sam/share/lio_sam//config/doc/system.png
[1.335s] -- Up-to-date: /home/vertin/ros2_ws/install/lio_sam/share/lio_sam//config/doc/loop-closure-2.gif
[1.335s] -- Up-to-date: /home/vertin/ros2_ws/install/lio_sam/share/lio_sam//config/doc/imu-transform.png
[1.335s] -- Up-to-date: /home/vertin/ros2_ws/install/lio_sam/share/lio_sam//config/doc/kitti-demo.gif
[1.335s] -- Up-to-date: /home/vertin/ros2_ws/install/lio_sam/share/lio_sam//config/doc/ouster-device.jpg
[1.336s] -- Up-to-date: /home/vertin/ros2_ws/install/lio_sam/share/lio_sam//config/doc/ouster-demo.gif
[1.336s] -- Up-to-date: /home/vertin/ros2_ws/install/lio_sam/share/lio_sam//config/doc/device-jackal.png
[1.336s] -- Up-to-date: /home/vertin/ros2_ws/install/lio_sam/share/lio_sam//config/doc/imu-debug.gif
[1.336s] -- Up-to-date: /home/vertin/ros2_ws/install/lio_sam/share/lio_sam//config/doc/device-boat.png
[1.336s] -- Up-to-date: /home/vertin/ros2_ws/install/lio_sam/share/lio_sam//config/doc/gps-demo.gif
[1.336s] -- Up-to-date: /home/vertin/ros2_ws/install/lio_sam/share/lio_sam//config/doc/device-hand-2.png
[1.337s] -- Up-to-date: /home/vertin/ros2_ws/install/lio_sam/share/lio_sam//config/doc/loop-closure.gif
[1.338s] -- Up-to-date: /home/vertin/ros2_ws/install/lio_sam/share/lio_sam//config/doc/demo.gif
[1.338s] -- Up-to-date: /home/vertin/ros2_ws/install/lio_sam/share/lio_sam//config/doc/kitti2bag
[1.338s] -- Up-to-date: /home/vertin/ros2_ws/install/lio_sam/share/lio_sam//config/doc/kitti2bag/kitti2bag.py
[1.339s] -- Up-to-date: /home/vertin/ros2_ws/install/lio_sam/share/lio_sam//config/doc/kitti2bag/README.md
[1.339s] -- Up-to-date: /home/vertin/ros2_ws/install/lio_sam/share/lio_sam//config/doc/device-hand.png
[1.339s] -- Up-to-date: /home/vertin/ros2_ws/install/lio_sam/share/lio_sam//config/doc/paper.pdf
[1.339s] -- Up-to-date: /home/vertin/ros2_ws/install/lio_sam/share/lio_sam//config/rviz2.rviz
[1.340s] -- Up-to-date: /home/vertin/ros2_ws/install/lio_sam/lib/lio_sam/lio_sam_imageProjection
[1.340s] -- Up-to-date: /home/vertin/ros2_ws/install/lio_sam/lib/lio_sam/lio_sam_imuPreintegration
[1.340s] -- Up-to-date: /home/vertin/ros2_ws/install/lio_sam/lib/lio_sam/lio_sam_featureExtraction
[1.340s] -- Up-to-date: /home/vertin/ros2_ws/install/lio_sam/lib/lio_sam/lio_sam_mapOptimization
[1.341s] -- Up-to-date: /home/vertin/ros2_ws/install/lio_sam/include
[1.341s] -- Up-to-date: /home/vertin/ros2_ws/install/lio_sam/include/lio_sam
[1.341s] -- Up-to-date: /home/vertin/ros2_ws/install/lio_sam/include/lio_sam/utility.hpp
[1.342s] -- Up-to-date: /home/vertin/ros2_ws/install/lio_sam/share/ament_index/resource_index/package_run_dependencies/lio_sam
[1.342s] -- Up-to-date: /home/vertin/ros2_ws/install/lio_sam/share/ament_index/resource_index/parent_prefix_path/lio_sam
[1.342s] -- Up-to-date: /home/vertin/ros2_ws/install/lio_sam/share/lio_sam/environment/ament_prefix_path.sh
[1.343s] -- Up-to-date: /home/vertin/ros2_ws/install/lio_sam/share/lio_sam/environment/ament_prefix_path.dsv
[1.343s] -- Up-to-date: /home/vertin/ros2_ws/install/lio_sam/share/lio_sam/environment/path.sh
[1.343s] -- Up-to-date: /home/vertin/ros2_ws/install/lio_sam/share/lio_sam/environment/path.dsv
[1.343s] -- Up-to-date: /home/vertin/ros2_ws/install/lio_sam/share/lio_sam/local_setup.bash
[1.344s] -- Up-to-date: /home/vertin/ros2_ws/install/lio_sam/share/lio_sam/local_setup.sh
[1.344s] -- Up-to-date: /home/vertin/ros2_ws/install/lio_sam/share/lio_sam/local_setup.zsh
[1.344s] -- Up-to-date: /home/vertin/ros2_ws/install/lio_sam/share/lio_sam/local_setup.dsv
[1.344s] -- Installing: /home/vertin/ros2_ws/install/lio_sam/share/lio_sam/package.dsv
[1.345s] -- Up-to-date: /home/vertin/ros2_ws/install/lio_sam/share/ament_index/resource_index/packages/lio_sam
[1.345s] -- Up-to-date: /home/vertin/ros2_ws/install/lio_sam/share/lio_sam/cmake/export_lio_sam__rosidl_generator_cExport.cmake
[1.345s] -- Up-to-date: /home/vertin/ros2_ws/install/lio_sam/share/lio_sam/cmake/export_lio_sam__rosidl_generator_cExport-release.cmake
[1.345s] -- Up-to-date: /home/vertin/ros2_ws/install/lio_sam/share/lio_sam/cmake/export_lio_sam__rosidl_typesupport_fastrtps_cExport.cmake
[1.346s] -- Up-to-date: /home/vertin/ros2_ws/install/lio_sam/share/lio_sam/cmake/export_lio_sam__rosidl_typesupport_fastrtps_cExport-release.cmake
[1.346s] -- Up-to-date: /home/vertin/ros2_ws/install/lio_sam/share/lio_sam/cmake/lio_sam__rosidl_typesupport_introspection_cExport.cmake
[1.346s] -- Up-to-date: /home/vertin/ros2_ws/install/lio_sam/share/lio_sam/cmake/lio_sam__rosidl_typesupport_introspection_cExport-release.cmake
[1.347s] -- Up-to-date: /home/vertin/ros2_ws/install/lio_sam/share/lio_sam/cmake/lio_sam__rosidl_typesupport_cExport.cmake
[1.347s] -- Up-to-date: /home/vertin/ros2_ws/install/lio_sam/share/lio_sam/cmake/lio_sam__rosidl_typesupport_cExport-release.cmake
[1.347s] -- Up-to-date: /home/vertin/ros2_ws/install/lio_sam/share/lio_sam/cmake/export_lio_sam__rosidl_generator_cppExport.cmake
[1.348s] -- Up-to-date: /home/vertin/ros2_ws/install/lio_sam/share/lio_sam/cmake/export_lio_sam__rosidl_typesupport_fastrtps_cppExport.cmake
[1.348s] -- Up-to-date: /home/vertin/ros2_ws/install/lio_sam/share/lio_sam/cmake/export_lio_sam__rosidl_typesupport_fastrtps_cppExport-release.cmake
[1.348s] -- Up-to-date: /home/vertin/ros2_ws/install/lio_sam/share/lio_sam/cmake/lio_sam__rosidl_typesupport_introspection_cppExport.cmake
[1.348s] -- Up-to-date: /home/vertin/ros2_ws/install/lio_sam/share/lio_sam/cmake/lio_sam__rosidl_typesupport_introspection_cppExport-release.cmake
[1.348s] -- Up-to-date: /home/vertin/ros2_ws/install/lio_sam/share/lio_sam/cmake/lio_sam__rosidl_typesupport_cppExport.cmake
[1.349s] -- Up-to-date: /home/vertin/ros2_ws/install/lio_sam/share/lio_sam/cmake/lio_sam__rosidl_typesupport_cppExport-release.cmake
[1.349s] -- Up-to-date: /home/vertin/ros2_ws/install/lio_sam/share/lio_sam/cmake/export_lio_sam__rosidl_generator_pyExport.cmake
[1.349s] -- Up-to-date: /home/vertin/ros2_ws/install/lio_sam/share/lio_sam/cmake/export_lio_sam__rosidl_generator_pyExport-release.cmake
[1.350s] -- Up-to-date: /home/vertin/ros2_ws/install/lio_sam/share/lio_sam/cmake/rosidl_cmake-extras.cmake
[1.350s] -- Up-to-date: /home/vertin/ros2_ws/install/lio_sam/share/lio_sam/cmake/ament_cmake_export_dependencies-extras.cmake
[1.350s] -- Up-to-date: /home/vertin/ros2_ws/install/lio_sam/share/lio_sam/cmake/ament_cmake_export_include_directories-extras.cmake
[1.350s] -- Up-to-date: /home/vertin/ros2_ws/install/lio_sam/share/lio_sam/cmake/ament_cmake_export_libraries-extras.cmake
[1.350s] -- Up-to-date: /home/vertin/ros2_ws/install/lio_sam/share/lio_sam/cmake/ament_cmake_export_targets-extras.cmake
[1.350s] -- Up-to-date: /home/vertin/ros2_ws/install/lio_sam/share/lio_sam/cmake/rosidl_cmake_export_typesupport_targets-extras.cmake
[1.350s] -- Up-to-date: /home/vertin/ros2_ws/install/lio_sam/share/lio_sam/cmake/rosidl_cmake_export_typesupport_libraries-extras.cmake
[1.351s] -- Up-to-date: /home/vertin/ros2_ws/install/lio_sam/share/lio_sam/cmake/lio_samConfig.cmake
[1.351s] -- Up-to-date: /home/vertin/ros2_ws/install/lio_sam/share/lio_sam/cmake/lio_samConfig-version.cmake
[1.351s] -- Up-to-date: /home/vertin/ros2_ws/install/lio_sam/share/lio_sam/package.xml
[1.418s] Invoked command in '/home/vertin/ros2_ws/build/lio_sam' returned '0': CMAKE_PREFIX_PATH=/home/vertin/ros2_ws/install/unitree_lidar_ros2:/home/vertin/ros2_ws/install/tracer_base:/home/vertin/ros2_ws/install/nav2_launch_test:/home/vertin/ros2_ws/install/my_python_pkg:/home/vertin/my_ws/install/robot_localizer:/opt/ros/humble:/home/vertin/ros2_ws/install/ugv_sdk:/home/vertin/ros2_ws/install/tracer_msgs:/home/vertin/ros2_ws/install/lio_sam /usr/bin/cmake --install /home/vertin/ros2_ws/build/lio_sam
