[1.583s] Invoking command in '/home/vertin/ros2_ws/build/point_lio': CMAKE_PREFIX_PATH=/home/vertin/ros2_ws/install/unitree_lidar_ros2:/home/vertin/ros2_ws/install/tracer_base:/home/vertin/ros2_ws/install/nav2_launch_test:/home/vertin/ros2_ws/install/my_python_pkg:/home/vertin/my_ws/install/robot_localizer:/opt/ros/humble:/home/vertin/ros2_ws/install/ugv_sdk:/home/vertin/ros2_ws/install/tracer_msgs:/home/vertin/ros2_ws/install/tracer_description:/home/vertin/ros2_ws/install/point_lio:/home/vertin/ros2_ws/install/lio_sam /usr/bin/cmake --build /home/vertin/ros2_ws/build/point_lio -- -j8 -l8
[1.927s] [100%] Built target pointlio_mapping
[2.441s] Invoked command in '/home/vertin/ros2_ws/build/point_lio' returned '0': CMAKE_PREFIX_PATH=/home/vertin/ros2_ws/install/unitree_lidar_ros2:/home/vertin/ros2_ws/install/tracer_base:/home/vertin/ros2_ws/install/nav2_launch_test:/home/vertin/ros2_ws/install/my_python_pkg:/home/vertin/my_ws/install/robot_localizer:/opt/ros/humble:/home/vertin/ros2_ws/install/ugv_sdk:/home/vertin/ros2_ws/install/tracer_msgs:/home/vertin/ros2_ws/install/tracer_description:/home/vertin/ros2_ws/install/point_lio:/home/vertin/ros2_ws/install/lio_sam /usr/bin/cmake --build /home/vertin/ros2_ws/build/point_lio -- -j8 -l8
[2.461s] Invoking command in '/home/vertin/ros2_ws/build/point_lio': CMAKE_PREFIX_PATH=/home/vertin/ros2_ws/install/unitree_lidar_ros2:/home/vertin/ros2_ws/install/tracer_base:/home/vertin/ros2_ws/install/nav2_launch_test:/home/vertin/ros2_ws/install/my_python_pkg:/home/vertin/my_ws/install/robot_localizer:/opt/ros/humble:/home/vertin/ros2_ws/install/ugv_sdk:/home/vertin/ros2_ws/install/tracer_msgs:/home/vertin/ros2_ws/install/tracer_description:/home/vertin/ros2_ws/install/point_lio:/home/vertin/ros2_ws/install/lio_sam /usr/bin/cmake --install /home/vertin/ros2_ws/build/point_lio
[2.654s] -- Install configuration: ""
[2.655s] -- Up-to-date: /home/vertin/ros2_ws/install/point_lio/lib/point_lio/pointlio_mapping
[2.713s] -- Up-to-date: /home/vertin/ros2_ws/install/point_lio/share/point_lio/config
[2.726s] -- Up-to-date: /home/vertin/ros2_ws/install/point_lio/share/point_lio/config/unilidar_l2.yaml
[2.727s] -- Up-to-date: /home/vertin/ros2_ws/install/point_lio/share/point_lio/config/velody16.yaml
[2.729s] -- Up-to-date: /home/vertin/ros2_ws/install/point_lio/share/point_lio/config/mid360.yaml
[2.735s] -- Up-to-date: /home/vertin/ros2_ws/install/point_lio/share/point_lio/config/ouster64.yaml
[2.737s] -- Up-to-date: /home/vertin/ros2_ws/install/point_lio/share/point_lio/config/unilidar_l1.yaml
[2.738s] -- Up-to-date: /home/vertin/ros2_ws/install/point_lio/share/point_lio/config/horizon.yaml
[2.739s] -- Up-to-date: /home/vertin/ros2_ws/install/point_lio/share/point_lio/config/avia.yaml
[2.741s] -- Up-to-date: /home/vertin/ros2_ws/install/point_lio/share/point_lio/launch
[2.747s] -- Installing: /home/vertin/ros2_ws/install/point_lio/share/point_lio/launch/my_navigation.launch.py
[2.748s] -- Up-to-date: /home/vertin/ros2_ws/install/point_lio/share/point_lio/launch/mapping_horizon.launch.py
[2.760s] -- Up-to-date: /home/vertin/ros2_ws/install/point_lio/share/point_lio/launch/mapping_mid360.launch.py
[2.770s] -- Up-to-date: /home/vertin/ros2_ws/install/point_lio/share/point_lio/launch/gdb_debug_example.launch.py
[2.772s] -- Up-to-date: /home/vertin/ros2_ws/install/point_lio/share/point_lio/launch/correct_odom_unilidar_l2.launch.py
[2.777s] -- Up-to-date: /home/vertin/ros2_ws/install/point_lio/share/point_lio/launch/mapping_velody16.launch.py
[2.779s] -- Up-to-date: /home/vertin/ros2_ws/install/point_lio/share/point_lio/launch/mapping_avia.launch.py
[2.780s] -- Up-to-date: /home/vertin/ros2_ws/install/point_lio/share/point_lio/launch/correct_odom_unilidar_l1.launch.py
[2.782s] -- Up-to-date: /home/vertin/ros2_ws/install/point_lio/share/point_lio/launch/mapping_unilidar_l1.launch.py
[2.783s] -- Up-to-date: /home/vertin/ros2_ws/install/point_lio/share/point_lio/launch/mapping_ouster64.launch.py
[2.785s] -- Up-to-date: /home/vertin/ros2_ws/install/point_lio/share/point_lio/launch/mapping_unilidar_l2.launch.py
[2.786s] -- Up-to-date: /home/vertin/ros2_ws/install/point_lio/share/point_lio/rviz_cfg
[2.790s] -- Up-to-date: /home/vertin/ros2_ws/install/point_lio/share/point_lio/rviz_cfg/loam_livox.rviz
[2.791s] -- Up-to-date: /home/vertin/ros2_ws/install/point_lio/share/ament_index/resource_index/package_run_dependencies/point_lio
[2.793s] -- Up-to-date: /home/vertin/ros2_ws/install/point_lio/share/ament_index/resource_index/parent_prefix_path/point_lio
[2.794s] -- Up-to-date: /home/vertin/ros2_ws/install/point_lio/share/point_lio/environment/ament_prefix_path.sh
[2.795s] -- Up-to-date: /home/vertin/ros2_ws/install/point_lio/share/point_lio/environment/ament_prefix_path.dsv
[2.796s] -- Up-to-date: /home/vertin/ros2_ws/install/point_lio/share/point_lio/environment/path.sh
[2.798s] -- Up-to-date: /home/vertin/ros2_ws/install/point_lio/share/point_lio/environment/path.dsv
[2.836s] -- Up-to-date: /home/vertin/ros2_ws/install/point_lio/share/point_lio/local_setup.bash
[2.837s] -- Up-to-date: /home/vertin/ros2_ws/install/point_lio/share/point_lio/local_setup.sh
[2.841s] -- Up-to-date: /home/vertin/ros2_ws/install/point_lio/share/point_lio/local_setup.zsh
[2.880s] -- Up-to-date: /home/vertin/ros2_ws/install/point_lio/share/point_lio/local_setup.dsv
[2.882s] -- Installing: /home/vertin/ros2_ws/install/point_lio/share/point_lio/package.dsv
[2.930s] -- Up-to-date: /home/vertin/ros2_ws/install/point_lio/share/ament_index/resource_index/packages/point_lio
[2.951s] -- Up-to-date: /home/vertin/ros2_ws/install/point_lio/share/point_lio/cmake/ament_cmake_export_dependencies-extras.cmake
[2.960s] -- Up-to-date: /home/vertin/ros2_ws/install/point_lio/share/point_lio/cmake/point_lioConfig.cmake
[2.996s] -- Up-to-date: /home/vertin/ros2_ws/install/point_lio/share/point_lio/cmake/point_lioConfig-version.cmake
[3.001s] -- Up-to-date: /home/vertin/ros2_ws/install/point_lio/share/point_lio/package.xml
[3.136s] Invoked command in '/home/vertin/ros2_ws/build/point_lio' returned '0': CMAKE_PREFIX_PATH=/home/vertin/ros2_ws/install/unitree_lidar_ros2:/home/vertin/ros2_ws/install/tracer_base:/home/vertin/ros2_ws/install/nav2_launch_test:/home/vertin/ros2_ws/install/my_python_pkg:/home/vertin/my_ws/install/robot_localizer:/opt/ros/humble:/home/vertin/ros2_ws/install/ugv_sdk:/home/vertin/ros2_ws/install/tracer_msgs:/home/vertin/ros2_ws/install/tracer_description:/home/vertin/ros2_ws/install/point_lio:/home/vertin/ros2_ws/install/lio_sam /usr/bin/cmake --install /home/vertin/ros2_ws/build/point_lio
