[0.032s] Invoking command in '/home/vertin/ros2_ws/build/tracer_msgs': CMAKE_PREFIX_PATH=/home/vertin/my_ws/install/robot_localizer:/opt/ros/humble /usr/bin/cmake --build /home/vertin/ros2_ws/build/tracer_msgs -- -j8 -l8
[0.471s] [  1%] Built target tracer_msgs__cpp
[0.472s] [ 12%] Built target tracer_msgs__rosidl_generator_c
[0.473s] [ 12%] Built target ament_cmake_python_copy_tracer_msgs
[0.473s] [ 23%] Built target tracer_msgs__rosidl_typesupport_cpp
[0.473s] [ 34%] Built target tracer_msgs__rosidl_typesupport_fastrtps_cpp
[0.473s] [ 46%] Built target tracer_msgs__rosidl_typesupport_introspection_c
[0.473s] [ 57%] Built target tracer_msgs__rosidl_typesupport_fastrtps_c
[0.473s] [ 68%] Built target tracer_msgs__rosidl_typesupport_c
[0.473s] [ 79%] Built target tracer_msgs__rosidl_typesupport_introspection_cpp
[0.473s] [ 79%] Built target tracer_msgs
[0.473s] [ 80%] Built target tracer_msgs__py
[0.474s] [ 90%] Built target tracer_msgs__rosidl_generator_py
[0.474s] [ 93%] Built target tracer_msgs__rosidl_typesupport_introspection_c__pyext
[0.474s] [ 96%] Built target tracer_msgs__rosidl_typesupport_c__pyext
[0.474s] [100%] Built target tracer_msgs__rosidl_typesupport_fastrtps_c__pyext
[0.512s] running egg_info
[0.549s] writing tracer_msgs.egg-info/PKG-INFO
[0.549s] writing dependency_links to tracer_msgs.egg-info/dependency_links.txt
[0.549s] writing top-level names to tracer_msgs.egg-info/top_level.txt
[0.625s] reading manifest file 'tracer_msgs.egg-info/SOURCES.txt'
[0.626s] writing manifest file 'tracer_msgs.egg-info/SOURCES.txt'
[0.658s] [100%] Built target ament_cmake_python_build_tracer_msgs_egg
[0.670s] Invoked command in '/home/vertin/ros2_ws/build/tracer_msgs' returned '0': CMAKE_PREFIX_PATH=/home/vertin/my_ws/install/robot_localizer:/opt/ros/humble /usr/bin/cmake --build /home/vertin/ros2_ws/build/tracer_msgs -- -j8 -l8
[0.671s] Invoking command in '/home/vertin/ros2_ws/build/tracer_msgs': CMAKE_PREFIX_PATH=/home/vertin/my_ws/install/robot_localizer:/opt/ros/humble /usr/bin/cmake --install /home/vertin/ros2_ws/build/tracer_msgs
[0.679s] -- Install configuration: ""
[0.679s] -- Up-to-date: /home/vertin/ros2_ws/install/tracer_msgs/share/ament_index/resource_index/rosidl_interfaces/tracer_msgs
[0.679s] -- Up-to-date: /home/vertin/ros2_ws/install/tracer_msgs/include/tracer_msgs/tracer_msgs
[0.679s] -- Up-to-date: /home/vertin/ros2_ws/install/tracer_msgs/include/tracer_msgs/tracer_msgs/msg
[0.679s] -- Up-to-date: /home/vertin/ros2_ws/install/tracer_msgs/include/tracer_msgs/tracer_msgs/msg/tracer_status.h
[0.679s] -- Up-to-date: /home/vertin/ros2_ws/install/tracer_msgs/include/tracer_msgs/tracer_msgs/msg/tracer_light_cmd.h
[0.679s] -- Up-to-date: /home/vertin/ros2_ws/install/tracer_msgs/include/tracer_msgs/tracer_msgs/msg/rosidl_generator_c__visibility_control.h
[0.680s] -- Up-to-date: /home/vertin/ros2_ws/install/tracer_msgs/include/tracer_msgs/tracer_msgs/msg/tracer_light_state.h
[0.680s] -- Up-to-date: /home/vertin/ros2_ws/install/tracer_msgs/include/tracer_msgs/tracer_msgs/msg/detail
[0.680s] -- Up-to-date: /home/vertin/ros2_ws/install/tracer_msgs/include/tracer_msgs/tracer_msgs/msg/detail/tracer_light_cmd__struct.h
[0.680s] -- Up-to-date: /home/vertin/ros2_ws/install/tracer_msgs/include/tracer_msgs/tracer_msgs/msg/detail/tracer_actuator_state__type_support.h
[0.680s] -- Up-to-date: /home/vertin/ros2_ws/install/tracer_msgs/include/tracer_msgs/tracer_msgs/msg/detail/tracer_light_state__functions.h
[0.680s] -- Up-to-date: /home/vertin/ros2_ws/install/tracer_msgs/include/tracer_msgs/tracer_msgs/msg/detail/tracer_rc_state__type_support.h
[0.680s] -- Up-to-date: /home/vertin/ros2_ws/install/tracer_msgs/include/tracer_msgs/tracer_msgs/msg/detail/tracer_light_cmd__type_support.h
[0.680s] -- Up-to-date: /home/vertin/ros2_ws/install/tracer_msgs/include/tracer_msgs/tracer_msgs/msg/detail/tracer_status__functions.h
[0.680s] -- Up-to-date: /home/vertin/ros2_ws/install/tracer_msgs/include/tracer_msgs/tracer_msgs/msg/detail/tracer_rc_state__functions.c
[0.681s] -- Up-to-date: /home/vertin/ros2_ws/install/tracer_msgs/include/tracer_msgs/tracer_msgs/msg/detail/tracer_rc_state__functions.h
[0.681s] -- Up-to-date: /home/vertin/ros2_ws/install/tracer_msgs/include/tracer_msgs/tracer_msgs/msg/detail/tracer_status__struct.h
[0.681s] -- Up-to-date: /home/vertin/ros2_ws/install/tracer_msgs/include/tracer_msgs/tracer_msgs/msg/detail/tracer_light_cmd__functions.h
[0.681s] -- Up-to-date: /home/vertin/ros2_ws/install/tracer_msgs/include/tracer_msgs/tracer_msgs/msg/detail/tracer_light_state__struct.h
[0.681s] -- Up-to-date: /home/vertin/ros2_ws/install/tracer_msgs/include/tracer_msgs/tracer_msgs/msg/detail/tracer_light_cmd__functions.c
[0.681s] -- Up-to-date: /home/vertin/ros2_ws/install/tracer_msgs/include/tracer_msgs/tracer_msgs/msg/detail/tracer_actuator_state__struct.h
[0.681s] -- Up-to-date: /home/vertin/ros2_ws/install/tracer_msgs/include/tracer_msgs/tracer_msgs/msg/detail/tracer_actuator_state__functions.h
[0.682s] -- Up-to-date: /home/vertin/ros2_ws/install/tracer_msgs/include/tracer_msgs/tracer_msgs/msg/detail/tracer_actuator_state__functions.c
[0.682s] -- Up-to-date: /home/vertin/ros2_ws/install/tracer_msgs/include/tracer_msgs/tracer_msgs/msg/detail/tracer_status__functions.c
[0.682s] -- Up-to-date: /home/vertin/ros2_ws/install/tracer_msgs/include/tracer_msgs/tracer_msgs/msg/detail/tracer_light_state__type_support.h
[0.682s] -- Up-to-date: /home/vertin/ros2_ws/install/tracer_msgs/include/tracer_msgs/tracer_msgs/msg/detail/tracer_status__type_support.h
[0.682s] -- Up-to-date: /home/vertin/ros2_ws/install/tracer_msgs/include/tracer_msgs/tracer_msgs/msg/detail/tracer_light_state__functions.c
[0.682s] -- Up-to-date: /home/vertin/ros2_ws/install/tracer_msgs/include/tracer_msgs/tracer_msgs/msg/detail/tracer_rc_state__struct.h
[0.682s] -- Up-to-date: /home/vertin/ros2_ws/install/tracer_msgs/include/tracer_msgs/tracer_msgs/msg/tracer_actuator_state.h
[0.682s] -- Up-to-date: /home/vertin/ros2_ws/install/tracer_msgs/include/tracer_msgs/tracer_msgs/msg/tracer_rc_state.h
[0.683s] -- Up-to-date: /home/vertin/ros2_ws/install/tracer_msgs/share/tracer_msgs/environment/library_path.sh
[0.683s] -- Up-to-date: /home/vertin/ros2_ws/install/tracer_msgs/share/tracer_msgs/environment/library_path.dsv
[0.683s] -- Up-to-date: /home/vertin/ros2_ws/install/tracer_msgs/lib/libtracer_msgs__rosidl_generator_c.so
[0.683s] -- Up-to-date: /home/vertin/ros2_ws/install/tracer_msgs/include/tracer_msgs/tracer_msgs
[0.683s] -- Up-to-date: /home/vertin/ros2_ws/install/tracer_msgs/include/tracer_msgs/tracer_msgs/msg
[0.683s] -- Up-to-date: /home/vertin/ros2_ws/install/tracer_msgs/include/tracer_msgs/tracer_msgs/msg/rosidl_typesupport_fastrtps_c__visibility_control.h
[0.683s] -- Up-to-date: /home/vertin/ros2_ws/install/tracer_msgs/include/tracer_msgs/tracer_msgs/msg/detail
[0.683s] -- Up-to-date: /home/vertin/ros2_ws/install/tracer_msgs/include/tracer_msgs/tracer_msgs/msg/detail/tracer_light_cmd__rosidl_typesupport_fastrtps_c.h
[0.683s] -- Up-to-date: /home/vertin/ros2_ws/install/tracer_msgs/include/tracer_msgs/tracer_msgs/msg/detail/tracer_rc_state__rosidl_typesupport_fastrtps_c.h
[0.683s] -- Up-to-date: /home/vertin/ros2_ws/install/tracer_msgs/include/tracer_msgs/tracer_msgs/msg/detail/tracer_status__rosidl_typesupport_fastrtps_c.h
[0.683s] -- Up-to-date: /home/vertin/ros2_ws/install/tracer_msgs/include/tracer_msgs/tracer_msgs/msg/detail/tracer_actuator_state__rosidl_typesupport_fastrtps_c.h
[0.684s] -- Up-to-date: /home/vertin/ros2_ws/install/tracer_msgs/include/tracer_msgs/tracer_msgs/msg/detail/tracer_light_state__rosidl_typesupport_fastrtps_c.h
[0.684s] -- Up-to-date: /home/vertin/ros2_ws/install/tracer_msgs/lib/libtracer_msgs__rosidl_typesupport_fastrtps_c.so
[0.684s] -- Up-to-date: /home/vertin/ros2_ws/install/tracer_msgs/include/tracer_msgs/tracer_msgs
[0.684s] -- Up-to-date: /home/vertin/ros2_ws/install/tracer_msgs/include/tracer_msgs/tracer_msgs/msg
[0.684s] -- Up-to-date: /home/vertin/ros2_ws/install/tracer_msgs/include/tracer_msgs/tracer_msgs/msg/tracer_actuator_state.hpp
[0.684s] -- Up-to-date: /home/vertin/ros2_ws/install/tracer_msgs/include/tracer_msgs/tracer_msgs/msg/tracer_status.hpp
[0.684s] -- Up-to-date: /home/vertin/ros2_ws/install/tracer_msgs/include/tracer_msgs/tracer_msgs/msg/tracer_rc_state.hpp
[0.684s] -- Up-to-date: /home/vertin/ros2_ws/install/tracer_msgs/include/tracer_msgs/tracer_msgs/msg/detail
[0.684s] -- Up-to-date: /home/vertin/ros2_ws/install/tracer_msgs/include/tracer_msgs/tracer_msgs/msg/detail/tracer_light_state__traits.hpp
[0.685s] -- Up-to-date: /home/vertin/ros2_ws/install/tracer_msgs/include/tracer_msgs/tracer_msgs/msg/detail/tracer_status__traits.hpp
[0.685s] -- Up-to-date: /home/vertin/ros2_ws/install/tracer_msgs/include/tracer_msgs/tracer_msgs/msg/detail/tracer_light_state__type_support.hpp
[0.685s] -- Up-to-date: /home/vertin/ros2_ws/install/tracer_msgs/include/tracer_msgs/tracer_msgs/msg/detail/tracer_light_state__struct.hpp
[0.685s] -- Up-to-date: /home/vertin/ros2_ws/install/tracer_msgs/include/tracer_msgs/tracer_msgs/msg/detail/tracer_light_cmd__type_support.hpp
[0.685s] -- Up-to-date: /home/vertin/ros2_ws/install/tracer_msgs/include/tracer_msgs/tracer_msgs/msg/detail/tracer_light_cmd__builder.hpp
[0.685s] -- Up-to-date: /home/vertin/ros2_ws/install/tracer_msgs/include/tracer_msgs/tracer_msgs/msg/detail/tracer_rc_state__builder.hpp
[0.685s] -- Up-to-date: /home/vertin/ros2_ws/install/tracer_msgs/include/tracer_msgs/tracer_msgs/msg/detail/tracer_rc_state__type_support.hpp
[0.685s] -- Up-to-date: /home/vertin/ros2_ws/install/tracer_msgs/include/tracer_msgs/tracer_msgs/msg/detail/tracer_status__builder.hpp
[0.685s] -- Up-to-date: /home/vertin/ros2_ws/install/tracer_msgs/include/tracer_msgs/tracer_msgs/msg/detail/tracer_light_state__builder.hpp
[0.685s] -- Up-to-date: /home/vertin/ros2_ws/install/tracer_msgs/include/tracer_msgs/tracer_msgs/msg/detail/tracer_actuator_state__struct.hpp
[0.685s] -- Up-to-date: /home/vertin/ros2_ws/install/tracer_msgs/include/tracer_msgs/tracer_msgs/msg/detail/tracer_actuator_state__traits.hpp
[0.685s] -- Up-to-date: /home/vertin/ros2_ws/install/tracer_msgs/include/tracer_msgs/tracer_msgs/msg/detail/tracer_light_cmd__traits.hpp
[0.685s] -- Up-to-date: /home/vertin/ros2_ws/install/tracer_msgs/include/tracer_msgs/tracer_msgs/msg/detail/tracer_rc_state__struct.hpp
[0.685s] -- Up-to-date: /home/vertin/ros2_ws/install/tracer_msgs/include/tracer_msgs/tracer_msgs/msg/detail/tracer_light_cmd__struct.hpp
[0.685s] -- Up-to-date: /home/vertin/ros2_ws/install/tracer_msgs/include/tracer_msgs/tracer_msgs/msg/detail/tracer_actuator_state__builder.hpp
[0.686s] -- Up-to-date: /home/vertin/ros2_ws/install/tracer_msgs/include/tracer_msgs/tracer_msgs/msg/detail/tracer_actuator_state__type_support.hpp
[0.686s] -- Up-to-date: /home/vertin/ros2_ws/install/tracer_msgs/include/tracer_msgs/tracer_msgs/msg/detail/tracer_rc_state__traits.hpp
[0.686s] -- Up-to-date: /home/vertin/ros2_ws/install/tracer_msgs/include/tracer_msgs/tracer_msgs/msg/detail/tracer_status__type_support.hpp
[0.686s] -- Up-to-date: /home/vertin/ros2_ws/install/tracer_msgs/include/tracer_msgs/tracer_msgs/msg/detail/tracer_status__struct.hpp
[0.686s] -- Up-to-date: /home/vertin/ros2_ws/install/tracer_msgs/include/tracer_msgs/tracer_msgs/msg/tracer_light_state.hpp
[0.686s] -- Up-to-date: /home/vertin/ros2_ws/install/tracer_msgs/include/tracer_msgs/tracer_msgs/msg/tracer_light_cmd.hpp
[0.686s] -- Up-to-date: /home/vertin/ros2_ws/install/tracer_msgs/include/tracer_msgs/tracer_msgs/msg/rosidl_generator_cpp__visibility_control.hpp
[0.686s] -- Up-to-date: /home/vertin/ros2_ws/install/tracer_msgs/include/tracer_msgs/tracer_msgs
[0.686s] -- Up-to-date: /home/vertin/ros2_ws/install/tracer_msgs/include/tracer_msgs/tracer_msgs/msg
[0.686s] -- Up-to-date: /home/vertin/ros2_ws/install/tracer_msgs/include/tracer_msgs/tracer_msgs/msg/rosidl_typesupport_fastrtps_cpp__visibility_control.h
[0.686s] -- Up-to-date: /home/vertin/ros2_ws/install/tracer_msgs/include/tracer_msgs/tracer_msgs/msg/detail
[0.686s] -- Up-to-date: /home/vertin/ros2_ws/install/tracer_msgs/include/tracer_msgs/tracer_msgs/msg/detail/dds_fastrtps
[0.686s] -- Up-to-date: /home/vertin/ros2_ws/install/tracer_msgs/include/tracer_msgs/tracer_msgs/msg/detail/tracer_light_state__rosidl_typesupport_fastrtps_cpp.hpp
[0.686s] -- Up-to-date: /home/vertin/ros2_ws/install/tracer_msgs/include/tracer_msgs/tracer_msgs/msg/detail/tracer_actuator_state__rosidl_typesupport_fastrtps_cpp.hpp
[0.686s] -- Up-to-date: /home/vertin/ros2_ws/install/tracer_msgs/include/tracer_msgs/tracer_msgs/msg/detail/tracer_light_cmd__rosidl_typesupport_fastrtps_cpp.hpp
[0.687s] -- Up-to-date: /home/vertin/ros2_ws/install/tracer_msgs/include/tracer_msgs/tracer_msgs/msg/detail/tracer_rc_state__rosidl_typesupport_fastrtps_cpp.hpp
[0.687s] -- Up-to-date: /home/vertin/ros2_ws/install/tracer_msgs/include/tracer_msgs/tracer_msgs/msg/detail/tracer_status__rosidl_typesupport_fastrtps_cpp.hpp
[0.687s] -- Up-to-date: /home/vertin/ros2_ws/install/tracer_msgs/lib/libtracer_msgs__rosidl_typesupport_fastrtps_cpp.so
[0.687s] -- Up-to-date: /home/vertin/ros2_ws/install/tracer_msgs/include/tracer_msgs/tracer_msgs
[0.687s] -- Up-to-date: /home/vertin/ros2_ws/install/tracer_msgs/include/tracer_msgs/tracer_msgs/msg
[0.687s] -- Up-to-date: /home/vertin/ros2_ws/install/tracer_msgs/include/tracer_msgs/tracer_msgs/msg/detail
[0.687s] -- Up-to-date: /home/vertin/ros2_ws/install/tracer_msgs/include/tracer_msgs/tracer_msgs/msg/detail/tracer_light_cmd__rosidl_typesupport_introspection_c.h
[0.687s] -- Up-to-date: /home/vertin/ros2_ws/install/tracer_msgs/include/tracer_msgs/tracer_msgs/msg/detail/tracer_light_state__rosidl_typesupport_introspection_c.h
[0.687s] -- Up-to-date: /home/vertin/ros2_ws/install/tracer_msgs/include/tracer_msgs/tracer_msgs/msg/detail/tracer_rc_state__type_support.c
[0.687s] -- Up-to-date: /home/vertin/ros2_ws/install/tracer_msgs/include/tracer_msgs/tracer_msgs/msg/detail/tracer_status__type_support.c
[0.687s] -- Up-to-date: /home/vertin/ros2_ws/install/tracer_msgs/include/tracer_msgs/tracer_msgs/msg/detail/tracer_light_cmd__type_support.c
[0.687s] -- Up-to-date: /home/vertin/ros2_ws/install/tracer_msgs/include/tracer_msgs/tracer_msgs/msg/detail/tracer_actuator_state__type_support.c
[0.687s] -- Up-to-date: /home/vertin/ros2_ws/install/tracer_msgs/include/tracer_msgs/tracer_msgs/msg/detail/tracer_status__rosidl_typesupport_introspection_c.h
[0.687s] -- Up-to-date: /home/vertin/ros2_ws/install/tracer_msgs/include/tracer_msgs/tracer_msgs/msg/detail/tracer_actuator_state__rosidl_typesupport_introspection_c.h
[0.687s] -- Up-to-date: /home/vertin/ros2_ws/install/tracer_msgs/include/tracer_msgs/tracer_msgs/msg/detail/tracer_light_state__type_support.c
[0.687s] -- Up-to-date: /home/vertin/ros2_ws/install/tracer_msgs/include/tracer_msgs/tracer_msgs/msg/detail/tracer_rc_state__rosidl_typesupport_introspection_c.h
[0.687s] -- Up-to-date: /home/vertin/ros2_ws/install/tracer_msgs/include/tracer_msgs/tracer_msgs/msg/rosidl_typesupport_introspection_c__visibility_control.h
[0.688s] -- Up-to-date: /home/vertin/ros2_ws/install/tracer_msgs/lib/libtracer_msgs__rosidl_typesupport_introspection_c.so
[0.688s] -- Up-to-date: /home/vertin/ros2_ws/install/tracer_msgs/lib/libtracer_msgs__rosidl_typesupport_c.so
[0.688s] -- Up-to-date: /home/vertin/ros2_ws/install/tracer_msgs/include/tracer_msgs/tracer_msgs
[0.688s] -- Up-to-date: /home/vertin/ros2_ws/install/tracer_msgs/include/tracer_msgs/tracer_msgs/msg
[0.688s] -- Up-to-date: /home/vertin/ros2_ws/install/tracer_msgs/include/tracer_msgs/tracer_msgs/msg/detail
[0.688s] -- Up-to-date: /home/vertin/ros2_ws/install/tracer_msgs/include/tracer_msgs/tracer_msgs/msg/detail/tracer_light_state__rosidl_typesupport_introspection_cpp.hpp
[0.688s] -- Up-to-date: /home/vertin/ros2_ws/install/tracer_msgs/include/tracer_msgs/tracer_msgs/msg/detail/tracer_status__rosidl_typesupport_introspection_cpp.hpp
[0.688s] -- Up-to-date: /home/vertin/ros2_ws/install/tracer_msgs/include/tracer_msgs/tracer_msgs/msg/detail/tracer_light_state__type_support.cpp
[0.688s] -- Up-to-date: /home/vertin/ros2_ws/install/tracer_msgs/include/tracer_msgs/tracer_msgs/msg/detail/tracer_rc_state__type_support.cpp
[0.688s] -- Up-to-date: /home/vertin/ros2_ws/install/tracer_msgs/include/tracer_msgs/tracer_msgs/msg/detail/tracer_light_cmd__rosidl_typesupport_introspection_cpp.hpp
[0.688s] -- Up-to-date: /home/vertin/ros2_ws/install/tracer_msgs/include/tracer_msgs/tracer_msgs/msg/detail/tracer_light_cmd__type_support.cpp
[0.688s] -- Up-to-date: /home/vertin/ros2_ws/install/tracer_msgs/include/tracer_msgs/tracer_msgs/msg/detail/tracer_rc_state__rosidl_typesupport_introspection_cpp.hpp
[0.688s] -- Up-to-date: /home/vertin/ros2_ws/install/tracer_msgs/include/tracer_msgs/tracer_msgs/msg/detail/tracer_actuator_state__rosidl_typesupport_introspection_cpp.hpp
[0.688s] -- Up-to-date: /home/vertin/ros2_ws/install/tracer_msgs/include/tracer_msgs/tracer_msgs/msg/detail/tracer_actuator_state__type_support.cpp
[0.688s] -- Up-to-date: /home/vertin/ros2_ws/install/tracer_msgs/include/tracer_msgs/tracer_msgs/msg/detail/tracer_status__type_support.cpp
[0.688s] -- Up-to-date: /home/vertin/ros2_ws/install/tracer_msgs/lib/libtracer_msgs__rosidl_typesupport_introspection_cpp.so
[0.688s] -- Up-to-date: /home/vertin/ros2_ws/install/tracer_msgs/lib/libtracer_msgs__rosidl_typesupport_cpp.so
[0.688s] -- Up-to-date: /home/vertin/ros2_ws/install/tracer_msgs/share/tracer_msgs/environment/pythonpath.sh
[0.688s] -- Up-to-date: /home/vertin/ros2_ws/install/tracer_msgs/share/tracer_msgs/environment/pythonpath.dsv
[0.688s] -- Up-to-date: /home/vertin/ros2_ws/install/tracer_msgs/local/lib/python3.10/dist-packages/tracer_msgs-0.1.0-py3.10.egg-info
[0.688s] -- Installing: /home/vertin/ros2_ws/install/tracer_msgs/local/lib/python3.10/dist-packages/tracer_msgs-0.1.0-py3.10.egg-info/SOURCES.txt
[0.689s] -- Installing: /home/vertin/ros2_ws/install/tracer_msgs/local/lib/python3.10/dist-packages/tracer_msgs-0.1.0-py3.10.egg-info/top_level.txt
[0.689s] -- Installing: /home/vertin/ros2_ws/install/tracer_msgs/local/lib/python3.10/dist-packages/tracer_msgs-0.1.0-py3.10.egg-info/dependency_links.txt
[0.689s] -- Installing: /home/vertin/ros2_ws/install/tracer_msgs/local/lib/python3.10/dist-packages/tracer_msgs-0.1.0-py3.10.egg-info/PKG-INFO
[0.689s] -- Up-to-date: /home/vertin/ros2_ws/install/tracer_msgs/local/lib/python3.10/dist-packages/tracer_msgs
[0.689s] -- Up-to-date: /home/vertin/ros2_ws/install/tracer_msgs/local/lib/python3.10/dist-packages/tracer_msgs/_tracer_msgs_s.ep.rosidl_typesupport_c.c
[0.689s] -- Up-to-date: /home/vertin/ros2_ws/install/tracer_msgs/local/lib/python3.10/dist-packages/tracer_msgs/tracer_msgs_s__rosidl_typesupport_fastrtps_c.cpython-310-x86_64-linux-gnu.so
[0.689s] -- Up-to-date: /home/vertin/ros2_ws/install/tracer_msgs/local/lib/python3.10/dist-packages/tracer_msgs/__init__.py
[0.689s] -- Up-to-date: /home/vertin/ros2_ws/install/tracer_msgs/local/lib/python3.10/dist-packages/tracer_msgs/msg
[0.689s] -- Up-to-date: /home/vertin/ros2_ws/install/tracer_msgs/local/lib/python3.10/dist-packages/tracer_msgs/msg/_tracer_light_state_s.c
[0.689s] -- Up-to-date: /home/vertin/ros2_ws/install/tracer_msgs/local/lib/python3.10/dist-packages/tracer_msgs/msg/_tracer_status.py
[0.689s] -- Up-to-date: /home/vertin/ros2_ws/install/tracer_msgs/local/lib/python3.10/dist-packages/tracer_msgs/msg/_tracer_actuator_state.py
[0.689s] -- Up-to-date: /home/vertin/ros2_ws/install/tracer_msgs/local/lib/python3.10/dist-packages/tracer_msgs/msg/__init__.py
[0.689s] -- Up-to-date: /home/vertin/ros2_ws/install/tracer_msgs/local/lib/python3.10/dist-packages/tracer_msgs/msg/_tracer_actuator_state_s.c
[0.689s] -- Up-to-date: /home/vertin/ros2_ws/install/tracer_msgs/local/lib/python3.10/dist-packages/tracer_msgs/msg/_tracer_rc_state.py
[0.689s] -- Up-to-date: /home/vertin/ros2_ws/install/tracer_msgs/local/lib/python3.10/dist-packages/tracer_msgs/msg/_tracer_rc_state_s.c
[0.689s] -- Up-to-date: /home/vertin/ros2_ws/install/tracer_msgs/local/lib/python3.10/dist-packages/tracer_msgs/msg/_tracer_light_state.py
[0.689s] -- Up-to-date: /home/vertin/ros2_ws/install/tracer_msgs/local/lib/python3.10/dist-packages/tracer_msgs/msg/_tracer_light_cmd_s.c
[0.689s] -- Up-to-date: /home/vertin/ros2_ws/install/tracer_msgs/local/lib/python3.10/dist-packages/tracer_msgs/msg/_tracer_status_s.c
[0.689s] -- Up-to-date: /home/vertin/ros2_ws/install/tracer_msgs/local/lib/python3.10/dist-packages/tracer_msgs/msg/_tracer_light_cmd.py
[0.689s] -- Up-to-date: /home/vertin/ros2_ws/install/tracer_msgs/local/lib/python3.10/dist-packages/tracer_msgs/libtracer_msgs__rosidl_generator_py.so
[0.690s] -- Up-to-date: /home/vertin/ros2_ws/install/tracer_msgs/local/lib/python3.10/dist-packages/tracer_msgs/_tracer_msgs_s.ep.rosidl_typesupport_introspection_c.c
[0.690s] -- Up-to-date: /home/vertin/ros2_ws/install/tracer_msgs/local/lib/python3.10/dist-packages/tracer_msgs/tracer_msgs_s__rosidl_typesupport_introspection_c.cpython-310-x86_64-linux-gnu.so
[0.690s] -- Up-to-date: /home/vertin/ros2_ws/install/tracer_msgs/local/lib/python3.10/dist-packages/tracer_msgs/tracer_msgs_s__rosidl_typesupport_c.cpython-310-x86_64-linux-gnu.so
[0.690s] -- Up-to-date: /home/vertin/ros2_ws/install/tracer_msgs/local/lib/python3.10/dist-packages/tracer_msgs/_tracer_msgs_s.ep.rosidl_typesupport_fastrtps_c.c
[0.717s] Listing '/home/vertin/ros2_ws/install/tracer_msgs/local/lib/python3.10/dist-packages/tracer_msgs'...
[0.717s] Listing '/home/vertin/ros2_ws/install/tracer_msgs/local/lib/python3.10/dist-packages/tracer_msgs/msg'...
[0.724s] -- Up-to-date: /home/vertin/ros2_ws/install/tracer_msgs/local/lib/python3.10/dist-packages/tracer_msgs/tracer_msgs_s__rosidl_typesupport_fastrtps_c.cpython-310-x86_64-linux-gnu.so
[0.725s] -- Up-to-date: /home/vertin/ros2_ws/install/tracer_msgs/local/lib/python3.10/dist-packages/tracer_msgs/tracer_msgs_s__rosidl_typesupport_introspection_c.cpython-310-x86_64-linux-gnu.so
[0.725s] -- Up-to-date: /home/vertin/ros2_ws/install/tracer_msgs/local/lib/python3.10/dist-packages/tracer_msgs/tracer_msgs_s__rosidl_typesupport_c.cpython-310-x86_64-linux-gnu.so
[0.726s] -- Up-to-date: /home/vertin/ros2_ws/install/tracer_msgs/lib/libtracer_msgs__rosidl_generator_py.so
[0.726s] -- Up-to-date: /home/vertin/ros2_ws/install/tracer_msgs/share/tracer_msgs/msg/TracerActuatorState.idl
[0.726s] -- Up-to-date: /home/vertin/ros2_ws/install/tracer_msgs/share/tracer_msgs/msg/TracerLightCmd.idl
[0.726s] -- Up-to-date: /home/vertin/ros2_ws/install/tracer_msgs/share/tracer_msgs/msg/TracerLightState.idl
[0.727s] -- Up-to-date: /home/vertin/ros2_ws/install/tracer_msgs/share/tracer_msgs/msg/TracerRCState.idl
[0.727s] -- Up-to-date: /home/vertin/ros2_ws/install/tracer_msgs/share/tracer_msgs/msg/TracerStatus.idl
[0.727s] -- Up-to-date: /home/vertin/ros2_ws/install/tracer_msgs/share/tracer_msgs/msg/TracerActuatorState.msg
[0.727s] -- Up-to-date: /home/vertin/ros2_ws/install/tracer_msgs/share/tracer_msgs/msg/TracerLightCmd.msg
[0.727s] -- Up-to-date: /home/vertin/ros2_ws/install/tracer_msgs/share/tracer_msgs/msg/TracerLightState.msg
[0.727s] -- Up-to-date: /home/vertin/ros2_ws/install/tracer_msgs/share/tracer_msgs/msg/TracerRCState.msg
[0.727s] -- Up-to-date: /home/vertin/ros2_ws/install/tracer_msgs/share/tracer_msgs/msg/TracerStatus.msg
[0.727s] -- Up-to-date: /home/vertin/ros2_ws/install/tracer_msgs/share/ament_index/resource_index/package_run_dependencies/tracer_msgs
[0.727s] -- Up-to-date: /home/vertin/ros2_ws/install/tracer_msgs/share/ament_index/resource_index/parent_prefix_path/tracer_msgs
[0.728s] -- Up-to-date: /home/vertin/ros2_ws/install/tracer_msgs/share/tracer_msgs/environment/ament_prefix_path.sh
[0.731s] -- Up-to-date: /home/vertin/ros2_ws/install/tracer_msgs/share/tracer_msgs/environment/ament_prefix_path.dsv
[0.731s] -- Up-to-date: /home/vertin/ros2_ws/install/tracer_msgs/share/tracer_msgs/environment/path.sh
[0.731s] -- Up-to-date: /home/vertin/ros2_ws/install/tracer_msgs/share/tracer_msgs/environment/path.dsv
[0.731s] -- Up-to-date: /home/vertin/ros2_ws/install/tracer_msgs/share/tracer_msgs/local_setup.bash
[0.731s] -- Up-to-date: /home/vertin/ros2_ws/install/tracer_msgs/share/tracer_msgs/local_setup.sh
[0.731s] -- Up-to-date: /home/vertin/ros2_ws/install/tracer_msgs/share/tracer_msgs/local_setup.zsh
[0.731s] -- Up-to-date: /home/vertin/ros2_ws/install/tracer_msgs/share/tracer_msgs/local_setup.dsv
[0.732s] -- Installing: /home/vertin/ros2_ws/install/tracer_msgs/share/tracer_msgs/package.dsv
[0.732s] -- Up-to-date: /home/vertin/ros2_ws/install/tracer_msgs/share/ament_index/resource_index/packages/tracer_msgs
[0.732s] -- Up-to-date: /home/vertin/ros2_ws/install/tracer_msgs/share/tracer_msgs/cmake/export_tracer_msgs__rosidl_generator_cExport.cmake
[0.732s] -- Up-to-date: /home/vertin/ros2_ws/install/tracer_msgs/share/tracer_msgs/cmake/export_tracer_msgs__rosidl_generator_cExport-noconfig.cmake
[0.732s] -- Up-to-date: /home/vertin/ros2_ws/install/tracer_msgs/share/tracer_msgs/cmake/export_tracer_msgs__rosidl_typesupport_fastrtps_cExport.cmake
[0.732s] -- Up-to-date: /home/vertin/ros2_ws/install/tracer_msgs/share/tracer_msgs/cmake/export_tracer_msgs__rosidl_typesupport_fastrtps_cExport-noconfig.cmake
[0.732s] -- Up-to-date: /home/vertin/ros2_ws/install/tracer_msgs/share/tracer_msgs/cmake/export_tracer_msgs__rosidl_generator_cppExport.cmake
[0.732s] -- Up-to-date: /home/vertin/ros2_ws/install/tracer_msgs/share/tracer_msgs/cmake/export_tracer_msgs__rosidl_typesupport_fastrtps_cppExport.cmake
[0.733s] -- Up-to-date: /home/vertin/ros2_ws/install/tracer_msgs/share/tracer_msgs/cmake/export_tracer_msgs__rosidl_typesupport_fastrtps_cppExport-noconfig.cmake
[0.733s] -- Up-to-date: /home/vertin/ros2_ws/install/tracer_msgs/share/tracer_msgs/cmake/tracer_msgs__rosidl_typesupport_introspection_cExport.cmake
[0.733s] -- Up-to-date: /home/vertin/ros2_ws/install/tracer_msgs/share/tracer_msgs/cmake/tracer_msgs__rosidl_typesupport_introspection_cExport-noconfig.cmake
[0.733s] -- Up-to-date: /home/vertin/ros2_ws/install/tracer_msgs/share/tracer_msgs/cmake/tracer_msgs__rosidl_typesupport_cExport.cmake
[0.733s] -- Up-to-date: /home/vertin/ros2_ws/install/tracer_msgs/share/tracer_msgs/cmake/tracer_msgs__rosidl_typesupport_cExport-noconfig.cmake
[0.733s] -- Up-to-date: /home/vertin/ros2_ws/install/tracer_msgs/share/tracer_msgs/cmake/tracer_msgs__rosidl_typesupport_introspection_cppExport.cmake
[0.739s] -- Up-to-date: /home/vertin/ros2_ws/install/tracer_msgs/share/tracer_msgs/cmake/tracer_msgs__rosidl_typesupport_introspection_cppExport-noconfig.cmake
[0.739s] -- Up-to-date: /home/vertin/ros2_ws/install/tracer_msgs/share/tracer_msgs/cmake/tracer_msgs__rosidl_typesupport_cppExport.cmake
[0.739s] -- Up-to-date: /home/vertin/ros2_ws/install/tracer_msgs/share/tracer_msgs/cmake/tracer_msgs__rosidl_typesupport_cppExport-noconfig.cmake
[0.739s] -- Up-to-date: /home/vertin/ros2_ws/install/tracer_msgs/share/tracer_msgs/cmake/export_tracer_msgs__rosidl_generator_pyExport.cmake
[0.739s] -- Up-to-date: /home/vertin/ros2_ws/install/tracer_msgs/share/tracer_msgs/cmake/export_tracer_msgs__rosidl_generator_pyExport-noconfig.cmake
[0.739s] -- Up-to-date: /home/vertin/ros2_ws/install/tracer_msgs/share/tracer_msgs/cmake/rosidl_cmake-extras.cmake
[0.739s] -- Up-to-date: /home/vertin/ros2_ws/install/tracer_msgs/share/tracer_msgs/cmake/ament_cmake_export_dependencies-extras.cmake
[0.739s] -- Up-to-date: /home/vertin/ros2_ws/install/tracer_msgs/share/tracer_msgs/cmake/ament_cmake_export_include_directories-extras.cmake
[0.739s] -- Up-to-date: /home/vertin/ros2_ws/install/tracer_msgs/share/tracer_msgs/cmake/ament_cmake_export_libraries-extras.cmake
[0.740s] -- Up-to-date: /home/vertin/ros2_ws/install/tracer_msgs/share/tracer_msgs/cmake/ament_cmake_export_targets-extras.cmake
[0.740s] -- Up-to-date: /home/vertin/ros2_ws/install/tracer_msgs/share/tracer_msgs/cmake/rosidl_cmake_export_typesupport_targets-extras.cmake
[0.740s] -- Up-to-date: /home/vertin/ros2_ws/install/tracer_msgs/share/tracer_msgs/cmake/rosidl_cmake_export_typesupport_libraries-extras.cmake
[0.741s] -- Up-to-date: /home/vertin/ros2_ws/install/tracer_msgs/share/tracer_msgs/cmake/tracer_msgsConfig.cmake
[0.741s] -- Up-to-date: /home/vertin/ros2_ws/install/tracer_msgs/share/tracer_msgs/cmake/tracer_msgsConfig-version.cmake
[0.741s] -- Up-to-date: /home/vertin/ros2_ws/install/tracer_msgs/share/tracer_msgs/package.xml
[0.744s] Invoked command in '/home/vertin/ros2_ws/build/tracer_msgs' returned '0': CMAKE_PREFIX_PATH=/home/vertin/my_ws/install/robot_localizer:/opt/ros/humble /usr/bin/cmake --install /home/vertin/ros2_ws/build/tracer_msgs
