[0.737s] Invoking command in '/home/vertin/ros2_ws/build/point_lio': CMAKE_PREFIX_PATH=/home/vertin/ros2_ws/install/unitree_lidar_ros2:/home/vertin/ros2_ws/install/tracer_base:/home/vertin/ros2_ws/install/nav2_launch_test:/home/vertin/ros2_ws/install/my_python_pkg:/home/vertin/my_ws/install/robot_localizer:/opt/ros/humble:/home/vertin/ros2_ws/install/ugv_sdk:/home/vertin/ros2_ws/install/tracer_msgs:/home/vertin/ros2_ws/install/tracer_description:/home/vertin/ros2_ws/install/point_lio:/home/vertin/ros2_ws/install/lio_sam /usr/bin/cmake --build /home/vertin/ros2_ws/build/point_lio -- -j8 -l8
[0.867s] [100%] Built target pointlio_mapping
[0.969s] Invoked command in '/home/vertin/ros2_ws/build/point_lio' returned '0': CMAKE_PREFIX_PATH=/home/vertin/ros2_ws/install/unitree_lidar_ros2:/home/vertin/ros2_ws/install/tracer_base:/home/vertin/ros2_ws/install/nav2_launch_test:/home/vertin/ros2_ws/install/my_python_pkg:/home/vertin/my_ws/install/robot_localizer:/opt/ros/humble:/home/vertin/ros2_ws/install/ugv_sdk:/home/vertin/ros2_ws/install/tracer_msgs:/home/vertin/ros2_ws/install/tracer_description:/home/vertin/ros2_ws/install/point_lio:/home/vertin/ros2_ws/install/lio_sam /usr/bin/cmake --build /home/vertin/ros2_ws/build/point_lio -- -j8 -l8
[0.971s] Invoking command in '/home/vertin/ros2_ws/build/point_lio': CMAKE_PREFIX_PATH=/home/vertin/ros2_ws/install/unitree_lidar_ros2:/home/vertin/ros2_ws/install/tracer_base:/home/vertin/ros2_ws/install/nav2_launch_test:/home/vertin/ros2_ws/install/my_python_pkg:/home/vertin/my_ws/install/robot_localizer:/opt/ros/humble:/home/vertin/ros2_ws/install/ugv_sdk:/home/vertin/ros2_ws/install/tracer_msgs:/home/vertin/ros2_ws/install/tracer_description:/home/vertin/ros2_ws/install/point_lio:/home/vertin/ros2_ws/install/lio_sam /usr/bin/cmake --install /home/vertin/ros2_ws/build/point_lio
[0.988s] -- Install configuration: ""
[0.988s] -- Up-to-date: /home/vertin/ros2_ws/install/point_lio/lib/point_lio/pointlio_mapping
[0.988s] -- Up-to-date: /home/vertin/ros2_ws/install/point_lio/share/point_lio/config
[0.988s] -- Up-to-date: /home/vertin/ros2_ws/install/point_lio/share/point_lio/config/unilidar_l2.yaml
[0.988s] -- Up-to-date: /home/vertin/ros2_ws/install/point_lio/share/point_lio/config/velody16.yaml
[0.988s] -- Up-to-date: /home/vertin/ros2_ws/install/point_lio/share/point_lio/config/mid360.yaml
[0.988s] -- Up-to-date: /home/vertin/ros2_ws/install/point_lio/share/point_lio/config/ouster64.yaml
[0.988s] -- Up-to-date: /home/vertin/ros2_ws/install/point_lio/share/point_lio/config/unilidar_l1.yaml
[0.989s] -- Up-to-date: /home/vertin/ros2_ws/install/point_lio/share/point_lio/config/horizon.yaml
[0.989s] -- Up-to-date: /home/vertin/ros2_ws/install/point_lio/share/point_lio/config/avia.yaml
[0.989s] -- Up-to-date: /home/vertin/ros2_ws/install/point_lio/share/point_lio/launch
[0.989s] -- Up-to-date: /home/vertin/ros2_ws/install/point_lio/share/point_lio/launch/my_navigation.launch.py
[0.990s] -- Up-to-date: /home/vertin/ros2_ws/install/point_lio/share/point_lio/launch/mapping_horizon.launch.py
[0.991s] -- Up-to-date: /home/vertin/ros2_ws/install/point_lio/share/point_lio/launch/mapping_mid360.launch.py
[0.991s] -- Up-to-date: /home/vertin/ros2_ws/install/point_lio/share/point_lio/launch/gdb_debug_example.launch.py
[0.993s] -- Up-to-date: /home/vertin/ros2_ws/install/point_lio/share/point_lio/launch/correct_odom_unilidar_l2.launch.py
[0.993s] -- Up-to-date: /home/vertin/ros2_ws/install/point_lio/share/point_lio/launch/mapping_velody16.launch.py
[0.994s] -- Up-to-date: /home/vertin/ros2_ws/install/point_lio/share/point_lio/launch/mapping_avia.launch.py
[0.994s] -- Up-to-date: /home/vertin/ros2_ws/install/point_lio/share/point_lio/launch/correct_odom_unilidar_l1.launch.py
[0.994s] -- Up-to-date: /home/vertin/ros2_ws/install/point_lio/share/point_lio/launch/mapping_unilidar_l1.launch.py
[0.995s] -- Up-to-date: /home/vertin/ros2_ws/install/point_lio/share/point_lio/launch/mapping_ouster64.launch.py
[0.995s] -- Up-to-date: /home/vertin/ros2_ws/install/point_lio/share/point_lio/launch/mapping_unilidar_l2.launch.py
[0.995s] -- Up-to-date: /home/vertin/ros2_ws/install/point_lio/share/point_lio/rviz_cfg
[0.995s] -- Up-to-date: /home/vertin/ros2_ws/install/point_lio/share/point_lio/rviz_cfg/loam_livox.rviz
[0.995s] -- Up-to-date: /home/vertin/ros2_ws/install/point_lio/share/ament_index/resource_index/package_run_dependencies/point_lio
[0.995s] -- Up-to-date: /home/vertin/ros2_ws/install/point_lio/share/ament_index/resource_index/parent_prefix_path/point_lio
[0.995s] -- Up-to-date: /home/vertin/ros2_ws/install/point_lio/share/point_lio/environment/ament_prefix_path.sh
[0.996s] -- Up-to-date: /home/vertin/ros2_ws/install/point_lio/share/point_lio/environment/ament_prefix_path.dsv
[0.996s] -- Up-to-date: /home/vertin/ros2_ws/install/point_lio/share/point_lio/environment/path.sh
[0.996s] -- Up-to-date: /home/vertin/ros2_ws/install/point_lio/share/point_lio/environment/path.dsv
[0.996s] -- Up-to-date: /home/vertin/ros2_ws/install/point_lio/share/point_lio/local_setup.bash
[0.996s] -- Up-to-date: /home/vertin/ros2_ws/install/point_lio/share/point_lio/local_setup.sh
[0.996s] -- Up-to-date: /home/vertin/ros2_ws/install/point_lio/share/point_lio/local_setup.zsh
[0.996s] -- Up-to-date: /home/vertin/ros2_ws/install/point_lio/share/point_lio/local_setup.dsv
[0.996s] -- Installing: /home/vertin/ros2_ws/install/point_lio/share/point_lio/package.dsv
[0.997s] -- Up-to-date: /home/vertin/ros2_ws/install/point_lio/share/ament_index/resource_index/packages/point_lio
[0.997s] -- Up-to-date: /home/vertin/ros2_ws/install/point_lio/share/point_lio/cmake/ament_cmake_export_dependencies-extras.cmake
[0.997s] -- Up-to-date: /home/vertin/ros2_ws/install/point_lio/share/point_lio/cmake/point_lioConfig.cmake
[0.997s] -- Up-to-date: /home/vertin/ros2_ws/install/point_lio/share/point_lio/cmake/point_lioConfig-version.cmake
[0.997s] -- Up-to-date: /home/vertin/ros2_ws/install/point_lio/share/point_lio/package.xml
[1.020s] Invoked command in '/home/vertin/ros2_ws/build/point_lio' returned '0': CMAKE_PREFIX_PATH=/home/vertin/ros2_ws/install/unitree_lidar_ros2:/home/vertin/ros2_ws/install/tracer_base:/home/vertin/ros2_ws/install/nav2_launch_test:/home/vertin/ros2_ws/install/my_python_pkg:/home/vertin/my_ws/install/robot_localizer:/opt/ros/humble:/home/vertin/ros2_ws/install/ugv_sdk:/home/vertin/ros2_ws/install/tracer_msgs:/home/vertin/ros2_ws/install/tracer_description:/home/vertin/ros2_ws/install/point_lio:/home/vertin/ros2_ws/install/lio_sam /usr/bin/cmake --install /home/vertin/ros2_ws/build/point_lio
