[7.425s] Invoking command in '/home/vertin/ros2_ws/src/my_python_pkg': PYTHONPATH=/home/vertin/ros2_ws/build/my_python_pkg/prefix_override:/usr/lib/python3/dist-packages/colcon_core/task/python/colcon_distutils_commands:/home/vertin/ros2_ws/install/my_python_pkg/lib/python3.10/site-packages:${PYTHONPATH} /usr/bin/python3 -W ignore:setup.py install is deprecated -W ignore:easy_install command is deprecated setup.py egg_info --egg-base ../../build/my_python_pkg build --build-base /home/vertin/ros2_ws/build/my_python_pkg/build install --record /home/vertin/ros2_ws/build/my_python_pkg/install.log --single-version-externally-managed install_data
[7.850s] /home/vertin/.local/lib/python3.10/site-packages/setuptools/_distutils/dist.py:289: UserWarning: Unknown distribution option: 'tests_require'
[7.850s]   warnings.warn(msg)
[8.092s] running egg_info
[8.139s] writing ../../build/my_python_pkg/my_python_pkg.egg-info/PKG-INFO
[8.141s] writing dependency_links to ../../build/my_python_pkg/my_python_pkg.egg-info/dependency_links.txt
[8.141s] writing entry points to ../../build/my_python_pkg/my_python_pkg.egg-info/entry_points.txt
[8.142s] writing requirements to ../../build/my_python_pkg/my_python_pkg.egg-info/requires.txt
[8.142s] writing top-level names to ../../build/my_python_pkg/my_python_pkg.egg-info/top_level.txt
[8.243s] reading manifest file '../../build/my_python_pkg/my_python_pkg.egg-info/SOURCES.txt'
[8.246s] writing manifest file '../../build/my_python_pkg/my_python_pkg.egg-info/SOURCES.txt'
[8.246s] running build
[8.246s] running build_py
[8.247s] copying my_python_pkg/__init__.py -> /home/vertin/ros2_ws/build/my_python_pkg/build/lib/my_python_pkg
[8.247s] copying my_python_pkg/map_odom.py -> /home/vertin/ros2_ws/build/my_python_pkg/build/lib/my_python_pkg
[8.248s] copying my_python_pkg/autopoint.py -> /home/vertin/ros2_ws/build/my_python_pkg/build/lib/my_python_pkg
[8.248s] running install
[8.259s] running install_lib
[8.308s] running install_data
[8.309s] copying resource/my_python_pkg -> /home/vertin/ros2_ws/install/my_python_pkg/share/ament_index/resource_index/packages
[8.309s] copying package.xml -> /home/vertin/ros2_ws/install/my_python_pkg/share/my_python_pkg
[8.310s] running install_egg_info
[8.364s] removing '/home/vertin/ros2_ws/install/my_python_pkg/lib/python3.10/site-packages/my_python_pkg-0.0.0-py3.10.egg-info' (and everything under it)
[8.365s] Copying ../../build/my_python_pkg/my_python_pkg.egg-info to /home/vertin/ros2_ws/install/my_python_pkg/lib/python3.10/site-packages/my_python_pkg-0.0.0-py3.10.egg-info
[8.368s] running install_scripts
[8.473s] Installing autopoint script to /home/vertin/ros2_ws/install/my_python_pkg/lib/my_python_pkg
[8.473s] Installing maptoodom script to /home/vertin/ros2_ws/install/my_python_pkg/lib/my_python_pkg
[8.474s] writing list of installed files to '/home/vertin/ros2_ws/build/my_python_pkg/install.log'
[8.556s] Invoked command in '/home/vertin/ros2_ws/src/my_python_pkg' returned '0': PYTHONPATH=/home/vertin/ros2_ws/build/my_python_pkg/prefix_override:/usr/lib/python3/dist-packages/colcon_core/task/python/colcon_distutils_commands:/home/vertin/ros2_ws/install/my_python_pkg/lib/python3.10/site-packages:${PYTHONPATH} /usr/bin/python3 -W ignore:setup.py install is deprecated -W ignore:easy_install command is deprecated setup.py egg_info --egg-base ../../build/my_python_pkg build --build-base /home/vertin/ros2_ws/build/my_python_pkg/build install --record /home/vertin/ros2_ws/build/my_python_pkg/install.log --single-version-externally-managed install_data
