[0.038s] Invoking command in '/home/vertin/ros2_ws/build/lio_sam': CMAKE_PREFIX_PATH=/home/vertin/my_ws/install/robot_localizer:/opt/ros/humble /usr/bin/cmake --build /home/vertin/ros2_ws/build/lio_sam -- -j8 -l8
[0.144s] [35m[1mConsolidate compiler generated dependencies of target lio_sam__rosidl_generator_c[0m
[0.177s] [  2%] Built target lio_sam__cpp
[0.200s] [ 10%] Built target lio_sam__rosidl_generator_c
[0.218s] [35m[1mConsolidate compiler generated dependencies of target lio_sam__rosidl_typesupport_fastrtps_cpp[0m
[0.224s] [35m[1mConsolidate compiler generated dependencies of target lio_sam__rosidl_typesupport_cpp[0m
[0.227s] [35m[1mConsolidate compiler generated dependencies of target lio_sam__rosidl_typesupport_introspection_cpp[0m
[0.233s] [35m[1mConsolidate compiler generated dependencies of target lio_sam__rosidl_typesupport_fastrtps_c[0m
[0.243s] [35m[1mConsolidate compiler generated dependencies of target lio_sam__rosidl_typesupport_c[0m
[0.244s] [35m[1mConsolidate compiler generated dependencies of target lio_sam__rosidl_typesupport_introspection_c[0m
[0.255s] [ 10%] Built target ament_cmake_python_copy_lio_sam
[0.284s] [ 19%] Built target lio_sam__rosidl_typesupport_introspection_cpp
[0.285s] [ 27%] Built target lio_sam__rosidl_typesupport_fastrtps_cpp
[0.288s] [ 36%] Built target lio_sam__rosidl_typesupport_fastrtps_c
[0.290s] [ 44%] Built target lio_sam__rosidl_typesupport_c
[0.311s] [ 53%] Built target lio_sam__rosidl_typesupport_introspection_c
[0.312s] [ 61%] Built target lio_sam__rosidl_typesupport_cpp
[0.377s] [35m[1mConsolidate compiler generated dependencies of target lio_sam_featureExtraction[0m
[0.378s] [35m[1mConsolidate compiler generated dependencies of target lio_sam_imageProjection[0m
[0.386s] [35m[1mConsolidate compiler generated dependencies of target lio_sam_mapOptimization[0m
[0.418s] [35m[1mConsolidate compiler generated dependencies of target lio_sam_imuPreintegration[0m
[0.505s] [ 70%] Built target lio_sam_featureExtraction
[0.505s] [ 70%] Built target lio_sam_imageProjection
[0.506s] [ 74%] Built target lio_sam_mapOptimization
[0.525s] [ 78%] Built target lio_sam_imuPreintegration
[0.541s] [ 78%] Built target lio_sam
[0.582s] [ 80%] Built target lio_sam__py
[0.598s] [35m[1mConsolidate compiler generated dependencies of target lio_sam__rosidl_generator_py[0m
[0.616s] [ 87%] Built target lio_sam__rosidl_generator_py
[0.635s] [35m[1mConsolidate compiler generated dependencies of target lio_sam__rosidl_typesupport_c__pyext[0m
[0.636s] [35m[1mConsolidate compiler generated dependencies of target lio_sam__rosidl_typesupport_fastrtps_c__pyext[0m
[0.637s] [35m[1mConsolidate compiler generated dependencies of target lio_sam__rosidl_typesupport_introspection_c__pyext[0m
[0.657s] [ 95%] Built target lio_sam__rosidl_typesupport_fastrtps_c__pyext
[0.658s] [ 95%] Built target lio_sam__rosidl_typesupport_introspection_c__pyext
[0.658s] [100%] Built target lio_sam__rosidl_typesupport_c__pyext
[0.858s] running egg_info
[0.859s] writing lio_sam.egg-info/PKG-INFO
[0.859s] writing dependency_links to lio_sam.egg-info/dependency_links.txt
[0.859s] writing top-level names to lio_sam.egg-info/top_level.txt
[0.862s] reading manifest file 'lio_sam.egg-info/SOURCES.txt'
[0.863s] writing manifest file 'lio_sam.egg-info/SOURCES.txt'
[0.899s] [100%] Built target ament_cmake_python_build_lio_sam_egg
[0.913s] Invoked command in '/home/vertin/ros2_ws/build/lio_sam' returned '0': CMAKE_PREFIX_PATH=/home/vertin/my_ws/install/robot_localizer:/opt/ros/humble /usr/bin/cmake --build /home/vertin/ros2_ws/build/lio_sam -- -j8 -l8
[0.916s] Invoking command in '/home/vertin/ros2_ws/build/lio_sam': CMAKE_PREFIX_PATH=/home/vertin/my_ws/install/robot_localizer:/opt/ros/humble /usr/bin/cmake --install /home/vertin/ros2_ws/build/lio_sam
[0.928s] -- Install configuration: "Release"
[0.928s] -- Installing: /home/vertin/ros2_ws/install/lio_sam/share/ament_index/resource_index/rosidl_interfaces/lio_sam
[0.929s] -- Installing: /home/vertin/ros2_ws/install/lio_sam/include/lio_sam/lio_sam
[0.929s] -- Installing: /home/vertin/ros2_ws/install/lio_sam/include/lio_sam/lio_sam/msg
[0.930s] -- Installing: /home/vertin/ros2_ws/install/lio_sam/include/lio_sam/lio_sam/msg/cloud_info.h
[0.930s] -- Installing: /home/vertin/ros2_ws/install/lio_sam/include/lio_sam/lio_sam/msg/rosidl_generator_c__visibility_control.h
[0.933s] -- Installing: /home/vertin/ros2_ws/install/lio_sam/include/lio_sam/lio_sam/msg/detail
[0.934s] -- Installing: /home/vertin/ros2_ws/install/lio_sam/include/lio_sam/lio_sam/msg/detail/cloud_info__functions.h
[0.934s] -- Installing: /home/vertin/ros2_ws/install/lio_sam/include/lio_sam/lio_sam/msg/detail/cloud_info__type_support.h
[0.934s] -- Installing: /home/vertin/ros2_ws/install/lio_sam/include/lio_sam/lio_sam/msg/detail/cloud_info__functions.c
[0.934s] -- Installing: /home/vertin/ros2_ws/install/lio_sam/include/lio_sam/lio_sam/msg/detail/cloud_info__struct.h
[0.934s] -- Installing: /home/vertin/ros2_ws/install/lio_sam/include/lio_sam/lio_sam/srv
[0.934s] -- Installing: /home/vertin/ros2_ws/install/lio_sam/include/lio_sam/lio_sam/srv/save_map.h
[0.934s] -- Installing: /home/vertin/ros2_ws/install/lio_sam/include/lio_sam/lio_sam/srv/detail
[0.935s] -- Installing: /home/vertin/ros2_ws/install/lio_sam/include/lio_sam/lio_sam/srv/detail/save_map__functions.c
[0.935s] -- Installing: /home/vertin/ros2_ws/install/lio_sam/include/lio_sam/lio_sam/srv/detail/save_map__type_support.h
[0.935s] -- Installing: /home/vertin/ros2_ws/install/lio_sam/include/lio_sam/lio_sam/srv/detail/save_map__functions.h
[0.935s] -- Installing: /home/vertin/ros2_ws/install/lio_sam/include/lio_sam/lio_sam/srv/detail/save_map__struct.h
[0.935s] -- Installing: /home/vertin/ros2_ws/install/lio_sam/share/lio_sam/environment/library_path.sh
[0.935s] -- Installing: /home/vertin/ros2_ws/install/lio_sam/share/lio_sam/environment/library_path.dsv
[0.935s] -- Installing: /home/vertin/ros2_ws/install/lio_sam/lib/liblio_sam__rosidl_generator_c.so
[0.935s] -- Set runtime path of "/home/vertin/ros2_ws/install/lio_sam/lib/liblio_sam__rosidl_generator_c.so" to ""
[0.935s] -- Up-to-date: /home/vertin/ros2_ws/install/lio_sam/include/lio_sam/lio_sam
[0.935s] -- Up-to-date: /home/vertin/ros2_ws/install/lio_sam/include/lio_sam/lio_sam/msg
[0.936s] -- Installing: /home/vertin/ros2_ws/install/lio_sam/include/lio_sam/lio_sam/msg/rosidl_typesupport_fastrtps_c__visibility_control.h
[0.936s] -- Up-to-date: /home/vertin/ros2_ws/install/lio_sam/include/lio_sam/lio_sam/msg/detail
[0.936s] -- Installing: /home/vertin/ros2_ws/install/lio_sam/include/lio_sam/lio_sam/msg/detail/cloud_info__rosidl_typesupport_fastrtps_c.h
[0.936s] -- Up-to-date: /home/vertin/ros2_ws/install/lio_sam/include/lio_sam/lio_sam/srv
[0.936s] -- Up-to-date: /home/vertin/ros2_ws/install/lio_sam/include/lio_sam/lio_sam/srv/detail
[0.936s] -- Installing: /home/vertin/ros2_ws/install/lio_sam/include/lio_sam/lio_sam/srv/detail/save_map__rosidl_typesupport_fastrtps_c.h
[0.936s] -- Installing: /home/vertin/ros2_ws/install/lio_sam/lib/liblio_sam__rosidl_typesupport_fastrtps_c.so
[0.936s] -- Set runtime path of "/home/vertin/ros2_ws/install/lio_sam/lib/liblio_sam__rosidl_typesupport_fastrtps_c.so" to ""
[0.936s] -- Up-to-date: /home/vertin/ros2_ws/install/lio_sam/include/lio_sam/lio_sam
[0.936s] -- Up-to-date: /home/vertin/ros2_ws/install/lio_sam/include/lio_sam/lio_sam/msg
[0.937s] -- Up-to-date: /home/vertin/ros2_ws/install/lio_sam/include/lio_sam/lio_sam/msg/detail
[0.937s] -- Installing: /home/vertin/ros2_ws/install/lio_sam/include/lio_sam/lio_sam/msg/detail/cloud_info__type_support.c
[0.937s] -- Installing: /home/vertin/ros2_ws/install/lio_sam/include/lio_sam/lio_sam/msg/detail/cloud_info__rosidl_typesupport_introspection_c.h
[0.938s] -- Installing: /home/vertin/ros2_ws/install/lio_sam/include/lio_sam/lio_sam/msg/rosidl_typesupport_introspection_c__visibility_control.h
[0.938s] -- Up-to-date: /home/vertin/ros2_ws/install/lio_sam/include/lio_sam/lio_sam/srv
[0.938s] -- Up-to-date: /home/vertin/ros2_ws/install/lio_sam/include/lio_sam/lio_sam/srv/detail
[0.938s] -- Installing: /home/vertin/ros2_ws/install/lio_sam/include/lio_sam/lio_sam/srv/detail/save_map__rosidl_typesupport_introspection_c.h
[0.938s] -- Installing: /home/vertin/ros2_ws/install/lio_sam/include/lio_sam/lio_sam/srv/detail/save_map__type_support.c
[0.938s] -- Installing: /home/vertin/ros2_ws/install/lio_sam/lib/liblio_sam__rosidl_typesupport_introspection_c.so
[0.938s] -- Set runtime path of "/home/vertin/ros2_ws/install/lio_sam/lib/liblio_sam__rosidl_typesupport_introspection_c.so" to ""
[0.938s] -- Installing: /home/vertin/ros2_ws/install/lio_sam/lib/liblio_sam__rosidl_typesupport_c.so
[0.939s] -- Set runtime path of "/home/vertin/ros2_ws/install/lio_sam/lib/liblio_sam__rosidl_typesupport_c.so" to ""
[0.939s] -- Up-to-date: /home/vertin/ros2_ws/install/lio_sam/include/lio_sam/lio_sam
[0.939s] -- Up-to-date: /home/vertin/ros2_ws/install/lio_sam/include/lio_sam/lio_sam/msg
[0.939s] -- Installing: /home/vertin/ros2_ws/install/lio_sam/include/lio_sam/lio_sam/msg/cloud_info.hpp
[0.940s] -- Up-to-date: /home/vertin/ros2_ws/install/lio_sam/include/lio_sam/lio_sam/msg/detail
[0.940s] -- Installing: /home/vertin/ros2_ws/install/lio_sam/include/lio_sam/lio_sam/msg/detail/cloud_info__struct.hpp
[0.940s] -- Installing: /home/vertin/ros2_ws/install/lio_sam/include/lio_sam/lio_sam/msg/detail/cloud_info__traits.hpp
[0.940s] -- Installing: /home/vertin/ros2_ws/install/lio_sam/include/lio_sam/lio_sam/msg/detail/cloud_info__builder.hpp
[0.940s] -- Installing: /home/vertin/ros2_ws/install/lio_sam/include/lio_sam/lio_sam/msg/detail/cloud_info__type_support.hpp
[0.940s] -- Installing: /home/vertin/ros2_ws/install/lio_sam/include/lio_sam/lio_sam/msg/rosidl_generator_cpp__visibility_control.hpp
[0.940s] -- Up-to-date: /home/vertin/ros2_ws/install/lio_sam/include/lio_sam/lio_sam/srv
[0.941s] -- Installing: /home/vertin/ros2_ws/install/lio_sam/include/lio_sam/lio_sam/srv/save_map.hpp
[0.941s] -- Up-to-date: /home/vertin/ros2_ws/install/lio_sam/include/lio_sam/lio_sam/srv/detail
[0.941s] -- Installing: /home/vertin/ros2_ws/install/lio_sam/include/lio_sam/lio_sam/srv/detail/save_map__traits.hpp
[0.941s] -- Installing: /home/vertin/ros2_ws/install/lio_sam/include/lio_sam/lio_sam/srv/detail/save_map__struct.hpp
[0.941s] -- Installing: /home/vertin/ros2_ws/install/lio_sam/include/lio_sam/lio_sam/srv/detail/save_map__builder.hpp
[0.941s] -- Installing: /home/vertin/ros2_ws/install/lio_sam/include/lio_sam/lio_sam/srv/detail/save_map__type_support.hpp
[0.942s] -- Up-to-date: /home/vertin/ros2_ws/install/lio_sam/include/lio_sam/lio_sam
[0.942s] -- Up-to-date: /home/vertin/ros2_ws/install/lio_sam/include/lio_sam/lio_sam/msg
[0.942s] -- Installing: /home/vertin/ros2_ws/install/lio_sam/include/lio_sam/lio_sam/msg/rosidl_typesupport_fastrtps_cpp__visibility_control.h
[0.943s] -- Up-to-date: /home/vertin/ros2_ws/install/lio_sam/include/lio_sam/lio_sam/msg/detail
[0.943s] -- Installing: /home/vertin/ros2_ws/install/lio_sam/include/lio_sam/lio_sam/msg/detail/dds_fastrtps
[0.943s] -- Installing: /home/vertin/ros2_ws/install/lio_sam/include/lio_sam/lio_sam/msg/detail/cloud_info__rosidl_typesupport_fastrtps_cpp.hpp
[0.943s] -- Up-to-date: /home/vertin/ros2_ws/install/lio_sam/include/lio_sam/lio_sam/srv
[0.943s] -- Up-to-date: /home/vertin/ros2_ws/install/lio_sam/include/lio_sam/lio_sam/srv/detail
[0.944s] -- Installing: /home/vertin/ros2_ws/install/lio_sam/include/lio_sam/lio_sam/srv/detail/dds_fastrtps
[0.944s] -- Installing: /home/vertin/ros2_ws/install/lio_sam/include/lio_sam/lio_sam/srv/detail/save_map__rosidl_typesupport_fastrtps_cpp.hpp
[0.944s] -- Installing: /home/vertin/ros2_ws/install/lio_sam/lib/liblio_sam__rosidl_typesupport_fastrtps_cpp.so
[0.945s] -- Set runtime path of "/home/vertin/ros2_ws/install/lio_sam/lib/liblio_sam__rosidl_typesupport_fastrtps_cpp.so" to ""
[0.945s] -- Up-to-date: /home/vertin/ros2_ws/install/lio_sam/include/lio_sam/lio_sam
[0.945s] -- Up-to-date: /home/vertin/ros2_ws/install/lio_sam/include/lio_sam/lio_sam/msg
[0.945s] -- Up-to-date: /home/vertin/ros2_ws/install/lio_sam/include/lio_sam/lio_sam/msg/detail
[0.945s] -- Installing: /home/vertin/ros2_ws/install/lio_sam/include/lio_sam/lio_sam/msg/detail/cloud_info__type_support.cpp
[0.946s] -- Installing: /home/vertin/ros2_ws/install/lio_sam/include/lio_sam/lio_sam/msg/detail/cloud_info__rosidl_typesupport_introspection_cpp.hpp
[0.946s] -- Up-to-date: /home/vertin/ros2_ws/install/lio_sam/include/lio_sam/lio_sam/srv
[0.946s] -- Up-to-date: /home/vertin/ros2_ws/install/lio_sam/include/lio_sam/lio_sam/srv/detail
[0.946s] -- Installing: /home/vertin/ros2_ws/install/lio_sam/include/lio_sam/lio_sam/srv/detail/save_map__rosidl_typesupport_introspection_cpp.hpp
[0.946s] -- Installing: /home/vertin/ros2_ws/install/lio_sam/include/lio_sam/lio_sam/srv/detail/save_map__type_support.cpp
[0.947s] -- Installing: /home/vertin/ros2_ws/install/lio_sam/lib/liblio_sam__rosidl_typesupport_introspection_cpp.so
[0.947s] -- Set runtime path of "/home/vertin/ros2_ws/install/lio_sam/lib/liblio_sam__rosidl_typesupport_introspection_cpp.so" to ""
[0.947s] -- Installing: /home/vertin/ros2_ws/install/lio_sam/lib/liblio_sam__rosidl_typesupport_cpp.so
[0.947s] -- Set runtime path of "/home/vertin/ros2_ws/install/lio_sam/lib/liblio_sam__rosidl_typesupport_cpp.so" to ""
[0.948s] -- Installing: /home/vertin/ros2_ws/install/lio_sam/share/lio_sam/environment/pythonpath.sh
[0.948s] -- Installing: /home/vertin/ros2_ws/install/lio_sam/share/lio_sam/environment/pythonpath.dsv
[0.948s] -- Installing: /home/vertin/ros2_ws/install/lio_sam/local/lib/python3.10/dist-packages/lio_sam-1.0.0-py3.10.egg-info
[0.948s] -- Installing: /home/vertin/ros2_ws/install/lio_sam/local/lib/python3.10/dist-packages/lio_sam-1.0.0-py3.10.egg-info/SOURCES.txt
[0.948s] -- Installing: /home/vertin/ros2_ws/install/lio_sam/local/lib/python3.10/dist-packages/lio_sam-1.0.0-py3.10.egg-info/top_level.txt
[0.948s] -- Installing: /home/vertin/ros2_ws/install/lio_sam/local/lib/python3.10/dist-packages/lio_sam-1.0.0-py3.10.egg-info/dependency_links.txt
[0.949s] -- Installing: /home/vertin/ros2_ws/install/lio_sam/local/lib/python3.10/dist-packages/lio_sam-1.0.0-py3.10.egg-info/PKG-INFO
[0.949s] -- Installing: /home/vertin/ros2_ws/install/lio_sam/local/lib/python3.10/dist-packages/lio_sam
[0.949s] -- Installing: /home/vertin/ros2_ws/install/lio_sam/local/lib/python3.10/dist-packages/lio_sam/liblio_sam__rosidl_generator_py.so
[0.949s] -- Installing: /home/vertin/ros2_ws/install/lio_sam/local/lib/python3.10/dist-packages/lio_sam/_lio_sam_s.ep.rosidl_typesupport_c.c
[0.949s] -- Installing: /home/vertin/ros2_ws/install/lio_sam/local/lib/python3.10/dist-packages/lio_sam/__init__.py
[0.949s] -- Installing: /home/vertin/ros2_ws/install/lio_sam/local/lib/python3.10/dist-packages/lio_sam/lio_sam_s__rosidl_typesupport_fastrtps_c.cpython-310-x86_64-linux-gnu.so
[0.950s] -- Installing: /home/vertin/ros2_ws/install/lio_sam/local/lib/python3.10/dist-packages/lio_sam/msg
[0.950s] -- Installing: /home/vertin/ros2_ws/install/lio_sam/local/lib/python3.10/dist-packages/lio_sam/msg/__init__.py
[0.950s] -- Installing: /home/vertin/ros2_ws/install/lio_sam/local/lib/python3.10/dist-packages/lio_sam/msg/_cloud_info_s.c
[0.950s] -- Installing: /home/vertin/ros2_ws/install/lio_sam/local/lib/python3.10/dist-packages/lio_sam/msg/_cloud_info.py
[0.950s] -- Installing: /home/vertin/ros2_ws/install/lio_sam/local/lib/python3.10/dist-packages/lio_sam/_lio_sam_s.ep.rosidl_typesupport_fastrtps_c.c
[0.950s] -- Installing: /home/vertin/ros2_ws/install/lio_sam/local/lib/python3.10/dist-packages/lio_sam/srv
[0.950s] -- Installing: /home/vertin/ros2_ws/install/lio_sam/local/lib/python3.10/dist-packages/lio_sam/srv/__init__.py
[0.950s] -- Installing: /home/vertin/ros2_ws/install/lio_sam/local/lib/python3.10/dist-packages/lio_sam/srv/_save_map_s.c
[0.950s] -- Installing: /home/vertin/ros2_ws/install/lio_sam/local/lib/python3.10/dist-packages/lio_sam/srv/_save_map.py
[0.951s] -- Installing: /home/vertin/ros2_ws/install/lio_sam/local/lib/python3.10/dist-packages/lio_sam/lio_sam_s__rosidl_typesupport_introspection_c.cpython-310-x86_64-linux-gnu.so
[0.951s] -- Installing: /home/vertin/ros2_ws/install/lio_sam/local/lib/python3.10/dist-packages/lio_sam/_lio_sam_s.ep.rosidl_typesupport_introspection_c.c
[0.951s] -- Installing: /home/vertin/ros2_ws/install/lio_sam/local/lib/python3.10/dist-packages/lio_sam/lio_sam_s__rosidl_typesupport_c.cpython-310-x86_64-linux-gnu.so
[1.020s] Listing '/home/vertin/ros2_ws/install/lio_sam/local/lib/python3.10/dist-packages/lio_sam'...
[1.020s] Compiling '/home/vertin/ros2_ws/install/lio_sam/local/lib/python3.10/dist-packages/lio_sam/__init__.py'...
[1.020s] Listing '/home/vertin/ros2_ws/install/lio_sam/local/lib/python3.10/dist-packages/lio_sam/msg'...
[1.021s] Compiling '/home/vertin/ros2_ws/install/lio_sam/local/lib/python3.10/dist-packages/lio_sam/msg/__init__.py'...
[1.021s] Compiling '/home/vertin/ros2_ws/install/lio_sam/local/lib/python3.10/dist-packages/lio_sam/msg/_cloud_info.py'...
[1.021s] Listing '/home/vertin/ros2_ws/install/lio_sam/local/lib/python3.10/dist-packages/lio_sam/srv'...
[1.021s] Compiling '/home/vertin/ros2_ws/install/lio_sam/local/lib/python3.10/dist-packages/lio_sam/srv/__init__.py'...
[1.021s] Compiling '/home/vertin/ros2_ws/install/lio_sam/local/lib/python3.10/dist-packages/lio_sam/srv/_save_map.py'...
[1.027s] -- Installing: /home/vertin/ros2_ws/install/lio_sam/local/lib/python3.10/dist-packages/lio_sam/lio_sam_s__rosidl_typesupport_fastrtps_c.cpython-310-x86_64-linux-gnu.so
[1.027s] -- Set runtime path of "/home/vertin/ros2_ws/install/lio_sam/local/lib/python3.10/dist-packages/lio_sam/lio_sam_s__rosidl_typesupport_fastrtps_c.cpython-310-x86_64-linux-gnu.so" to ""
[1.028s] -- Installing: /home/vertin/ros2_ws/install/lio_sam/local/lib/python3.10/dist-packages/lio_sam/lio_sam_s__rosidl_typesupport_introspection_c.cpython-310-x86_64-linux-gnu.so
[1.028s] -- Set runtime path of "/home/vertin/ros2_ws/install/lio_sam/local/lib/python3.10/dist-packages/lio_sam/lio_sam_s__rosidl_typesupport_introspection_c.cpython-310-x86_64-linux-gnu.so" to ""
[1.029s] -- Installing: /home/vertin/ros2_ws/install/lio_sam/local/lib/python3.10/dist-packages/lio_sam/lio_sam_s__rosidl_typesupport_c.cpython-310-x86_64-linux-gnu.so
[1.029s] -- Set runtime path of "/home/vertin/ros2_ws/install/lio_sam/local/lib/python3.10/dist-packages/lio_sam/lio_sam_s__rosidl_typesupport_c.cpython-310-x86_64-linux-gnu.so" to ""
[1.029s] -- Installing: /home/vertin/ros2_ws/install/lio_sam/lib/liblio_sam__rosidl_generator_py.so
[1.030s] -- Set runtime path of "/home/vertin/ros2_ws/install/lio_sam/lib/liblio_sam__rosidl_generator_py.so" to ""
[1.030s] -- Installing: /home/vertin/ros2_ws/install/lio_sam/share/lio_sam/msg/CloudInfo.idl
[1.030s] -- Installing: /home/vertin/ros2_ws/install/lio_sam/share/lio_sam/srv/SaveMap.idl
[1.031s] -- Installing: /home/vertin/ros2_ws/install/lio_sam/share/lio_sam/msg/CloudInfo.msg
[1.031s] -- Installing: /home/vertin/ros2_ws/install/lio_sam/share/lio_sam/srv/SaveMap.srv
[1.031s] -- Installing: /home/vertin/ros2_ws/install/lio_sam/share/lio_sam/srv/SaveMap_Request.msg
[1.032s] -- Installing: /home/vertin/ros2_ws/install/lio_sam/share/lio_sam/srv/SaveMap_Response.msg
[1.032s] -- Installing: /home/vertin/ros2_ws/install/lio_sam/share/lio_sam//launch
[1.032s] -- Installing: /home/vertin/ros2_ws/install/lio_sam/share/lio_sam//launch/run.launch.py
[1.032s] -- Installing: /home/vertin/ros2_ws/install/lio_sam/share/lio_sam//config
[1.033s] -- Installing: /home/vertin/ros2_ws/install/lio_sam/share/lio_sam//config/params.yaml
[1.033s] -- Installing: /home/vertin/ros2_ws/install/lio_sam/share/lio_sam//config/robot.urdf.xacro
[1.033s] -- Installing: /home/vertin/ros2_ws/install/lio_sam/share/lio_sam//config/doc
[1.033s] -- Installing: /home/vertin/ros2_ws/install/lio_sam/share/lio_sam//config/doc/kitti-map.png
[1.033s] -- Installing: /home/vertin/ros2_ws/install/lio_sam/share/lio_sam//config/doc/system.png
[1.034s] -- Installing: /home/vertin/ros2_ws/install/lio_sam/share/lio_sam//config/doc/loop-closure-2.gif
[1.048s] -- Installing: /home/vertin/ros2_ws/install/lio_sam/share/lio_sam//config/doc/imu-transform.png
[1.050s] -- Installing: /home/vertin/ros2_ws/install/lio_sam/share/lio_sam//config/doc/kitti-demo.gif
[1.064s] -- Installing: /home/vertin/ros2_ws/install/lio_sam/share/lio_sam//config/doc/ouster-device.jpg
[1.064s] -- Installing: /home/vertin/ros2_ws/install/lio_sam/share/lio_sam//config/doc/ouster-demo.gif
[1.074s] -- Installing: /home/vertin/ros2_ws/install/lio_sam/share/lio_sam//config/doc/device-jackal.png
[1.074s] -- Installing: /home/vertin/ros2_ws/install/lio_sam/share/lio_sam//config/doc/imu-debug.gif
[1.079s] -- Installing: /home/vertin/ros2_ws/install/lio_sam/share/lio_sam//config/doc/device-boat.png
[1.079s] -- Installing: /home/vertin/ros2_ws/install/lio_sam/share/lio_sam//config/doc/gps-demo.gif
[1.087s] -- Installing: /home/vertin/ros2_ws/install/lio_sam/share/lio_sam//config/doc/device-hand-2.png
[1.087s] -- Installing: /home/vertin/ros2_ws/install/lio_sam/share/lio_sam//config/doc/loop-closure.gif
[1.099s] -- Installing: /home/vertin/ros2_ws/install/lio_sam/share/lio_sam//config/doc/demo.gif
[1.107s] -- Installing: /home/vertin/ros2_ws/install/lio_sam/share/lio_sam//config/doc/kitti2bag
[1.108s] -- Installing: /home/vertin/ros2_ws/install/lio_sam/share/lio_sam//config/doc/kitti2bag/kitti2bag.py
[1.108s] -- Installing: /home/vertin/ros2_ws/install/lio_sam/share/lio_sam//config/doc/kitti2bag/README.md
[1.108s] -- Installing: /home/vertin/ros2_ws/install/lio_sam/share/lio_sam//config/doc/device-hand.png
[1.108s] -- Installing: /home/vertin/ros2_ws/install/lio_sam/share/lio_sam//config/doc/paper.pdf
[1.113s] -- Installing: /home/vertin/ros2_ws/install/lio_sam/share/lio_sam//config/rviz2.rviz
[1.114s] -- Installing: /home/vertin/ros2_ws/install/lio_sam/lib/lio_sam/lio_sam_imageProjection
[1.117s] -- Set runtime path of "/home/vertin/ros2_ws/install/lio_sam/lib/lio_sam/lio_sam_imageProjection" to ""
[1.117s] -- Installing: /home/vertin/ros2_ws/install/lio_sam/lib/lio_sam/lio_sam_imuPreintegration
[1.119s] -- Set runtime path of "/home/vertin/ros2_ws/install/lio_sam/lib/lio_sam/lio_sam_imuPreintegration" to ""
[1.119s] -- Installing: /home/vertin/ros2_ws/install/lio_sam/lib/lio_sam/lio_sam_featureExtraction
[1.121s] -- Set runtime path of "/home/vertin/ros2_ws/install/lio_sam/lib/lio_sam/lio_sam_featureExtraction" to ""
[1.121s] -- Installing: /home/vertin/ros2_ws/install/lio_sam/lib/lio_sam/lio_sam_mapOptimization
[1.125s] -- Set runtime path of "/home/vertin/ros2_ws/install/lio_sam/lib/lio_sam/lio_sam_mapOptimization" to ""
[1.125s] -- Up-to-date: /home/vertin/ros2_ws/install/lio_sam/include
[1.125s] -- Up-to-date: /home/vertin/ros2_ws/install/lio_sam/include/lio_sam
[1.125s] -- Installing: /home/vertin/ros2_ws/install/lio_sam/include/lio_sam/utility.hpp
[1.126s] -- Installing: /home/vertin/ros2_ws/install/lio_sam/share/ament_index/resource_index/package_run_dependencies/lio_sam
[1.126s] -- Installing: /home/vertin/ros2_ws/install/lio_sam/share/ament_index/resource_index/parent_prefix_path/lio_sam
[1.126s] -- Installing: /home/vertin/ros2_ws/install/lio_sam/share/lio_sam/environment/ament_prefix_path.sh
[1.126s] -- Installing: /home/vertin/ros2_ws/install/lio_sam/share/lio_sam/environment/ament_prefix_path.dsv
[1.126s] -- Installing: /home/vertin/ros2_ws/install/lio_sam/share/lio_sam/environment/path.sh
[1.127s] -- Installing: /home/vertin/ros2_ws/install/lio_sam/share/lio_sam/environment/path.dsv
[1.127s] -- Installing: /home/vertin/ros2_ws/install/lio_sam/share/lio_sam/local_setup.bash
[1.127s] -- Installing: /home/vertin/ros2_ws/install/lio_sam/share/lio_sam/local_setup.sh
[1.127s] -- Installing: /home/vertin/ros2_ws/install/lio_sam/share/lio_sam/local_setup.zsh
[1.128s] -- Installing: /home/vertin/ros2_ws/install/lio_sam/share/lio_sam/local_setup.dsv
[1.128s] -- Installing: /home/vertin/ros2_ws/install/lio_sam/share/lio_sam/package.dsv
[1.128s] -- Installing: /home/vertin/ros2_ws/install/lio_sam/share/ament_index/resource_index/packages/lio_sam
[1.128s] -- Installing: /home/vertin/ros2_ws/install/lio_sam/share/lio_sam/cmake/export_lio_sam__rosidl_generator_cExport.cmake
[1.129s] -- Installing: /home/vertin/ros2_ws/install/lio_sam/share/lio_sam/cmake/export_lio_sam__rosidl_generator_cExport-release.cmake
[1.129s] -- Installing: /home/vertin/ros2_ws/install/lio_sam/share/lio_sam/cmake/export_lio_sam__rosidl_typesupport_fastrtps_cExport.cmake
[1.129s] -- Installing: /home/vertin/ros2_ws/install/lio_sam/share/lio_sam/cmake/export_lio_sam__rosidl_typesupport_fastrtps_cExport-release.cmake
[1.129s] -- Installing: /home/vertin/ros2_ws/install/lio_sam/share/lio_sam/cmake/lio_sam__rosidl_typesupport_introspection_cExport.cmake
[1.130s] -- Installing: /home/vertin/ros2_ws/install/lio_sam/share/lio_sam/cmake/lio_sam__rosidl_typesupport_introspection_cExport-release.cmake
[1.130s] -- Installing: /home/vertin/ros2_ws/install/lio_sam/share/lio_sam/cmake/lio_sam__rosidl_typesupport_cExport.cmake
[1.130s] -- Installing: /home/vertin/ros2_ws/install/lio_sam/share/lio_sam/cmake/lio_sam__rosidl_typesupport_cExport-release.cmake
[1.130s] -- Installing: /home/vertin/ros2_ws/install/lio_sam/share/lio_sam/cmake/export_lio_sam__rosidl_generator_cppExport.cmake
[1.131s] -- Installing: /home/vertin/ros2_ws/install/lio_sam/share/lio_sam/cmake/export_lio_sam__rosidl_typesupport_fastrtps_cppExport.cmake
[1.131s] -- Installing: /home/vertin/ros2_ws/install/lio_sam/share/lio_sam/cmake/export_lio_sam__rosidl_typesupport_fastrtps_cppExport-release.cmake
[1.131s] -- Installing: /home/vertin/ros2_ws/install/lio_sam/share/lio_sam/cmake/lio_sam__rosidl_typesupport_introspection_cppExport.cmake
[1.132s] -- Installing: /home/vertin/ros2_ws/install/lio_sam/share/lio_sam/cmake/lio_sam__rosidl_typesupport_introspection_cppExport-release.cmake
[1.132s] -- Installing: /home/vertin/ros2_ws/install/lio_sam/share/lio_sam/cmake/lio_sam__rosidl_typesupport_cppExport.cmake
[1.132s] -- Installing: /home/vertin/ros2_ws/install/lio_sam/share/lio_sam/cmake/lio_sam__rosidl_typesupport_cppExport-release.cmake
[1.132s] -- Installing: /home/vertin/ros2_ws/install/lio_sam/share/lio_sam/cmake/export_lio_sam__rosidl_generator_pyExport.cmake
[1.133s] -- Installing: /home/vertin/ros2_ws/install/lio_sam/share/lio_sam/cmake/export_lio_sam__rosidl_generator_pyExport-release.cmake
[1.133s] -- Installing: /home/vertin/ros2_ws/install/lio_sam/share/lio_sam/cmake/rosidl_cmake-extras.cmake
[1.133s] -- Installing: /home/vertin/ros2_ws/install/lio_sam/share/lio_sam/cmake/ament_cmake_export_dependencies-extras.cmake
[1.133s] -- Installing: /home/vertin/ros2_ws/install/lio_sam/share/lio_sam/cmake/ament_cmake_export_include_directories-extras.cmake
[1.134s] -- Installing: /home/vertin/ros2_ws/install/lio_sam/share/lio_sam/cmake/ament_cmake_export_libraries-extras.cmake
[1.134s] -- Installing: /home/vertin/ros2_ws/install/lio_sam/share/lio_sam/cmake/ament_cmake_export_targets-extras.cmake
[1.134s] -- Installing: /home/vertin/ros2_ws/install/lio_sam/share/lio_sam/cmake/rosidl_cmake_export_typesupport_targets-extras.cmake
[1.134s] -- Installing: /home/vertin/ros2_ws/install/lio_sam/share/lio_sam/cmake/rosidl_cmake_export_typesupport_libraries-extras.cmake
[1.134s] -- Installing: /home/vertin/ros2_ws/install/lio_sam/share/lio_sam/cmake/lio_samConfig.cmake
[1.135s] -- Installing: /home/vertin/ros2_ws/install/lio_sam/share/lio_sam/cmake/lio_samConfig-version.cmake
[1.135s] -- Installing: /home/vertin/ros2_ws/install/lio_sam/share/lio_sam/package.xml
[1.139s] Invoked command in '/home/vertin/ros2_ws/build/lio_sam' returned '0': CMAKE_PREFIX_PATH=/home/vertin/my_ws/install/robot_localizer:/opt/ros/humble /usr/bin/cmake --install /home/vertin/ros2_ws/build/lio_sam
