[0.022s] Invoking command in '/home/vertin/ros2_ws/build/ugv_sdk': /usr/bin/cmake /home/vertin/ros2_ws/src/ugv_sdk -DCATKIN_INSTALL_INTO_PREFIX_ROOT=0 -DCMAKE_INSTALL_PREFIX=/home/vertin/ros2_ws/install/ugv_sdk
[0.117s] -- The C compiler identification is GNU 11.4.0
[0.201s] -- The CXX compiler identification is GNU 11.4.0
[0.214s] -- Detecting C compiler ABI info
[0.326s] -- Detecting C compiler ABI info - done
[0.347s] -- Check for working C compiler: /usr/bin/cc - skipped
[0.348s] -- Detecting C compile features
[0.349s] -- Detecting C compile features - done
[0.355s] -- Detecting CXX compiler ABI info
[0.488s] -- Detecting CXX compiler ABI info - done
[0.502s] -- Check for working CXX compiler: /usr/bin/c++ - skipped
[0.503s] -- Detecting CXX compile features
[0.504s] -- Detecting CXX compile features - done
[0.505s] -- Build package with cmake
[0.505s] -- Setting build type to 'Release' as none was specified.
[0.506s] -- Tests will not be built
[0.509s] -- Looking for pthread.h
[0.644s] -- Looking for pthread.h - found
[0.644s] -- Performing Test CMAKE_HAVE_LIBC_PTHREAD
[0.808s] -- Performing Test CMAKE_HAVE_LIBC_PTHREAD - Success
[0.812s] -- Found Threads: TRUE  
[0.817s] -- Project will be installed to /home/vertin/ros2_ws/install/ugv_sdk with 'make install'
[0.817s] --  - To install LIB components to /home/vertin/ros2_ws/install/ugv_sdk/lib
[0.817s] --  - To install BIN components to /home/vertin/ros2_ws/install/ugv_sdk/bin
[0.818s] --  - To install INCLUDE components to /home/vertin/ros2_ws/install/ugv_sdk/include
[0.818s] --  - To install CMAKE components to /home/vertin/ros2_ws/install/ugv_sdk/share/cmake/ugv_sdk
[0.839s] -- Configuring done
[0.884s] -- Generating done
[0.887s] [33mCMake Warning:
[0.888s]   Manually-specified variables were not used by the project:
[0.888s] 
[0.888s]     CATKIN_INSTALL_INTO_PREFIX_ROOT
[0.888s] 
[0.888s] [0m
[0.897s] -- Build files have been written to: /home/vertin/ros2_ws/build/ugv_sdk
[0.913s] Invoked command in '/home/vertin/ros2_ws/build/ugv_sdk' returned '0': /usr/bin/cmake /home/vertin/ros2_ws/src/ugv_sdk -DCATKIN_INSTALL_INTO_PREFIX_ROOT=0 -DCMAKE_INSTALL_PREFIX=/home/vertin/ros2_ws/install/ugv_sdk
[0.914s] Invoking command in '/home/vertin/ros2_ws/build/ugv_sdk': /usr/bin/cmake --build /home/vertin/ros2_ws/build/ugv_sdk -- -j8 -l8
[1.020s] [  3%] [32mBuilding CXX object CMakeFiles/ugv_sdk.dir/src/async_port/async_serial.cpp.o[0m
[1.029s] [  7%] [32mBuilding CXX object CMakeFiles/ugv_sdk.dir/src/async_port/async_can.cpp.o[0m
[1.032s] [ 10%] [32mBuilding CXX object CMakeFiles/ugv_sdk.dir/src/mobile_robot/scout_robot.cpp.o[0m
[1.032s] [ 14%] [32mBuilding CXX object CMakeFiles/ugv_sdk.dir/src/utilities/protocol_detector.cpp.o[0m
[1.036s] [ 17%] [32mBuilding CXX object CMakeFiles/ugv_sdk.dir/src/mobile_robot/hunter_robot.cpp.o[0m
[1.042s] [ 21%] [32mBuilding CXX object CMakeFiles/ugv_sdk.dir/src/mobile_robot/ranger_robot.cpp.o[0m
[1.047s] [ 25%] [32mBuilding CXX object CMakeFiles/ugv_sdk.dir/src/mobile_robot/bunker_robot.cpp.o[0m
[1.057s] [ 28%] [32mBuilding CXX object CMakeFiles/ugv_sdk.dir/src/mobile_robot/titan_robot.cpp.o[0m
[15.507s] [ 32%] [32mBuilding C object CMakeFiles/ugv_sdk.dir/src/protocol_v2/agilex_msg_parser_v2.c.o[0m
[15.545s] [ 35%] [32mBuilding CXX object CMakeFiles/ugv_sdk.dir/src/protocol_v2/protocol_v2_parser.cpp.o[0m
[15.702s] [ 39%] [32mBuilding C object CMakeFiles/ugv_sdk.dir/src/protocol_v1/agilex_msg_parser_v1.c.o[0m
[29.364s] [ 42%] [32m[1mLinking CXX static library lib/libugv_sdk.a[0m
[29.513s] [ 42%] Built target ugv_sdk
[29.598s] [ 46%] [32mBuilding CXX object sample/scout_demo/CMakeFiles/demo_scout_mini_omni_robot.dir/scout_mini_omni_demo.cpp.o[0m
[29.604s] [ 50%] [32mBuilding CXX object sample/scout_demo/CMakeFiles/demo_scout_robot.dir/scout_robot_demo.cpp.o[0m
[29.617s] [ 53%] [32mBuilding CXX object sample/ranger_demo/CMakeFiles/demo_ranger_robot.dir/ranger_robot_demo.cpp.o[0m
[29.620s] [ 57%] [32mBuilding CXX object sample/hunter_demo/CMakeFiles/demo_hunter_robot.dir/hunter_robot_demo.cpp.o[0m
[29.621s] [ 60%] [32mBuilding CXX object sample/utils_demo/CMakeFiles/demo_robot_version.dir/demo_robot_version.cpp.o[0m
[29.622s] [ 64%] [32mBuilding CXX object sample/tracer_demo/CMakeFiles/demo_tracer_robot.dir/tracer_robot_demo.cpp.o[0m
[29.634s] [ 67%] [32mBuilding CXX object sample/bunker_demo/CMakeFiles/demo_bunker_robot.dir/bunker_robot_demo.cpp.o[0m
[29.644s] [ 71%] [32mBuilding CXX object sample/utils_demo/CMakeFiles/demo_protocol_detector.dir/demo_protocol_detector.cpp.o[0m
[35.725s] [ 75%] [32m[1mLinking CXX executable ../../bin/demo_bunker_robot[0m
[36.001s] [ 75%] Built target demo_bunker_robot
[40.085s] [ 78%] [32m[1mLinking CXX executable ../../bin/demo_hunter_robot[0m
[41.679s] [ 78%] Built target demo_hunter_robot
[42.374s] [ 82%] [32m[1mLinking CXX executable ../../bin/demo_protocol_detector[0m
[42.587s] [ 82%] Built target demo_protocol_detector
[42.641s] [ 85%] [32m[1mLinking CXX executable ../../bin/demo_scout_robot[0m
[42.697s] [ 89%] [32m[1mLinking CXX executable ../../bin/demo_robot_version[0m
[42.849s] [ 92%] [32m[1mLinking CXX executable ../../bin/demo_ranger_robot[0m
[42.872s] [ 92%] Built target demo_scout_robot
[42.920s] [ 92%] Built target demo_robot_version
[43.006s] [ 96%] [32m[1mLinking CXX executable ../../bin/demo_scout_mini_omni_robot[0m
[43.065s] [ 96%] Built target demo_ranger_robot
[43.192s] [ 96%] Built target demo_scout_mini_omni_robot
[43.465s] [100%] [32m[1mLinking CXX executable ../../bin/demo_tracer_robot[0m
[43.604s] [100%] Built target demo_tracer_robot
[43.622s] Invoked command in '/home/vertin/ros2_ws/build/ugv_sdk' returned '0': /usr/bin/cmake --build /home/vertin/ros2_ws/build/ugv_sdk -- -j8 -l8
[43.636s] Invoking command in '/home/vertin/ros2_ws/build/ugv_sdk': /usr/bin/cmake --install /home/vertin/ros2_ws/build/ugv_sdk
[43.647s] -- Install configuration: "Release"
[43.647s] -- Installing: /home/vertin/ros2_ws/install/ugv_sdk/lib/libugv_sdk.a
[43.649s] -- Installing: /home/vertin/ros2_ws/install/ugv_sdk/include/ugv_sdk
[43.649s] -- Installing: /home/vertin/ros2_ws/install/ugv_sdk/include/ugv_sdk/utilities
[43.650s] -- Installing: /home/vertin/ros2_ws/install/ugv_sdk/include/ugv_sdk/utilities/protocol_detector.hpp
[43.650s] -- Installing: /home/vertin/ros2_ws/install/ugv_sdk/include/ugv_sdk/details
[43.650s] -- Installing: /home/vertin/ros2_ws/install/ugv_sdk/include/ugv_sdk/details/parser_base.hpp
[43.650s] -- Installing: /home/vertin/ros2_ws/install/ugv_sdk/include/ugv_sdk/details/protocol_v2
[43.651s] -- Installing: /home/vertin/ros2_ws/install/ugv_sdk/include/ugv_sdk/details/protocol_v2/protocol_v2_parser.hpp
[43.651s] -- Installing: /home/vertin/ros2_ws/install/ugv_sdk/include/ugv_sdk/details/robot_base
[43.651s] -- Installing: /home/vertin/ros2_ws/install/ugv_sdk/include/ugv_sdk/details/robot_base/titan_base.hpp
[43.651s] -- Installing: /home/vertin/ros2_ws/install/ugv_sdk/include/ugv_sdk/details/robot_base/ranger_base.hpp
[43.651s] -- Installing: /home/vertin/ros2_ws/install/ugv_sdk/include/ugv_sdk/details/robot_base/scout_base.hpp
[43.652s] -- Installing: /home/vertin/ros2_ws/install/ugv_sdk/include/ugv_sdk/details/robot_base/hunter_base.hpp
[43.652s] -- Installing: /home/vertin/ros2_ws/install/ugv_sdk/include/ugv_sdk/details/robot_base/agilex_base.hpp
[43.652s] -- Installing: /home/vertin/ros2_ws/install/ugv_sdk/include/ugv_sdk/details/robot_base/tracer_base.hpp
[43.652s] -- Installing: /home/vertin/ros2_ws/install/ugv_sdk/include/ugv_sdk/details/robot_base/bunker_base.hpp
[43.653s] -- Installing: /home/vertin/ros2_ws/install/ugv_sdk/include/ugv_sdk/details/async_port
[43.653s] -- Installing: /home/vertin/ros2_ws/install/ugv_sdk/include/ugv_sdk/details/async_port/async_can.hpp
[43.653s] -- Installing: /home/vertin/ros2_ws/install/ugv_sdk/include/ugv_sdk/details/async_port/ring_buffer.hpp
[43.653s] -- Installing: /home/vertin/ros2_ws/install/ugv_sdk/include/ugv_sdk/details/async_port/async_serial.hpp
[43.654s] -- Installing: /home/vertin/ros2_ws/install/ugv_sdk/include/ugv_sdk/details/interface
[43.654s] -- Installing: /home/vertin/ros2_ws/install/ugv_sdk/include/ugv_sdk/details/interface/agilex_types.h
[43.654s] -- Installing: /home/vertin/ros2_ws/install/ugv_sdk/include/ugv_sdk/details/interface/scout_interface.hpp
[43.654s] -- Installing: /home/vertin/ros2_ws/install/ugv_sdk/include/ugv_sdk/details/interface/tracer_interface.hpp
[43.655s] -- Installing: /home/vertin/ros2_ws/install/ugv_sdk/include/ugv_sdk/details/interface/ranger_interface.hpp
[43.655s] -- Installing: /home/vertin/ros2_ws/install/ugv_sdk/include/ugv_sdk/details/interface/titan_interface.hpp
[43.655s] -- Installing: /home/vertin/ros2_ws/install/ugv_sdk/include/ugv_sdk/details/interface/robot_common_interface.hpp
[43.655s] -- Installing: /home/vertin/ros2_ws/install/ugv_sdk/include/ugv_sdk/details/interface/agilex_message.h
[43.656s] -- Installing: /home/vertin/ros2_ws/install/ugv_sdk/include/ugv_sdk/details/interface/bunker_interface.hpp
[43.656s] -- Installing: /home/vertin/ros2_ws/install/ugv_sdk/include/ugv_sdk/details/interface/hunter_interface.hpp
[43.656s] -- Installing: /home/vertin/ros2_ws/install/ugv_sdk/include/ugv_sdk/details/protocol_v1
[43.656s] -- Installing: /home/vertin/ros2_ws/install/ugv_sdk/include/ugv_sdk/details/protocol_v1/agilex_msg_parser_v1.h
[43.657s] -- Installing: /home/vertin/ros2_ws/install/ugv_sdk/include/ugv_sdk/details/protocol_v1/protocol_v1_parser.hpp
[43.657s] -- Installing: /home/vertin/ros2_ws/install/ugv_sdk/include/ugv_sdk/details/protocol_v1/robot_limits.hpp
[43.657s] -- Installing: /home/vertin/ros2_ws/install/ugv_sdk/include/ugv_sdk/mobile_robot
[43.658s] -- Installing: /home/vertin/ros2_ws/install/ugv_sdk/include/ugv_sdk/mobile_robot/hunter_robot.hpp
[43.658s] -- Installing: /home/vertin/ros2_ws/install/ugv_sdk/include/ugv_sdk/mobile_robot/titan_robot.hpp
[43.658s] -- Installing: /home/vertin/ros2_ws/install/ugv_sdk/include/ugv_sdk/mobile_robot/bunker_robot.hpp
[43.658s] -- Installing: /home/vertin/ros2_ws/install/ugv_sdk/include/ugv_sdk/mobile_robot/scout_robot.hpp
[43.658s] -- Installing: /home/vertin/ros2_ws/install/ugv_sdk/include/ugv_sdk/mobile_robot/tracer_robot.hpp
[43.659s] -- Installing: /home/vertin/ros2_ws/install/ugv_sdk/include/ugv_sdk/mobile_robot/ranger_robot.hpp
[43.659s] -- Installing: /home/vertin/ros2_ws/install/ugv_sdk/lib/cmake/ugv_sdk/ugv_sdkTargets.cmake
[43.659s] -- Installing: /home/vertin/ros2_ws/install/ugv_sdk/lib/cmake/ugv_sdk/ugv_sdkTargets-release.cmake
[43.659s] -- Installing: /home/vertin/ros2_ws/install/ugv_sdk/lib/cmake/ugv_sdk/ugv_sdkConfig.cmake
[43.659s] -- Installing: /home/vertin/ros2_ws/install/ugv_sdk/lib/cmake/ugv_sdk/ugv_sdkConfigVersion.cmake
[43.662s] Invoked command in '/home/vertin/ros2_ws/build/ugv_sdk' returned '0': /usr/bin/cmake --install /home/vertin/ros2_ws/build/ugv_sdk
