[1.427s] Invoking command in '/home/vertin/ros2_ws/build/unitree_lidar_ros2': CMAKE_PREFIX_PATH=/home/vertin/my_ws/install/robot_localizer:/opt/ros/humble /usr/bin/cmake --build /home/vertin/ros2_ws/build/unitree_lidar_ros2 -- -j8 -l8
[1.674s] [100%] Built target unitree_lidar_ros2_node
[1.757s] Invoked command in '/home/vertin/ros2_ws/build/unitree_lidar_ros2' returned '0': CMAKE_PREFIX_PATH=/home/vertin/my_ws/install/robot_localizer:/opt/ros/humble /usr/bin/cmake --build /home/vertin/ros2_ws/build/unitree_lidar_ros2 -- -j8 -l8
[1.758s] Invoking command in '/home/vertin/ros2_ws/build/unitree_lidar_ros2': CMAKE_PREFIX_PATH=/home/vertin/my_ws/install/robot_localizer:/opt/ros/humble /usr/bin/cmake --install /home/vertin/ros2_ws/build/unitree_lidar_ros2
[1.819s] -- Install configuration: ""
[1.819s] -- Up-to-date: /home/vertin/ros2_ws/install/unitree_lidar_ros2/lib/unitree_lidar_ros2/unitree_lidar_ros2_node
[1.819s] -- Up-to-date: /home/vertin/ros2_ws/install/unitree_lidar_ros2/share/unitree_lidar_ros2/view.rviz
[1.820s] -- Up-to-date: /home/vertin/ros2_ws/install/unitree_lidar_ros2/share/unitree_lidar_ros2/launch.py
[1.820s] -- Up-to-date: /home/vertin/ros2_ws/install/unitree_lidar_ros2/share/ament_index/resource_index/package_run_dependencies/unitree_lidar_ros2
[1.820s] -- Up-to-date: /home/vertin/ros2_ws/install/unitree_lidar_ros2/share/ament_index/resource_index/parent_prefix_path/unitree_lidar_ros2
[1.821s] -- Up-to-date: /home/vertin/ros2_ws/install/unitree_lidar_ros2/share/unitree_lidar_ros2/environment/ament_prefix_path.sh
[1.821s] -- Up-to-date: /home/vertin/ros2_ws/install/unitree_lidar_ros2/share/unitree_lidar_ros2/environment/ament_prefix_path.dsv
[1.821s] -- Up-to-date: /home/vertin/ros2_ws/install/unitree_lidar_ros2/share/unitree_lidar_ros2/environment/path.sh
[1.821s] -- Up-to-date: /home/vertin/ros2_ws/install/unitree_lidar_ros2/share/unitree_lidar_ros2/environment/path.dsv
[1.821s] -- Up-to-date: /home/vertin/ros2_ws/install/unitree_lidar_ros2/share/unitree_lidar_ros2/local_setup.bash
[1.822s] -- Up-to-date: /home/vertin/ros2_ws/install/unitree_lidar_ros2/share/unitree_lidar_ros2/local_setup.sh
[1.822s] -- Up-to-date: /home/vertin/ros2_ws/install/unitree_lidar_ros2/share/unitree_lidar_ros2/local_setup.zsh
[1.822s] -- Up-to-date: /home/vertin/ros2_ws/install/unitree_lidar_ros2/share/unitree_lidar_ros2/local_setup.dsv
[1.822s] -- Installing: /home/vertin/ros2_ws/install/unitree_lidar_ros2/share/unitree_lidar_ros2/package.dsv
[1.822s] -- Up-to-date: /home/vertin/ros2_ws/install/unitree_lidar_ros2/share/ament_index/resource_index/packages/unitree_lidar_ros2
[1.823s] -- Up-to-date: /home/vertin/ros2_ws/install/unitree_lidar_ros2/share/unitree_lidar_ros2/cmake/unitree_lidar_ros2Config.cmake
[1.823s] -- Up-to-date: /home/vertin/ros2_ws/install/unitree_lidar_ros2/share/unitree_lidar_ros2/cmake/unitree_lidar_ros2Config-version.cmake
[1.823s] -- Up-to-date: /home/vertin/ros2_ws/install/unitree_lidar_ros2/share/unitree_lidar_ros2/package.xml
[1.899s] Invoked command in '/home/vertin/ros2_ws/build/unitree_lidar_ros2' returned '0': CMAKE_PREFIX_PATH=/home/vertin/my_ws/install/robot_localizer:/opt/ros/humble /usr/bin/cmake --install /home/vertin/ros2_ws/build/unitree_lidar_ros2
