[0.112s] Invoking command in '/home/vertin/ros2_ws/build/tracer_msgs': CMAKE_PREFIX_PATH=/home/vertin/my_ws/install/robot_localizer:/opt/ros/humble /usr/bin/cmake --build /home/vertin/ros2_ws/build/tracer_msgs -- -j8 -l8
[1.505s] [  4%] Built target tracer_msgs__cpp
[1.505s] [ 12%] Built target tracer_msgs__rosidl_generator_c
[1.505s] [ 12%] Built target ament_cmake_python_copy_tracer_msgs
[1.506s] [ 23%] Built target tracer_msgs__rosidl_typesupport_cpp
[1.506s] [ 34%] Built target tracer_msgs__rosidl_typesupport_introspection_c
[1.506s] [ 46%] Built target tracer_msgs__rosidl_typesupport_c
[1.508s] [ 57%] Built target tracer_msgs__rosidl_typesupport_fastrtps_cpp
[1.508s] [ 68%] Built target tracer_msgs__rosidl_typesupport_introspection_cpp
[1.509s] [ 79%] Built target tracer_msgs__rosidl_typesupport_fastrtps_c
[1.509s] [ 79%] Built target tracer_msgs
[1.509s] [ 80%] Built target tracer_msgs__py
[1.509s] [ 90%] Built target tracer_msgs__rosidl_generator_py
[1.510s] [ 93%] Built target tracer_msgs__rosidl_typesupport_c__pyext
[1.510s] [ 96%] Built target tracer_msgs__rosidl_typesupport_introspection_c__pyext
[1.510s] [100%] Built target tracer_msgs__rosidl_typesupport_fastrtps_c__pyext
[1.511s] running egg_info
[1.511s] writing tracer_msgs.egg-info/PKG-INFO
[1.512s] writing dependency_links to tracer_msgs.egg-info/dependency_links.txt
[1.512s] writing top-level names to tracer_msgs.egg-info/top_level.txt
[1.512s] reading manifest file 'tracer_msgs.egg-info/SOURCES.txt'
[1.512s] writing manifest file 'tracer_msgs.egg-info/SOURCES.txt'
[1.512s] [100%] Built target ament_cmake_python_build_tracer_msgs_egg
[1.567s] Invoked command in '/home/vertin/ros2_ws/build/tracer_msgs' returned '0': CMAKE_PREFIX_PATH=/home/vertin/my_ws/install/robot_localizer:/opt/ros/humble /usr/bin/cmake --build /home/vertin/ros2_ws/build/tracer_msgs -- -j8 -l8
[1.568s] Invoking command in '/home/vertin/ros2_ws/build/tracer_msgs': CMAKE_PREFIX_PATH=/home/vertin/my_ws/install/robot_localizer:/opt/ros/humble /usr/bin/cmake --install /home/vertin/ros2_ws/build/tracer_msgs
[1.640s] -- Install configuration: ""
[1.640s] -- Up-to-date: /home/vertin/ros2_ws/install/tracer_msgs/share/ament_index/resource_index/rosidl_interfaces/tracer_msgs
[1.640s] -- Up-to-date: /home/vertin/ros2_ws/install/tracer_msgs/include/tracer_msgs/tracer_msgs
[1.641s] -- Up-to-date: /home/vertin/ros2_ws/install/tracer_msgs/include/tracer_msgs/tracer_msgs/msg
[1.649s] -- Up-to-date: /home/vertin/ros2_ws/install/tracer_msgs/include/tracer_msgs/tracer_msgs/msg/tracer_status.h
[1.649s] -- Up-to-date: /home/vertin/ros2_ws/install/tracer_msgs/include/tracer_msgs/tracer_msgs/msg/tracer_light_cmd.h
[1.649s] -- Up-to-date: /home/vertin/ros2_ws/install/tracer_msgs/include/tracer_msgs/tracer_msgs/msg/rosidl_generator_c__visibility_control.h
[1.649s] -- Up-to-date: /home/vertin/ros2_ws/install/tracer_msgs/include/tracer_msgs/tracer_msgs/msg/tracer_light_state.h
[1.649s] -- Up-to-date: /home/vertin/ros2_ws/install/tracer_msgs/include/tracer_msgs/tracer_msgs/msg/detail
[1.649s] -- Up-to-date: /home/vertin/ros2_ws/install/tracer_msgs/include/tracer_msgs/tracer_msgs/msg/detail/tracer_light_cmd__struct.h
[1.649s] -- Up-to-date: /home/vertin/ros2_ws/install/tracer_msgs/include/tracer_msgs/tracer_msgs/msg/detail/tracer_actuator_state__type_support.h
[1.650s] -- Up-to-date: /home/vertin/ros2_ws/install/tracer_msgs/include/tracer_msgs/tracer_msgs/msg/detail/tracer_light_state__functions.h
[1.650s] -- Up-to-date: /home/vertin/ros2_ws/install/tracer_msgs/include/tracer_msgs/tracer_msgs/msg/detail/tracer_rc_state__type_support.h
[1.650s] -- Up-to-date: /home/vertin/ros2_ws/install/tracer_msgs/include/tracer_msgs/tracer_msgs/msg/detail/tracer_light_cmd__type_support.h
[1.650s] -- Up-to-date: /home/vertin/ros2_ws/install/tracer_msgs/include/tracer_msgs/tracer_msgs/msg/detail/tracer_status__functions.h
[1.650s] -- Up-to-date: /home/vertin/ros2_ws/install/tracer_msgs/include/tracer_msgs/tracer_msgs/msg/detail/tracer_rc_state__functions.c
[1.650s] -- Up-to-date: /home/vertin/ros2_ws/install/tracer_msgs/include/tracer_msgs/tracer_msgs/msg/detail/tracer_rc_state__functions.h
[1.650s] -- Up-to-date: /home/vertin/ros2_ws/install/tracer_msgs/include/tracer_msgs/tracer_msgs/msg/detail/tracer_status__struct.h
[1.650s] -- Up-to-date: /home/vertin/ros2_ws/install/tracer_msgs/include/tracer_msgs/tracer_msgs/msg/detail/tracer_light_cmd__functions.h
[1.650s] -- Up-to-date: /home/vertin/ros2_ws/install/tracer_msgs/include/tracer_msgs/tracer_msgs/msg/detail/tracer_light_state__struct.h
[1.651s] -- Up-to-date: /home/vertin/ros2_ws/install/tracer_msgs/include/tracer_msgs/tracer_msgs/msg/detail/tracer_light_cmd__functions.c
[1.651s] -- Up-to-date: /home/vertin/ros2_ws/install/tracer_msgs/include/tracer_msgs/tracer_msgs/msg/detail/tracer_actuator_state__struct.h
[1.651s] -- Up-to-date: /home/vertin/ros2_ws/install/tracer_msgs/include/tracer_msgs/tracer_msgs/msg/detail/tracer_actuator_state__functions.h
[1.651s] -- Up-to-date: /home/vertin/ros2_ws/install/tracer_msgs/include/tracer_msgs/tracer_msgs/msg/detail/tracer_actuator_state__functions.c
[1.651s] -- Up-to-date: /home/vertin/ros2_ws/install/tracer_msgs/include/tracer_msgs/tracer_msgs/msg/detail/tracer_status__functions.c
[1.651s] -- Up-to-date: /home/vertin/ros2_ws/install/tracer_msgs/include/tracer_msgs/tracer_msgs/msg/detail/tracer_light_state__type_support.h
[1.651s] -- Up-to-date: /home/vertin/ros2_ws/install/tracer_msgs/include/tracer_msgs/tracer_msgs/msg/detail/tracer_status__type_support.h
[1.651s] -- Up-to-date: /home/vertin/ros2_ws/install/tracer_msgs/include/tracer_msgs/tracer_msgs/msg/detail/tracer_light_state__functions.c
[1.651s] -- Up-to-date: /home/vertin/ros2_ws/install/tracer_msgs/include/tracer_msgs/tracer_msgs/msg/detail/tracer_rc_state__struct.h
[1.651s] -- Up-to-date: /home/vertin/ros2_ws/install/tracer_msgs/include/tracer_msgs/tracer_msgs/msg/tracer_actuator_state.h
[1.652s] -- Up-to-date: /home/vertin/ros2_ws/install/tracer_msgs/include/tracer_msgs/tracer_msgs/msg/tracer_rc_state.h
[1.652s] -- Up-to-date: /home/vertin/ros2_ws/install/tracer_msgs/share/tracer_msgs/environment/library_path.sh
[1.652s] -- Up-to-date: /home/vertin/ros2_ws/install/tracer_msgs/share/tracer_msgs/environment/library_path.dsv
[1.657s] -- Up-to-date: /home/vertin/ros2_ws/install/tracer_msgs/lib/libtracer_msgs__rosidl_generator_c.so
[1.658s] -- Up-to-date: /home/vertin/ros2_ws/install/tracer_msgs/include/tracer_msgs/tracer_msgs
[1.664s] -- Up-to-date: /home/vertin/ros2_ws/install/tracer_msgs/include/tracer_msgs/tracer_msgs/msg
[1.665s] -- Up-to-date: /home/vertin/ros2_ws/install/tracer_msgs/include/tracer_msgs/tracer_msgs/msg/rosidl_typesupport_fastrtps_c__visibility_control.h
[1.665s] -- Up-to-date: /home/vertin/ros2_ws/install/tracer_msgs/include/tracer_msgs/tracer_msgs/msg/detail
[1.666s] -- Up-to-date: /home/vertin/ros2_ws/install/tracer_msgs/include/tracer_msgs/tracer_msgs/msg/detail/tracer_light_cmd__rosidl_typesupport_fastrtps_c.h
[1.670s] -- Up-to-date: /home/vertin/ros2_ws/install/tracer_msgs/include/tracer_msgs/tracer_msgs/msg/detail/tracer_rc_state__rosidl_typesupport_fastrtps_c.h
[1.671s] -- Up-to-date: /home/vertin/ros2_ws/install/tracer_msgs/include/tracer_msgs/tracer_msgs/msg/detail/tracer_status__rosidl_typesupport_fastrtps_c.h
[1.671s] -- Up-to-date: /home/vertin/ros2_ws/install/tracer_msgs/include/tracer_msgs/tracer_msgs/msg/detail/tracer_actuator_state__rosidl_typesupport_fastrtps_c.h
[1.671s] -- Up-to-date: /home/vertin/ros2_ws/install/tracer_msgs/include/tracer_msgs/tracer_msgs/msg/detail/tracer_light_state__rosidl_typesupport_fastrtps_c.h
[1.671s] -- Up-to-date: /home/vertin/ros2_ws/install/tracer_msgs/lib/libtracer_msgs__rosidl_typesupport_fastrtps_c.so
[1.676s] -- Up-to-date: /home/vertin/ros2_ws/install/tracer_msgs/include/tracer_msgs/tracer_msgs
[1.676s] -- Up-to-date: /home/vertin/ros2_ws/install/tracer_msgs/include/tracer_msgs/tracer_msgs/msg
[1.677s] -- Up-to-date: /home/vertin/ros2_ws/install/tracer_msgs/include/tracer_msgs/tracer_msgs/msg/tracer_actuator_state.hpp
[1.678s] -- Up-to-date: /home/vertin/ros2_ws/install/tracer_msgs/include/tracer_msgs/tracer_msgs/msg/tracer_status.hpp
[1.684s] -- Up-to-date: /home/vertin/ros2_ws/install/tracer_msgs/include/tracer_msgs/tracer_msgs/msg/tracer_rc_state.hpp
[1.684s] -- Up-to-date: /home/vertin/ros2_ws/install/tracer_msgs/include/tracer_msgs/tracer_msgs/msg/detail
[1.685s] -- Up-to-date: /home/vertin/ros2_ws/install/tracer_msgs/include/tracer_msgs/tracer_msgs/msg/detail/tracer_light_state__traits.hpp
[1.688s] -- Up-to-date: /home/vertin/ros2_ws/install/tracer_msgs/include/tracer_msgs/tracer_msgs/msg/detail/tracer_status__traits.hpp
[1.688s] -- Up-to-date: /home/vertin/ros2_ws/install/tracer_msgs/include/tracer_msgs/tracer_msgs/msg/detail/tracer_light_state__type_support.hpp
[1.688s] -- Up-to-date: /home/vertin/ros2_ws/install/tracer_msgs/include/tracer_msgs/tracer_msgs/msg/detail/tracer_light_state__struct.hpp
[1.688s] -- Up-to-date: /home/vertin/ros2_ws/install/tracer_msgs/include/tracer_msgs/tracer_msgs/msg/detail/tracer_light_cmd__type_support.hpp
[1.689s] -- Up-to-date: /home/vertin/ros2_ws/install/tracer_msgs/include/tracer_msgs/tracer_msgs/msg/detail/tracer_light_cmd__builder.hpp
[1.693s] -- Up-to-date: /home/vertin/ros2_ws/install/tracer_msgs/include/tracer_msgs/tracer_msgs/msg/detail/tracer_rc_state__builder.hpp
[1.693s] -- Up-to-date: /home/vertin/ros2_ws/install/tracer_msgs/include/tracer_msgs/tracer_msgs/msg/detail/tracer_rc_state__type_support.hpp
[1.694s] -- Up-to-date: /home/vertin/ros2_ws/install/tracer_msgs/include/tracer_msgs/tracer_msgs/msg/detail/tracer_status__builder.hpp
[1.694s] -- Up-to-date: /home/vertin/ros2_ws/install/tracer_msgs/include/tracer_msgs/tracer_msgs/msg/detail/tracer_light_state__builder.hpp
[1.694s] -- Up-to-date: /home/vertin/ros2_ws/install/tracer_msgs/include/tracer_msgs/tracer_msgs/msg/detail/tracer_actuator_state__struct.hpp
[1.694s] -- Up-to-date: /home/vertin/ros2_ws/install/tracer_msgs/include/tracer_msgs/tracer_msgs/msg/detail/tracer_actuator_state__traits.hpp
[1.695s] -- Up-to-date: /home/vertin/ros2_ws/install/tracer_msgs/include/tracer_msgs/tracer_msgs/msg/detail/tracer_light_cmd__traits.hpp
[1.695s] -- Up-to-date: /home/vertin/ros2_ws/install/tracer_msgs/include/tracer_msgs/tracer_msgs/msg/detail/tracer_rc_state__struct.hpp
[1.695s] -- Up-to-date: /home/vertin/ros2_ws/install/tracer_msgs/include/tracer_msgs/tracer_msgs/msg/detail/tracer_light_cmd__struct.hpp
[1.695s] -- Up-to-date: /home/vertin/ros2_ws/install/tracer_msgs/include/tracer_msgs/tracer_msgs/msg/detail/tracer_actuator_state__builder.hpp
[1.695s] -- Up-to-date: /home/vertin/ros2_ws/install/tracer_msgs/include/tracer_msgs/tracer_msgs/msg/detail/tracer_actuator_state__type_support.hpp
[1.696s] -- Up-to-date: /home/vertin/ros2_ws/install/tracer_msgs/include/tracer_msgs/tracer_msgs/msg/detail/tracer_rc_state__traits.hpp
[1.696s] -- Up-to-date: /home/vertin/ros2_ws/install/tracer_msgs/include/tracer_msgs/tracer_msgs/msg/detail/tracer_status__type_support.hpp
[1.696s] -- Up-to-date: /home/vertin/ros2_ws/install/tracer_msgs/include/tracer_msgs/tracer_msgs/msg/detail/tracer_status__struct.hpp
[1.696s] -- Up-to-date: /home/vertin/ros2_ws/install/tracer_msgs/include/tracer_msgs/tracer_msgs/msg/tracer_light_state.hpp
[1.696s] -- Up-to-date: /home/vertin/ros2_ws/install/tracer_msgs/include/tracer_msgs/tracer_msgs/msg/tracer_light_cmd.hpp
[1.697s] -- Up-to-date: /home/vertin/ros2_ws/install/tracer_msgs/include/tracer_msgs/tracer_msgs/msg/rosidl_generator_cpp__visibility_control.hpp
[1.700s] -- Up-to-date: /home/vertin/ros2_ws/install/tracer_msgs/include/tracer_msgs/tracer_msgs
[1.700s] -- Up-to-date: /home/vertin/ros2_ws/install/tracer_msgs/include/tracer_msgs/tracer_msgs/msg
[1.701s] -- Up-to-date: /home/vertin/ros2_ws/install/tracer_msgs/include/tracer_msgs/tracer_msgs/msg/rosidl_typesupport_fastrtps_cpp__visibility_control.h
[1.701s] -- Up-to-date: /home/vertin/ros2_ws/install/tracer_msgs/include/tracer_msgs/tracer_msgs/msg/detail
[1.701s] -- Up-to-date: /home/vertin/ros2_ws/install/tracer_msgs/include/tracer_msgs/tracer_msgs/msg/detail/dds_fastrtps
[1.701s] -- Up-to-date: /home/vertin/ros2_ws/install/tracer_msgs/include/tracer_msgs/tracer_msgs/msg/detail/tracer_light_state__rosidl_typesupport_fastrtps_cpp.hpp
[1.701s] -- Up-to-date: /home/vertin/ros2_ws/install/tracer_msgs/include/tracer_msgs/tracer_msgs/msg/detail/tracer_actuator_state__rosidl_typesupport_fastrtps_cpp.hpp
[1.701s] -- Up-to-date: /home/vertin/ros2_ws/install/tracer_msgs/include/tracer_msgs/tracer_msgs/msg/detail/tracer_light_cmd__rosidl_typesupport_fastrtps_cpp.hpp
[1.701s] -- Up-to-date: /home/vertin/ros2_ws/install/tracer_msgs/include/tracer_msgs/tracer_msgs/msg/detail/tracer_rc_state__rosidl_typesupport_fastrtps_cpp.hpp
[1.702s] -- Up-to-date: /home/vertin/ros2_ws/install/tracer_msgs/include/tracer_msgs/tracer_msgs/msg/detail/tracer_status__rosidl_typesupport_fastrtps_cpp.hpp
[1.702s] -- Up-to-date: /home/vertin/ros2_ws/install/tracer_msgs/lib/libtracer_msgs__rosidl_typesupport_fastrtps_cpp.so
[1.702s] -- Up-to-date: /home/vertin/ros2_ws/install/tracer_msgs/include/tracer_msgs/tracer_msgs
[1.702s] -- Up-to-date: /home/vertin/ros2_ws/install/tracer_msgs/include/tracer_msgs/tracer_msgs/msg
[1.702s] -- Up-to-date: /home/vertin/ros2_ws/install/tracer_msgs/include/tracer_msgs/tracer_msgs/msg/detail
[1.702s] -- Up-to-date: /home/vertin/ros2_ws/install/tracer_msgs/include/tracer_msgs/tracer_msgs/msg/detail/tracer_light_cmd__rosidl_typesupport_introspection_c.h
[1.703s] -- Up-to-date: /home/vertin/ros2_ws/install/tracer_msgs/include/tracer_msgs/tracer_msgs/msg/detail/tracer_light_state__rosidl_typesupport_introspection_c.h
[1.703s] -- Up-to-date: /home/vertin/ros2_ws/install/tracer_msgs/include/tracer_msgs/tracer_msgs/msg/detail/tracer_rc_state__type_support.c
[1.703s] -- Up-to-date: /home/vertin/ros2_ws/install/tracer_msgs/include/tracer_msgs/tracer_msgs/msg/detail/tracer_status__type_support.c
[1.703s] -- Up-to-date: /home/vertin/ros2_ws/install/tracer_msgs/include/tracer_msgs/tracer_msgs/msg/detail/tracer_light_cmd__type_support.c
[1.703s] -- Up-to-date: /home/vertin/ros2_ws/install/tracer_msgs/include/tracer_msgs/tracer_msgs/msg/detail/tracer_actuator_state__type_support.c
[1.704s] -- Up-to-date: /home/vertin/ros2_ws/install/tracer_msgs/include/tracer_msgs/tracer_msgs/msg/detail/tracer_status__rosidl_typesupport_introspection_c.h
[1.727s] -- Up-to-date: /home/vertin/ros2_ws/install/tracer_msgs/include/tracer_msgs/tracer_msgs/msg/detail/tracer_actuator_state__rosidl_typesupport_introspection_c.h
[1.727s] -- Up-to-date: /home/vertin/ros2_ws/install/tracer_msgs/include/tracer_msgs/tracer_msgs/msg/detail/tracer_light_state__type_support.c
[1.727s] -- Up-to-date: /home/vertin/ros2_ws/install/tracer_msgs/include/tracer_msgs/tracer_msgs/msg/detail/tracer_rc_state__rosidl_typesupport_introspection_c.h
[1.727s] -- Up-to-date: /home/vertin/ros2_ws/install/tracer_msgs/include/tracer_msgs/tracer_msgs/msg/rosidl_typesupport_introspection_c__visibility_control.h
[1.728s] -- Up-to-date: /home/vertin/ros2_ws/install/tracer_msgs/lib/libtracer_msgs__rosidl_typesupport_introspection_c.so
[1.728s] -- Up-to-date: /home/vertin/ros2_ws/install/tracer_msgs/lib/libtracer_msgs__rosidl_typesupport_c.so
[1.728s] -- Up-to-date: /home/vertin/ros2_ws/install/tracer_msgs/include/tracer_msgs/tracer_msgs
[1.728s] -- Up-to-date: /home/vertin/ros2_ws/install/tracer_msgs/include/tracer_msgs/tracer_msgs/msg
[1.728s] -- Up-to-date: /home/vertin/ros2_ws/install/tracer_msgs/include/tracer_msgs/tracer_msgs/msg/detail
[1.728s] -- Up-to-date: /home/vertin/ros2_ws/install/tracer_msgs/include/tracer_msgs/tracer_msgs/msg/detail/tracer_light_state__rosidl_typesupport_introspection_cpp.hpp
[1.728s] -- Up-to-date: /home/vertin/ros2_ws/install/tracer_msgs/include/tracer_msgs/tracer_msgs/msg/detail/tracer_status__rosidl_typesupport_introspection_cpp.hpp
[1.728s] -- Up-to-date: /home/vertin/ros2_ws/install/tracer_msgs/include/tracer_msgs/tracer_msgs/msg/detail/tracer_light_state__type_support.cpp
[1.729s] -- Up-to-date: /home/vertin/ros2_ws/install/tracer_msgs/include/tracer_msgs/tracer_msgs/msg/detail/tracer_rc_state__type_support.cpp
[1.729s] -- Up-to-date: /home/vertin/ros2_ws/install/tracer_msgs/include/tracer_msgs/tracer_msgs/msg/detail/tracer_light_cmd__rosidl_typesupport_introspection_cpp.hpp
[1.729s] -- Up-to-date: /home/vertin/ros2_ws/install/tracer_msgs/include/tracer_msgs/tracer_msgs/msg/detail/tracer_light_cmd__type_support.cpp
[1.729s] -- Up-to-date: /home/vertin/ros2_ws/install/tracer_msgs/include/tracer_msgs/tracer_msgs/msg/detail/tracer_rc_state__rosidl_typesupport_introspection_cpp.hpp
[1.729s] -- Up-to-date: /home/vertin/ros2_ws/install/tracer_msgs/include/tracer_msgs/tracer_msgs/msg/detail/tracer_actuator_state__rosidl_typesupport_introspection_cpp.hpp
[1.729s] -- Up-to-date: /home/vertin/ros2_ws/install/tracer_msgs/include/tracer_msgs/tracer_msgs/msg/detail/tracer_actuator_state__type_support.cpp
[1.729s] -- Up-to-date: /home/vertin/ros2_ws/install/tracer_msgs/include/tracer_msgs/tracer_msgs/msg/detail/tracer_status__type_support.cpp
[1.730s] -- Up-to-date: /home/vertin/ros2_ws/install/tracer_msgs/lib/libtracer_msgs__rosidl_typesupport_introspection_cpp.so
[1.730s] -- Up-to-date: /home/vertin/ros2_ws/install/tracer_msgs/lib/libtracer_msgs__rosidl_typesupport_cpp.so
[1.730s] -- Up-to-date: /home/vertin/ros2_ws/install/tracer_msgs/share/tracer_msgs/environment/pythonpath.sh
[1.732s] -- Up-to-date: /home/vertin/ros2_ws/install/tracer_msgs/share/tracer_msgs/environment/pythonpath.dsv
[1.733s] -- Up-to-date: /home/vertin/ros2_ws/install/tracer_msgs/local/lib/python3.10/dist-packages/tracer_msgs-0.1.0-py3.10.egg-info
[1.733s] -- Installing: /home/vertin/ros2_ws/install/tracer_msgs/local/lib/python3.10/dist-packages/tracer_msgs-0.1.0-py3.10.egg-info/SOURCES.txt
[1.733s] -- Installing: /home/vertin/ros2_ws/install/tracer_msgs/local/lib/python3.10/dist-packages/tracer_msgs-0.1.0-py3.10.egg-info/top_level.txt
[1.733s] -- Installing: /home/vertin/ros2_ws/install/tracer_msgs/local/lib/python3.10/dist-packages/tracer_msgs-0.1.0-py3.10.egg-info/dependency_links.txt
[1.733s] -- Installing: /home/vertin/ros2_ws/install/tracer_msgs/local/lib/python3.10/dist-packages/tracer_msgs-0.1.0-py3.10.egg-info/PKG-INFO
[1.733s] -- Up-to-date: /home/vertin/ros2_ws/install/tracer_msgs/local/lib/python3.10/dist-packages/tracer_msgs
[1.734s] -- Up-to-date: /home/vertin/ros2_ws/install/tracer_msgs/local/lib/python3.10/dist-packages/tracer_msgs/_tracer_msgs_s.ep.rosidl_typesupport_c.c
[1.734s] -- Up-to-date: /home/vertin/ros2_ws/install/tracer_msgs/local/lib/python3.10/dist-packages/tracer_msgs/tracer_msgs_s__rosidl_typesupport_fastrtps_c.cpython-310-x86_64-linux-gnu.so
[1.734s] -- Up-to-date: /home/vertin/ros2_ws/install/tracer_msgs/local/lib/python3.10/dist-packages/tracer_msgs/__init__.py
[1.734s] -- Up-to-date: /home/vertin/ros2_ws/install/tracer_msgs/local/lib/python3.10/dist-packages/tracer_msgs/msg
[1.734s] -- Up-to-date: /home/vertin/ros2_ws/install/tracer_msgs/local/lib/python3.10/dist-packages/tracer_msgs/msg/_tracer_light_state_s.c
[1.734s] -- Up-to-date: /home/vertin/ros2_ws/install/tracer_msgs/local/lib/python3.10/dist-packages/tracer_msgs/msg/_tracer_status.py
[1.734s] -- Up-to-date: /home/vertin/ros2_ws/install/tracer_msgs/local/lib/python3.10/dist-packages/tracer_msgs/msg/_tracer_actuator_state.py
[1.735s] -- Up-to-date: /home/vertin/ros2_ws/install/tracer_msgs/local/lib/python3.10/dist-packages/tracer_msgs/msg/__init__.py
[1.735s] -- Up-to-date: /home/vertin/ros2_ws/install/tracer_msgs/local/lib/python3.10/dist-packages/tracer_msgs/msg/_tracer_actuator_state_s.c
[1.735s] -- Up-to-date: /home/vertin/ros2_ws/install/tracer_msgs/local/lib/python3.10/dist-packages/tracer_msgs/msg/_tracer_rc_state.py
[1.735s] -- Up-to-date: /home/vertin/ros2_ws/install/tracer_msgs/local/lib/python3.10/dist-packages/tracer_msgs/msg/_tracer_rc_state_s.c
[1.735s] -- Up-to-date: /home/vertin/ros2_ws/install/tracer_msgs/local/lib/python3.10/dist-packages/tracer_msgs/msg/_tracer_light_state.py
[1.735s] -- Up-to-date: /home/vertin/ros2_ws/install/tracer_msgs/local/lib/python3.10/dist-packages/tracer_msgs/msg/_tracer_light_cmd_s.c
[1.735s] -- Up-to-date: /home/vertin/ros2_ws/install/tracer_msgs/local/lib/python3.10/dist-packages/tracer_msgs/msg/_tracer_status_s.c
[1.736s] -- Up-to-date: /home/vertin/ros2_ws/install/tracer_msgs/local/lib/python3.10/dist-packages/tracer_msgs/msg/_tracer_light_cmd.py
[1.740s] -- Up-to-date: /home/vertin/ros2_ws/install/tracer_msgs/local/lib/python3.10/dist-packages/tracer_msgs/libtracer_msgs__rosidl_generator_py.so
[1.741s] -- Up-to-date: /home/vertin/ros2_ws/install/tracer_msgs/local/lib/python3.10/dist-packages/tracer_msgs/_tracer_msgs_s.ep.rosidl_typesupport_introspection_c.c
[1.746s] -- Up-to-date: /home/vertin/ros2_ws/install/tracer_msgs/local/lib/python3.10/dist-packages/tracer_msgs/tracer_msgs_s__rosidl_typesupport_introspection_c.cpython-310-x86_64-linux-gnu.so
[1.747s] -- Up-to-date: /home/vertin/ros2_ws/install/tracer_msgs/local/lib/python3.10/dist-packages/tracer_msgs/tracer_msgs_s__rosidl_typesupport_c.cpython-310-x86_64-linux-gnu.so
[1.748s] -- Up-to-date: /home/vertin/ros2_ws/install/tracer_msgs/local/lib/python3.10/dist-packages/tracer_msgs/_tracer_msgs_s.ep.rosidl_typesupport_fastrtps_c.c
[1.754s] Listing '/home/vertin/ros2_ws/install/tracer_msgs/local/lib/python3.10/dist-packages/tracer_msgs'...
[1.755s] Listing '/home/vertin/ros2_ws/install/tracer_msgs/local/lib/python3.10/dist-packages/tracer_msgs/msg'...
[1.765s] -- Up-to-date: /home/vertin/ros2_ws/install/tracer_msgs/local/lib/python3.10/dist-packages/tracer_msgs/tracer_msgs_s__rosidl_typesupport_fastrtps_c.cpython-310-x86_64-linux-gnu.so
[1.767s] -- Up-to-date: /home/vertin/ros2_ws/install/tracer_msgs/local/lib/python3.10/dist-packages/tracer_msgs/tracer_msgs_s__rosidl_typesupport_introspection_c.cpython-310-x86_64-linux-gnu.so
[1.767s] -- Up-to-date: /home/vertin/ros2_ws/install/tracer_msgs/local/lib/python3.10/dist-packages/tracer_msgs/tracer_msgs_s__rosidl_typesupport_c.cpython-310-x86_64-linux-gnu.so
[1.768s] -- Up-to-date: /home/vertin/ros2_ws/install/tracer_msgs/lib/libtracer_msgs__rosidl_generator_py.so
[1.771s] -- Up-to-date: /home/vertin/ros2_ws/install/tracer_msgs/share/tracer_msgs/msg/TracerActuatorState.idl
[1.772s] -- Up-to-date: /home/vertin/ros2_ws/install/tracer_msgs/share/tracer_msgs/msg/TracerLightCmd.idl
[1.772s] -- Up-to-date: /home/vertin/ros2_ws/install/tracer_msgs/share/tracer_msgs/msg/TracerLightState.idl
[1.773s] -- Up-to-date: /home/vertin/ros2_ws/install/tracer_msgs/share/tracer_msgs/msg/TracerRCState.idl
[1.773s] -- Up-to-date: /home/vertin/ros2_ws/install/tracer_msgs/share/tracer_msgs/msg/TracerStatus.idl
[1.773s] -- Up-to-date: /home/vertin/ros2_ws/install/tracer_msgs/share/tracer_msgs/msg/TracerActuatorState.msg
[1.773s] -- Up-to-date: /home/vertin/ros2_ws/install/tracer_msgs/share/tracer_msgs/msg/TracerLightCmd.msg
[1.773s] -- Up-to-date: /home/vertin/ros2_ws/install/tracer_msgs/share/tracer_msgs/msg/TracerLightState.msg
[1.774s] -- Up-to-date: /home/vertin/ros2_ws/install/tracer_msgs/share/tracer_msgs/msg/TracerRCState.msg
[1.774s] -- Up-to-date: /home/vertin/ros2_ws/install/tracer_msgs/share/tracer_msgs/msg/TracerStatus.msg
[1.774s] -- Up-to-date: /home/vertin/ros2_ws/install/tracer_msgs/share/ament_index/resource_index/package_run_dependencies/tracer_msgs
[1.774s] -- Up-to-date: /home/vertin/ros2_ws/install/tracer_msgs/share/ament_index/resource_index/parent_prefix_path/tracer_msgs
[1.774s] -- Up-to-date: /home/vertin/ros2_ws/install/tracer_msgs/share/tracer_msgs/environment/ament_prefix_path.sh
[1.774s] -- Up-to-date: /home/vertin/ros2_ws/install/tracer_msgs/share/tracer_msgs/environment/ament_prefix_path.dsv
[1.775s] -- Up-to-date: /home/vertin/ros2_ws/install/tracer_msgs/share/tracer_msgs/environment/path.sh
[1.775s] -- Up-to-date: /home/vertin/ros2_ws/install/tracer_msgs/share/tracer_msgs/environment/path.dsv
[1.775s] -- Up-to-date: /home/vertin/ros2_ws/install/tracer_msgs/share/tracer_msgs/local_setup.bash
[1.775s] -- Up-to-date: /home/vertin/ros2_ws/install/tracer_msgs/share/tracer_msgs/local_setup.sh
[1.775s] -- Up-to-date: /home/vertin/ros2_ws/install/tracer_msgs/share/tracer_msgs/local_setup.zsh
[1.778s] -- Up-to-date: /home/vertin/ros2_ws/install/tracer_msgs/share/tracer_msgs/local_setup.dsv
[1.778s] -- Installing: /home/vertin/ros2_ws/install/tracer_msgs/share/tracer_msgs/package.dsv
[1.779s] -- Up-to-date: /home/vertin/ros2_ws/install/tracer_msgs/share/ament_index/resource_index/packages/tracer_msgs
[1.779s] -- Up-to-date: /home/vertin/ros2_ws/install/tracer_msgs/share/tracer_msgs/cmake/export_tracer_msgs__rosidl_generator_cExport.cmake
[1.779s] -- Up-to-date: /home/vertin/ros2_ws/install/tracer_msgs/share/tracer_msgs/cmake/export_tracer_msgs__rosidl_generator_cExport-noconfig.cmake
[1.779s] -- Up-to-date: /home/vertin/ros2_ws/install/tracer_msgs/share/tracer_msgs/cmake/export_tracer_msgs__rosidl_typesupport_fastrtps_cExport.cmake
[1.780s] -- Up-to-date: /home/vertin/ros2_ws/install/tracer_msgs/share/tracer_msgs/cmake/export_tracer_msgs__rosidl_typesupport_fastrtps_cExport-noconfig.cmake
[1.780s] -- Up-to-date: /home/vertin/ros2_ws/install/tracer_msgs/share/tracer_msgs/cmake/export_tracer_msgs__rosidl_generator_cppExport.cmake
[1.780s] -- Up-to-date: /home/vertin/ros2_ws/install/tracer_msgs/share/tracer_msgs/cmake/export_tracer_msgs__rosidl_typesupport_fastrtps_cppExport.cmake
[1.780s] -- Up-to-date: /home/vertin/ros2_ws/install/tracer_msgs/share/tracer_msgs/cmake/export_tracer_msgs__rosidl_typesupport_fastrtps_cppExport-noconfig.cmake
[1.780s] -- Up-to-date: /home/vertin/ros2_ws/install/tracer_msgs/share/tracer_msgs/cmake/tracer_msgs__rosidl_typesupport_introspection_cExport.cmake
[1.781s] -- Up-to-date: /home/vertin/ros2_ws/install/tracer_msgs/share/tracer_msgs/cmake/tracer_msgs__rosidl_typesupport_introspection_cExport-noconfig.cmake
[1.781s] -- Up-to-date: /home/vertin/ros2_ws/install/tracer_msgs/share/tracer_msgs/cmake/tracer_msgs__rosidl_typesupport_cExport.cmake
[1.782s] -- Up-to-date: /home/vertin/ros2_ws/install/tracer_msgs/share/tracer_msgs/cmake/tracer_msgs__rosidl_typesupport_cExport-noconfig.cmake
[1.782s] -- Up-to-date: /home/vertin/ros2_ws/install/tracer_msgs/share/tracer_msgs/cmake/tracer_msgs__rosidl_typesupport_introspection_cppExport.cmake
[1.783s] -- Up-to-date: /home/vertin/ros2_ws/install/tracer_msgs/share/tracer_msgs/cmake/tracer_msgs__rosidl_typesupport_introspection_cppExport-noconfig.cmake
[1.783s] -- Up-to-date: /home/vertin/ros2_ws/install/tracer_msgs/share/tracer_msgs/cmake/tracer_msgs__rosidl_typesupport_cppExport.cmake
[1.783s] -- Up-to-date: /home/vertin/ros2_ws/install/tracer_msgs/share/tracer_msgs/cmake/tracer_msgs__rosidl_typesupport_cppExport-noconfig.cmake
[1.784s] -- Up-to-date: /home/vertin/ros2_ws/install/tracer_msgs/share/tracer_msgs/cmake/export_tracer_msgs__rosidl_generator_pyExport.cmake
[1.786s] -- Up-to-date: /home/vertin/ros2_ws/install/tracer_msgs/share/tracer_msgs/cmake/export_tracer_msgs__rosidl_generator_pyExport-noconfig.cmake
[1.786s] -- Up-to-date: /home/vertin/ros2_ws/install/tracer_msgs/share/tracer_msgs/cmake/rosidl_cmake-extras.cmake
[1.786s] -- Up-to-date: /home/vertin/ros2_ws/install/tracer_msgs/share/tracer_msgs/cmake/ament_cmake_export_dependencies-extras.cmake
[1.786s] -- Up-to-date: /home/vertin/ros2_ws/install/tracer_msgs/share/tracer_msgs/cmake/ament_cmake_export_include_directories-extras.cmake
[1.786s] -- Up-to-date: /home/vertin/ros2_ws/install/tracer_msgs/share/tracer_msgs/cmake/ament_cmake_export_libraries-extras.cmake
[1.787s] -- Up-to-date: /home/vertin/ros2_ws/install/tracer_msgs/share/tracer_msgs/cmake/ament_cmake_export_targets-extras.cmake
[1.787s] -- Up-to-date: /home/vertin/ros2_ws/install/tracer_msgs/share/tracer_msgs/cmake/rosidl_cmake_export_typesupport_targets-extras.cmake
[1.787s] -- Up-to-date: /home/vertin/ros2_ws/install/tracer_msgs/share/tracer_msgs/cmake/rosidl_cmake_export_typesupport_libraries-extras.cmake
[1.787s] -- Up-to-date: /home/vertin/ros2_ws/install/tracer_msgs/share/tracer_msgs/cmake/tracer_msgsConfig.cmake
[1.787s] -- Up-to-date: /home/vertin/ros2_ws/install/tracer_msgs/share/tracer_msgs/cmake/tracer_msgsConfig-version.cmake
[1.787s] -- Up-to-date: /home/vertin/ros2_ws/install/tracer_msgs/share/tracer_msgs/package.xml
[1.835s] Invoked command in '/home/vertin/ros2_ws/build/tracer_msgs' returned '0': CMAKE_PREFIX_PATH=/home/vertin/my_ws/install/robot_localizer:/opt/ros/humble /usr/bin/cmake --install /home/vertin/ros2_ws/build/tracer_msgs
