[  8%] Built target lio_sam__rosidl_generator_c
[ 10%] Built target lio_sam__cpp
[ 10%] Built target ament_cmake_python_copy_lio_sam
[ 19%] Built target lio_sam__rosidl_typesupport_introspection_c
[ 27%] Built target lio_sam__rosidl_typesupport_fastrtps_cpp
[ 40%] Built target lio_sam__rosidl_typesupport_cpp
[ 53%] Built target lio_sam__rosidl_typesupport_c
[ 53%] Built target lio_sam__rosidl_typesupport_introspection_cpp
[ 61%] Built target lio_sam__rosidl_typesupport_fastrtps_c
[35m[1mConsolidate compiler generated dependencies of target lio_sam_imuPreintegration[0m
[ 65%] Built target lio_sam_imageProjection
[ 70%] Built target lio_sam_featureExtraction
[ 74%] Built target lio_sam_mapOptimization
[ 74%] Built target lio_sam
[ 76%] [32mBuilding CXX object CMakeFiles/lio_sam_imuPreintegration.dir/src/imuPreintegration.cpp.o[0m
[ 78%] Built target lio_sam__py
[ 85%] Built target lio_sam__rosidl_generator_py
[ 89%] Built target lio_sam__rosidl_typesupport_introspection_c__pyext
[ 93%] Built target lio_sam__rosidl_typesupport_fastrtps_c__pyext
[ 97%] Built target lio_sam__rosidl_typesupport_c__pyext
running egg_info
writing lio_sam.egg-info/PKG-INFO
writing dependency_links to lio_sam.egg-info/dependency_links.txt
writing top-level names to lio_sam.egg-info/top_level.txt
reading manifest file 'lio_sam.egg-info/SOURCES.txt'
writing manifest file 'lio_sam.egg-info/SOURCES.txt'
[ 97%] Built target ament_cmake_python_build_lio_sam_egg
In file included from [01m[K/home/vertin/ros2_ws/src/LIO-SAM/src/imuPreintegration.cpp:17[m[K:
[01m[K/usr/local/include/gtsam_unstable/nonlinear/IncrementalFixedLagSmoother.h:17:2:[m[K [01;35m[Kwarning: [m[K#warning "IncrementalFixedLagSmoother was moved to the gtsam/nonlinear directory" [[01;35m[K]8;;https://gcc.gnu.org/onlinedocs/gcc/Warning-Options.html#index-Wcpp-Wcpp]8;;[m[K]
   17 | #[01;35m[Kwarning[m[K "IncrementalFixedLagSmoother was moved to the gtsam/nonlinear directory"
      |  [01;35m[K^~~~~~~[m[K
[01m[K/home/vertin/ros2_ws/src/LIO-SAM/src/imuPreintegration.cpp:[m[K In constructor ‘[01m[KTransformFusion::TransformFusion(const rclcpp::NodeOptions&)[m[K’:
[01m[K/home/vertin/ros2_ws/src/LIO-SAM/src/imuPreintegration.cpp:78:9:[m[K [01;31m[Kerror: [m[K‘[01m[KtfBroadcaster[m[K’ was not declared in this scope
   78 |         [01;31m[KtfBroadcaster[m[K = std::make_unique<tf2_ros::TransformBroadcaster>(this);
      |         [01;31m[K^~~~~~~~~~~~~[m[K
[01m[K/home/vertin/ros2_ws/src/LIO-SAM/src/imuPreintegration.cpp:[m[K In member function ‘[01m[Kvoid TransformFusion::imuOdometryHandler(nav_msgs::msg::Odometry_<std::allocator<void> >::SharedPtr)[m[K’:
[01m[K/home/vertin/ros2_ws/src/LIO-SAM/src/imuPreintegration.cpp:148:9:[m[K [01;31m[Kerror: [m[K‘[01m[KtfBroadcaster[m[K’ was not declared in this scope
  148 |         [01;31m[KtfBroadcaster[m[K->sendTransform(ts);
      |         [01;31m[K^~~~~~~~~~~~~[m[K
gmake[2]: *** [CMakeFiles/lio_sam_imuPreintegration.dir/build.make:76: CMakeFiles/lio_sam_imuPreintegration.dir/src/imuPreintegration.cpp.o] 오류 1
gmake[1]: *** [CMakeFiles/Makefile2:653: CMakeFiles/lio_sam_imuPreintegration.dir/all] 오류 2
gmake: *** [Makefile:146: all] 오류 2
