[1.670s] Invoking command in '/home/vertin/ros2_ws/src/my_python_pkg': PYTHONPATH=/home/vertin/ros2_ws/build/my_python_pkg/prefix_override:/usr/lib/python3/dist-packages/colcon_core/task/python/colcon_distutils_commands:/home/vertin/ros2_ws/install/my_python_pkg/lib/python3.10/site-packages:${PYTHONPATH} /usr/bin/python3 -W ignore:setup.py install is deprecated -W ignore:easy_install command is deprecated setup.py egg_info --egg-base ../../build/my_python_pkg build --build-base /home/vertin/ros2_ws/build/my_python_pkg/build install --record /home/vertin/ros2_ws/build/my_python_pkg/install.log --single-version-externally-managed install_data
[1.832s] /home/vertin/.local/lib/python3.10/site-packages/setuptools/_distutils/dist.py:289: UserWarning: Unknown distribution option: 'tests_require'
[1.832s]   warnings.warn(msg)
[1.946s] running egg_info
[1.965s] writing ../../build/my_python_pkg/my_python_pkg.egg-info/PKG-INFO
[1.965s] writing dependency_links to ../../build/my_python_pkg/my_python_pkg.egg-info/dependency_links.txt
[1.965s] writing entry points to ../../build/my_python_pkg/my_python_pkg.egg-info/entry_points.txt
[1.966s] writing requirements to ../../build/my_python_pkg/my_python_pkg.egg-info/requires.txt
[1.966s] writing top-level names to ../../build/my_python_pkg/my_python_pkg.egg-info/top_level.txt
[2.003s] reading manifest file '../../build/my_python_pkg/my_python_pkg.egg-info/SOURCES.txt'
[2.004s] writing manifest file '../../build/my_python_pkg/my_python_pkg.egg-info/SOURCES.txt'
[2.005s] running build
[2.005s] running build_py
[2.005s] copying my_python_pkg/__init__.py -> /home/vertin/ros2_ws/build/my_python_pkg/build/lib/my_python_pkg
[2.005s] copying my_python_pkg/autopoint.py -> /home/vertin/ros2_ws/build/my_python_pkg/build/lib/my_python_pkg
[2.005s] running install
[2.010s] running install_lib
[2.029s] copying /home/vertin/ros2_ws/build/my_python_pkg/build/lib/my_python_pkg/autopoint.py -> /home/vertin/ros2_ws/install/my_python_pkg/lib/python3.10/site-packages/my_python_pkg
[2.030s] byte-compiling /home/vertin/ros2_ws/install/my_python_pkg/lib/python3.10/site-packages/my_python_pkg/autopoint.py to autopoint.cpython-310.pyc
[2.032s] running install_data
[2.032s] copying resource/my_python_pkg -> /home/vertin/ros2_ws/install/my_python_pkg/share/ament_index/resource_index/packages
[2.032s] copying package.xml -> /home/vertin/ros2_ws/install/my_python_pkg/share/my_python_pkg
[2.032s] running install_egg_info
[2.053s] removing '/home/vertin/ros2_ws/install/my_python_pkg/lib/python3.10/site-packages/my_python_pkg-0.0.0-py3.10.egg-info' (and everything under it)
[2.053s] Copying ../../build/my_python_pkg/my_python_pkg.egg-info to /home/vertin/ros2_ws/install/my_python_pkg/lib/python3.10/site-packages/my_python_pkg-0.0.0-py3.10.egg-info
[2.054s] running install_scripts
[2.092s] Installing autopoint script to /home/vertin/ros2_ws/install/my_python_pkg/lib/my_python_pkg
[2.092s] writing list of installed files to '/home/vertin/ros2_ws/build/my_python_pkg/install.log'
[2.123s] Invoked command in '/home/vertin/ros2_ws/src/my_python_pkg' returned '0': PYTHONPATH=/home/vertin/ros2_ws/build/my_python_pkg/prefix_override:/usr/lib/python3/dist-packages/colcon_core/task/python/colcon_distutils_commands:/home/vertin/ros2_ws/install/my_python_pkg/lib/python3.10/site-packages:${PYTHONPATH} /usr/bin/python3 -W ignore:setup.py install is deprecated -W ignore:easy_install command is deprecated setup.py egg_info --egg-base ../../build/my_python_pkg build --build-base /home/vertin/ros2_ws/build/my_python_pkg/build install --record /home/vertin/ros2_ws/build/my_python_pkg/install.log --single-version-externally-managed install_data
