[1.625s] Invoking command in '/home/vertin/ros2_ws/build/unitree_lidar_ros2': CMAKE_PREFIX_PATH=/home/vertin/ros2_ws/install/unitree_lidar_ros2:/home/vertin/ros2_ws/install/tracer_base:/home/vertin/ros2_ws/install/nav2_launch_test:/home/vertin/ros2_ws/install/my_python_pkg:/home/vertin/my_ws/install/robot_localizer:/opt/ros/humble:/home/vertin/ros2_ws/install/ugv_sdk:/home/vertin/ros2_ws/install/tracer_msgs:/home/vertin/ros2_ws/install/tracer_description:/home/vertin/ros2_ws/install/point_lio:/home/vertin/ros2_ws/install/lio_sam /usr/bin/cmake --build /home/vertin/ros2_ws/build/unitree_lidar_ros2 -- -j8 -l8
[1.949s] [100%] Built target unitree_lidar_ros2_node
[2.428s] Invoked command in '/home/vertin/ros2_ws/build/unitree_lidar_ros2' returned '0': CMAKE_PREFIX_PATH=/home/vertin/ros2_ws/install/unitree_lidar_ros2:/home/vertin/ros2_ws/install/tracer_base:/home/vertin/ros2_ws/install/nav2_launch_test:/home/vertin/ros2_ws/install/my_python_pkg:/home/vertin/my_ws/install/robot_localizer:/opt/ros/humble:/home/vertin/ros2_ws/install/ugv_sdk:/home/vertin/ros2_ws/install/tracer_msgs:/home/vertin/ros2_ws/install/tracer_description:/home/vertin/ros2_ws/install/point_lio:/home/vertin/ros2_ws/install/lio_sam /usr/bin/cmake --build /home/vertin/ros2_ws/build/unitree_lidar_ros2 -- -j8 -l8
[2.453s] Invoking command in '/home/vertin/ros2_ws/build/unitree_lidar_ros2': CMAKE_PREFIX_PATH=/home/vertin/ros2_ws/install/unitree_lidar_ros2:/home/vertin/ros2_ws/install/tracer_base:/home/vertin/ros2_ws/install/nav2_launch_test:/home/vertin/ros2_ws/install/my_python_pkg:/home/vertin/my_ws/install/robot_localizer:/opt/ros/humble:/home/vertin/ros2_ws/install/ugv_sdk:/home/vertin/ros2_ws/install/tracer_msgs:/home/vertin/ros2_ws/install/tracer_description:/home/vertin/ros2_ws/install/point_lio:/home/vertin/ros2_ws/install/lio_sam /usr/bin/cmake --install /home/vertin/ros2_ws/build/unitree_lidar_ros2
[3.035s] -- Install configuration: ""
[3.041s] -- Up-to-date: /home/vertin/ros2_ws/install/unitree_lidar_ros2/lib/unitree_lidar_ros2/unitree_lidar_ros2_node
[3.043s] -- Up-to-date: /home/vertin/ros2_ws/install/unitree_lidar_ros2/share/unitree_lidar_ros2/view.rviz
[3.051s] -- Up-to-date: /home/vertin/ros2_ws/install/unitree_lidar_ros2/share/unitree_lidar_ros2/launch.py
[3.053s] -- Up-to-date: /home/vertin/ros2_ws/install/unitree_lidar_ros2/share/ament_index/resource_index/package_run_dependencies/unitree_lidar_ros2
[3.059s] -- Up-to-date: /home/vertin/ros2_ws/install/unitree_lidar_ros2/share/ament_index/resource_index/parent_prefix_path/unitree_lidar_ros2
[3.060s] -- Up-to-date: /home/vertin/ros2_ws/install/unitree_lidar_ros2/share/unitree_lidar_ros2/environment/ament_prefix_path.sh
[3.062s] -- Up-to-date: /home/vertin/ros2_ws/install/unitree_lidar_ros2/share/unitree_lidar_ros2/environment/ament_prefix_path.dsv
[3.069s] -- Up-to-date: /home/vertin/ros2_ws/install/unitree_lidar_ros2/share/unitree_lidar_ros2/environment/path.sh
[3.075s] -- Up-to-date: /home/vertin/ros2_ws/install/unitree_lidar_ros2/share/unitree_lidar_ros2/environment/path.dsv
[3.076s] -- Up-to-date: /home/vertin/ros2_ws/install/unitree_lidar_ros2/share/unitree_lidar_ros2/local_setup.bash
[3.077s] -- Up-to-date: /home/vertin/ros2_ws/install/unitree_lidar_ros2/share/unitree_lidar_ros2/local_setup.sh
[3.082s] -- Up-to-date: /home/vertin/ros2_ws/install/unitree_lidar_ros2/share/unitree_lidar_ros2/local_setup.zsh
[3.086s] -- Up-to-date: /home/vertin/ros2_ws/install/unitree_lidar_ros2/share/unitree_lidar_ros2/local_setup.dsv
[3.094s] -- Installing: /home/vertin/ros2_ws/install/unitree_lidar_ros2/share/unitree_lidar_ros2/package.dsv
[3.096s] -- Up-to-date: /home/vertin/ros2_ws/install/unitree_lidar_ros2/share/ament_index/resource_index/packages/unitree_lidar_ros2
[3.097s] -- Up-to-date: /home/vertin/ros2_ws/install/unitree_lidar_ros2/share/unitree_lidar_ros2/cmake/unitree_lidar_ros2Config.cmake
[3.098s] -- Up-to-date: /home/vertin/ros2_ws/install/unitree_lidar_ros2/share/unitree_lidar_ros2/cmake/unitree_lidar_ros2Config-version.cmake
[3.099s] -- Up-to-date: /home/vertin/ros2_ws/install/unitree_lidar_ros2/share/unitree_lidar_ros2/package.xml
[3.340s] Invoked command in '/home/vertin/ros2_ws/build/unitree_lidar_ros2' returned '0': CMAKE_PREFIX_PATH=/home/vertin/ros2_ws/install/unitree_lidar_ros2:/home/vertin/ros2_ws/install/tracer_base:/home/vertin/ros2_ws/install/nav2_launch_test:/home/vertin/ros2_ws/install/my_python_pkg:/home/vertin/my_ws/install/robot_localizer:/opt/ros/humble:/home/vertin/ros2_ws/install/ugv_sdk:/home/vertin/ros2_ws/install/tracer_msgs:/home/vertin/ros2_ws/install/tracer_description:/home/vertin/ros2_ws/install/point_lio:/home/vertin/ros2_ws/install/lio_sam /usr/bin/cmake --install /home/vertin/ros2_ws/build/unitree_lidar_ros2
