[0.757s] Invoking command in '/home/vertin/ros2_ws/build/tracer_base': CMAKE_PREFIX_PATH=/home/vertin/ros2_ws/install/nav2_launch_test:/home/vertin/ros2_ws/install/my_python_pkg:/home/vertin/my_ws/install/robot_localizer:/opt/ros/humble:/home/vertin/ros2_ws/install/ugv_sdk:/home/vertin/ros2_ws/install/tracer_msgs:/home/vertin/ros2_ws/install/unitree_lidar_ros2:/home/vertin/ros2_ws/install/tracer_base:/home/vertin/ros2_ws/install/tracer_description:/home/vertin/ros2_ws/install/point_lio:/home/vertin/ros2_ws/install/lio_sam /usr/bin/cmake --build /home/vertin/ros2_ws/build/tracer_base -- -j8 -l8
[1.420s] [100%] Built target tracer_base_node
[1.575s] Invoked command in '/home/vertin/ros2_ws/build/tracer_base' returned '0': CMAKE_PREFIX_PATH=/home/vertin/ros2_ws/install/nav2_launch_test:/home/vertin/ros2_ws/install/my_python_pkg:/home/vertin/my_ws/install/robot_localizer:/opt/ros/humble:/home/vertin/ros2_ws/install/ugv_sdk:/home/vertin/ros2_ws/install/tracer_msgs:/home/vertin/ros2_ws/install/unitree_lidar_ros2:/home/vertin/ros2_ws/install/tracer_base:/home/vertin/ros2_ws/install/tracer_description:/home/vertin/ros2_ws/install/point_lio:/home/vertin/ros2_ws/install/lio_sam /usr/bin/cmake --build /home/vertin/ros2_ws/build/tracer_base -- -j8 -l8
[1.594s] Invoking command in '/home/vertin/ros2_ws/build/tracer_base': CMAKE_PREFIX_PATH=/home/vertin/ros2_ws/install/nav2_launch_test:/home/vertin/ros2_ws/install/my_python_pkg:/home/vertin/my_ws/install/robot_localizer:/opt/ros/humble:/home/vertin/ros2_ws/install/ugv_sdk:/home/vertin/ros2_ws/install/tracer_msgs:/home/vertin/ros2_ws/install/unitree_lidar_ros2:/home/vertin/ros2_ws/install/tracer_base:/home/vertin/ros2_ws/install/tracer_description:/home/vertin/ros2_ws/install/point_lio:/home/vertin/ros2_ws/install/lio_sam /usr/bin/cmake --install /home/vertin/ros2_ws/build/tracer_base
[1.686s] -- Install configuration: ""
[1.688s] -- Up-to-date: /home/vertin/ros2_ws/install/tracer_base/lib/tracer_base/tracer_base_node
[1.689s] -- Up-to-date: /home/vertin/ros2_ws/install/tracer_base/share/tracer_base//launch
[1.691s] -- Up-to-date: /home/vertin/ros2_ws/install/tracer_base/share/tracer_base//launch/__pycache__
[1.693s] -- Up-to-date: /home/vertin/ros2_ws/install/tracer_base/share/tracer_base//launch/__pycache__/tracer_base.launch.cpython-310.pyc
[1.701s] -- Up-to-date: /home/vertin/ros2_ws/install/tracer_base/share/tracer_base//launch/tracer_base.launch.py
[1.702s] -- Up-to-date: /home/vertin/ros2_ws/install/tracer_base/share/tracer_base//launch/tracer_mini_base.launch.py
[1.708s] -- Up-to-date: /home/vertin/ros2_ws/install/tracer_base/share/ament_index/resource_index/package_run_dependencies/tracer_base
[1.711s] -- Up-to-date: /home/vertin/ros2_ws/install/tracer_base/share/ament_index/resource_index/parent_prefix_path/tracer_base
[1.714s] -- Up-to-date: /home/vertin/ros2_ws/install/tracer_base/share/tracer_base/environment/ament_prefix_path.sh
[1.719s] -- Up-to-date: /home/vertin/ros2_ws/install/tracer_base/share/tracer_base/environment/ament_prefix_path.dsv
[1.721s] -- Up-to-date: /home/vertin/ros2_ws/install/tracer_base/share/tracer_base/environment/path.sh
[1.727s] -- Up-to-date: /home/vertin/ros2_ws/install/tracer_base/share/tracer_base/environment/path.dsv
[1.728s] -- Up-to-date: /home/vertin/ros2_ws/install/tracer_base/share/tracer_base/local_setup.bash
[1.743s] -- Up-to-date: /home/vertin/ros2_ws/install/tracer_base/share/tracer_base/local_setup.sh
[1.747s] -- Up-to-date: /home/vertin/ros2_ws/install/tracer_base/share/tracer_base/local_setup.zsh
[1.749s] -- Up-to-date: /home/vertin/ros2_ws/install/tracer_base/share/tracer_base/local_setup.dsv
[1.758s] -- Installing: /home/vertin/ros2_ws/install/tracer_base/share/tracer_base/package.dsv
[1.769s] -- Up-to-date: /home/vertin/ros2_ws/install/tracer_base/share/ament_index/resource_index/packages/tracer_base
[1.780s] -- Up-to-date: /home/vertin/ros2_ws/install/tracer_base/share/tracer_base/cmake/tracer_baseConfig.cmake
[1.783s] -- Up-to-date: /home/vertin/ros2_ws/install/tracer_base/share/tracer_base/cmake/tracer_baseConfig-version.cmake
[1.785s] -- Up-to-date: /home/vertin/ros2_ws/install/tracer_base/share/tracer_base/package.xml
[1.789s] Invoked command in '/home/vertin/ros2_ws/build/tracer_base' returned '0': CMAKE_PREFIX_PATH=/home/vertin/ros2_ws/install/nav2_launch_test:/home/vertin/ros2_ws/install/my_python_pkg:/home/vertin/my_ws/install/robot_localizer:/opt/ros/humble:/home/vertin/ros2_ws/install/ugv_sdk:/home/vertin/ros2_ws/install/tracer_msgs:/home/vertin/ros2_ws/install/unitree_lidar_ros2:/home/vertin/ros2_ws/install/tracer_base:/home/vertin/ros2_ws/install/tracer_description:/home/vertin/ros2_ws/install/point_lio:/home/vertin/ros2_ws/install/lio_sam /usr/bin/cmake --install /home/vertin/ros2_ws/build/tracer_base
