[1.813s] Invoking command in '/home/vertin/ros2_ws/src/my_python_pkg': PYTHONPATH=/home/vertin/ros2_ws/build/my_python_pkg/prefix_override:/usr/lib/python3/dist-packages/colcon_core/task/python/colcon_distutils_commands:/home/vertin/ros2_ws/install/my_python_pkg/lib/python3.10/site-packages:${PYTHONPATH} /usr/bin/python3 -W ignore:setup.py install is deprecated -W ignore:easy_install command is deprecated setup.py egg_info --egg-base ../../build/my_python_pkg build --build-base /home/vertin/ros2_ws/build/my_python_pkg/build install --record /home/vertin/ros2_ws/build/my_python_pkg/install.log --single-version-externally-managed install_data
[2.035s] /home/vertin/.local/lib/python3.10/site-packages/setuptools/_distutils/dist.py:289: UserWarning: Unknown distribution option: 'tests_require'
[2.035s]   warnings.warn(msg)
[2.182s] running egg_info
[2.207s] writing ../../build/my_python_pkg/my_python_pkg.egg-info/PKG-INFO
[2.208s] writing dependency_links to ../../build/my_python_pkg/my_python_pkg.egg-info/dependency_links.txt
[2.208s] writing entry points to ../../build/my_python_pkg/my_python_pkg.egg-info/entry_points.txt
[2.209s] writing requirements to ../../build/my_python_pkg/my_python_pkg.egg-info/requires.txt
[2.209s] writing top-level names to ../../build/my_python_pkg/my_python_pkg.egg-info/top_level.txt
[2.263s] reading manifest file '../../build/my_python_pkg/my_python_pkg.egg-info/SOURCES.txt'
[2.265s] writing manifest file '../../build/my_python_pkg/my_python_pkg.egg-info/SOURCES.txt'
[2.265s] running build
[2.265s] running build_py
[2.265s] copying my_python_pkg/__init__.py -> /home/vertin/ros2_ws/build/my_python_pkg/build/lib/my_python_pkg
[2.266s] copying my_python_pkg/map_odom.py -> /home/vertin/ros2_ws/build/my_python_pkg/build/lib/my_python_pkg
[2.266s] copying my_python_pkg/autopoint.py -> /home/vertin/ros2_ws/build/my_python_pkg/build/lib/my_python_pkg
[2.266s] running install
[2.272s] running install_lib
[2.298s] running install_data
[2.298s] copying resource/my_python_pkg -> /home/vertin/ros2_ws/install/my_python_pkg/share/ament_index/resource_index/packages
[2.298s] copying package.xml -> /home/vertin/ros2_ws/install/my_python_pkg/share/my_python_pkg
[2.298s] running install_egg_info
[2.327s] removing '/home/vertin/ros2_ws/install/my_python_pkg/lib/python3.10/site-packages/my_python_pkg-0.0.0-py3.10.egg-info' (and everything under it)
[2.327s] Copying ../../build/my_python_pkg/my_python_pkg.egg-info to /home/vertin/ros2_ws/install/my_python_pkg/lib/python3.10/site-packages/my_python_pkg-0.0.0-py3.10.egg-info
[2.328s] running install_scripts
[2.391s] Installing autopoint script to /home/vertin/ros2_ws/install/my_python_pkg/lib/my_python_pkg
[2.391s] Installing maptoodom script to /home/vertin/ros2_ws/install/my_python_pkg/lib/my_python_pkg
[2.392s] writing list of installed files to '/home/vertin/ros2_ws/build/my_python_pkg/install.log'
[2.429s] Invoked command in '/home/vertin/ros2_ws/src/my_python_pkg' returned '0': PYTHONPATH=/home/vertin/ros2_ws/build/my_python_pkg/prefix_override:/usr/lib/python3/dist-packages/colcon_core/task/python/colcon_distutils_commands:/home/vertin/ros2_ws/install/my_python_pkg/lib/python3.10/site-packages:${PYTHONPATH} /usr/bin/python3 -W ignore:setup.py install is deprecated -W ignore:easy_install command is deprecated setup.py egg_info --egg-base ../../build/my_python_pkg build --build-base /home/vertin/ros2_ws/build/my_python_pkg/build install --record /home/vertin/ros2_ws/build/my_python_pkg/install.log --single-version-externally-managed install_data
